6000: 22:09:39.341 - ---
6000: 22:09:39.341 - Service: "Photon Socket Server" starting
6000: 22:09:39.341 - Config File: C:\Program Files\Photon Server\deploy\bin_Win64\PhotonServer.config
6000: 22:09:39.342 - Will produce at most: 10 crash dumps
6000: 22:09:39.342 - Action: run as exe
6000: 22:09:39.342 - Server Starting...
6000: 22:09:39.343 -    Tick count: 15612424 (wraps in: 49.5296 days)
6000: 22:09:39.343 - Tick count 64: 15612424
6000: 22:09:39.343 - Photon Version: 3.4.4.2588
6000: 22:09:39.343 - PID: 3152
6000: 22:09:39.343 - Config File: C:\Program Files\Photon Server\deploy\bin_Win64\PhotonServer.config
6000: 22:09:39.343 - Will NOT log unimportant exceptions
6000: 22:09:39.345 - Not using performance counters as they are not currently installed. Run the service with /InstallCounters to install them.
6000: 22:09:39.345 - Shutdown timeout enabled: 30000ms
6000: 22:09:39.345 - Starting I/O thread pool with 2 threads
6000: 22:09:39.345 - Using Standard allocator
6000: 22:09:39.345 - Max message size: 512000
6000: 22:09:39.345 - Starting business logic thread pool with the following settings
6000: 22:09:39.345 - InitialThreads: 4 threads
6000: 22:09:39.345 - MinThreads: 4 threads
6000: 22:09:39.345 - Thread pool is fixed size
6000: 22:09:39.346 - Starting ENet thread pool with the following settings
6000: 22:09:39.346 - InitialThreads: 2 threads
6000: 22:09:39.346 - MinThreads: 2 threads
6000: 22:09:39.346 - Thread pool is fixed size
6000: 22:09:39.346 - OnlyDispatchTimers: False
6000: 22:09:39.346 - S2S: flow control: Max pending writes: 50
6000: 22:09:39.346 - S2S: flow control: Max queued buffers: 200
6000: 22:09:39.346 - S2S: flow control: Max pending writes MUX: 500
6000: 22:09:39.346 - S2S: flow control: Max queued buffers MUX: 2000
6000: 22:09:39.346 - S2S: MaxInboundMessageSize: 512000
6000: 22:09:39.346 - S2S: MaxOutboundMessageSize: 512000
6000: 22:09:39.346 - S2S: No inactivity timeout
6000: 22:09:39.350 - WebSocket S2S: MaxInboundMessageSize: 512000
6000: 22:09:39.350 - WebSocket S2S: MaxOutboundMessageSize: 512000
6000: 22:09:39.350 - WebSocket S2S: No inactivity timeout
6000: 22:09:39.350 - Max Reliable Data In Transit (awaiting ACKs) per peer : 51200 bytes
6000: 22:09:39.350 - Per peer bandwidth limit
6000: 22:09:39.350 - Transmit Rate Limit: 256 KB/Sec
6000: 22:09:39.350 - Limit period: 200ms
6000: 22:09:39.350 - Limit per period: 52428 bytes
6000: 22:09:39.350 - Max queued data for transmission per peer: 512000 bytes
6000: 22:09:39.350 - Minimum retransmit timeout: 200
6000: 22:09:39.350 - Minimum ENet timeout: 5000ms
6000: 22:09:39.350 - Maximum ENet timeout: 30000ms
6000: 22:09:39.350 - Max Inbound Reliable Data Queued (awaiting resends of earlier sequence numbers) per peer : 163840 bytes
6000: 22:09:39.350 - Outbound ENet: MaxInboundMessageSize: 512000
6000: 22:09:39.350 - Outbound ENet: MaxOutboundMessageSize: 512000
6000: 22:09:39.352 - GetRuntime - About to load CLR - versions available:
6000: 22:09:39.352 - v2.0.50727
6000: 22:09:39.352 - v4.0.30319
6000: 22:09:39.352 - Configuration requests: "v2.0.50727"
6000: 22:09:39.352 - About to load version: "v2.0.50727"
6000: 22:09:39.362 - About to load runtime: PhotonHostRuntime.PhotonDomainManager from PhotonHostRuntime, Culture=neutral, PublicKeyToken=02C301B61B060C4D
6000: 22:09:39.363 - CLRBaseDirectory set to "C:\Program Files\Photon Server\deploy"
6000: 22:09:39.363 - Optimising event broadcast for 20 or more peers
6000: 22:09:39.363 - Start: About to load CLR - versions available:
6000: 22:09:39.363 - v2.0.50727
6000: 22:09:39.363 - v4.0.30319
6000: 22:09:39.363 - No preference in configuration file, will load latest.
6000: 22:09:39.363 - About to load version: "v4.0.30319"
6000: 22:09:39.364 - Loaded version: "v4.0.30319"
6000: 22:09:39.762 - Photon host runtime loaded
6000: 22:09:45.828 - LICENSE: No license file was found. Starting with Bootstrap License.
6000: 22:09:45.828 - License is valid.
6000: 22:09:45.828 - Licensed for 20 concurrent connections.
6000: 22:09:45.828 - ENet: Max Reliable Data In Transit (awaiting ACKs) per peer : 51200 bytes
6000: 22:09:45.828 - ENet: Per peer bandwidth limit
6000: 22:09:45.828 - ENet: Transmit Rate Limit: 256 KB/Sec
6000: 22:09:45.828 - ENet: Limit period: 200ms
6000: 22:09:45.828 - ENet: Limit per period: 52428 bytes
6000: 22:09:45.828 - ENet: Max queued data for transmission per peer: 512000 bytes
6000: 22:09:45.828 - ENet: Minimum retransmit timeout: 200
6000: 22:09:45.828 - ENet: Minimum timeout: 5000ms
6000: 22:09:45.828 - ENet: Maximum timeout: 30000ms
6000: 22:09:45.828 - ENet: Max Inbound Reliable Data Queued (awaiting resends of earlier sequence numbers) per peer : 163840 bytes
6000: 22:09:45.829 - About to load application: Master from Photon.LoadBalancing
6000: 22:09:45.829 - Auto restart is enabled for application, existing connections will be terminated during restart
6000: 22:09:45.829 - Application will restart 1000ms after the last change detected
6000: 22:09:45.829 - Application will restart if files matching the following are changed: "dll;config"
6000: 22:09:45.829 - Application will NOT restart if files matching the following are changed: "log4net.config"
6000: 22:09:46.077 - Taking reference on default app domain
6000: 22:09:46.302 - Application: "Master" started in app domain: 2
6000: 22:09:46.302 - About to load application: Game1 from Photon.LoadBalancing
6000: 22:09:46.302 - Auto restart is enabled for application, existing connections will be terminated during restart
6000: 22:09:46.302 - Application will restart 1000ms after the last change detected
6000: 22:09:46.302 - Application will restart if files matching the following are changed: "dll;config"
6000: 22:09:46.302 - Application will NOT restart if files matching the following are changed: "log4net.config"
6000: 22:09:46.534 - Taking reference on default app domain
6000: 22:09:46.764 - Application: "Game1" started in app domain: 3
6000: 22:09:46.764 - About to load application: Game2 from Photon.LoadBalancing
6000: 22:09:46.764 - Auto restart is enabled for application, existing connections will be terminated during restart
6000: 22:09:46.764 - Application will restart 1000ms after the last change detected
6000: 22:09:46.764 - Application will restart if files matching the following are changed: "dll;config"
6000: 22:09:46.764 - Application will NOT restart if files matching the following are changed: "log4net.config"
6000: 22:09:46.958 - Taking reference on default app domain
6000: 22:09:47.187 - Application: "Game2" started in app domain: 4
6000: 22:09:47.187 - About to load application: CounterPublisher from CounterPublisher
6000: 22:09:47.187 - Auto restart is enabled for application, existing connections will be terminated during restart
6000: 22:09:47.187 - Application will restart 1000ms after the last change detected
6000: 22:09:47.187 - Application will restart if files matching the following are changed: "dll;config"
6000: 22:09:47.187 - Application will NOT restart if files matching the following are changed: "log4net.config"
6000: 22:09:47.323 - Taking reference on default app domain
6000: 22:09:47.419 - Application: "CounterPublisher" started in app domain: 5
6000: 22:09:47.419 - Adding TCP listener on :0.0.0.0: 4530 with a listen backlog of: 150
6000: 22:09:47.419 - TCP inactivity timeout: 10000ms
6000: 22:09:47.419 - TCP disconnect timeout: 120000ms
6000: 22:09:47.419 - MaxInboundMessageSize: 512000
6000: 22:09:47.419 - MaxOutboundMessageSize: 512000
6000: 22:09:47.419 - Forcing all applications ids to: "Master"
6000: 22:09:47.420 - Serving policy file requests from: "C:\Program Files\Photon Server\deploy\Policy\assets\socket-policy.xml"
6000: 22:09:47.420 - Adding TCP listener on :0.0.0.0: 4531 with a listen backlog of: 150
6000: 22:09:47.420 - TCP inactivity timeout: 10000ms
6000: 22:09:47.420 - TCP disconnect timeout: 120000ms
6000: 22:09:47.420 - MaxInboundMessageSize: 512000
6000: 22:09:47.420 - MaxOutboundMessageSize: 512000
6000: 22:09:47.420 - Forcing all applications ids to: "Game1"
6000: 22:09:47.420 - Serving policy file requests from: "C:\Program Files\Photon Server\deploy\Policy\assets\socket-policy.xml"
6000: 22:09:47.420 - Adding TCP listener on :0.0.0.0: 4532 with a listen backlog of: 150
6000: 22:09:47.420 - TCP inactivity timeout: 10000ms
6000: 22:09:47.420 - TCP disconnect timeout: 120000ms
6000: 22:09:47.420 - MaxInboundMessageSize: 512000
6000: 22:09:47.420 - MaxOutboundMessageSize: 512000
6000: 22:09:47.420 - Forcing all applications ids to: "Game2"
6000: 22:09:47.421 - Serving policy file requests from: "C:\Program Files\Photon Server\deploy\Policy\assets\socket-policy.xml"
6000: 22:09:47.421 - Adding TCP listener on :0.0.0.0: 4520 with a listen backlog of: 150
6000: 22:09:47.421 - TCP inactivity timeout: 5000ms
6000: 22:09:47.421 - TCP disconnect timeout: 120000ms
6000: 22:09:47.421 - MaxInboundMessageSize: 512000
6000: 22:09:47.421 - MaxOutboundMessageSize: 512000
6000: 22:09:47.421 - Forcing all applications ids to: "Master"
6000: 22:09:47.421 - MaxInboundMessageSize: 512000
6000: 22:09:47.421 - MaxOutboundMessageSize: 512000
6000: 22:09:47.421 - UDP address specified as:0.0.0.0 adding listener to each available IPv4 address
6000: 22:09:47.421 - Adding UDP listener on :192.168.1.15: 5055 with a listen backlog of: 500
6000: 22:09:47.421 - Adding UDP listener on :127.0.0.1: 5055 with a listen backlog of: 500
6000: 22:09:47.421 - Forcing all applications ids to: "Game1"
6000: 22:09:47.421 - MaxInboundMessageSize: 512000
6000: 22:09:47.421 - MaxOutboundMessageSize: 512000
6000: 22:09:47.421 - UDP address specified as:0.0.0.0 adding listener to each available IPv4 address
6000: 22:09:47.422 - Adding UDP listener on :192.168.1.15: 5056 with a listen backlog of: 500
6000: 22:09:47.422 - Adding UDP listener on :127.0.0.1: 5056 with a listen backlog of: 500
6000: 22:09:47.422 - Forcing all applications ids to: "Game2"
6000: 22:09:47.422 - MaxInboundMessageSize: 512000
6000: 22:09:47.422 - MaxOutboundMessageSize: 512000
6000: 22:09:47.422 - UDP address specified as:0.0.0.0 adding listener to each available IPv4 address
6000: 22:09:47.422 - Adding UDP listener on :192.168.1.15: 5057 with a listen backlog of: 500
6000: 22:09:47.422 - Adding UDP listener on :127.0.0.1: 5057 with a listen backlog of: 500
6000: 22:09:47.422 - Adding WebSocket TCP listener on :0.0.0.0: 9090 with a listen backlog of: 150
6000: 22:09:47.422 - Nagle disabled
6000: 22:09:47.422 - TCP inactivity timeout: 10000ms
6000: 22:09:47.422 - MaxInboundMessageSize: 512000
6000: 22:09:47.422 - MaxOutboundMessageSize: 512000
6000: 22:09:47.422 - Forcing all applications ids to: "Master"
6000: 22:09:47.422 - Will accept ANY sub-protocols from the client
6000: 22:09:47.422 - No automatic WebSocket ping
6000: 22:09:47.422 - Adding WebSocket TCP listener on :0.0.0.0: 9091 with a listen backlog of: 150
6000: 22:09:47.422 - Nagle disabled
6000: 22:09:47.422 - TCP inactivity timeout: 10000ms
6000: 22:09:47.422 - MaxInboundMessageSize: 512000
6000: 22:09:47.422 - MaxOutboundMessageSize: 512000
6000: 22:09:47.422 - Forcing all applications ids to: "Game1"
6000: 22:09:47.422 - Will accept ANY sub-protocols from the client
6000: 22:09:47.422 - No automatic WebSocket ping
6000: 22:09:47.422 - Adding WebSocket TCP listener on :0.0.0.0: 9092 with a listen backlog of: 150
6000: 22:09:47.422 - Nagle disabled
6000: 22:09:47.422 - TCP inactivity timeout: 10000ms
6000: 22:09:47.422 - MaxInboundMessageSize: 512000
6000: 22:09:47.422 - MaxOutboundMessageSize: 512000
6000: 22:09:47.422 - Forcing all applications ids to: "Game2"
6000: 22:09:47.422 - Will accept ANY sub-protocols from the client
6000: 22:09:47.422 - No automatic WebSocket ping
6000: 22:09:47.423 - Adding Policy File listener on :0.0.0.0: 843 with a listen backlog of: 150 and serving Policy File: "C:\Program Files\Photon Server\deploy\Policy\assets\socket-policy.xml"
6000: 22:09:47.423 - TCP inactivity timeout: 1000ms
6000: 22:09:47.423 - Adding Policy File listener on :0.0.0.0: 943 with a listen backlog of: 150 and serving Policy File: "C:\Program Files\Photon Server\deploy\Policy\assets\socket-policy-silverlight.xml"
6000: 22:09:47.423 - TCP inactivity timeout: 1000ms
6000: 22:09:47.492 - Service is running...
