4872: 09:59:37.261 - ---
4872: 09:59:37.261 - Service: "Photon Socket Server" starting
4872: 09:59:37.262 - Config File: C:\Users\Justin\Projects\mobas-server\deploy\bin_Win64\PhotonServer.config
4872: 09:59:37.263 - Will produce at most: 10 crash dumps
4872: 09:59:37.263 - Action: run as exe
4872: 09:59:37.263 - Server Starting...
4872: 09:59:37.263 -    Tick count: 5510766 (wraps in: 49.6465 days)
4872: 09:59:37.263 - Tick count 64: 5510766
4872: 09:59:37.264 - Photon Version: 3.4.4.2588
4872: 09:59:37.264 - PID: 5284
4872: 09:59:37.264 - Config File: C:\Users\Justin\Projects\mobas-server\deploy\bin_Win64\PhotonServer.config
4872: 09:59:37.264 - Will NOT log unimportant exceptions
4872: 09:59:37.267 - Not using performance counters as they are not currently installed. Run the service with /InstallCounters to install them.
4872: 09:59:37.267 - Shutdown timeout enabled: 30000ms
4872: 09:59:37.267 - Starting I/O thread pool with 2 threads
4872: 09:59:37.267 - Using Standard allocator
4872: 09:59:37.267 - Max message size: 512000
4872: 09:59:37.267 - Starting business logic thread pool with the following settings
4872: 09:59:37.267 - InitialThreads: 4 threads
4872: 09:59:37.267 - MinThreads: 4 threads
4872: 09:59:37.267 - Thread pool is fixed size
4872: 09:59:37.268 - Starting ENet thread pool with the following settings
4872: 09:59:37.268 - InitialThreads: 2 threads
4872: 09:59:37.268 - MinThreads: 2 threads
4872: 09:59:37.268 - Thread pool is fixed size
4872: 09:59:37.268 - OnlyDispatchTimers: False
4872: 09:59:37.268 - S2S: flow control: Max pending writes: 50
4872: 09:59:37.268 - S2S: flow control: Max queued buffers: 200
4872: 09:59:37.268 - S2S: flow control: Max pending writes MUX: 500
4872: 09:59:37.268 - S2S: flow control: Max queued buffers MUX: 2000
4872: 09:59:37.268 - S2S: MaxInboundMessageSize: 512000
4872: 09:59:37.268 - S2S: MaxOutboundMessageSize: 512000
4872: 09:59:37.268 - S2S: No inactivity timeout
4872: 09:59:37.272 - WebSocket S2S: MaxInboundMessageSize: 512000
4872: 09:59:37.272 - WebSocket S2S: MaxOutboundMessageSize: 512000
4872: 09:59:37.272 - WebSocket S2S: No inactivity timeout
4872: 09:59:37.272 - Max Reliable Data In Transit (awaiting ACKs) per peer : 51200 bytes
4872: 09:59:37.272 - Per peer bandwidth limit
4872: 09:59:37.272 - Transmit Rate Limit: 256 KB/Sec
4872: 09:59:37.272 - Limit period: 200ms
4872: 09:59:37.272 - Limit per period: 52428 bytes
4872: 09:59:37.272 - Max queued data for transmission per peer: 512000 bytes
4872: 09:59:37.273 - Minimum retransmit timeout: 200
4872: 09:59:37.273 - Minimum ENet timeout: 5000ms
4872: 09:59:37.273 - Maximum ENet timeout: 30000ms
4872: 09:59:37.273 - Max Inbound Reliable Data Queued (awaiting resends of earlier sequence numbers) per peer : 163840 bytes
4872: 09:59:37.273 - Outbound ENet: MaxInboundMessageSize: 512000
4872: 09:59:37.273 - Outbound ENet: MaxOutboundMessageSize: 512000
4872: 09:59:37.275 - GetRuntime - About to load CLR - versions available:
4872: 09:59:37.275 - v2.0.50727
4872: 09:59:37.275 - v4.0.30319
4872: 09:59:37.275 - Configuration requests: "v2.0.50727"
4872: 09:59:37.275 - About to load version: "v2.0.50727"
4872: 09:59:37.286 - About to load runtime: PhotonHostRuntime.PhotonDomainManager from PhotonHostRuntime, Culture=neutral, PublicKeyToken=02C301B61B060C4D
4872: 09:59:37.286 - CLRBaseDirectory set to "C:\Users\Justin\Projects\mobas-server\deploy"
4872: 09:59:37.286 - Optimising event broadcast for 20 or more peers
4872: 09:59:37.287 - Start: About to load CLR - versions available:
4872: 09:59:37.287 - v2.0.50727
4872: 09:59:37.287 - v4.0.30319
4872: 09:59:37.287 - No preference in configuration file, will load latest.
4872: 09:59:37.287 - About to load version: "v4.0.30319"
4872: 09:59:37.288 - Loaded version: "v4.0.30319"
4872: 09:59:38.120 - Photon host runtime loaded
4872: 09:59:44.217 - License is valid.
4872: 09:59:44.217 - Licensed for 100 concurrent connections.
4872: 09:59:44.217 - ENet: Max Reliable Data In Transit (awaiting ACKs) per peer : 51200 bytes
4872: 09:59:44.217 - ENet: Per peer bandwidth limit
4872: 09:59:44.217 - ENet: Transmit Rate Limit: 256 KB/Sec
4872: 09:59:44.217 - ENet: Limit period: 200ms
4872: 09:59:44.217 - ENet: Limit per period: 52428 bytes
4872: 09:59:44.217 - ENet: Max queued data for transmission per peer: 512000 bytes
4872: 09:59:44.217 - ENet: Minimum retransmit timeout: 200
4872: 09:59:44.217 - ENet: Minimum timeout: 5000ms
4872: 09:59:44.217 - ENet: Maximum timeout: 30000ms
4872: 09:59:44.217 - ENet: Max Inbound Reliable Data Queued (awaiting resends of earlier sequence numbers) per peer : 163840 bytes
4872: 09:59:44.217 - About to load application: Master from Photon.LoadBalancing
4872: 09:59:44.217 - Auto restart is enabled for application, existing connections will be terminated during restart
4872: 09:59:44.217 - Application will restart 1000ms after the last change detected
4872: 09:59:44.217 - Application will restart if files matching the following are changed: "dll;config"
4872: 09:59:44.217 - Application will NOT restart if files matching the following are changed: "log4net.config"
4872: 09:59:44.423 - Taking reference on default app domain
4872: 09:59:44.751 - Application: "Master" started in app domain: 2
4872: 09:59:44.751 - About to load application: Game1 from Photon.LoadBalancing
4872: 09:59:44.751 - Auto restart is enabled for application, existing connections will be terminated during restart
4872: 09:59:44.751 - Application will restart 1000ms after the last change detected
4872: 09:59:44.751 - Application will restart if files matching the following are changed: "dll;config"
4872: 09:59:44.751 - Application will NOT restart if files matching the following are changed: "log4net.config"
4872: 09:59:44.995 - Taking reference on default app domain
4872: 09:59:45.257 - Application: "Game1" started in app domain: 3
4872: 09:59:45.257 - About to load application: Game2 from Photon.LoadBalancing
4872: 09:59:45.257 - Auto restart is enabled for application, existing connections will be terminated during restart
4872: 09:59:45.257 - Application will restart 1000ms after the last change detected
4872: 09:59:45.257 - Application will restart if files matching the following are changed: "dll;config"
4872: 09:59:45.257 - Application will NOT restart if files matching the following are changed: "log4net.config"
4872: 09:59:45.473 - Taking reference on default app domain
4872: 09:59:45.756 - Application: "Game2" started in app domain: 4
4872: 09:59:45.756 - About to load application: CounterPublisher from CounterPublisher
4872: 09:59:45.756 - Auto restart is enabled for application, existing connections will be terminated during restart
4872: 09:59:45.756 - Application will restart 1000ms after the last change detected
4872: 09:59:45.756 - Application will restart if files matching the following are changed: "dll;config"
4872: 09:59:45.756 - Application will NOT restart if files matching the following are changed: "log4net.config"
4872: 09:59:46.060 - Taking reference on default app domain
4872: 09:59:46.331 - Application: "CounterPublisher" started in app domain: 5
4872: 09:59:46.331 - Adding TCP listener on :0.0.0.0: 4530 with a listen backlog of: 150
4872: 09:59:46.331 - TCP inactivity timeout: 10000ms
4872: 09:59:46.331 - TCP disconnect timeout: 120000ms
4872: 09:59:46.331 - MaxInboundMessageSize: 512000
4872: 09:59:46.331 - MaxOutboundMessageSize: 512000
4872: 09:59:46.332 - Forcing all applications ids to: "Master"
4872: 09:59:46.332 - Serving policy file requests from: "C:\Users\Justin\Projects\mobas-server\deploy\Policy\assets\socket-policy.xml"
4872: 09:59:46.332 - Adding TCP listener on :0.0.0.0: 4531 with a listen backlog of: 150
4872: 09:59:46.332 - TCP inactivity timeout: 10000ms
4872: 09:59:46.332 - TCP disconnect timeout: 120000ms
4872: 09:59:46.332 - MaxInboundMessageSize: 512000
4872: 09:59:46.332 - MaxOutboundMessageSize: 512000
4872: 09:59:46.332 - Forcing all applications ids to: "Game1"
4872: 09:59:46.333 - Serving policy file requests from: "C:\Users\Justin\Projects\mobas-server\deploy\Policy\assets\socket-policy.xml"
4872: 09:59:46.333 - Adding TCP listener on :0.0.0.0: 4532 with a listen backlog of: 150
4872: 09:59:46.333 - TCP inactivity timeout: 10000ms
4872: 09:59:46.333 - TCP disconnect timeout: 120000ms
4872: 09:59:46.333 - MaxInboundMessageSize: 512000
4872: 09:59:46.333 - MaxOutboundMessageSize: 512000
4872: 09:59:46.333 - Forcing all applications ids to: "Game2"
4872: 09:59:46.333 - Serving policy file requests from: "C:\Users\Justin\Projects\mobas-server\deploy\Policy\assets\socket-policy.xml"
4872: 09:59:46.333 - Adding TCP listener on :0.0.0.0: 4520 with a listen backlog of: 150
4872: 09:59:46.333 - TCP inactivity timeout: 5000ms
4872: 09:59:46.333 - TCP disconnect timeout: 120000ms
4872: 09:59:46.333 - MaxInboundMessageSize: 512000
4872: 09:59:46.333 - MaxOutboundMessageSize: 512000
4872: 09:59:46.333 - Forcing all applications ids to: "Master"
4872: 09:59:46.333 - MaxInboundMessageSize: 512000
4872: 09:59:46.333 - MaxOutboundMessageSize: 512000
4872: 09:59:46.333 - UDP address specified as:0.0.0.0 adding listener to each available IPv4 address
4872: 09:59:46.334 - Adding UDP listener on :192.168.1.7: 5055 with a listen backlog of: 500
4872: 09:59:46.334 - Adding UDP listener on :127.0.0.1: 5055 with a listen backlog of: 500
4872: 09:59:46.334 - Forcing all applications ids to: "Game1"
4872: 09:59:46.334 - MaxInboundMessageSize: 512000
4872: 09:59:46.334 - MaxOutboundMessageSize: 512000
4872: 09:59:46.334 - UDP address specified as:0.0.0.0 adding listener to each available IPv4 address
4872: 09:59:46.334 - Adding UDP listener on :192.168.1.7: 5056 with a listen backlog of: 500
4872: 09:59:46.334 - Adding UDP listener on :127.0.0.1: 5056 with a listen backlog of: 500
4872: 09:59:46.334 - Forcing all applications ids to: "Game2"
4872: 09:59:46.334 - MaxInboundMessageSize: 512000
4872: 09:59:46.334 - MaxOutboundMessageSize: 512000
4872: 09:59:46.334 - UDP address specified as:0.0.0.0 adding listener to each available IPv4 address
4872: 09:59:46.334 - Adding UDP listener on :192.168.1.7: 5057 with a listen backlog of: 500
4872: 09:59:46.334 - Adding UDP listener on :127.0.0.1: 5057 with a listen backlog of: 500
4872: 09:59:46.335 - Adding WebSocket TCP listener on :0.0.0.0: 9090 with a listen backlog of: 150
4872: 09:59:46.335 - Nagle disabled
4872: 09:59:46.335 - TCP inactivity timeout: 10000ms
4872: 09:59:46.335 - MaxInboundMessageSize: 512000
4872: 09:59:46.335 - MaxOutboundMessageSize: 512000
4872: 09:59:46.335 - Forcing all applications ids to: "Master"
4872: 09:59:46.335 - Will accept ANY sub-protocols from the client
4872: 09:59:46.335 - No automatic WebSocket ping
4872: 09:59:46.335 - Adding WebSocket TCP listener on :0.0.0.0: 9091 with a listen backlog of: 150
4872: 09:59:46.335 - Nagle disabled
4872: 09:59:46.335 - TCP inactivity timeout: 10000ms
4872: 09:59:46.335 - MaxInboundMessageSize: 512000
4872: 09:59:46.335 - MaxOutboundMessageSize: 512000
4872: 09:59:46.335 - Forcing all applications ids to: "Game1"
4872: 09:59:46.335 - Will accept ANY sub-protocols from the client
4872: 09:59:46.335 - No automatic WebSocket ping
4872: 09:59:46.335 - Adding WebSocket TCP listener on :0.0.0.0: 9092 with a listen backlog of: 150
4872: 09:59:46.335 - Nagle disabled
4872: 09:59:46.335 - TCP inactivity timeout: 10000ms
4872: 09:59:46.335 - MaxInboundMessageSize: 512000
4872: 09:59:46.335 - MaxOutboundMessageSize: 512000
4872: 09:59:46.335 - Forcing all applications ids to: "Game2"
4872: 09:59:46.335 - Will accept ANY sub-protocols from the client
4872: 09:59:46.335 - No automatic WebSocket ping
4872: 09:59:46.335 - Adding Policy File listener on :0.0.0.0: 843 with a listen backlog of: 150 and serving Policy File: "C:\Users\Justin\Projects\mobas-server\deploy\Policy\assets\socket-policy.xml"
4872: 09:59:46.335 - TCP inactivity timeout: 1000ms
4872: 09:59:46.336 - Adding Policy File listener on :0.0.0.0: 943 with a listen backlog of: 150 and serving Policy File: "C:\Users\Justin\Projects\mobas-server\deploy\Policy\assets\socket-policy-silverlight.xml"
4872: 09:59:46.336 - TCP inactivity timeout: 1000ms
4872: 09:59:46.409 - Service is running...
