6960: 18:09:27.308 - Service is stopped...
6960: 18:09:27.308 - Server shutting down...
6960: 18:09:27.308 - Shutdown monitoring enabled, 30000ms before process abort
6960: 18:09:27.308 - Notifying CLR applications of shutdown...
6960: 18:09:27.308 - RequestApplicationStop: 5
6960: 18:09:27.485 - RequestApplicationStop: 3
6960: 18:09:27.493 - RequestApplicationStop: 4
6960: 18:09:27.502 - RequestApplicationStop: 2
6960: 18:09:27.524 - RequestStop: defalt app domain
6960: 18:09:27.533 - Shutting down WebSocket Outbound Connection Manager...
6960: 18:09:27.533 - Shutting down TCP Outbound Connection Manager...
6960: 18:09:27.533 - Shutting down ENet Outbound Connection Manager...
6960: 18:09:27.533 - Disconnecting all outbound peers...
6960: 18:09:27.533 - Shutting down ENet host...
6960: 18:09:27.533 - Disconnecting all peers...
6960: 18:09:27.533 - Shutting down socket servers...
6960: 18:09:27.533 - Shutting down ENet thread pool...
6960: 18:09:27.533 - Shutting down TCP inactivity timers...
6960: 18:09:27.534 - WaitingForShutdownToComplete: NativePolicy:0.0.0.0:843
6960: 18:09:27.534 - OnShutdownCompleted: NativePolicy:0.0.0.0:843
6960: 18:09:27.534 - WaitingForShutdownToComplete: NativePolicy:0.0.0.0:943
6960: 18:09:27.534 - OnShutdownCompleted: NativePolicy:0.0.0.0:943
6960: 18:09:27.534 - WaitingForShutdownToComplete: TCP:0.0.0.0:4520
6960: 18:09:27.534 - OnShutdownCompleted: TCP:0.0.0.0:4520
6960: 18:09:27.534 - WaitingForShutdownToComplete: TCP:0.0.0.0:4530
6960: 18:09:27.534 - OnShutdownCompleted: TCP:0.0.0.0:4530
6960: 18:09:27.534 - WaitingForShutdownToComplete: TCP:0.0.0.0:4531
6960: 18:09:27.534 - OnShutdownCompleted: TCP:0.0.0.0:4531
6960: 18:09:27.534 - WaitingForShutdownToComplete: TCP:0.0.0.0:4532
6960: 18:09:27.534 - OnShutdownCompleted: TCP:0.0.0.0:4532
6960: 18:09:27.534 - WaitingForShutdownToComplete: UDP:127.0.0.1:5055
6960: 18:09:27.534 - OnShutdownCompleted: UDP:127.0.0.1:5055
6960: 18:09:27.534 - WaitingForShutdownToComplete: UDP:127.0.0.1:5056
6960: 18:09:27.534 - OnShutdownCompleted: UDP:127.0.0.1:5056
6960: 18:09:27.534 - WaitingForShutdownToComplete: UDP:127.0.0.1:5057
6960: 18:09:27.534 - OnShutdownCompleted: UDP:127.0.0.1:5057
6960: 18:09:27.534 - WaitingForShutdownToComplete: UDP:192.168.1.7:5055
6960: 18:09:27.534 - OnShutdownCompleted: UDP:192.168.1.7:5055
6960: 18:09:27.534 - WaitingForShutdownToComplete: UDP:192.168.1.7:5056
6960: 18:09:27.534 - OnShutdownCompleted: UDP:192.168.1.7:5056
6960: 18:09:27.534 - WaitingForShutdownToComplete: UDP:192.168.1.7:5057
6960: 18:09:27.534 - OnShutdownCompleted: UDP:192.168.1.7:5057
6960: 18:09:27.534 - WaitingForShutdownToComplete: WebSocket:0.0.0.0:9090
6960: 18:09:27.534 - OnShutdownCompleted: WebSocket:0.0.0.0:9090
6960: 18:09:27.534 - WaitingForShutdownToComplete: WebSocket:0.0.0.0:9091
6960: 18:09:27.534 - OnShutdownCompleted: WebSocket:0.0.0.0:9091
6960: 18:09:27.534 - WaitingForShutdownToComplete: WebSocket:0.0.0.0:9092
6960: 18:09:27.534 - OnShutdownCompleted: WebSocket:0.0.0.0:9092
6960: 18:09:27.534 - Shutting down CLR applications...
6960: 18:09:27.558 - Shutting down business logic thread pool...
6960: 18:09:27.558 - Shutting down I/O thread pool...
5568: 18:09:27.559 - CManagedHost::OnDefaultAction() - OPR_AppDomainUnload - eUnloadAppDomain
6960: 18:09:27.571 - Destroying servers
6960: 18:09:27.571 - Destroying WebSocket Outbound Connection Manager
6960: 18:09:27.571 - Destroying TCP Outbound Connection Manager
6960: 18:09:27.571 - Destroying TCP inactivity timer
6960: 18:09:27.571 - Destroying ENet timer wheel
6960: 18:09:27.571 - Destroying ENet host
6960: 18:09:27.571 - Destroying ENet outbound host
6960: 18:09:27.571 - Destroying HTTP inactivity timer
6960: 18:09:27.571 - Destroying HTTP host
6960: 18:09:27.571 - Flushing ENET buffer allocator...
6960: 18:09:27.575 - Flushing TCP buffer handle allocator...
6960: 18:09:27.575 - Flushing stream socket allocator...
6960: 18:09:27.575 - Flushing inbound datagram socket allocator...
6960: 18:09:27.577 - Flushing outbound datagram socket allocator...
6960: 18:09:27.577 - Destroying CLR dispatcher
6960: 18:09:27.577 - Destroying CLR applications
6960: 18:09:27.577 - ~CCLRApplicationCollection() - Waiting up to 10 seconds for the CLR to release all of our objects
1412: 18:09:27.598 - Unloading Domain: ApplicationName = 'CounterPublisher', DomainId='5'
5568: 18:09:27.598 - CManagedHost::OnDomainUnload() - 5
5568: 18:09:27.689 - CManagedHost::OnDefaultAction() - OPR_AppDomainUnload - eUnloadAppDomain
1412: 18:09:27.710 - Unloading Domain: ApplicationName = 'Master', DomainId='2'
5568: 18:09:27.710 - CManagedHost::OnDomainUnload() - 2
5568: 18:09:27.760 - CManagedHost::OnDefaultAction() - OPR_AppDomainUnload - eUnloadAppDomain
1412: 18:09:27.782 - Unloading Domain: ApplicationName = 'Game1', DomainId='3'
5568: 18:09:27.782 - CManagedHost::OnDomainUnload() - 3
5568: 18:09:27.856 - CManagedHost::OnDefaultAction() - OPR_AppDomainUnload - eUnloadAppDomain
1412: 18:09:27.878 - Unloading Domain: ApplicationName = 'Game2', DomainId='4'
5568: 18:09:27.879 - CManagedHost::OnDomainUnload() - 4
6960: 18:09:27.882 - ~CCLRApplicationCollection() - Done. All objects released
6960: 18:09:27.882 - ~CManagedHost() - Release default app domain
6960: 18:09:27.882 - CManagedHost::OnDomainUnload() - 1
6960: 18:09:27.882 - ~CManagedHost() - Waiting up to 10 seconds for CLR shutdown...
6960: 18:09:27.882 - ~CManagedHost
6960: 18:09:27.882 - Destroying ENet thread pool
6960: 18:09:27.882 - Destroying Business logic thread pool
6960: 18:09:27.882 - Destroying I/O thread pool
6960: 18:09:27.882 - Destroying ENet buffer allocator
6960: 18:09:27.882 - Destroying TCP buffer allocator
6960: 18:09:27.882 - Destroying TCP socket allocator
6960: 18:09:27.882 - Destroying ENet inbound socket allocator
6960: 18:09:27.882 - Destroying ENet outbound socket allocator
6960: 18:09:27.882 - Shutdown complete...
6960: 18:09:27.891 - Service shutting down
6960: 18:09:27.898 - Service shut down complete
7924: 18:09:32.957 - ---
7924: 18:09:32.957 - Service: "Photon Socket Server" starting
7924: 18:09:32.957 - Config File: C:\Program Files\Photon Server\deploy\bin_Win64\PhotonServer.config
7924: 18:09:32.958 - Will produce at most: 10 crash dumps
7924: 18:09:32.959 - Action: run as exe
7924: 18:09:32.959 - Server Starting...
7924: 18:09:32.959 -    Tick count: 783046722 (wraps in: 40.6472 days)
7924: 18:09:32.959 - Tick count 64: 783046722
7924: 18:09:32.959 - Photon Version: 3.4.4.2588
7924: 18:09:32.959 - PID: 8492
7924: 18:09:32.959 - Config File: C:\Program Files\Photon Server\deploy\bin_Win64\PhotonServer.config
7924: 18:09:32.960 - Will NOT log unimportant exceptions
7924: 18:09:32.962 - Not using performance counters as they are not currently installed. Run the service with /InstallCounters to install them.
7924: 18:09:32.962 - Shutdown timeout enabled: 30000ms
7924: 18:09:32.962 - Starting I/O thread pool with 2 threads
7924: 18:09:32.962 - Using Standard allocator
7924: 18:09:32.962 - Max message size: 512000
7924: 18:09:32.962 - Starting business logic thread pool with the following settings
7924: 18:09:32.962 - InitialThreads: 4 threads
7924: 18:09:32.962 - MinThreads: 4 threads
7924: 18:09:32.962 - Thread pool is fixed size
7924: 18:09:32.962 - Starting ENet thread pool with the following settings
7924: 18:09:32.962 - InitialThreads: 2 threads
7924: 18:09:32.962 - MinThreads: 2 threads
7924: 18:09:32.962 - Thread pool is fixed size
7924: 18:09:32.962 - OnlyDispatchTimers: False
7924: 18:09:32.962 - S2S: flow control: Max pending writes: 50
7924: 18:09:32.962 - S2S: flow control: Max queued buffers: 200
7924: 18:09:32.962 - S2S: flow control: Max pending writes MUX: 500
7924: 18:09:32.962 - S2S: flow control: Max queued buffers MUX: 2000
7924: 18:09:32.962 - S2S: MaxInboundMessageSize: 512000
7924: 18:09:32.962 - S2S: MaxOutboundMessageSize: 512000
7924: 18:09:32.962 - S2S: No inactivity timeout
7924: 18:09:32.969 - WebSocket S2S: MaxInboundMessageSize: 512000
7924: 18:09:32.969 - WebSocket S2S: MaxOutboundMessageSize: 512000
7924: 18:09:32.969 - WebSocket S2S: No inactivity timeout
7924: 18:09:32.969 - Max Reliable Data In Transit (awaiting ACKs) per peer : 51200 bytes
7924: 18:09:32.969 - Per peer bandwidth limit
7924: 18:09:32.969 - Transmit Rate Limit: 256 KB/Sec
7924: 18:09:32.969 - Limit period: 200ms
7924: 18:09:32.969 - Limit per period: 52428 bytes
7924: 18:09:32.969 - Max queued data for transmission per peer: 512000 bytes
7924: 18:09:32.969 - Minimum retransmit timeout: 200
7924: 18:09:32.969 - Minimum ENet timeout: 5000ms
7924: 18:09:32.969 - Maximum ENet timeout: 30000ms
7924: 18:09:32.969 - Max Inbound Reliable Data Queued (awaiting resends of earlier sequence numbers) per peer : 163840 bytes
7924: 18:09:32.969 - Outbound ENet: MaxInboundMessageSize: 512000
7924: 18:09:32.969 - Outbound ENet: MaxOutboundMessageSize: 512000
7924: 18:09:32.974 - GetRuntime - About to load CLR - versions available:
7924: 18:09:32.974 - v2.0.50727
7924: 18:09:32.974 - v4.0.30319
7924: 18:09:32.974 - Configuration requests: "v2.0.50727"
7924: 18:09:32.974 - About to load version: "v2.0.50727"
7924: 18:09:32.991 - About to load runtime: PhotonHostRuntime.PhotonDomainManager from PhotonHostRuntime, Culture=neutral, PublicKeyToken=02C301B61B060C4D
7924: 18:09:32.991 - CLRBaseDirectory set to "C:\Program Files\Photon Server\deploy"
7924: 18:09:32.991 - Optimising event broadcast for 20 or more peers
7924: 18:09:32.992 - Start: About to load CLR - versions available:
7924: 18:09:32.992 - v2.0.50727
7924: 18:09:32.992 - v4.0.30319
7924: 18:09:32.992 - No preference in configuration file, will load latest.
7924: 18:09:32.992 - About to load version: "v4.0.30319"
7924: 18:09:33.018 - Loaded version: "v4.0.30319"
7924: 18:09:34.340 - Photon host runtime loaded
7924: 18:09:41.810 - LICENSE: No license file was found. Starting with Bootstrap License.
7924: 18:09:41.810 - License is valid.
7924: 18:09:41.810 - Licensed for 20 concurrent connections.
7924: 18:09:41.810 - ENet: Max Reliable Data In Transit (awaiting ACKs) per peer : 51200 bytes
7924: 18:09:41.810 - ENet: Per peer bandwidth limit
7924: 18:09:41.810 - ENet: Transmit Rate Limit: 256 KB/Sec
7924: 18:09:41.810 - ENet: Limit period: 200ms
7924: 18:09:41.810 - ENet: Limit per period: 52428 bytes
7924: 18:09:41.810 - ENet: Max queued data for transmission per peer: 512000 bytes
7924: 18:09:41.810 - ENet: Minimum retransmit timeout: 200
7924: 18:09:41.810 - ENet: Minimum timeout: 5000ms
7924: 18:09:41.810 - ENet: Maximum timeout: 30000ms
7924: 18:09:41.810 - ENet: Max Inbound Reliable Data Queued (awaiting resends of earlier sequence numbers) per peer : 163840 bytes
7924: 18:09:41.811 - About to load application: Master from Photon.LoadBalancing
7924: 18:09:41.811 - Auto restart is enabled for application, existing connections will be terminated during restart
7924: 18:09:41.811 - Application will restart 1000ms after the last change detected
7924: 18:09:41.811 - Application will restart if files matching the following are changed: "dll;config"
7924: 18:09:41.811 - Application will NOT restart if files matching the following are changed: "log4net.config"
7924: 18:09:42.196 - Taking reference on default app domain
7924: 18:09:42.454 - Application: "Master" started in app domain: 2
7924: 18:09:42.454 - About to load application: Game1 from Photon.LoadBalancing
7924: 18:09:42.454 - Auto restart is enabled for application, existing connections will be terminated during restart
7924: 18:09:42.454 - Application will restart 1000ms after the last change detected
7924: 18:09:42.454 - Application will restart if files matching the following are changed: "dll;config"
7924: 18:09:42.454 - Application will NOT restart if files matching the following are changed: "log4net.config"
7924: 18:09:42.675 - Taking reference on default app domain
7924: 18:09:42.875 - Application: "Game1" started in app domain: 3
7924: 18:09:42.875 - About to load application: Game2 from Photon.LoadBalancing
7924: 18:09:42.875 - Auto restart is enabled for application, existing connections will be terminated during restart
7924: 18:09:42.875 - Application will restart 1000ms after the last change detected
7924: 18:09:42.875 - Application will restart if files matching the following are changed: "dll;config"
7924: 18:09:42.875 - Application will NOT restart if files matching the following are changed: "log4net.config"
7924: 18:09:43.062 - Taking reference on default app domain
7924: 18:09:43.272 - Application: "Game2" started in app domain: 4
7924: 18:09:43.272 - About to load application: CounterPublisher from CounterPublisher
7924: 18:09:43.272 - Auto restart is enabled for application, existing connections will be terminated during restart
7924: 18:09:43.272 - Application will restart 1000ms after the last change detected
7924: 18:09:43.272 - Application will restart if files matching the following are changed: "dll;config"
7924: 18:09:43.272 - Application will NOT restart if files matching the following are changed: "log4net.config"
7924: 18:09:43.452 - Taking reference on default app domain
7924: 18:09:43.612 - Application: "CounterPublisher" started in app domain: 5
7924: 18:09:43.612 - Adding TCP listener on :0.0.0.0: 4530 with a listen backlog of: 150
7924: 18:09:43.612 - TCP inactivity timeout: 10000ms
7924: 18:09:43.612 - TCP disconnect timeout: 120000ms
7924: 18:09:43.612 - MaxInboundMessageSize: 512000
7924: 18:09:43.612 - MaxOutboundMessageSize: 512000
7924: 18:09:43.612 - Forcing all applications ids to: "Master"
7924: 18:09:43.613 - Serving policy file requests from: "C:\Program Files\Photon Server\deploy\Policy\assets\socket-policy.xml"
7924: 18:09:43.613 - Adding TCP listener on :0.0.0.0: 4531 with a listen backlog of: 150
7924: 18:09:43.613 - TCP inactivity timeout: 10000ms
7924: 18:09:43.613 - TCP disconnect timeout: 120000ms
7924: 18:09:43.613 - MaxInboundMessageSize: 512000
7924: 18:09:43.613 - MaxOutboundMessageSize: 512000
7924: 18:09:43.613 - Forcing all applications ids to: "Game1"
7924: 18:09:43.614 - Serving policy file requests from: "C:\Program Files\Photon Server\deploy\Policy\assets\socket-policy.xml"
7924: 18:09:43.614 - Adding TCP listener on :0.0.0.0: 4532 with a listen backlog of: 150
7924: 18:09:43.614 - TCP inactivity timeout: 10000ms
7924: 18:09:43.614 - TCP disconnect timeout: 120000ms
7924: 18:09:43.614 - MaxInboundMessageSize: 512000
7924: 18:09:43.614 - MaxOutboundMessageSize: 512000
7924: 18:09:43.614 - Forcing all applications ids to: "Game2"
7924: 18:09:43.615 - Serving policy file requests from: "C:\Program Files\Photon Server\deploy\Policy\assets\socket-policy.xml"
7924: 18:09:43.615 - Adding TCP listener on :0.0.0.0: 4520 with a listen backlog of: 150
7924: 18:09:43.615 - TCP inactivity timeout: 5000ms
7924: 18:09:43.615 - TCP disconnect timeout: 120000ms
7924: 18:09:43.615 - MaxInboundMessageSize: 512000
7924: 18:09:43.615 - MaxOutboundMessageSize: 512000
7924: 18:09:43.615 - Forcing all applications ids to: "Master"
7924: 18:09:43.615 - MaxInboundMessageSize: 512000
7924: 18:09:43.615 - MaxOutboundMessageSize: 512000
7924: 18:09:43.615 - UDP address specified as:0.0.0.0 adding listener to each available IPv4 address
7924: 18:09:43.615 - Adding UDP listener on :192.168.1.7: 5055 with a listen backlog of: 500
7924: 18:09:43.615 - Adding UDP listener on :127.0.0.1: 5055 with a listen backlog of: 500
7924: 18:09:43.616 - Forcing all applications ids to: "Game1"
7924: 18:09:43.616 - MaxInboundMessageSize: 512000
7924: 18:09:43.616 - MaxOutboundMessageSize: 512000
7924: 18:09:43.616 - UDP address specified as:0.0.0.0 adding listener to each available IPv4 address
7924: 18:09:43.616 - Adding UDP listener on :192.168.1.7: 5056 with a listen backlog of: 500
7924: 18:09:43.616 - Adding UDP listener on :127.0.0.1: 5056 with a listen backlog of: 500
7924: 18:09:43.616 - Forcing all applications ids to: "Game2"
7924: 18:09:43.616 - MaxInboundMessageSize: 512000
7924: 18:09:43.616 - MaxOutboundMessageSize: 512000
7924: 18:09:43.616 - UDP address specified as:0.0.0.0 adding listener to each available IPv4 address
7924: 18:09:43.616 - Adding UDP listener on :192.168.1.7: 5057 with a listen backlog of: 500
7924: 18:09:43.616 - Adding UDP listener on :127.0.0.1: 5057 with a listen backlog of: 500
7924: 18:09:43.616 - Adding WebSocket TCP listener on :0.0.0.0: 9090 with a listen backlog of: 150
7924: 18:09:43.617 - Nagle disabled
7924: 18:09:43.617 - TCP inactivity timeout: 10000ms
7924: 18:09:43.617 - MaxInboundMessageSize: 512000
7924: 18:09:43.617 - MaxOutboundMessageSize: 512000
7924: 18:09:43.617 - Forcing all applications ids to: "Master"
7924: 18:09:43.617 - Will accept ANY sub-protocols from the client
7924: 18:09:43.617 - No automatic WebSocket ping
7924: 18:09:43.617 - Adding WebSocket TCP listener on :0.0.0.0: 9091 with a listen backlog of: 150
7924: 18:09:43.617 - Nagle disabled
7924: 18:09:43.617 - TCP inactivity timeout: 10000ms
7924: 18:09:43.617 - MaxInboundMessageSize: 512000
7924: 18:09:43.617 - MaxOutboundMessageSize: 512000
7924: 18:09:43.617 - Forcing all applications ids to: "Game1"
7924: 18:09:43.617 - Will accept ANY sub-protocols from the client
7924: 18:09:43.617 - No automatic WebSocket ping
7924: 18:09:43.617 - Adding WebSocket TCP listener on :0.0.0.0: 9092 with a listen backlog of: 150
7924: 18:09:43.617 - Nagle disabled
7924: 18:09:43.617 - TCP inactivity timeout: 10000ms
7924: 18:09:43.617 - MaxInboundMessageSize: 512000
7924: 18:09:43.617 - MaxOutboundMessageSize: 512000
7924: 18:09:43.617 - Forcing all applications ids to: "Game2"
7924: 18:09:43.617 - Will accept ANY sub-protocols from the client
7924: 18:09:43.617 - No automatic WebSocket ping
7924: 18:09:43.617 - Adding Policy File listener on :0.0.0.0: 843 with a listen backlog of: 150 and serving Policy File: "C:\Program Files\Photon Server\deploy\Policy\assets\socket-policy.xml"
7924: 18:09:43.617 - TCP inactivity timeout: 1000ms
7924: 18:09:43.618 - Adding Policy File listener on :0.0.0.0: 943 with a listen backlog of: 150 and serving Policy File: "C:\Program Files\Photon Server\deploy\Policy\assets\socket-policy-silverlight.xml"
7924: 18:09:43.618 - TCP inactivity timeout: 1000ms
7924: 18:09:43.696 - Service is running...
