1972: 11:32:22.733 - Service is stopped...
1972: 11:32:22.733 - Server shutting down...
1972: 11:32:22.733 - Shutdown monitoring enabled, 30000ms before process abort
1972: 11:32:22.733 - Notifying CLR applications of shutdown...
1972: 11:32:22.733 - RequestApplicationStop: 6
1972: 11:32:22.733 - RequestApplicationStop: 5
1972: 11:32:22.733 - RequestApplicationStop: 2
1972: 11:32:22.748 - RequestApplicationStop: 3
1972: 11:32:22.748 - RequestApplicationStop: 4
1972: 11:32:22.764 - RequestStop: defalt app domain
1972: 11:32:22.764 - Shutting down WebSocket Outbound Connection Manager...
1972: 11:32:22.764 - Shutting down TCP Outbound Connection Manager...
1972: 11:32:22.826 - Shutting down ENet Outbound Connection Manager...
1972: 11:32:22.826 - Disconnecting all outbound peers...
1972: 11:32:22.826 - Shutting down ENet host...
1972: 11:32:22.826 - Disconnecting all peers...
1972: 11:32:22.826 - Shutting down socket servers...
1972: 11:32:22.826 - Shutting down ENet thread pool...
1972: 11:32:22.826 - Shutting down TCP inactivity timers...
1972: 11:32:22.826 - WaitingForShutdownToComplete: NativePolicy:0.0.0.0:843
1972: 11:32:22.826 - OnShutdownCompleted: NativePolicy:0.0.0.0:843
1972: 11:32:22.826 - WaitingForShutdownToComplete: NativePolicy:0.0.0.0:943
1972: 11:32:22.826 - OnShutdownCompleted: NativePolicy:0.0.0.0:943
1972: 11:32:22.826 - WaitingForShutdownToComplete: TCP:0.0.0.0:4530
1972: 11:32:22.826 - OnShutdownCompleted: TCP:0.0.0.0:4530
1972: 11:32:22.826 - WaitingForShutdownToComplete: UDP:127.0.0.1:5055
1972: 11:32:22.826 - OnShutdownCompleted: UDP:127.0.0.1:5055
1972: 11:32:22.826 - WaitingForShutdownToComplete: UDP:192.168.1.15:5055
1972: 11:32:22.826 - OnShutdownCompleted: UDP:192.168.1.15:5055
1972: 11:32:22.826 - WaitingForShutdownToComplete: WebSocket:0.0.0.0:9090
1972: 11:32:22.826 - OnShutdownCompleted: WebSocket:0.0.0.0:9090
1972: 11:32:22.826 - Shutting down CLR applications...
2800: 11:32:22.826 - CManagedHost::OnDefaultAction() - OPR_AppDomainUnload - eUnloadAppDomain
1972: 11:32:22.842 - Shutting down business logic thread pool...
1972: 11:32:22.842 - Shutting down I/O thread pool...
1972: 11:32:22.842 - Destroying servers
1972: 11:32:22.842 - Destroying WebSocket Outbound Connection Manager
1972: 11:32:22.842 - Destroying TCP Outbound Connection Manager
1972: 11:32:22.842 - Destroying TCP inactivity timer
1972: 11:32:22.842 - Destroying ENet timer wheel
2244: 11:32:22.842 - Unloading Domain: ApplicationName = 'ChatServer', DomainId='6'
2800: 11:32:22.842 - CManagedHost::OnDomainUnload() - 6
2800: 11:32:22.842 - CManagedHost::OnDefaultAction() - OPR_AppDomainUnload - eUnloadAppDomain
1972: 11:32:22.858 - Destroying ENet host
1972: 11:32:22.858 - Destroying ENet outbound host
1972: 11:32:22.858 - Destroying HTTP inactivity timer
1972: 11:32:22.858 - Destroying HTTP host
1972: 11:32:22.858 - Flushing ENET buffer allocator...
1972: 11:32:22.858 - Flushing TCP buffer handle allocator...
1972: 11:32:22.858 - Flushing stream socket allocator...
1972: 11:32:22.858 - Flushing inbound datagram socket allocator...
1972: 11:32:22.858 - Flushing outbound datagram socket allocator...
1972: 11:32:22.858 - Destroying CLR dispatcher
1972: 11:32:22.858 - Destroying CLR applications
2244: 11:32:22.858 - Unloading Domain: ApplicationName = 'Lite', DomainId='2'
2800: 11:32:22.858 - CManagedHost::OnDomainUnload() - 2
1972: 11:32:23.060 - ~CCLRApplicationCollection() - Waiting up to 10 seconds for the CLR to release all of our objects
2800: 11:32:23.076 - CManagedHost::OnDefaultAction() - OPR_AppDomainUnload - eUnloadAppDomain
2244: 11:32:23.513 - Unloading Domain: ApplicationName = 'LiteLobby', DomainId='3'
2800: 11:32:23.544 - CManagedHost::OnDomainUnload() - 3
2800: 11:32:23.544 - CManagedHost::OnDefaultAction() - OPR_AppDomainUnload - eUnloadAppDomain
2244: 11:32:23.544 - Unloading Domain: ApplicationName = 'MmoDemo', DomainId='4'
2800: 11:32:23.544 - CManagedHost::OnDomainUnload() - 4
2800: 11:32:23.560 - CManagedHost::OnDefaultAction() - OPR_AppDomainUnload - eUnloadAppDomain
2244: 11:32:23.575 - Unloading Domain: ApplicationName = 'CounterPublisher', DomainId='5'
2800: 11:32:23.575 - CManagedHost::OnDomainUnload() - 5
1972: 11:32:23.575 - ~CCLRApplicationCollection() - Done. All objects released
1972: 11:32:23.575 - ~CManagedHost() - Release default app domain
1972: 11:32:23.575 - CManagedHost::OnDomainUnload() - 1
1972: 11:32:23.575 - ~CManagedHost() - Waiting up to 10 seconds for CLR shutdown...
1972: 11:32:23.575 - ~CManagedHost
1972: 11:32:23.575 - Destroying ENet thread pool
1972: 11:32:23.575 - Destroying Business logic thread pool
1972: 11:32:23.575 - Destroying I/O thread pool
1972: 11:32:23.575 - Destroying ENet buffer allocator
1972: 11:32:23.575 - Destroying TCP buffer allocator
1972: 11:32:23.575 - Destroying TCP socket allocator
1972: 11:32:23.575 - Destroying ENet inbound socket allocator
1972: 11:32:23.575 - Destroying ENet outbound socket allocator
1972: 11:32:23.638 - Shutdown complete...
1788: 11:32:23.638 - Service shutting down
1788: 11:32:23.638 - Service shut down complete
1944: 11:33:50.279 - ---
1944: 11:33:50.279 - Service: "Photon Socket Server" starting
1944: 11:33:50.279 - Config File: C:\Program Files\Photon Server\deploy\bin_Win64\PhotonServer.config
1944: 11:33:50.404 - Will produce at most: 10 crash dumps
1944: 11:33:50.404 - Action: run as service
1924: 11:33:50.404 - Server Starting...
1924: 11:33:50.404 -    Tick count: 30482 (wraps in: 49.7099 days)
1924: 11:33:50.404 - Tick count 64: 30482
1924: 11:33:50.404 - Photon Version: 3.4.4.2588
1924: 11:33:50.404 - PID: 1940
1924: 11:33:50.404 - Current directory is: C:\Windows\system32
1924: 11:33:50.404 - Changing current directory to: C:\Program Files\Photon Server\deploy\bin_Win64
1924: 11:33:50.420 - Config File: C:\Program Files\Photon Server\deploy\bin_Win64\PhotonServer.config
1924: 11:33:50.420 - Will NOT log unimportant exceptions
1924: 11:33:50.420 - Not using performance counters as they are not currently installed. Run the service with /InstallCounters to install them.
1924: 11:33:50.420 - Shutdown timeout enabled: 30000ms
1924: 11:33:50.420 - Starting I/O thread pool with 2 threads
1924: 11:33:50.420 - Using Standard allocator
1924: 11:33:50.420 - Max message size: 512000
1924: 11:33:50.420 - Starting business logic thread pool with the following settings
1924: 11:33:50.420 - InitialThreads: 4 threads
1924: 11:33:50.420 - MinThreads: 4 threads
1924: 11:33:50.420 - Thread pool is fixed size
1924: 11:33:50.420 - Starting ENet thread pool with the following settings
1924: 11:33:50.420 - InitialThreads: 2 threads
1924: 11:33:50.420 - MinThreads: 2 threads
1924: 11:33:50.420 - Thread pool is fixed size
1924: 11:33:50.420 - OnlyDispatchTimers: False
1924: 11:33:50.420 - S2S: flow control: Max pending writes: 50
1924: 11:33:50.420 - S2S: flow control: Max queued buffers: 200
1924: 11:33:50.420 - S2S: flow control: Max pending writes MUX: 500
1924: 11:33:50.420 - S2S: flow control: Max queued buffers MUX: 2000
1924: 11:33:50.420 - S2S: MaxInboundMessageSize: 512000
1924: 11:33:50.420 - S2S: MaxOutboundMessageSize: 512000
1924: 11:33:50.420 - S2S: No inactivity timeout
1924: 11:33:50.451 - WebSocket S2S: MaxInboundMessageSize: 512000
1924: 11:33:50.451 - WebSocket S2S: MaxOutboundMessageSize: 512000
1924: 11:33:50.451 - WebSocket S2S: No inactivity timeout
1924: 11:33:50.451 - Max Reliable Data In Transit (awaiting ACKs) per peer : 51200 bytes
1924: 11:33:50.451 - Per peer bandwidth limit
1924: 11:33:50.451 - Transmit Rate Limit: 256 KB/Sec
1924: 11:33:50.451 - Limit period: 200ms
1924: 11:33:50.451 - Limit per period: 52428 bytes
1924: 11:33:50.451 - Max queued data for transmission per peer: 512000 bytes
1924: 11:33:50.451 - Minimum retransmit timeout: 200
1924: 11:33:50.451 - Minimum ENet timeout: 5000ms
1924: 11:33:50.451 - Maximum ENet timeout: 30000ms
1924: 11:33:50.451 - Max Inbound Reliable Data Queued (awaiting resends of earlier sequence numbers) per peer : 163840 bytes
1924: 11:33:50.451 - Outbound ENet: MaxInboundMessageSize: 512000
1924: 11:33:50.451 - Outbound ENet: MaxOutboundMessageSize: 512000
1924: 11:33:53.852 - GetRuntime - About to load CLR - versions available:
1924: 11:33:53.852 - v2.0.50727
1924: 11:33:53.852 - v4.0.30319
1924: 11:33:53.852 - Configuration requests: "v2.0.50727"
1924: 11:33:53.852 - About to load version: "v2.0.50727"
1924: 11:33:54.632 - About to load runtime: PhotonHostRuntime.PhotonDomainManager from PhotonHostRuntime, Culture=neutral, PublicKeyToken=02C301B61B060C4D
1924: 11:33:54.632 - CLRBaseDirectory set to "C:\Program Files\Photon Server\deploy"
1924: 11:33:54.632 - Optimising event broadcast for 20 or more peers
1924: 11:33:54.632 - Start: About to load CLR - versions available:
1924: 11:33:54.632 - v2.0.50727
1924: 11:33:54.632 - v4.0.30319
1924: 11:33:54.632 - No preference in configuration file, will load latest.
1924: 11:33:54.632 - About to load version: "v4.0.30319"
1924: 11:33:54.866 - Loaded version: "v4.0.30319"
1924: 11:33:59.312 - Photon host runtime loaded
1924: 11:34:11.950 - LICENSE: No license file was found. Starting with Bootstrap License.
1924: 11:34:11.950 - License is valid.
1924: 11:34:11.950 - Licensed for 20 concurrent connections.
1924: 11:34:11.950 - ENet: Max Reliable Data In Transit (awaiting ACKs) per peer : 51200 bytes
1924: 11:34:11.950 - ENet: Per peer bandwidth limit
1924: 11:34:11.950 - ENet: Transmit Rate Limit: 256 KB/Sec
1924: 11:34:11.950 - ENet: Limit period: 200ms
1924: 11:34:11.950 - ENet: Limit per period: 52428 bytes
1924: 11:34:11.950 - ENet: Max queued data for transmission per peer: 512000 bytes
1924: 11:34:11.950 - ENet: Minimum retransmit timeout: 200
1924: 11:34:11.950 - ENet: Minimum timeout: 5000ms
1924: 11:34:11.950 - ENet: Maximum timeout: 30000ms
1924: 11:34:11.950 - ENet: Max Inbound Reliable Data Queued (awaiting resends of earlier sequence numbers) per peer : 163840 bytes
1924: 11:34:11.950 - About to load application: Lite from Lite
1924: 11:34:11.950 - Auto restart is enabled for application, existing connections will be terminated during restart
1924: 11:34:11.950 - Application will restart 1000ms after the last change detected
1924: 11:34:11.950 - Application will restart if files matching the following are changed: "dll;config"
1924: 11:34:11.950 - Application will NOT restart if files matching the following are changed: "log4net.config"
1924: 11:34:12.840 - Taking reference on default app domain
1924: 11:34:13.245 - Application: "Lite" started in app domain: 2
1924: 11:34:13.245 - About to load application: LiteLobby from LiteLobby
1924: 11:34:13.245 - Auto restart is enabled for application, existing connections will be terminated during restart
1924: 11:34:13.245 - Application will restart 1000ms after the last change detected
1924: 11:34:13.245 - Application will restart if files matching the following are changed: "dll;config"
1924: 11:34:13.245 - Application will NOT restart if files matching the following are changed: "log4net.config"
1924: 11:34:13.651 - Taking reference on default app domain
1924: 11:34:13.885 - Application: "LiteLobby" started in app domain: 3
1924: 11:34:13.885 - About to load application: MmoDemo from Photon.MmoDemo.Server
1924: 11:34:13.885 - Auto restart is enabled for application, existing connections will be terminated during restart
1924: 11:34:13.885 - Application will restart 1000ms after the last change detected
1924: 11:34:13.885 - Application will restart if files matching the following are changed: "dll;config"
1924: 11:34:13.885 - Application will NOT restart if files matching the following are changed: "log4net.config"
1924: 11:34:14.587 - Taking reference on default app domain
1924: 11:34:14.743 - Application: "MmoDemo" started in app domain: 4
1924: 11:34:14.743 - About to load application: CounterPublisher from CounterPublisher
1924: 11:34:14.743 - Auto restart is enabled for application, existing connections will be terminated during restart
1924: 11:34:14.743 - Application will restart 1000ms after the last change detected
1924: 11:34:14.743 - Application will restart if files matching the following are changed: "dll;config"
1924: 11:34:14.743 - Application will NOT restart if files matching the following are changed: "log4net.config"
1924: 11:34:15.008 - Taking reference on default app domain
1924: 11:34:15.180 - Application: "CounterPublisher" started in app domain: 5
1924: 11:34:15.180 - About to load application: ChatServer from ChatServer
1924: 11:34:15.258 - Taking reference on default app domain
1924: 11:34:15.336 - Application: "ChatServer" started in app domain: 6
1924: 11:34:15.336 - Adding TCP listener on :0.0.0.0: 4530 with a listen backlog of: 150
1924: 11:34:15.336 - TCP inactivity timeout: 10000ms
1924: 11:34:15.336 - TCP disconnect timeout: 120000ms
1924: 11:34:15.336 - MaxInboundMessageSize: 512000
1924: 11:34:15.336 - MaxOutboundMessageSize: 512000
1924: 11:34:15.336 - Serving policy file requests from: "C:\Program Files\Photon Server\deploy\Policy\assets\socket-policy.xml"
1924: 11:34:15.336 - MaxInboundMessageSize: 512000
1924: 11:34:15.336 - MaxOutboundMessageSize: 512000
1924: 11:34:15.336 - UDP address specified as:0.0.0.0 adding listener to each available IPv4 address
1924: 11:34:15.336 - Adding UDP listener on :192.168.1.15: 5055 with a listen backlog of: 500
1924: 11:34:15.336 - Adding UDP listener on :127.0.0.1: 5055 with a listen backlog of: 500
1924: 11:34:15.336 - Adding WebSocket TCP listener on :0.0.0.0: 9090 with a listen backlog of: 150
1924: 11:34:15.336 - Nagle disabled
1924: 11:34:15.336 - TCP inactivity timeout: 10000ms
1924: 11:34:15.336 - MaxInboundMessageSize: 512000
1924: 11:34:15.336 - MaxOutboundMessageSize: 512000
1924: 11:34:15.336 - Forcing all applications ids to: "Lite"
1924: 11:34:15.336 - Will accept ANY sub-protocols from the client
1924: 11:34:15.336 - No automatic WebSocket ping
1924: 11:34:15.336 - Adding Policy File listener on :0.0.0.0: 843 with a listen backlog of: 150 and serving Policy File: "C:\Program Files\Photon Server\deploy\Policy\assets\socket-policy.xml"
1924: 11:34:15.336 - TCP inactivity timeout: 10000ms
1924: 11:34:15.336 - Adding Policy File listener on :0.0.0.0: 943 with a listen backlog of: 150 and serving Policy File: "C:\Program Files\Photon Server\deploy\Policy\assets\socket-policy-silverlight.xml"
1924: 11:34:15.336 - TCP inactivity timeout: 10000ms
1924: 11:34:15.367 - Service is running...
