2524: 19:21:40.371 - ---
2524: 19:21:40.371 - Service: "Photon Socket Server" starting
2524: 19:21:40.371 - Config File: C:\Users\Justin\Projects\mobas-server\deploy\bin_Win64\PhotonServer.config
2524: 19:21:40.372 - Will produce at most: 10 crash dumps
2524: 19:21:40.372 - Action: run as exe
2524: 19:21:40.373 - Server Starting...
2524: 19:21:40.373 -    Tick count: 57086506 (wraps in: 49.0495 days)
2524: 19:21:40.373 - Tick count 64: 57086506
2524: 19:21:40.373 - Photon Version: 3.4.4.2588
2524: 19:21:40.373 - PID: 3392
2524: 19:21:40.373 - Config File: C:\Users\Justin\Projects\mobas-server\deploy\bin_Win64\PhotonServer.config
2524: 19:21:40.374 - Will NOT log unimportant exceptions
2524: 19:21:40.376 - Not using performance counters as they are not currently installed. Run the service with /InstallCounters to install them.
2524: 19:21:40.376 - Shutdown timeout enabled: 30000ms
2524: 19:21:40.376 - Starting I/O thread pool with 2 threads
2524: 19:21:40.376 - Using Standard allocator
2524: 19:21:40.376 - Max message size: 512000
2524: 19:21:40.376 - Starting business logic thread pool with the following settings
2524: 19:21:40.376 - InitialThreads: 4 threads
2524: 19:21:40.376 - MinThreads: 4 threads
2524: 19:21:40.376 - Thread pool is fixed size
2524: 19:21:40.376 - Starting ENet thread pool with the following settings
2524: 19:21:40.376 - InitialThreads: 2 threads
2524: 19:21:40.376 - MinThreads: 2 threads
2524: 19:21:40.376 - Thread pool is fixed size
2524: 19:21:40.376 - OnlyDispatchTimers: False
2524: 19:21:40.377 - S2S: flow control: Max pending writes: 50
2524: 19:21:40.377 - S2S: flow control: Max queued buffers: 200
2524: 19:21:40.377 - S2S: flow control: Max pending writes MUX: 500
2524: 19:21:40.377 - S2S: flow control: Max queued buffers MUX: 2000
2524: 19:21:40.377 - S2S: MaxInboundMessageSize: 512000
2524: 19:21:40.377 - S2S: MaxOutboundMessageSize: 512000
2524: 19:21:40.377 - S2S: No inactivity timeout
2524: 19:21:40.381 - WebSocket S2S: MaxInboundMessageSize: 512000
2524: 19:21:40.381 - WebSocket S2S: MaxOutboundMessageSize: 512000
2524: 19:21:40.381 - WebSocket S2S: No inactivity timeout
2524: 19:21:40.381 - Max Reliable Data In Transit (awaiting ACKs) per peer : 51200 bytes
2524: 19:21:40.381 - Per peer bandwidth limit
2524: 19:21:40.381 - Transmit Rate Limit: 256 KB/Sec
2524: 19:21:40.381 - Limit period: 200ms
2524: 19:21:40.381 - Limit per period: 52428 bytes
2524: 19:21:40.381 - Max queued data for transmission per peer: 512000 bytes
2524: 19:21:40.381 - Minimum retransmit timeout: 200
2524: 19:21:40.381 - Minimum ENet timeout: 5000ms
2524: 19:21:40.381 - Maximum ENet timeout: 30000ms
2524: 19:21:40.381 - Max Inbound Reliable Data Queued (awaiting resends of earlier sequence numbers) per peer : 163840 bytes
2524: 19:21:40.381 - Outbound ENet: MaxInboundMessageSize: 512000
2524: 19:21:40.381 - Outbound ENet: MaxOutboundMessageSize: 512000
2524: 19:21:40.383 - GetRuntime - About to load CLR - versions available:
2524: 19:21:40.383 - v2.0.50727
2524: 19:21:40.383 - v4.0.30319
2524: 19:21:40.383 - Configuration requests: "v2.0.50727"
2524: 19:21:40.383 - About to load version: "v2.0.50727"
2524: 19:21:40.390 - About to load runtime: PhotonHostRuntime.PhotonDomainManager from PhotonHostRuntime, Culture=neutral, PublicKeyToken=02C301B61B060C4D
2524: 19:21:40.390 - CLRBaseDirectory set to "C:\Users\Justin\Projects\mobas-server\deploy"
2524: 19:21:40.390 - Optimising event broadcast for 20 or more peers
2524: 19:21:40.391 - Start: About to load CLR - versions available:
2524: 19:21:40.391 - v2.0.50727
2524: 19:21:40.391 - v4.0.30319
2524: 19:21:40.391 - No preference in configuration file, will load latest.
2524: 19:21:40.391 - About to load version: "v4.0.30319"
2524: 19:21:40.392 - Loaded version: "v4.0.30319"
2524: 19:21:40.779 - Photon host runtime loaded
2524: 19:21:46.835 - License is valid.
2524: 19:21:46.835 - Licensed for 100 concurrent connections.
2524: 19:21:46.836 - ENet: Max Reliable Data In Transit (awaiting ACKs) per peer : 51200 bytes
2524: 19:21:46.836 - ENet: Per peer bandwidth limit
2524: 19:21:46.836 - ENet: Transmit Rate Limit: 256 KB/Sec
2524: 19:21:46.836 - ENet: Limit period: 200ms
2524: 19:21:46.836 - ENet: Limit per period: 52428 bytes
2524: 19:21:46.836 - ENet: Max queued data for transmission per peer: 512000 bytes
2524: 19:21:46.836 - ENet: Minimum retransmit timeout: 200
2524: 19:21:46.836 - ENet: Minimum timeout: 5000ms
2524: 19:21:46.836 - ENet: Maximum timeout: 30000ms
2524: 19:21:46.836 - ENet: Max Inbound Reliable Data Queued (awaiting resends of earlier sequence numbers) per peer : 163840 bytes
2524: 19:21:46.836 - About to load application: Master from Photon.LoadBalancing
2524: 19:21:46.836 - Auto restart is enabled for application, existing connections will be terminated during restart
2524: 19:21:46.836 - Application will restart 1000ms after the last change detected
2524: 19:21:46.836 - Application will restart if files matching the following are changed: "dll;config"
2524: 19:21:46.836 - Application will NOT restart if files matching the following are changed: "log4net.config"
2524: 19:21:47.024 - Taking reference on default app domain
2524: 19:21:47.132 - Application: "Master" started in app domain: 2
2524: 19:21:47.132 - About to load application: Game1 from Photon.LoadBalancing
2524: 19:21:47.132 - Auto restart is enabled for application, existing connections will be terminated during restart
2524: 19:21:47.132 - Application will restart 1000ms after the last change detected
2524: 19:21:47.132 - Application will restart if files matching the following are changed: "dll;config"
2524: 19:21:47.132 - Application will NOT restart if files matching the following are changed: "log4net.config"
2524: 19:21:47.250 - Taking reference on default app domain
2524: 19:21:47.360 - Application: "Game1" started in app domain: 3
2524: 19:21:47.360 - About to load application: Game2 from Photon.LoadBalancing
2524: 19:21:47.360 - Auto restart is enabled for application, existing connections will be terminated during restart
2524: 19:21:47.360 - Application will restart 1000ms after the last change detected
2524: 19:21:47.360 - Application will restart if files matching the following are changed: "dll;config"
2524: 19:21:47.360 - Application will NOT restart if files matching the following are changed: "log4net.config"
2524: 19:21:47.482 - Taking reference on default app domain
2524: 19:21:47.577 - Application: "Game2" started in app domain: 4
2524: 19:21:47.577 - About to load application: CounterPublisher from CounterPublisher
2524: 19:21:47.577 - Auto restart is enabled for application, existing connections will be terminated during restart
2524: 19:21:47.577 - Application will restart 1000ms after the last change detected
2524: 19:21:47.577 - Application will restart if files matching the following are changed: "dll;config"
2524: 19:21:47.577 - Application will NOT restart if files matching the following are changed: "log4net.config"
2524: 19:21:47.690 - Taking reference on default app domain
2524: 19:21:47.782 - Application: "CounterPublisher" started in app domain: 5
2524: 19:21:47.782 - Adding TCP listener on :0.0.0.0: 4530 with a listen backlog of: 150
2524: 19:21:47.782 - TCP inactivity timeout: 10000ms
2524: 19:21:47.782 - TCP disconnect timeout: 120000ms
2524: 19:21:47.782 - MaxInboundMessageSize: 512000
2524: 19:21:47.782 - MaxOutboundMessageSize: 512000
2524: 19:21:47.782 - Forcing all applications ids to: "Master"
2524: 19:21:47.789 - Serving policy file requests from: "C:\Users\Justin\Projects\mobas-server\deploy\Policy\assets\socket-policy.xml"
2524: 19:21:47.798 - Adding TCP listener on :0.0.0.0: 4531 with a listen backlog of: 150
2524: 19:21:47.798 - TCP inactivity timeout: 10000ms
2524: 19:21:47.798 - TCP disconnect timeout: 120000ms
2524: 19:21:47.798 - MaxInboundMessageSize: 512000
2524: 19:21:47.798 - MaxOutboundMessageSize: 512000
2524: 19:21:47.798 - Forcing all applications ids to: "Game1"
2524: 19:21:47.798 - Serving policy file requests from: "C:\Users\Justin\Projects\mobas-server\deploy\Policy\assets\socket-policy.xml"
2524: 19:21:47.798 - Adding TCP listener on :0.0.0.0: 4532 with a listen backlog of: 150
2524: 19:21:47.798 - TCP inactivity timeout: 10000ms
2524: 19:21:47.798 - TCP disconnect timeout: 120000ms
2524: 19:21:47.798 - MaxInboundMessageSize: 512000
2524: 19:21:47.798 - MaxOutboundMessageSize: 512000
2524: 19:21:47.798 - Forcing all applications ids to: "Game2"
2524: 19:21:47.798 - Serving policy file requests from: "C:\Users\Justin\Projects\mobas-server\deploy\Policy\assets\socket-policy.xml"
2524: 19:21:47.798 - Adding TCP listener on :0.0.0.0: 4520 with a listen backlog of: 150
2524: 19:21:47.798 - TCP inactivity timeout: 5000ms
2524: 19:21:47.798 - TCP disconnect timeout: 120000ms
2524: 19:21:47.798 - MaxInboundMessageSize: 512000
2524: 19:21:47.798 - MaxOutboundMessageSize: 512000
2524: 19:21:47.798 - Forcing all applications ids to: "Master"
2524: 19:21:47.798 - MaxInboundMessageSize: 512000
2524: 19:21:47.798 - MaxOutboundMessageSize: 512000
2524: 19:21:47.798 - UDP address specified as:0.0.0.0 adding listener to each available IPv4 address
2524: 19:21:47.799 - Adding UDP listener on :192.168.1.7: 5055 with a listen backlog of: 500
2524: 19:21:47.799 - Adding UDP listener on :127.0.0.1: 5055 with a listen backlog of: 500
2524: 19:21:47.799 - Forcing all applications ids to: "Game1"
2524: 19:21:47.799 - MaxInboundMessageSize: 512000
2524: 19:21:47.799 - MaxOutboundMessageSize: 512000
2524: 19:21:47.799 - UDP address specified as:0.0.0.0 adding listener to each available IPv4 address
2524: 19:21:47.799 - Adding UDP listener on :192.168.1.7: 5056 with a listen backlog of: 500
2524: 19:21:47.799 - Adding UDP listener on :127.0.0.1: 5056 with a listen backlog of: 500
2524: 19:21:47.799 - Forcing all applications ids to: "Game2"
2524: 19:21:47.799 - MaxInboundMessageSize: 512000
2524: 19:21:47.799 - MaxOutboundMessageSize: 512000
2524: 19:21:47.799 - UDP address specified as:0.0.0.0 adding listener to each available IPv4 address
2524: 19:21:47.800 - Adding UDP listener on :192.168.1.7: 5057 with a listen backlog of: 500
2524: 19:21:47.800 - Adding UDP listener on :127.0.0.1: 5057 with a listen backlog of: 500
2524: 19:21:47.800 - Adding WebSocket TCP listener on :0.0.0.0: 9090 with a listen backlog of: 150
2524: 19:21:47.802 - Nagle disabled
2524: 19:21:47.802 - TCP inactivity timeout: 10000ms
2524: 19:21:47.802 - MaxInboundMessageSize: 512000
2524: 19:21:47.802 - MaxOutboundMessageSize: 512000
2524: 19:21:47.802 - Forcing all applications ids to: "Master"
2524: 19:21:47.802 - Will accept ANY sub-protocols from the client
2524: 19:21:47.802 - No automatic WebSocket ping
2524: 19:21:47.809 - Adding WebSocket TCP listener on :0.0.0.0: 9091 with a listen backlog of: 150
2524: 19:21:47.809 - Nagle disabled
2524: 19:21:47.809 - TCP inactivity timeout: 10000ms
2524: 19:21:47.809 - MaxInboundMessageSize: 512000
2524: 19:21:47.809 - MaxOutboundMessageSize: 512000
2524: 19:21:47.809 - Forcing all applications ids to: "Game1"
2524: 19:21:47.809 - Will accept ANY sub-protocols from the client
2524: 19:21:47.809 - No automatic WebSocket ping
2524: 19:21:47.809 - Adding WebSocket TCP listener on :0.0.0.0: 9092 with a listen backlog of: 150
2524: 19:21:47.809 - Nagle disabled
2524: 19:21:47.809 - TCP inactivity timeout: 10000ms
2524: 19:21:47.809 - MaxInboundMessageSize: 512000
2524: 19:21:47.809 - MaxOutboundMessageSize: 512000
2524: 19:21:47.809 - Forcing all applications ids to: "Game2"
2524: 19:21:47.809 - Will accept ANY sub-protocols from the client
2524: 19:21:47.809 - No automatic WebSocket ping
2524: 19:21:47.810 - Adding Policy File listener on :0.0.0.0: 843 with a listen backlog of: 150 and serving Policy File: "C:\Users\Justin\Projects\mobas-server\deploy\Policy\assets\socket-policy.xml"
2524: 19:21:47.810 - TCP inactivity timeout: 1000ms
2524: 19:21:47.810 - Adding Policy File listener on :0.0.0.0: 943 with a listen backlog of: 150 and serving Policy File: "C:\Users\Justin\Projects\mobas-server\deploy\Policy\assets\socket-policy-silverlight.xml"
2524: 19:21:47.810 - TCP inactivity timeout: 1000ms
2524: 19:21:47.881 - Service is running...
2196: 19:23:10.957 - Restarting application: "Master" due to file changes
2196: 19:23:10.957 - Application: "Master" restart request (abort existing connections)
2196: 19:23:10.999 - Failed to restart application: CManagedHost::CreateApplicationInNewAppDomain() - Failed to create new application domain for : "Master" - Can't find Photon.LoadBalancing.dll in C:\Users\Justin\Projects\mobas-server\deploy\CounterPublisher\bin or C:\Users\Justin\Projects\mobas-server\deploy\LoadBalancing\Master\bin
2196: 19:23:14.562 - Restarting application: "Master" due to file changes
2196: 19:23:14.562 - Application: "Master" restart request (abort existing connections)
2196: 19:23:14.642 - Taking reference on default app domain
2196: 19:23:14.771 - Application: "Master" started in app domain: 6
2196: 19:23:15.116 - RequestApplicationStop: 2
2196: 19:23:15.140 - Application: "Master" stopped in app domain: 2 (abort existing connections)
2196: 19:23:15.140 - Application: "Master" restart complete.
2392: 19:23:15.140 - CManagedHost::OnDefaultAction() - OPR_AppDomainUnload - eUnloadAppDomain
2388: 19:23:15.155 - Unloading Domain: ApplicationName = 'Master', DomainId='2'
2392: 19:23:15.155 - CManagedHost::OnDomainUnload() - 2
2196: 19:41:43.821 - Restarting application: "Master" due to file changes
2196: 19:41:43.821 - Application: "Master" restart request (abort existing connections)
2196: 19:41:43.925 - Taking reference on default app domain
2196: 19:41:44.022 - Application: "Master" started in app domain: 7
2196: 19:41:44.352 - RequestApplicationStop: 6
2196: 19:41:44.370 - Application: "Master" stopped in app domain: 6 (abort existing connections)
2196: 19:41:44.370 - Application: "Master" restart complete.
2392: 19:41:44.380 - CManagedHost::OnDefaultAction() - OPR_AppDomainUnload - eUnloadAppDomain
2388: 19:41:44.397 - Unloading Domain: ApplicationName = 'Master', DomainId='6'
2392: 19:41:44.398 - CManagedHost::OnDomainUnload() - 6
2196: 19:42:01.622 - Restarting application: "Master" due to file changes
2196: 19:42:01.622 - Application: "Master" restart request (abort existing connections)
2196: 19:42:01.718 - Taking reference on default app domain
2196: 19:42:01.788 - Application: "Master" started in app domain: 8
2196: 19:42:02.091 - RequestApplicationStop: 7
2196: 19:42:02.103 - Application: "Master" stopped in app domain: 7 (abort existing connections)
2196: 19:42:02.103 - Application: "Master" restart complete.
2392: 19:42:02.106 - CManagedHost::OnDefaultAction() - OPR_AppDomainUnload - eUnloadAppDomain
2388: 19:42:02.122 - Unloading Domain: ApplicationName = 'Master', DomainId='7'
2392: 19:42:02.123 - CManagedHost::OnDomainUnload() - 7
2196: 20:13:13.305 - Restarting application: "Master" due to file changes
2196: 20:13:13.305 - Application: "Master" restart request (abort existing connections)
2196: 20:13:13.415 - Taking reference on default app domain
2196: 20:13:13.541 - Application: "Master" started in app domain: 9
2196: 20:13:14.015 - RequestApplicationStop: 8
2196: 20:13:14.024 - Application: "Master" stopped in app domain: 8 (abort existing connections)
2196: 20:13:14.024 - Application: "Master" restart complete.
2392: 20:13:14.030 - CManagedHost::OnDefaultAction() - OPR_AppDomainUnload - eUnloadAppDomain
2388: 20:13:14.047 - Unloading Domain: ApplicationName = 'Master', DomainId='8'
2392: 20:13:14.047 - CManagedHost::OnDomainUnload() - 8
2196: 20:28:53.570 - Restarting application: "Master" due to file changes
2196: 20:28:53.570 - Application: "Master" restart request (abort existing connections)
2196: 20:28:53.675 - Taking reference on default app domain
2196: 20:28:53.862 - Application: "Master" started in app domain: 10
2196: 20:28:54.274 - RequestApplicationStop: 9
2196: 20:28:54.286 - Application: "Master" stopped in app domain: 9 (abort existing connections)
2196: 20:28:54.286 - Application: "Master" restart complete.
2392: 20:28:54.286 - CManagedHost::OnDefaultAction() - OPR_AppDomainUnload - eUnloadAppDomain
2388: 20:28:54.304 - Unloading Domain: ApplicationName = 'Master', DomainId='9'
2392: 20:28:54.304 - CManagedHost::OnDomainUnload() - 9
2196: 20:39:53.501 - Restarting application: "Master" due to file changes
2196: 20:39:53.501 - Application: "Master" restart request (abort existing connections)
2196: 20:39:53.613 - Taking reference on default app domain
2196: 20:39:53.696 - Application: "Master" started in app domain: 11
2196: 20:39:54.130 - RequestApplicationStop: 10
2196: 20:39:54.140 - Application: "Master" stopped in app domain: 10 (abort existing connections)
2196: 20:39:54.140 - Application: "Master" restart complete.
2392: 20:39:54.154 - CManagedHost::OnDefaultAction() - OPR_AppDomainUnload - eUnloadAppDomain
2388: 20:39:54.171 - Unloading Domain: ApplicationName = 'Master', DomainId='10'
2392: 20:39:54.171 - CManagedHost::OnDomainUnload() - 10
2196: 23:49:32.730 - Restarting application: "Master" due to file changes
2196: 23:49:32.730 - Application: "Master" restart request (abort existing connections)
2196: 23:49:32.812 - Taking reference on default app domain
2196: 23:49:32.896 - Application: "Master" started in app domain: 12
2196: 23:49:33.188 - RequestApplicationStop: 11
2196: 23:49:33.196 - Application: "Master" stopped in app domain: 11 (abort existing connections)
2196: 23:49:33.196 - Application: "Master" restart complete.
2392: 23:49:33.200 - CManagedHost::OnDefaultAction() - OPR_AppDomainUnload - eUnloadAppDomain
2388: 23:49:33.215 - Unloading Domain: ApplicationName = 'Master', DomainId='11'
2392: 23:49:33.215 - CManagedHost::OnDomainUnload() - 11
2196: 23:50:34.397 - Restarting application: "Master" due to file changes
2196: 23:50:34.397 - Application: "Master" restart request (abort existing connections)
2196: 23:50:34.489 - Taking reference on default app domain
2196: 23:50:34.586 - Application: "Master" started in app domain: 13
2196: 23:50:34.895 - RequestApplicationStop: 12
2196: 23:50:34.905 - Application: "Master" stopped in app domain: 12 (abort existing connections)
2196: 23:50:34.905 - Application: "Master" restart complete.
2392: 23:50:34.913 - CManagedHost::OnDefaultAction() - OPR_AppDomainUnload - eUnloadAppDomain
2388: 23:50:34.929 - Unloading Domain: ApplicationName = 'Master', DomainId='12'
2392: 23:50:34.929 - CManagedHost::OnDomainUnload() - 12
2196: 23:53:18.306 - Restarting application: "Master" due to file changes
2196: 23:53:18.306 - Application: "Master" restart request (abort existing connections)
2196: 23:53:18.383 - Taking reference on default app domain
2196: 23:53:18.464 - Application: "Master" started in app domain: 14
2196: 23:53:18.752 - RequestApplicationStop: 13
2196: 23:53:18.759 - Application: "Master" stopped in app domain: 13 (abort existing connections)
2196: 23:53:18.759 - Application: "Master" restart complete.
2392: 23:53:18.762 - CManagedHost::OnDefaultAction() - OPR_AppDomainUnload - eUnloadAppDomain
2388: 23:53:18.777 - Unloading Domain: ApplicationName = 'Master', DomainId='13'
2392: 23:53:18.777 - CManagedHost::OnDomainUnload() - 13
