6404: 18:09:39.183 - ---
6404: 18:09:39.183 - Service: "Photon Socket Server" starting
6404: 18:09:39.183 - Config File: C:\Users\Justin\Projects\mobas-server\deploy\bin_Win64\PhotonServer.config
6404: 18:09:39.184 - Will produce at most: 10 crash dumps
6404: 18:09:39.184 - Action: run as exe
6404: 18:09:39.185 - Server Starting...
6404: 18:09:39.185 -    Tick count: 207172822 (wraps in: 47.3124 days)
6404: 18:09:39.185 - Tick count 64: 207172822
6404: 18:09:39.185 - Photon Version: 3.4.4.2588
6404: 18:09:39.185 - PID: 3080
6404: 18:09:39.185 - Config File: C:\Users\Justin\Projects\mobas-server\deploy\bin_Win64\PhotonServer.config
6404: 18:09:39.186 - Will NOT log unimportant exceptions
6404: 18:09:39.187 - Not using performance counters as they are not currently installed. Run the service with /InstallCounters to install them.
6404: 18:09:39.188 - Shutdown timeout enabled: 30000ms
6404: 18:09:39.188 - Starting I/O thread pool with 2 threads
6404: 18:09:39.188 - Using Standard allocator
6404: 18:09:39.188 - Max message size: 512000
6404: 18:09:39.188 - Starting business logic thread pool with the following settings
6404: 18:09:39.188 - InitialThreads: 4 threads
6404: 18:09:39.188 - MinThreads: 4 threads
6404: 18:09:39.188 - Thread pool is fixed size
6404: 18:09:39.188 - Starting ENet thread pool with the following settings
6404: 18:09:39.188 - InitialThreads: 2 threads
6404: 18:09:39.188 - MinThreads: 2 threads
6404: 18:09:39.188 - Thread pool is fixed size
6404: 18:09:39.188 - OnlyDispatchTimers: False
6404: 18:09:39.188 - S2S: flow control: Max pending writes: 50
6404: 18:09:39.188 - S2S: flow control: Max queued buffers: 200
6404: 18:09:39.188 - S2S: flow control: Max pending writes MUX: 500
6404: 18:09:39.188 - S2S: flow control: Max queued buffers MUX: 2000
6404: 18:09:39.188 - S2S: MaxInboundMessageSize: 512000
6404: 18:09:39.188 - S2S: MaxOutboundMessageSize: 512000
6404: 18:09:39.188 - S2S: No inactivity timeout
6404: 18:09:39.194 - WebSocket S2S: MaxInboundMessageSize: 512000
6404: 18:09:39.194 - WebSocket S2S: MaxOutboundMessageSize: 512000
6404: 18:09:39.194 - WebSocket S2S: No inactivity timeout
6404: 18:09:39.194 - Max Reliable Data In Transit (awaiting ACKs) per peer : 51200 bytes
6404: 18:09:39.194 - Per peer bandwidth limit
6404: 18:09:39.194 - Transmit Rate Limit: 256 KB/Sec
6404: 18:09:39.194 - Limit period: 200ms
6404: 18:09:39.194 - Limit per period: 52428 bytes
6404: 18:09:39.194 - Max queued data for transmission per peer: 512000 bytes
6404: 18:09:39.194 - Minimum retransmit timeout: 200
6404: 18:09:39.194 - Minimum ENet timeout: 5000ms
6404: 18:09:39.194 - Maximum ENet timeout: 30000ms
6404: 18:09:39.194 - Max Inbound Reliable Data Queued (awaiting resends of earlier sequence numbers) per peer : 163840 bytes
6404: 18:09:39.194 - Outbound ENet: MaxInboundMessageSize: 512000
6404: 18:09:39.194 - Outbound ENet: MaxOutboundMessageSize: 512000
6404: 18:09:39.197 - GetRuntime - About to load CLR - versions available:
6404: 18:09:39.197 - v2.0.50727
6404: 18:09:39.197 - v4.0.30319
6404: 18:09:39.197 - Configuration requests: "v2.0.50727"
6404: 18:09:39.197 - About to load version: "v2.0.50727"
6404: 18:09:39.207 - About to load runtime: PhotonHostRuntime.PhotonDomainManager from PhotonHostRuntime, Culture=neutral, PublicKeyToken=02C301B61B060C4D
6404: 18:09:39.207 - CLRBaseDirectory set to "C:\Users\Justin\Projects\mobas-server\deploy"
6404: 18:09:39.207 - Optimising event broadcast for 20 or more peers
6404: 18:09:39.208 - Start: About to load CLR - versions available:
6404: 18:09:39.208 - v2.0.50727
6404: 18:09:39.208 - v4.0.30319
6404: 18:09:39.208 - No preference in configuration file, will load latest.
6404: 18:09:39.208 - About to load version: "v4.0.30319"
6404: 18:09:39.209 - Loaded version: "v4.0.30319"
6404: 18:09:39.635 - Photon host runtime loaded
6404: 18:09:45.773 - License is valid.
6404: 18:09:45.773 - Licensed for 100 concurrent connections.
6404: 18:09:45.773 - ENet: Max Reliable Data In Transit (awaiting ACKs) per peer : 51200 bytes
6404: 18:09:45.773 - ENet: Per peer bandwidth limit
6404: 18:09:45.773 - ENet: Transmit Rate Limit: 256 KB/Sec
6404: 18:09:45.773 - ENet: Limit period: 200ms
6404: 18:09:45.773 - ENet: Limit per period: 52428 bytes
6404: 18:09:45.773 - ENet: Max queued data for transmission per peer: 512000 bytes
6404: 18:09:45.773 - ENet: Minimum retransmit timeout: 200
6404: 18:09:45.773 - ENet: Minimum timeout: 5000ms
6404: 18:09:45.773 - ENet: Maximum timeout: 30000ms
6404: 18:09:45.773 - ENet: Max Inbound Reliable Data Queued (awaiting resends of earlier sequence numbers) per peer : 163840 bytes
6404: 18:09:45.773 - About to load application: Master from Photon.LoadBalancing
6404: 18:09:45.773 - Auto restart is enabled for application, existing connections will be terminated during restart
6404: 18:09:45.773 - Application will restart 1000ms after the last change detected
6404: 18:09:45.773 - Application will restart if files matching the following are changed: "dll;config"
6404: 18:09:45.773 - Application will NOT restart if files matching the following are changed: "log4net.config"
6404: 18:09:45.895 - Taking reference on default app domain
6404: 18:09:46.027 - Application: "Master" started in app domain: 2
6404: 18:09:46.027 - About to load application: Game1 from Photon.LoadBalancing
6404: 18:09:46.027 - Auto restart is enabled for application, existing connections will be terminated during restart
6404: 18:09:46.027 - Application will restart 1000ms after the last change detected
6404: 18:09:46.027 - Application will restart if files matching the following are changed: "dll;config"
6404: 18:09:46.027 - Application will NOT restart if files matching the following are changed: "log4net.config"
6404: 18:09:46.155 - Taking reference on default app domain
6404: 18:09:46.303 - Application: "Game1" started in app domain: 3
6404: 18:09:46.303 - About to load application: Game2 from Photon.LoadBalancing
6404: 18:09:46.303 - Auto restart is enabled for application, existing connections will be terminated during restart
6404: 18:09:46.303 - Application will restart 1000ms after the last change detected
6404: 18:09:46.303 - Application will restart if files matching the following are changed: "dll;config"
6404: 18:09:46.303 - Application will NOT restart if files matching the following are changed: "log4net.config"
6404: 18:09:46.462 - Taking reference on default app domain
6404: 18:09:46.605 - Application: "Game2" started in app domain: 4
6404: 18:09:46.605 - About to load application: CounterPublisher from CounterPublisher
6404: 18:09:46.605 - Auto restart is enabled for application, existing connections will be terminated during restart
6404: 18:09:46.605 - Application will restart 1000ms after the last change detected
6404: 18:09:46.605 - Application will restart if files matching the following are changed: "dll;config"
6404: 18:09:46.605 - Application will NOT restart if files matching the following are changed: "log4net.config"
6404: 18:09:46.816 - Taking reference on default app domain
6404: 18:09:46.930 - Application: "CounterPublisher" started in app domain: 5
6404: 18:09:46.930 - Adding TCP listener on :0.0.0.0: 4530 with a listen backlog of: 150
6404: 18:09:46.930 - TCP inactivity timeout: 10000ms
6404: 18:09:46.930 - TCP disconnect timeout: 120000ms
6404: 18:09:46.930 - MaxInboundMessageSize: 512000
6404: 18:09:46.930 - MaxOutboundMessageSize: 512000
6404: 18:09:46.930 - Forcing all applications ids to: "Master"
6404: 18:09:46.931 - Serving policy file requests from: "C:\Users\Justin\Projects\mobas-server\deploy\Policy\assets\socket-policy.xml"
6404: 18:09:46.931 - Adding TCP listener on :0.0.0.0: 4531 with a listen backlog of: 150
6404: 18:09:46.931 - TCP inactivity timeout: 10000ms
6404: 18:09:46.931 - TCP disconnect timeout: 120000ms
6404: 18:09:46.931 - MaxInboundMessageSize: 512000
6404: 18:09:46.931 - MaxOutboundMessageSize: 512000
6404: 18:09:46.931 - Forcing all applications ids to: "Game1"
6404: 18:09:46.932 - Serving policy file requests from: "C:\Users\Justin\Projects\mobas-server\deploy\Policy\assets\socket-policy.xml"
6404: 18:09:46.932 - Adding TCP listener on :0.0.0.0: 4532 with a listen backlog of: 150
6404: 18:09:46.932 - TCP inactivity timeout: 10000ms
6404: 18:09:46.932 - TCP disconnect timeout: 120000ms
6404: 18:09:46.932 - MaxInboundMessageSize: 512000
6404: 18:09:46.932 - MaxOutboundMessageSize: 512000
6404: 18:09:46.932 - Forcing all applications ids to: "Game2"
6404: 18:09:46.932 - Serving policy file requests from: "C:\Users\Justin\Projects\mobas-server\deploy\Policy\assets\socket-policy.xml"
6404: 18:09:46.932 - Adding TCP listener on :0.0.0.0: 4520 with a listen backlog of: 150
6404: 18:09:46.932 - TCP inactivity timeout: 5000ms
6404: 18:09:46.932 - TCP disconnect timeout: 120000ms
6404: 18:09:46.932 - MaxInboundMessageSize: 512000
6404: 18:09:46.932 - MaxOutboundMessageSize: 512000
6404: 18:09:46.932 - Forcing all applications ids to: "Master"
6404: 18:09:46.932 - MaxInboundMessageSize: 512000
6404: 18:09:46.932 - MaxOutboundMessageSize: 512000
6404: 18:09:46.932 - UDP address specified as:0.0.0.0 adding listener to each available IPv4 address
6404: 18:09:46.933 - Adding UDP listener on :192.168.1.7: 5055 with a listen backlog of: 500
6404: 18:09:46.933 - Adding UDP listener on :127.0.0.1: 5055 with a listen backlog of: 500
6404: 18:09:46.933 - Forcing all applications ids to: "Game1"
6404: 18:09:46.933 - MaxInboundMessageSize: 512000
6404: 18:09:46.933 - MaxOutboundMessageSize: 512000
6404: 18:09:46.933 - UDP address specified as:0.0.0.0 adding listener to each available IPv4 address
6404: 18:09:46.933 - Adding UDP listener on :192.168.1.7: 5056 with a listen backlog of: 500
6404: 18:09:46.933 - Adding UDP listener on :127.0.0.1: 5056 with a listen backlog of: 500
6404: 18:09:46.933 - Forcing all applications ids to: "Game2"
6404: 18:09:46.933 - MaxInboundMessageSize: 512000
6404: 18:09:46.933 - MaxOutboundMessageSize: 512000
6404: 18:09:46.933 - UDP address specified as:0.0.0.0 adding listener to each available IPv4 address
6404: 18:09:46.934 - Adding UDP listener on :192.168.1.7: 5057 with a listen backlog of: 500
6404: 18:09:46.934 - Adding UDP listener on :127.0.0.1: 5057 with a listen backlog of: 500
6404: 18:09:46.934 - Adding WebSocket TCP listener on :0.0.0.0: 9090 with a listen backlog of: 150
6404: 18:09:46.934 - Nagle disabled
6404: 18:09:46.934 - TCP inactivity timeout: 10000ms
6404: 18:09:46.934 - MaxInboundMessageSize: 512000
6404: 18:09:46.934 - MaxOutboundMessageSize: 512000
6404: 18:09:46.934 - Forcing all applications ids to: "Master"
6404: 18:09:46.934 - Will accept ANY sub-protocols from the client
6404: 18:09:46.934 - No automatic WebSocket ping
6404: 18:09:46.934 - Adding WebSocket TCP listener on :0.0.0.0: 9091 with a listen backlog of: 150
6404: 18:09:46.934 - Nagle disabled
6404: 18:09:46.934 - TCP inactivity timeout: 10000ms
6404: 18:09:46.934 - MaxInboundMessageSize: 512000
6404: 18:09:46.934 - MaxOutboundMessageSize: 512000
6404: 18:09:46.934 - Forcing all applications ids to: "Game1"
6404: 18:09:46.934 - Will accept ANY sub-protocols from the client
6404: 18:09:46.934 - No automatic WebSocket ping
6404: 18:09:46.934 - Adding WebSocket TCP listener on :0.0.0.0: 9092 with a listen backlog of: 150
6404: 18:09:46.934 - Nagle disabled
6404: 18:09:46.934 - TCP inactivity timeout: 10000ms
6404: 18:09:46.934 - MaxInboundMessageSize: 512000
6404: 18:09:46.934 - MaxOutboundMessageSize: 512000
6404: 18:09:46.934 - Forcing all applications ids to: "Game2"
6404: 18:09:46.934 - Will accept ANY sub-protocols from the client
6404: 18:09:46.934 - No automatic WebSocket ping
6404: 18:09:46.935 - Adding Policy File listener on :0.0.0.0: 843 with a listen backlog of: 150 and serving Policy File: "C:\Users\Justin\Projects\mobas-server\deploy\Policy\assets\socket-policy.xml"
6404: 18:09:46.935 - TCP inactivity timeout: 1000ms
6404: 18:09:46.935 - Adding Policy File listener on :0.0.0.0: 943 with a listen backlog of: 150 and serving Policy File: "C:\Users\Justin\Projects\mobas-server\deploy\Policy\assets\socket-policy-silverlight.xml"
6404: 18:09:46.935 - TCP inactivity timeout: 1000ms
6404: 18:09:47.016 - Service is running...
6404: 18:12:45.843 - Service is stopped...
6404: 18:12:45.843 - Server shutting down...
6404: 18:12:45.843 - Shutdown monitoring enabled, 30000ms before process abort
6404: 18:12:45.843 - Notifying CLR applications of shutdown...
6404: 18:12:45.843 - RequestApplicationStop: 5
6404: 18:12:45.848 - RequestApplicationStop: 3
6404: 18:12:45.857 - RequestApplicationStop: 4
6404: 18:12:45.866 - RequestApplicationStop: 2
6404: 18:12:45.871 - RequestStop: defalt app domain
6404: 18:12:45.873 - Shutting down WebSocket Outbound Connection Manager...
6404: 18:12:45.873 - Shutting down TCP Outbound Connection Manager...
6404: 18:12:45.873 - Shutting down ENet Outbound Connection Manager...
6404: 18:12:45.873 - Disconnecting all outbound peers...
6404: 18:12:45.873 - Shutting down ENet host...
6404: 18:12:45.873 - Disconnecting all peers...
6404: 18:12:45.873 - CUDPSocketServer::OnSendToCompletionError() - An operation was attempted on something that is not a socket.

6404: 18:12:45.873 - 1 disconnected
6404: 18:12:45.873 - Shutting down socket servers...
6404: 18:12:45.873 - Shutting down ENet thread pool...
6404: 18:12:45.873 - Shutting down TCP inactivity timers...
6404: 18:12:45.873 - ENet Host - Resetting all peers...
6404: 18:12:45.873 - WaitingForShutdownToComplete: NativePolicy:0.0.0.0:843
6404: 18:12:45.873 - OnShutdownCompleted: NativePolicy:0.0.0.0:843
6404: 18:12:45.873 - WaitingForShutdownToComplete: NativePolicy:0.0.0.0:943
6404: 18:12:45.873 - OnShutdownCompleted: NativePolicy:0.0.0.0:943
6404: 18:12:45.873 - WaitingForShutdownToComplete: TCP:0.0.0.0:4520
6404: 18:12:45.873 - OnShutdownCompleted: TCP:0.0.0.0:4520
6404: 18:12:45.873 - WaitingForShutdownToComplete: TCP:0.0.0.0:4530
6404: 18:12:45.873 - OnShutdownCompleted: TCP:0.0.0.0:4530
6404: 18:12:45.873 - WaitingForShutdownToComplete: TCP:0.0.0.0:4531
6404: 18:12:45.873 - OnShutdownCompleted: TCP:0.0.0.0:4531
6404: 18:12:45.873 - WaitingForShutdownToComplete: TCP:0.0.0.0:4532
6404: 18:12:45.873 - OnShutdownCompleted: TCP:0.0.0.0:4532
6404: 18:12:45.873 - WaitingForShutdownToComplete: UDP:127.0.0.1:5055
6404: 18:12:45.873 - OnShutdownCompleted: UDP:127.0.0.1:5055
6404: 18:12:45.873 - WaitingForShutdownToComplete: UDP:127.0.0.1:5056
6404: 18:12:45.873 - OnShutdownCompleted: UDP:127.0.0.1:5056
6404: 18:12:45.873 - WaitingForShutdownToComplete: UDP:127.0.0.1:5057
6404: 18:12:45.873 - OnShutdownCompleted: UDP:127.0.0.1:5057
6404: 18:12:45.873 - WaitingForShutdownToComplete: UDP:192.168.1.7:5055
6404: 18:12:45.873 - OnShutdownCompleted: UDP:192.168.1.7:5055
6404: 18:12:45.873 - WaitingForShutdownToComplete: UDP:192.168.1.7:5056
6404: 18:12:45.873 - OnShutdownCompleted: UDP:192.168.1.7:5056
6404: 18:12:45.873 - WaitingForShutdownToComplete: UDP:192.168.1.7:5057
6404: 18:12:45.873 - OnShutdownCompleted: UDP:192.168.1.7:5057
6404: 18:12:45.873 - WaitingForShutdownToComplete: WebSocket:0.0.0.0:9090
6404: 18:12:45.873 - OnShutdownCompleted: WebSocket:0.0.0.0:9090
6404: 18:12:45.873 - WaitingForShutdownToComplete: WebSocket:0.0.0.0:9091
6404: 18:12:45.874 - OnShutdownCompleted: WebSocket:0.0.0.0:9091
6404: 18:12:45.874 - WaitingForShutdownToComplete: WebSocket:0.0.0.0:9092
6404: 18:12:45.874 - OnShutdownCompleted: WebSocket:0.0.0.0:9092
6404: 18:12:45.874 - Shutting down CLR applications...
3804: 18:12:45.877 - CManagedHost::OnDefaultAction() - OPR_AppDomainUnload - eUnloadAppDomain
6404: 18:12:45.891 - Shutting down business logic thread pool...
6404: 18:12:45.891 - Shutting down I/O thread pool...
6404: 18:12:45.891 - Destroying servers
6404: 18:12:45.891 - Destroying WebSocket Outbound Connection Manager
6404: 18:12:45.891 - Destroying TCP Outbound Connection Manager
6404: 18:12:45.891 - Destroying TCP inactivity timer
6404: 18:12:45.891 - Destroying ENet timer wheel
6404: 18:12:45.891 - Destroying ENet host
6404: 18:12:45.891 - Destroying ENet outbound host
6404: 18:12:45.891 - Destroying HTTP inactivity timer
6404: 18:12:45.891 - Destroying HTTP host
6404: 18:12:45.891 - Flushing ENET buffer allocator...
6404: 18:12:45.896 - Flushing TCP buffer handle allocator...
6404: 18:12:45.896 - Flushing stream socket allocator...
6404: 18:12:45.896 - Flushing inbound datagram socket allocator...
6404: 18:12:45.897 - Flushing outbound datagram socket allocator...
6404: 18:12:45.897 - Destroying CLR dispatcher
6404: 18:12:45.897 - Destroying CLR applications
6404: 18:12:45.897 - ~CCLRApplicationCollection() - Waiting up to 10 seconds for the CLR to release all of our objects
4312: 18:12:45.900 - Unloading Domain: ApplicationName = 'CounterPublisher', DomainId='5'
3804: 18:12:45.901 - CManagedHost::OnDomainUnload() - 5
3804: 18:12:45.960 - CManagedHost::OnDefaultAction() - OPR_AppDomainUnload - eUnloadAppDomain
4312: 18:12:45.980 - Unloading Domain: ApplicationName = 'Master', DomainId='2'
3804: 18:12:45.980 - CManagedHost::OnDomainUnload() - 2
3804: 18:12:46.038 - CManagedHost::OnDefaultAction() - OPR_AppDomainUnload - eUnloadAppDomain
4312: 18:12:46.057 - Unloading Domain: ApplicationName = 'Game1', DomainId='3'
3804: 18:12:46.057 - CManagedHost::OnDomainUnload() - 3
3804: 18:12:46.101 - CManagedHost::OnDefaultAction() - OPR_AppDomainUnload - eUnloadAppDomain
4312: 18:12:46.120 - Unloading Domain: ApplicationName = 'Game2', DomainId='4'
3804: 18:12:46.121 - CManagedHost::OnDomainUnload() - 4
6404: 18:12:46.139 - ~CCLRApplicationCollection() - Done. All objects released
6404: 18:12:46.139 - ~CManagedHost() - Release default app domain
6404: 18:12:46.139 - CManagedHost::OnDomainUnload() - 1
6404: 18:12:46.139 - ~CManagedHost() - Waiting up to 10 seconds for CLR shutdown...
6404: 18:12:46.139 - ~CManagedHost
6404: 18:12:46.139 - Destroying ENet thread pool
6404: 18:12:46.139 - Destroying Business logic thread pool
6404: 18:12:46.139 - Destroying I/O thread pool
6404: 18:12:46.139 - Destroying ENet buffer allocator
6404: 18:12:46.139 - Destroying TCP buffer allocator
6404: 18:12:46.139 - Destroying TCP socket allocator
6404: 18:12:46.139 - Destroying ENet inbound socket allocator
6404: 18:12:46.139 - Destroying ENet outbound socket allocator
6404: 18:12:46.139 - Shutdown complete...
6404: 18:12:46.139 - Service shutting down
6404: 18:12:46.148 - Service shut down complete
7612: 18:21:26.653 - ---
7612: 18:21:26.653 - Service: "Photon Socket Server" starting
7612: 18:21:26.653 - Config File: C:\Users\Justin\Projects\mobas-server\deploy\bin_Win64\PhotonServer.config
7612: 18:21:26.654 - Will produce at most: 10 crash dumps
7612: 18:21:26.654 - Action: run as exe
7612: 18:21:26.654 - Server Starting...
7612: 18:21:26.654 -    Tick count: 207880286 (wraps in: 47.3042 days)
7612: 18:21:26.654 - Tick count 64: 207880286
7612: 18:21:26.655 - Photon Version: 3.4.4.2588
7612: 18:21:26.655 - PID: 3592
7612: 18:21:26.655 - Config File: C:\Users\Justin\Projects\mobas-server\deploy\bin_Win64\PhotonServer.config
7612: 18:21:26.655 - Will NOT log unimportant exceptions
7612: 18:21:26.657 - Not using performance counters as they are not currently installed. Run the service with /InstallCounters to install them.
7612: 18:21:26.657 - Shutdown timeout enabled: 30000ms
7612: 18:21:26.657 - Starting I/O thread pool with 2 threads
7612: 18:21:26.657 - Using Standard allocator
7612: 18:21:26.657 - Max message size: 512000
7612: 18:21:26.657 - Starting business logic thread pool with the following settings
7612: 18:21:26.657 - InitialThreads: 4 threads
7612: 18:21:26.657 - MinThreads: 4 threads
7612: 18:21:26.657 - Thread pool is fixed size
7612: 18:21:26.658 - Starting ENet thread pool with the following settings
7612: 18:21:26.658 - InitialThreads: 2 threads
7612: 18:21:26.658 - MinThreads: 2 threads
7612: 18:21:26.658 - Thread pool is fixed size
7612: 18:21:26.658 - OnlyDispatchTimers: False
7612: 18:21:26.658 - S2S: flow control: Max pending writes: 50
7612: 18:21:26.658 - S2S: flow control: Max queued buffers: 200
7612: 18:21:26.658 - S2S: flow control: Max pending writes MUX: 500
7612: 18:21:26.658 - S2S: flow control: Max queued buffers MUX: 2000
7612: 18:21:26.658 - S2S: MaxInboundMessageSize: 512000
7612: 18:21:26.658 - S2S: MaxOutboundMessageSize: 512000
7612: 18:21:26.658 - S2S: No inactivity timeout
7612: 18:21:26.662 - WebSocket S2S: MaxInboundMessageSize: 512000
7612: 18:21:26.662 - WebSocket S2S: MaxOutboundMessageSize: 512000
7612: 18:21:26.662 - WebSocket S2S: No inactivity timeout
7612: 18:21:26.662 - Max Reliable Data In Transit (awaiting ACKs) per peer : 51200 bytes
7612: 18:21:26.662 - Per peer bandwidth limit
7612: 18:21:26.662 - Transmit Rate Limit: 256 KB/Sec
7612: 18:21:26.662 - Limit period: 200ms
7612: 18:21:26.662 - Limit per period: 52428 bytes
7612: 18:21:26.662 - Max queued data for transmission per peer: 512000 bytes
7612: 18:21:26.662 - Minimum retransmit timeout: 200
7612: 18:21:26.662 - Minimum ENet timeout: 5000ms
7612: 18:21:26.662 - Maximum ENet timeout: 30000ms
7612: 18:21:26.662 - Max Inbound Reliable Data Queued (awaiting resends of earlier sequence numbers) per peer : 163840 bytes
7612: 18:21:26.662 - Outbound ENet: MaxInboundMessageSize: 512000
7612: 18:21:26.662 - Outbound ENet: MaxOutboundMessageSize: 512000
7612: 18:21:26.664 - GetRuntime - About to load CLR - versions available:
7612: 18:21:26.664 - v2.0.50727
7612: 18:21:26.664 - v4.0.30319
7612: 18:21:26.664 - Configuration requests: "v2.0.50727"
7612: 18:21:26.664 - About to load version: "v2.0.50727"
7612: 18:21:26.671 - About to load runtime: PhotonHostRuntime.PhotonDomainManager from PhotonHostRuntime, Culture=neutral, PublicKeyToken=02C301B61B060C4D
7612: 18:21:26.671 - CLRBaseDirectory set to "C:\Users\Justin\Projects\mobas-server\deploy"
7612: 18:21:26.671 - Optimising event broadcast for 20 or more peers
7612: 18:21:26.672 - Start: About to load CLR - versions available:
7612: 18:21:26.672 - v2.0.50727
7612: 18:21:26.672 - v4.0.30319
7612: 18:21:26.672 - No preference in configuration file, will load latest.
7612: 18:21:26.672 - About to load version: "v4.0.30319"
7612: 18:21:26.673 - Loaded version: "v4.0.30319"
7612: 18:21:26.933 - Photon host runtime loaded
7612: 18:21:32.817 - License is valid.
7612: 18:21:32.817 - Licensed for 100 concurrent connections.
7612: 18:21:32.817 - ENet: Max Reliable Data In Transit (awaiting ACKs) per peer : 51200 bytes
7612: 18:21:32.817 - ENet: Per peer bandwidth limit
7612: 18:21:32.817 - ENet: Transmit Rate Limit: 256 KB/Sec
7612: 18:21:32.817 - ENet: Limit period: 200ms
7612: 18:21:32.817 - ENet: Limit per period: 52428 bytes
7612: 18:21:32.817 - ENet: Max queued data for transmission per peer: 512000 bytes
7612: 18:21:32.817 - ENet: Minimum retransmit timeout: 200
7612: 18:21:32.817 - ENet: Minimum timeout: 5000ms
7612: 18:21:32.817 - ENet: Maximum timeout: 30000ms
7612: 18:21:32.817 - ENet: Max Inbound Reliable Data Queued (awaiting resends of earlier sequence numbers) per peer : 163840 bytes
7612: 18:21:32.818 - About to load application: Master from Photon.LoadBalancing
7612: 18:21:32.818 - Auto restart is enabled for application, existing connections will be terminated during restart
7612: 18:21:32.818 - Application will restart 1000ms after the last change detected
7612: 18:21:32.818 - Application will restart if files matching the following are changed: "dll;config"
7612: 18:21:32.818 - Application will NOT restart if files matching the following are changed: "log4net.config"
7612: 18:21:32.916 - Taking reference on default app domain
7612: 18:21:33.023 - Application: "Master" started in app domain: 2
7612: 18:21:33.023 - About to load application: Game1 from Photon.LoadBalancing
7612: 18:21:33.023 - Auto restart is enabled for application, existing connections will be terminated during restart
7612: 18:21:33.023 - Application will restart 1000ms after the last change detected
7612: 18:21:33.023 - Application will restart if files matching the following are changed: "dll;config"
7612: 18:21:33.023 - Application will NOT restart if files matching the following are changed: "log4net.config"
7612: 18:21:33.109 - Taking reference on default app domain
7612: 18:21:33.178 - Application: "Game1" started in app domain: 3
7612: 18:21:33.178 - About to load application: Game2 from Photon.LoadBalancing
7612: 18:21:33.178 - Auto restart is enabled for application, existing connections will be terminated during restart
7612: 18:21:33.178 - Application will restart 1000ms after the last change detected
7612: 18:21:33.178 - Application will restart if files matching the following are changed: "dll;config"
7612: 18:21:33.178 - Application will NOT restart if files matching the following are changed: "log4net.config"
7612: 18:21:33.262 - Taking reference on default app domain
7612: 18:21:33.326 - Application: "Game2" started in app domain: 4
7612: 18:21:33.326 - About to load application: CounterPublisher from CounterPublisher
7612: 18:21:33.326 - Auto restart is enabled for application, existing connections will be terminated during restart
7612: 18:21:33.326 - Application will restart 1000ms after the last change detected
7612: 18:21:33.326 - Application will restart if files matching the following are changed: "dll;config"
7612: 18:21:33.326 - Application will NOT restart if files matching the following are changed: "log4net.config"
7612: 18:21:33.420 - Taking reference on default app domain
7612: 18:21:33.469 - Application: "CounterPublisher" started in app domain: 5
7612: 18:21:33.469 - Adding TCP listener on :0.0.0.0: 4530 with a listen backlog of: 150
7612: 18:21:33.469 - TCP inactivity timeout: 10000ms
7612: 18:21:33.469 - TCP disconnect timeout: 120000ms
7612: 18:21:33.469 - MaxInboundMessageSize: 512000
7612: 18:21:33.469 - MaxOutboundMessageSize: 512000
7612: 18:21:33.469 - Forcing all applications ids to: "Master"
7612: 18:21:33.469 - Serving policy file requests from: "C:\Users\Justin\Projects\mobas-server\deploy\Policy\assets\socket-policy.xml"
7612: 18:21:33.469 - Adding TCP listener on :0.0.0.0: 4531 with a listen backlog of: 150
7612: 18:21:33.469 - TCP inactivity timeout: 10000ms
7612: 18:21:33.469 - TCP disconnect timeout: 120000ms
7612: 18:21:33.469 - MaxInboundMessageSize: 512000
7612: 18:21:33.469 - MaxOutboundMessageSize: 512000
7612: 18:21:33.469 - Forcing all applications ids to: "Game1"
7612: 18:21:33.470 - Serving policy file requests from: "C:\Users\Justin\Projects\mobas-server\deploy\Policy\assets\socket-policy.xml"
7612: 18:21:33.470 - Adding TCP listener on :0.0.0.0: 4532 with a listen backlog of: 150
7612: 18:21:33.470 - TCP inactivity timeout: 10000ms
7612: 18:21:33.470 - TCP disconnect timeout: 120000ms
7612: 18:21:33.470 - MaxInboundMessageSize: 512000
7612: 18:21:33.470 - MaxOutboundMessageSize: 512000
7612: 18:21:33.470 - Forcing all applications ids to: "Game2"
7612: 18:21:33.470 - Serving policy file requests from: "C:\Users\Justin\Projects\mobas-server\deploy\Policy\assets\socket-policy.xml"
7612: 18:21:33.470 - Adding TCP listener on :0.0.0.0: 4520 with a listen backlog of: 150
7612: 18:21:33.470 - TCP inactivity timeout: 5000ms
7612: 18:21:33.470 - TCP disconnect timeout: 120000ms
7612: 18:21:33.470 - MaxInboundMessageSize: 512000
7612: 18:21:33.470 - MaxOutboundMessageSize: 512000
7612: 18:21:33.470 - Forcing all applications ids to: "Master"
7612: 18:21:33.470 - MaxInboundMessageSize: 512000
7612: 18:21:33.470 - MaxOutboundMessageSize: 512000
7612: 18:21:33.470 - UDP address specified as:0.0.0.0 adding listener to each available IPv4 address
7612: 18:21:33.470 - Adding UDP listener on :192.168.1.7: 5055 with a listen backlog of: 500
7612: 18:21:33.471 - Adding UDP listener on :127.0.0.1: 5055 with a listen backlog of: 500
7612: 18:21:33.471 - Forcing all applications ids to: "Game1"
7612: 18:21:33.471 - MaxInboundMessageSize: 512000
7612: 18:21:33.471 - MaxOutboundMessageSize: 512000
7612: 18:21:33.471 - UDP address specified as:0.0.0.0 adding listener to each available IPv4 address
7612: 18:21:33.471 - Adding UDP listener on :192.168.1.7: 5056 with a listen backlog of: 500
7612: 18:21:33.471 - Adding UDP listener on :127.0.0.1: 5056 with a listen backlog of: 500
7612: 18:21:33.471 - Forcing all applications ids to: "Game2"
7612: 18:21:33.471 - MaxInboundMessageSize: 512000
7612: 18:21:33.471 - MaxOutboundMessageSize: 512000
7612: 18:21:33.471 - UDP address specified as:0.0.0.0 adding listener to each available IPv4 address
7612: 18:21:33.471 - Adding UDP listener on :192.168.1.7: 5057 with a listen backlog of: 500
7612: 18:21:33.471 - Adding UDP listener on :127.0.0.1: 5057 with a listen backlog of: 500
7612: 18:21:33.471 - Adding WebSocket TCP listener on :0.0.0.0: 9090 with a listen backlog of: 150
7612: 18:21:33.471 - Nagle disabled
7612: 18:21:33.471 - TCP inactivity timeout: 10000ms
7612: 18:21:33.471 - MaxInboundMessageSize: 512000
7612: 18:21:33.471 - MaxOutboundMessageSize: 512000
7612: 18:21:33.471 - Forcing all applications ids to: "Master"
7612: 18:21:33.471 - Will accept ANY sub-protocols from the client
7612: 18:21:33.471 - No automatic WebSocket ping
7612: 18:21:33.471 - Adding WebSocket TCP listener on :0.0.0.0: 9091 with a listen backlog of: 150
7612: 18:21:33.471 - Nagle disabled
7612: 18:21:33.471 - TCP inactivity timeout: 10000ms
7612: 18:21:33.471 - MaxInboundMessageSize: 512000
7612: 18:21:33.471 - MaxOutboundMessageSize: 512000
7612: 18:21:33.472 - Forcing all applications ids to: "Game1"
7612: 18:21:33.472 - Will accept ANY sub-protocols from the client
7612: 18:21:33.472 - No automatic WebSocket ping
7612: 18:21:33.472 - Adding WebSocket TCP listener on :0.0.0.0: 9092 with a listen backlog of: 150
7612: 18:21:33.472 - Nagle disabled
7612: 18:21:33.472 - TCP inactivity timeout: 10000ms
7612: 18:21:33.472 - MaxInboundMessageSize: 512000
7612: 18:21:33.472 - MaxOutboundMessageSize: 512000
7612: 18:21:33.472 - Forcing all applications ids to: "Game2"
7612: 18:21:33.472 - Will accept ANY sub-protocols from the client
7612: 18:21:33.472 - No automatic WebSocket ping
7612: 18:21:33.472 - Adding Policy File listener on :0.0.0.0: 843 with a listen backlog of: 150 and serving Policy File: "C:\Users\Justin\Projects\mobas-server\deploy\Policy\assets\socket-policy.xml"
7612: 18:21:33.472 - TCP inactivity timeout: 1000ms
7612: 18:21:33.472 - Adding Policy File listener on :0.0.0.0: 943 with a listen backlog of: 150 and serving Policy File: "C:\Users\Justin\Projects\mobas-server\deploy\Policy\assets\socket-policy-silverlight.xml"
7612: 18:21:33.472 - TCP inactivity timeout: 1000ms
7612: 18:21:33.542 - Service is running...
5544: 18:23:23.663 - Restarting application: "Master" due to file changes
5544: 18:23:23.663 - Application: "Master" restart request (abort existing connections)
5544: 18:23:23.752 - Failed to restart application: CManagedHost::CreateApplicationInNewAppDomain() - Failed to create new application domain for : "Master" - Can't find Photon.LoadBalancing.dll in C:\Users\Justin\Projects\mobas-server\deploy\CounterPublisher\bin or C:\Users\Justin\Projects\mobas-server\deploy\LoadBalancing\Master\bin
5544: 18:23:26.595 - Restarting application: "Master" due to file changes
5544: 18:23:26.595 - Application: "Master" restart request (abort existing connections)
5544: 18:23:26.674 - Taking reference on default app domain
5544: 18:23:26.745 - Application: "Master" started in app domain: 6
5544: 18:23:27.069 - RequestApplicationStop: 2
5544: 18:23:27.080 - Application: "Master" stopped in app domain: 2 (abort existing connections)
5544: 18:23:27.080 - Application: "Master" restart complete.
2004: 18:23:27.094 - CManagedHost::OnDefaultAction() - OPR_AppDomainUnload - eUnloadAppDomain
3364: 18:23:27.109 - Unloading Domain: ApplicationName = 'Master', DomainId='2'
2004: 18:23:27.109 - CManagedHost::OnDomainUnload() - 2
5544: 18:24:20.759 - Restarting application: "Master" due to file changes
5544: 18:24:20.759 - Application: "Master" restart request (abort existing connections)
5544: 18:24:20.852 - Taking reference on default app domain
5544: 18:24:20.958 - Application: "Master" started in app domain: 7
5544: 18:24:21.274 - RequestApplicationStop: 6
5544: 18:24:21.288 - Application: "Master" stopped in app domain: 6 (abort existing connections)
5544: 18:24:21.288 - Application: "Master" restart complete.
2004: 18:24:21.288 - CManagedHost::OnDefaultAction() - OPR_AppDomainUnload - eUnloadAppDomain
3364: 18:24:21.305 - Unloading Domain: ApplicationName = 'Master', DomainId='6'
2004: 18:24:21.305 - CManagedHost::OnDomainUnload() - 6
5544: 20:00:16.041 - Restarting application: "Master" due to file changes
5544: 20:00:16.041 - Application: "Master" restart request (abort existing connections)
5544: 20:00:16.042 - Failed to restart application: CManagedHost::CreateApplicationInNewAppDomain() - Failed to create new application domain for : "Master" - Can't find Photon.LoadBalancing.dll in C:\Users\Justin\Projects\mobas-server\deploy\LoadBalancing\Master\bin or C:\Users\Justin\Projects\mobas-server\deploy\LoadBalancing\Master\bin
5544: 20:00:19.958 - Restarting application: "Master" due to file changes
5544: 20:00:19.958 - Application: "Master" restart request (abort existing connections)
5544: 20:00:20.080 - Taking reference on default app domain
5544: 20:00:20.185 - Application: "Master" started in app domain: 8
5544: 20:00:20.588 - RequestApplicationStop: 7
5544: 20:00:20.599 - Application: "Master" stopped in app domain: 7 (abort existing connections)
5544: 20:00:20.599 - Application: "Master" restart complete.
2004: 20:00:20.614 - CManagedHost::OnDefaultAction() - OPR_AppDomainUnload - eUnloadAppDomain
3364: 20:00:20.657 - Unloading Domain: ApplicationName = 'Master', DomainId='7'
2004: 20:00:20.659 - CManagedHost::OnDomainUnload() - 7
5544: 21:01:03.597 - Restarting application: "Master" due to file changes
5544: 21:01:03.597 - Application: "Master" restart request (abort existing connections)
5544: 21:01:03.598 - Failed to restart application: CManagedHost::CreateApplicationInNewAppDomain() - Failed to create new application domain for : "Master" - Can't find Photon.LoadBalancing.dll in C:\Users\Justin\Projects\mobas-server\deploy\LoadBalancing\Master\bin or C:\Users\Justin\Projects\mobas-server\deploy\LoadBalancing\Master\bin
5544: 21:01:07.635 - Restarting application: "Master" due to file changes
5544: 21:01:07.635 - Application: "Master" restart request (abort existing connections)
5544: 21:01:07.745 - Taking reference on default app domain
5544: 21:01:07.854 - Application: "Master" started in app domain: 9
5544: 21:01:08.222 - RequestApplicationStop: 8
5544: 21:01:08.234 - Application: "Master" stopped in app domain: 8 (abort existing connections)
5544: 21:01:08.234 - Application: "Master" restart complete.
2004: 21:01:08.234 - CManagedHost::OnDefaultAction() - OPR_AppDomainUnload - eUnloadAppDomain
3364: 21:01:08.251 - Unloading Domain: ApplicationName = 'Master', DomainId='8'
2004: 21:01:08.251 - CManagedHost::OnDomainUnload() - 8
5544: 21:02:52.233 - Restarting application: "Master" due to file changes
5544: 21:02:52.233 - Application: "Master" restart request (abort existing connections)
5544: 21:02:52.234 - Failed to restart application: CManagedHost::CreateApplicationInNewAppDomain() - Failed to create new application domain for : "Master" - Can't find Photon.LoadBalancing.dll in C:\Users\Justin\Projects\mobas-server\deploy\LoadBalancing\Master\bin or C:\Users\Justin\Projects\mobas-server\deploy\LoadBalancing\Master\bin
5544: 21:02:55.291 - Restarting application: "Master" due to file changes
5544: 21:02:55.291 - Application: "Master" restart request (abort existing connections)
5544: 21:02:55.397 - Taking reference on default app domain
5544: 21:02:55.547 - Application: "Master" started in app domain: 10
5544: 21:02:55.922 - RequestApplicationStop: 9
5544: 21:02:55.937 - Application: "Master" stopped in app domain: 9 (abort existing connections)
5544: 21:02:55.937 - Application: "Master" restart complete.
2004: 21:02:55.945 - CManagedHost::OnDefaultAction() - OPR_AppDomainUnload - eUnloadAppDomain
3364: 21:02:55.964 - Unloading Domain: ApplicationName = 'Master', DomainId='9'
2004: 21:02:55.965 - CManagedHost::OnDomainUnload() - 9
