6296: 15:04:32.197 - ---
6296: 15:04:32.197 - Service: "Photon Socket Server" starting
6296: 15:04:32.197 - Config File: C:\Users\Justin\Projects\mobas-server\deploy\bin_Win64\PhotonServer.config
6296: 15:04:32.208 - Will produce at most: 10 crash dumps
6296: 15:04:32.208 - Action: run as exe
6296: 15:04:32.210 - Server Starting...
6296: 15:04:32.210 -    Tick count: 12291349 (wraps in: 49.568 days)
6296: 15:04:32.210 - Tick count 64: 12291349
6296: 15:04:32.210 - Photon Version: 3.4.4.2588
6296: 15:04:32.210 - PID: 7060
6296: 15:04:32.210 - Config File: C:\Users\Justin\Projects\mobas-server\deploy\bin_Win64\PhotonServer.config
6296: 15:04:32.211 - Will NOT log unimportant exceptions
6296: 15:04:32.215 - Not using performance counters as they are not currently installed. Run the service with /InstallCounters to install them.
6296: 15:04:32.216 - Shutdown timeout enabled: 30000ms
6296: 15:04:32.227 - Starting I/O thread pool with 2 threads
6296: 15:04:32.227 - Using Standard allocator
6296: 15:04:32.228 - Max message size: 512000
6296: 15:04:32.228 - Starting business logic thread pool with the following settings
6296: 15:04:32.228 - InitialThreads: 4 threads
6296: 15:04:32.228 - MinThreads: 4 threads
6296: 15:04:32.228 - Thread pool is fixed size
6296: 15:04:32.228 - Starting ENet thread pool with the following settings
6296: 15:04:32.228 - InitialThreads: 2 threads
6296: 15:04:32.228 - MinThreads: 2 threads
6296: 15:04:32.228 - Thread pool is fixed size
6296: 15:04:32.228 - OnlyDispatchTimers: False
6296: 15:04:32.228 - S2S: flow control: Max pending writes: 50
6296: 15:04:32.228 - S2S: flow control: Max queued buffers: 200
6296: 15:04:32.228 - S2S: flow control: Max pending writes MUX: 500
6296: 15:04:32.228 - S2S: flow control: Max queued buffers MUX: 2000
6296: 15:04:32.228 - S2S: MaxInboundMessageSize: 512000
6296: 15:04:32.228 - S2S: MaxOutboundMessageSize: 512000
6296: 15:04:32.228 - S2S: No inactivity timeout
6296: 15:04:32.248 - WebSocket S2S: MaxInboundMessageSize: 512000
6296: 15:04:32.248 - WebSocket S2S: MaxOutboundMessageSize: 512000
6296: 15:04:32.248 - WebSocket S2S: No inactivity timeout
6296: 15:04:32.249 - Max Reliable Data In Transit (awaiting ACKs) per peer : 51200 bytes
6296: 15:04:32.249 - Per peer bandwidth limit
6296: 15:04:32.249 - Transmit Rate Limit: 256 KB/Sec
6296: 15:04:32.249 - Limit period: 200ms
6296: 15:04:32.249 - Limit per period: 52428 bytes
6296: 15:04:32.249 - Max queued data for transmission per peer: 512000 bytes
6296: 15:04:32.249 - Minimum retransmit timeout: 200
6296: 15:04:32.249 - Minimum ENet timeout: 5000ms
6296: 15:04:32.249 - Maximum ENet timeout: 30000ms
6296: 15:04:32.249 - Max Inbound Reliable Data Queued (awaiting resends of earlier sequence numbers) per peer : 163840 bytes
6296: 15:04:32.249 - Outbound ENet: MaxInboundMessageSize: 512000
6296: 15:04:32.249 - Outbound ENet: MaxOutboundMessageSize: 512000
6296: 15:04:32.259 - GetRuntime - About to load CLR - versions available:
6296: 15:04:32.259 - v2.0.50727
6296: 15:04:32.259 - v4.0.30319
6296: 15:04:32.259 - Configuration requests: "v2.0.50727"
6296: 15:04:32.259 - About to load version: "v2.0.50727"
6296: 15:04:32.288 - About to load runtime: PhotonHostRuntime.PhotonDomainManager from PhotonHostRuntime, Culture=neutral, PublicKeyToken=02C301B61B060C4D
6296: 15:04:32.288 - CLRBaseDirectory set to "C:\Users\Justin\Projects\mobas-server\deploy"
6296: 15:04:32.288 - Optimising event broadcast for 20 or more peers
6296: 15:04:32.290 - Start: About to load CLR - versions available:
6296: 15:04:32.290 - v2.0.50727
6296: 15:04:32.290 - v4.0.30319
6296: 15:04:32.290 - No preference in configuration file, will load latest.
6296: 15:04:32.290 - About to load version: "v4.0.30319"
6296: 15:04:32.314 - Loaded version: "v4.0.30319"
6296: 15:04:33.663 - Photon host runtime loaded
6296: 15:04:40.884 - License is valid.
6296: 15:04:40.884 - Licensed for 100 concurrent connections.
6296: 15:04:40.884 - ENet: Max Reliable Data In Transit (awaiting ACKs) per peer : 51200 bytes
6296: 15:04:40.884 - ENet: Per peer bandwidth limit
6296: 15:04:40.884 - ENet: Transmit Rate Limit: 256 KB/Sec
6296: 15:04:40.884 - ENet: Limit period: 200ms
6296: 15:04:40.884 - ENet: Limit per period: 52428 bytes
6296: 15:04:40.884 - ENet: Max queued data for transmission per peer: 512000 bytes
6296: 15:04:40.884 - ENet: Minimum retransmit timeout: 200
6296: 15:04:40.884 - ENet: Minimum timeout: 5000ms
6296: 15:04:40.884 - ENet: Maximum timeout: 30000ms
6296: 15:04:40.884 - ENet: Max Inbound Reliable Data Queued (awaiting resends of earlier sequence numbers) per peer : 163840 bytes
6296: 15:04:40.884 - About to load application: Master from Photon.LoadBalancing
6296: 15:04:40.884 - Auto restart is enabled for application, existing connections will be terminated during restart
6296: 15:04:40.884 - Application will restart 1000ms after the last change detected
6296: 15:04:40.884 - Application will restart if files matching the following are changed: "dll;config"
6296: 15:04:40.884 - Application will NOT restart if files matching the following are changed: "log4net.config"
6296: 15:04:41.142 - Taking reference on default app domain
6296: 15:04:41.312 - Application: "Master" started in app domain: 2
6296: 15:04:41.312 - About to load application: Game1 from Photon.LoadBalancing
6296: 15:04:41.312 - Auto restart is enabled for application, existing connections will be terminated during restart
6296: 15:04:41.312 - Application will restart 1000ms after the last change detected
6296: 15:04:41.312 - Application will restart if files matching the following are changed: "dll;config"
6296: 15:04:41.312 - Application will NOT restart if files matching the following are changed: "log4net.config"
6296: 15:04:41.482 - Taking reference on default app domain
6296: 15:04:41.632 - Application: "Game1" started in app domain: 3
6296: 15:04:41.632 - About to load application: Game2 from Photon.LoadBalancing
6296: 15:04:41.632 - Auto restart is enabled for application, existing connections will be terminated during restart
6296: 15:04:41.632 - Application will restart 1000ms after the last change detected
6296: 15:04:41.632 - Application will restart if files matching the following are changed: "dll;config"
6296: 15:04:41.632 - Application will NOT restart if files matching the following are changed: "log4net.config"
6296: 15:04:41.782 - Taking reference on default app domain
6296: 15:04:41.917 - Application: "Game2" started in app domain: 4
6296: 15:04:41.917 - About to load application: CounterPublisher from CounterPublisher
6296: 15:04:41.917 - Auto restart is enabled for application, existing connections will be terminated during restart
6296: 15:04:41.917 - Application will restart 1000ms after the last change detected
6296: 15:04:41.917 - Application will restart if files matching the following are changed: "dll;config"
6296: 15:04:41.917 - Application will NOT restart if files matching the following are changed: "log4net.config"
6296: 15:04:42.077 - Taking reference on default app domain
6296: 15:04:42.194 - Application: "CounterPublisher" started in app domain: 5
6296: 15:04:42.194 - Adding TCP listener on :0.0.0.0: 4530 with a listen backlog of: 150
6296: 15:04:42.194 - TCP inactivity timeout: 10000ms
6296: 15:04:42.194 - TCP disconnect timeout: 120000ms
6296: 15:04:42.194 - MaxInboundMessageSize: 512000
6296: 15:04:42.194 - MaxOutboundMessageSize: 512000
6296: 15:04:42.194 - Forcing all applications ids to: "Master"
6296: 15:04:42.195 - Serving policy file requests from: "C:\Users\Justin\Projects\mobas-server\deploy\Policy\assets\socket-policy.xml"
6296: 15:04:42.195 - Adding TCP listener on :0.0.0.0: 4531 with a listen backlog of: 150
6296: 15:04:42.195 - TCP inactivity timeout: 10000ms
6296: 15:04:42.195 - TCP disconnect timeout: 120000ms
6296: 15:04:42.195 - MaxInboundMessageSize: 512000
6296: 15:04:42.195 - MaxOutboundMessageSize: 512000
6296: 15:04:42.195 - Forcing all applications ids to: "Game1"
6296: 15:04:42.195 - Serving policy file requests from: "C:\Users\Justin\Projects\mobas-server\deploy\Policy\assets\socket-policy.xml"
6296: 15:04:42.195 - Adding TCP listener on :0.0.0.0: 4532 with a listen backlog of: 150
6296: 15:04:42.195 - TCP inactivity timeout: 10000ms
6296: 15:04:42.195 - TCP disconnect timeout: 120000ms
6296: 15:04:42.195 - MaxInboundMessageSize: 512000
6296: 15:04:42.195 - MaxOutboundMessageSize: 512000
6296: 15:04:42.195 - Forcing all applications ids to: "Game2"
6296: 15:04:42.195 - Serving policy file requests from: "C:\Users\Justin\Projects\mobas-server\deploy\Policy\assets\socket-policy.xml"
6296: 15:04:42.195 - Adding TCP listener on :0.0.0.0: 4520 with a listen backlog of: 150
6296: 15:04:42.195 - TCP inactivity timeout: 5000ms
6296: 15:04:42.195 - TCP disconnect timeout: 120000ms
6296: 15:04:42.195 - MaxInboundMessageSize: 512000
6296: 15:04:42.195 - MaxOutboundMessageSize: 512000
6296: 15:04:42.195 - Forcing all applications ids to: "Master"
6296: 15:04:42.195 - MaxInboundMessageSize: 512000
6296: 15:04:42.195 - MaxOutboundMessageSize: 512000
6296: 15:04:42.195 - UDP address specified as:0.0.0.0 adding listener to each available IPv4 address
6296: 15:04:42.196 - Adding UDP listener on :192.168.1.7: 5055 with a listen backlog of: 500
6296: 15:04:42.205 - Adding UDP listener on :127.0.0.1: 5055 with a listen backlog of: 500
6296: 15:04:42.206 - Forcing all applications ids to: "Game1"
6296: 15:04:42.206 - MaxInboundMessageSize: 512000
6296: 15:04:42.206 - MaxOutboundMessageSize: 512000
6296: 15:04:42.206 - UDP address specified as:0.0.0.0 adding listener to each available IPv4 address
6296: 15:04:42.206 - Adding UDP listener on :192.168.1.7: 5056 with a listen backlog of: 500
6296: 15:04:42.206 - Adding UDP listener on :127.0.0.1: 5056 with a listen backlog of: 500
6296: 15:04:42.206 - Forcing all applications ids to: "Game2"
6296: 15:04:42.206 - MaxInboundMessageSize: 512000
6296: 15:04:42.206 - MaxOutboundMessageSize: 512000
6296: 15:04:42.206 - UDP address specified as:0.0.0.0 adding listener to each available IPv4 address
6296: 15:04:42.206 - Adding UDP listener on :192.168.1.7: 5057 with a listen backlog of: 500
6296: 15:04:42.206 - Adding UDP listener on :127.0.0.1: 5057 with a listen backlog of: 500
6296: 15:04:42.206 - Adding WebSocket TCP listener on :0.0.0.0: 9090 with a listen backlog of: 150
6296: 15:04:42.206 - Nagle disabled
6296: 15:04:42.206 - TCP inactivity timeout: 10000ms
6296: 15:04:42.206 - MaxInboundMessageSize: 512000
6296: 15:04:42.206 - MaxOutboundMessageSize: 512000
6296: 15:04:42.206 - Forcing all applications ids to: "Master"
6296: 15:04:42.206 - Will accept ANY sub-protocols from the client
6296: 15:04:42.206 - No automatic WebSocket ping
6296: 15:04:42.210 - Adding WebSocket TCP listener on :0.0.0.0: 9091 with a listen backlog of: 150
6296: 15:04:42.210 - Nagle disabled
6296: 15:04:42.210 - TCP inactivity timeout: 10000ms
6296: 15:04:42.210 - MaxInboundMessageSize: 512000
6296: 15:04:42.210 - MaxOutboundMessageSize: 512000
6296: 15:04:42.210 - Forcing all applications ids to: "Game1"
6296: 15:04:42.210 - Will accept ANY sub-protocols from the client
6296: 15:04:42.210 - No automatic WebSocket ping
6296: 15:04:42.210 - Adding WebSocket TCP listener on :0.0.0.0: 9092 with a listen backlog of: 150
6296: 15:04:42.210 - Nagle disabled
6296: 15:04:42.210 - TCP inactivity timeout: 10000ms
6296: 15:04:42.210 - MaxInboundMessageSize: 512000
6296: 15:04:42.210 - MaxOutboundMessageSize: 512000
6296: 15:04:42.210 - Forcing all applications ids to: "Game2"
6296: 15:04:42.210 - Will accept ANY sub-protocols from the client
6296: 15:04:42.210 - No automatic WebSocket ping
6296: 15:04:42.210 - Adding Policy File listener on :0.0.0.0: 843 with a listen backlog of: 150 and serving Policy File: "C:\Users\Justin\Projects\mobas-server\deploy\Policy\assets\socket-policy.xml"
6296: 15:04:42.210 - TCP inactivity timeout: 1000ms
6296: 15:04:42.211 - Adding Policy File listener on :0.0.0.0: 943 with a listen backlog of: 150 and serving Policy File: "C:\Users\Justin\Projects\mobas-server\deploy\Policy\assets\socket-policy-silverlight.xml"
6296: 15:04:42.211 - TCP inactivity timeout: 1000ms
6296: 15:04:42.283 - Service is running...
5156: 15:07:02.143 - Restarting application: "Master" due to file changes
5156: 15:07:02.143 - Application: "Master" restart request (abort existing connections)
5156: 15:07:02.222 - Taking reference on default app domain
5156: 15:07:02.287 - Application: "Master" started in app domain: 6
5156: 15:07:02.580 - RequestApplicationStop: 2
5156: 15:07:02.588 - Application: "Master" stopped in app domain: 2 (abort existing connections)
5156: 15:07:02.588 - Application: "Master" restart complete.
6444: 15:07:02.608 - CManagedHost::OnDefaultAction() - OPR_AppDomainUnload - eUnloadAppDomain
5760: 15:07:02.622 - Unloading Domain: ApplicationName = 'Master', DomainId='2'
6444: 15:07:02.622 - CManagedHost::OnDomainUnload() - 2
5156: 17:49:27.915 - Restarting application: "Master" due to file changes
5156: 17:49:27.915 - Application: "Master" restart request (abort existing connections)
5156: 17:49:27.998 - Taking reference on default app domain
5156: 17:49:28.075 - Application: "Master" started in app domain: 7
5156: 17:49:28.376 - RequestApplicationStop: 6
5156: 17:49:28.385 - Application: "Master" stopped in app domain: 6 (abort existing connections)
5156: 17:49:28.385 - Application: "Master" restart complete.
6444: 17:49:28.392 - CManagedHost::OnDefaultAction() - OPR_AppDomainUnload - eUnloadAppDomain
5760: 17:49:28.409 - Unloading Domain: ApplicationName = 'Master', DomainId='6'
6444: 17:49:28.410 - CManagedHost::OnDomainUnload() - 6
6296: 17:55:42.734 - Service is stopped...
6296: 17:55:42.734 - Server shutting down...
6296: 17:55:42.734 - Shutdown monitoring enabled, 30000ms before process abort
6296: 17:55:42.766 - Notifying CLR applications of shutdown...
6296: 17:55:42.766 - RequestApplicationStop: 5
6296: 17:55:42.773 - RequestApplicationStop: 3
6296: 17:55:42.783 - RequestApplicationStop: 4
6296: 17:55:42.793 - RequestApplicationStop: 7
6296: 17:55:42.799 - RequestStop: defalt app domain
6296: 17:55:42.801 - Shutting down WebSocket Outbound Connection Manager...
6296: 17:55:42.801 - Shutting down TCP Outbound Connection Manager...
6296: 17:55:42.830 - Shutting down ENet Outbound Connection Manager...
6296: 17:55:42.830 - Disconnecting all outbound peers...
6296: 17:55:42.830 - Shutting down ENet host...
6296: 17:55:42.830 - Disconnecting all peers...
6296: 17:55:42.830 - CUDPSocketServer::OnSendToCompletionError() - An operation was attempted on something that is not a socket.

6296: 17:55:42.830 - 1 disconnected
6296: 17:55:42.830 - Shutting down socket servers...
6296: 17:55:42.830 - Shutting down ENet thread pool...
6296: 17:55:42.831 - Shutting down TCP inactivity timers...
6296: 17:55:42.831 - ENet Host - Resetting all peers...
6296: 17:55:42.836 - WaitingForShutdownToComplete: NativePolicy:0.0.0.0:843
6296: 17:55:42.836 - OnShutdownCompleted: NativePolicy:0.0.0.0:843
6296: 17:55:42.836 - WaitingForShutdownToComplete: NativePolicy:0.0.0.0:943
6296: 17:55:42.836 - OnShutdownCompleted: NativePolicy:0.0.0.0:943
6296: 17:55:42.836 - WaitingForShutdownToComplete: TCP:0.0.0.0:4520
6296: 17:55:42.836 - OnShutdownCompleted: TCP:0.0.0.0:4520
6296: 17:55:42.836 - WaitingForShutdownToComplete: TCP:0.0.0.0:4530
6296: 17:55:42.836 - OnShutdownCompleted: TCP:0.0.0.0:4530
6296: 17:55:42.836 - WaitingForShutdownToComplete: TCP:0.0.0.0:4531
6296: 17:55:42.836 - OnShutdownCompleted: TCP:0.0.0.0:4531
6296: 17:55:42.836 - WaitingForShutdownToComplete: TCP:0.0.0.0:4532
6296: 17:55:42.836 - OnShutdownCompleted: TCP:0.0.0.0:4532
6296: 17:55:42.836 - WaitingForShutdownToComplete: UDP:127.0.0.1:5055
6296: 17:55:42.836 - OnShutdownCompleted: UDP:127.0.0.1:5055
6296: 17:55:42.836 - WaitingForShutdownToComplete: UDP:127.0.0.1:5056
6296: 17:55:42.836 - OnShutdownCompleted: UDP:127.0.0.1:5056
6296: 17:55:42.836 - WaitingForShutdownToComplete: UDP:127.0.0.1:5057
6296: 17:55:42.836 - OnShutdownCompleted: UDP:127.0.0.1:5057
6296: 17:55:42.836 - WaitingForShutdownToComplete: UDP:192.168.1.7:5055
6296: 17:55:42.836 - OnShutdownCompleted: UDP:192.168.1.7:5055
6296: 17:55:42.836 - WaitingForShutdownToComplete: UDP:192.168.1.7:5056
6296: 17:55:42.836 - OnShutdownCompleted: UDP:192.168.1.7:5056
6296: 17:55:42.836 - WaitingForShutdownToComplete: UDP:192.168.1.7:5057
6296: 17:55:42.836 - OnShutdownCompleted: UDP:192.168.1.7:5057
6296: 17:55:42.836 - WaitingForShutdownToComplete: WebSocket:0.0.0.0:9090
6296: 17:55:42.836 - OnShutdownCompleted: WebSocket:0.0.0.0:9090
6296: 17:55:42.836 - WaitingForShutdownToComplete: WebSocket:0.0.0.0:9091
6296: 17:55:42.836 - OnShutdownCompleted: WebSocket:0.0.0.0:9091
6296: 17:55:42.836 - WaitingForShutdownToComplete: WebSocket:0.0.0.0:9092
6296: 17:55:42.836 - OnShutdownCompleted: WebSocket:0.0.0.0:9092
6296: 17:55:42.836 - Shutting down CLR applications...
6444: 17:55:42.841 - CManagedHost::OnDefaultAction() - OPR_AppDomainUnload - eUnloadAppDomain
6296: 17:55:42.851 - Shutting down business logic thread pool...
6296: 17:55:42.854 - Shutting down I/O thread pool...
6296: 17:55:42.855 - Destroying servers
6296: 17:55:42.855 - Destroying WebSocket Outbound Connection Manager
6296: 17:55:42.855 - Destroying TCP Outbound Connection Manager
6296: 17:55:42.855 - Destroying TCP inactivity timer
6296: 17:55:42.855 - Destroying ENet timer wheel
6296: 17:55:42.855 - Destroying ENet host
6296: 17:55:42.855 - Destroying ENet outbound host
6296: 17:55:42.855 - Destroying HTTP inactivity timer
6296: 17:55:42.855 - Destroying HTTP host
6296: 17:55:42.855 - Flushing ENET buffer allocator...
6296: 17:55:42.858 - Flushing TCP buffer handle allocator...
6296: 17:55:42.858 - Flushing stream socket allocator...
6296: 17:55:42.859 - Flushing inbound datagram socket allocator...
6296: 17:55:42.859 - Flushing outbound datagram socket allocator...
6296: 17:55:42.859 - Destroying CLR dispatcher
6296: 17:55:42.859 - Destroying CLR applications
5760: 17:55:42.866 - Unloading Domain: ApplicationName = 'CounterPublisher', DomainId='5'
6444: 17:55:42.866 - CManagedHost::OnDomainUnload() - 5
6296: 17:55:42.867 - ~CCLRApplicationCollection() - Waiting up to 10 seconds for the CLR to release all of our objects
6444: 17:55:42.915 - CManagedHost::OnDefaultAction() - OPR_AppDomainUnload - eUnloadAppDomain
5760: 17:55:42.940 - Unloading Domain: ApplicationName = 'Master', DomainId='7'
6444: 17:55:42.941 - CManagedHost::OnDomainUnload() - 7
6444: 17:55:42.994 - CManagedHost::OnDefaultAction() - OPR_AppDomainUnload - eUnloadAppDomain
5760: 17:55:43.017 - Unloading Domain: ApplicationName = 'Game1', DomainId='3'
6444: 17:55:43.017 - CManagedHost::OnDomainUnload() - 3
6444: 17:55:43.050 - CManagedHost::OnDefaultAction() - OPR_AppDomainUnload - eUnloadAppDomain
5760: 17:55:43.072 - Unloading Domain: ApplicationName = 'Game2', DomainId='4'
6444: 17:55:43.072 - CManagedHost::OnDomainUnload() - 4
6296: 17:55:43.078 - ~CCLRApplicationCollection() - Done. All objects released
6296: 17:55:43.078 - ~CManagedHost() - Release default app domain
6296: 17:55:43.078 - CManagedHost::OnDomainUnload() - 1
6296: 17:55:43.078 - ~CManagedHost() - Waiting up to 10 seconds for CLR shutdown...
6296: 17:55:43.078 - ~CManagedHost
6296: 17:55:43.078 - Destroying ENet thread pool
6296: 17:55:43.078 - Destroying Business logic thread pool
6296: 17:55:43.078 - Destroying I/O thread pool
6296: 17:55:43.078 - Destroying ENet buffer allocator
6296: 17:55:43.078 - Destroying TCP buffer allocator
6296: 17:55:43.078 - Destroying TCP socket allocator
6296: 17:55:43.078 - Destroying ENet inbound socket allocator
6296: 17:55:43.078 - Destroying ENet outbound socket allocator
6296: 17:55:43.095 - Shutdown complete...
6296: 17:55:43.104 - Service shutting down
6296: 17:55:43.110 - Service shut down complete
4004: 18:00:21.225 - ---
4004: 18:00:21.225 - Service: "Photon Socket Server" starting
4004: 18:00:21.225 - Config File: C:\Users\Justin\Projects\mobas-server\deploy\bin_Win64\PhotonServer.config
4004: 18:00:21.226 - Will produce at most: 10 crash dumps
4004: 18:00:21.226 - Action: run as exe
4004: 18:00:21.226 - Server Starting...
4004: 18:00:21.226 -    Tick count: 22840355 (wraps in: 49.4459 days)
4004: 18:00:21.226 - Tick count 64: 22840355
4004: 18:00:21.227 - Photon Version: 3.4.4.2588
4004: 18:00:21.227 - PID: 6236
4004: 18:00:21.227 - Config File: C:\Users\Justin\Projects\mobas-server\deploy\bin_Win64\PhotonServer.config
4004: 18:00:21.227 - Will NOT log unimportant exceptions
4004: 18:00:21.229 - Not using performance counters as they are not currently installed. Run the service with /InstallCounters to install them.
4004: 18:00:21.229 - Shutdown timeout enabled: 30000ms
4004: 18:00:21.229 - Starting I/O thread pool with 2 threads
4004: 18:00:21.229 - Using Standard allocator
4004: 18:00:21.229 - Max message size: 512000
4004: 18:00:21.229 - Starting business logic thread pool with the following settings
4004: 18:00:21.229 - InitialThreads: 4 threads
4004: 18:00:21.229 - MinThreads: 4 threads
4004: 18:00:21.229 - Thread pool is fixed size
4004: 18:00:21.230 - Starting ENet thread pool with the following settings
4004: 18:00:21.230 - InitialThreads: 2 threads
4004: 18:00:21.230 - MinThreads: 2 threads
4004: 18:00:21.230 - Thread pool is fixed size
4004: 18:00:21.230 - OnlyDispatchTimers: False
4004: 18:00:21.230 - S2S: flow control: Max pending writes: 50
4004: 18:00:21.230 - S2S: flow control: Max queued buffers: 200
4004: 18:00:21.230 - S2S: flow control: Max pending writes MUX: 500
4004: 18:00:21.230 - S2S: flow control: Max queued buffers MUX: 2000
4004: 18:00:21.230 - S2S: MaxInboundMessageSize: 512000
4004: 18:00:21.230 - S2S: MaxOutboundMessageSize: 512000
4004: 18:00:21.230 - S2S: No inactivity timeout
4004: 18:00:21.234 - WebSocket S2S: MaxInboundMessageSize: 512000
4004: 18:00:21.234 - WebSocket S2S: MaxOutboundMessageSize: 512000
4004: 18:00:21.234 - WebSocket S2S: No inactivity timeout
4004: 18:00:21.234 - Max Reliable Data In Transit (awaiting ACKs) per peer : 51200 bytes
4004: 18:00:21.234 - Per peer bandwidth limit
4004: 18:00:21.234 - Transmit Rate Limit: 256 KB/Sec
4004: 18:00:21.234 - Limit period: 200ms
4004: 18:00:21.234 - Limit per period: 52428 bytes
4004: 18:00:21.234 - Max queued data for transmission per peer: 512000 bytes
4004: 18:00:21.234 - Minimum retransmit timeout: 200
4004: 18:00:21.234 - Minimum ENet timeout: 5000ms
4004: 18:00:21.234 - Maximum ENet timeout: 30000ms
4004: 18:00:21.234 - Max Inbound Reliable Data Queued (awaiting resends of earlier sequence numbers) per peer : 163840 bytes
4004: 18:00:21.234 - Outbound ENet: MaxInboundMessageSize: 512000
4004: 18:00:21.234 - Outbound ENet: MaxOutboundMessageSize: 512000
4004: 18:00:21.236 - GetRuntime - About to load CLR - versions available:
4004: 18:00:21.236 - v2.0.50727
4004: 18:00:21.236 - v4.0.30319
4004: 18:00:21.236 - Configuration requests: "v2.0.50727"
4004: 18:00:21.236 - About to load version: "v2.0.50727"
4004: 18:00:21.244 - About to load runtime: PhotonHostRuntime.PhotonDomainManager from PhotonHostRuntime, Culture=neutral, PublicKeyToken=02C301B61B060C4D
4004: 18:00:21.244 - CLRBaseDirectory set to "C:\Users\Justin\Projects\mobas-server\deploy"
4004: 18:00:21.244 - Optimising event broadcast for 20 or more peers
4004: 18:00:21.245 - Start: About to load CLR - versions available:
4004: 18:00:21.245 - v2.0.50727
4004: 18:00:21.245 - v4.0.30319
4004: 18:00:21.245 - No preference in configuration file, will load latest.
4004: 18:00:21.245 - About to load version: "v4.0.30319"
4004: 18:00:21.246 - Loaded version: "v4.0.30319"
4004: 18:00:21.648 - Photon host runtime loaded
4004: 18:00:27.859 - License is valid.
4004: 18:00:27.859 - Licensed for 100 concurrent connections.
4004: 18:00:27.859 - ENet: Max Reliable Data In Transit (awaiting ACKs) per peer : 51200 bytes
4004: 18:00:27.859 - ENet: Per peer bandwidth limit
4004: 18:00:27.859 - ENet: Transmit Rate Limit: 256 KB/Sec
4004: 18:00:27.859 - ENet: Limit period: 200ms
4004: 18:00:27.859 - ENet: Limit per period: 52428 bytes
4004: 18:00:27.859 - ENet: Max queued data for transmission per peer: 512000 bytes
4004: 18:00:27.859 - ENet: Minimum retransmit timeout: 200
4004: 18:00:27.859 - ENet: Minimum timeout: 5000ms
4004: 18:00:27.859 - ENet: Maximum timeout: 30000ms
4004: 18:00:27.859 - ENet: Max Inbound Reliable Data Queued (awaiting resends of earlier sequence numbers) per peer : 163840 bytes
4004: 18:00:27.860 - About to load application: Master from Photon.LoadBalancing
4004: 18:00:27.860 - Auto restart is enabled for application, existing connections will be terminated during restart
4004: 18:00:27.860 - Application will restart 1000ms after the last change detected
4004: 18:00:27.860 - Application will restart if files matching the following are changed: "dll;config"
4004: 18:00:27.860 - Application will NOT restart if files matching the following are changed: "log4net.config"
4004: 18:00:27.960 - Taking reference on default app domain
4004: 18:00:28.053 - Application: "Master" started in app domain: 2
4004: 18:00:28.053 - About to load application: Game1 from Photon.LoadBalancing
4004: 18:00:28.053 - Auto restart is enabled for application, existing connections will be terminated during restart
4004: 18:00:28.053 - Application will restart 1000ms after the last change detected
4004: 18:00:28.053 - Application will restart if files matching the following are changed: "dll;config"
4004: 18:00:28.053 - Application will NOT restart if files matching the following are changed: "log4net.config"
4004: 18:00:28.137 - Taking reference on default app domain
4004: 18:00:28.204 - Application: "Game1" started in app domain: 3
4004: 18:00:28.204 - About to load application: Game2 from Photon.LoadBalancing
4004: 18:00:28.204 - Auto restart is enabled for application, existing connections will be terminated during restart
4004: 18:00:28.204 - Application will restart 1000ms after the last change detected
4004: 18:00:28.204 - Application will restart if files matching the following are changed: "dll;config"
4004: 18:00:28.204 - Application will NOT restart if files matching the following are changed: "log4net.config"
4004: 18:00:28.289 - Taking reference on default app domain
4004: 18:00:28.358 - Application: "Game2" started in app domain: 4
4004: 18:00:28.358 - About to load application: CounterPublisher from CounterPublisher
4004: 18:00:28.358 - Auto restart is enabled for application, existing connections will be terminated during restart
4004: 18:00:28.358 - Application will restart 1000ms after the last change detected
4004: 18:00:28.358 - Application will restart if files matching the following are changed: "dll;config"
4004: 18:00:28.358 - Application will NOT restart if files matching the following are changed: "log4net.config"
4004: 18:00:28.443 - Taking reference on default app domain
4004: 18:00:28.489 - Application: "CounterPublisher" started in app domain: 5
4004: 18:00:28.489 - Adding TCP listener on :0.0.0.0: 4530 with a listen backlog of: 150
4004: 18:00:28.489 - TCP inactivity timeout: 10000ms
4004: 18:00:28.489 - TCP disconnect timeout: 120000ms
4004: 18:00:28.489 - MaxInboundMessageSize: 512000
4004: 18:00:28.489 - MaxOutboundMessageSize: 512000
4004: 18:00:28.489 - Forcing all applications ids to: "Master"
4004: 18:00:28.490 - Serving policy file requests from: "C:\Users\Justin\Projects\mobas-server\deploy\Policy\assets\socket-policy.xml"
4004: 18:00:28.490 - Adding TCP listener on :0.0.0.0: 4531 with a listen backlog of: 150
4004: 18:00:28.490 - TCP inactivity timeout: 10000ms
4004: 18:00:28.490 - TCP disconnect timeout: 120000ms
4004: 18:00:28.490 - MaxInboundMessageSize: 512000
4004: 18:00:28.490 - MaxOutboundMessageSize: 512000
4004: 18:00:28.490 - Forcing all applications ids to: "Game1"
4004: 18:00:28.490 - Serving policy file requests from: "C:\Users\Justin\Projects\mobas-server\deploy\Policy\assets\socket-policy.xml"
4004: 18:00:28.490 - Adding TCP listener on :0.0.0.0: 4532 with a listen backlog of: 150
4004: 18:00:28.490 - TCP inactivity timeout: 10000ms
4004: 18:00:28.490 - TCP disconnect timeout: 120000ms
4004: 18:00:28.490 - MaxInboundMessageSize: 512000
4004: 18:00:28.490 - MaxOutboundMessageSize: 512000
4004: 18:00:28.490 - Forcing all applications ids to: "Game2"
4004: 18:00:28.490 - Serving policy file requests from: "C:\Users\Justin\Projects\mobas-server\deploy\Policy\assets\socket-policy.xml"
4004: 18:00:28.490 - Adding TCP listener on :0.0.0.0: 4520 with a listen backlog of: 150
4004: 18:00:28.490 - TCP inactivity timeout: 5000ms
4004: 18:00:28.490 - TCP disconnect timeout: 120000ms
4004: 18:00:28.490 - MaxInboundMessageSize: 512000
4004: 18:00:28.490 - MaxOutboundMessageSize: 512000
4004: 18:00:28.491 - Forcing all applications ids to: "Master"
4004: 18:00:28.491 - MaxInboundMessageSize: 512000
4004: 18:00:28.491 - MaxOutboundMessageSize: 512000
4004: 18:00:28.491 - UDP address specified as:0.0.0.0 adding listener to each available IPv4 address
4004: 18:00:28.491 - Adding UDP listener on :192.168.1.7: 5055 with a listen backlog of: 500
4004: 18:00:28.491 - Adding UDP listener on :127.0.0.1: 5055 with a listen backlog of: 500
4004: 18:00:28.491 - Forcing all applications ids to: "Game1"
4004: 18:00:28.491 - MaxInboundMessageSize: 512000
4004: 18:00:28.491 - MaxOutboundMessageSize: 512000
4004: 18:00:28.491 - UDP address specified as:0.0.0.0 adding listener to each available IPv4 address
4004: 18:00:28.491 - Adding UDP listener on :192.168.1.7: 5056 with a listen backlog of: 500
4004: 18:00:28.491 - Adding UDP listener on :127.0.0.1: 5056 with a listen backlog of: 500
4004: 18:00:28.491 - Forcing all applications ids to: "Game2"
4004: 18:00:28.491 - MaxInboundMessageSize: 512000
4004: 18:00:28.491 - MaxOutboundMessageSize: 512000
4004: 18:00:28.491 - UDP address specified as:0.0.0.0 adding listener to each available IPv4 address
4004: 18:00:28.492 - Adding UDP listener on :192.168.1.7: 5057 with a listen backlog of: 500
4004: 18:00:28.492 - Adding UDP listener on :127.0.0.1: 5057 with a listen backlog of: 500
4004: 18:00:28.492 - Adding WebSocket TCP listener on :0.0.0.0: 9090 with a listen backlog of: 150
4004: 18:00:28.492 - Nagle disabled
4004: 18:00:28.492 - TCP inactivity timeout: 10000ms
4004: 18:00:28.492 - MaxInboundMessageSize: 512000
4004: 18:00:28.492 - MaxOutboundMessageSize: 512000
4004: 18:00:28.492 - Forcing all applications ids to: "Master"
4004: 18:00:28.492 - Will accept ANY sub-protocols from the client
4004: 18:00:28.492 - No automatic WebSocket ping
4004: 18:00:28.492 - Adding WebSocket TCP listener on :0.0.0.0: 9091 with a listen backlog of: 150
4004: 18:00:28.492 - Nagle disabled
4004: 18:00:28.492 - TCP inactivity timeout: 10000ms
4004: 18:00:28.492 - MaxInboundMessageSize: 512000
4004: 18:00:28.492 - MaxOutboundMessageSize: 512000
4004: 18:00:28.492 - Forcing all applications ids to: "Game1"
4004: 18:00:28.492 - Will accept ANY sub-protocols from the client
4004: 18:00:28.492 - No automatic WebSocket ping
4004: 18:00:28.492 - Adding WebSocket TCP listener on :0.0.0.0: 9092 with a listen backlog of: 150
4004: 18:00:28.492 - Nagle disabled
4004: 18:00:28.492 - TCP inactivity timeout: 10000ms
4004: 18:00:28.492 - MaxInboundMessageSize: 512000
4004: 18:00:28.492 - MaxOutboundMessageSize: 512000
4004: 18:00:28.492 - Forcing all applications ids to: "Game2"
4004: 18:00:28.492 - Will accept ANY sub-protocols from the client
4004: 18:00:28.492 - No automatic WebSocket ping
4004: 18:00:28.492 - Adding Policy File listener on :0.0.0.0: 843 with a listen backlog of: 150 and serving Policy File: "C:\Users\Justin\Projects\mobas-server\deploy\Policy\assets\socket-policy.xml"
4004: 18:00:28.492 - TCP inactivity timeout: 1000ms
4004: 18:00:28.493 - Adding Policy File listener on :0.0.0.0: 943 with a listen backlog of: 150 and serving Policy File: "C:\Users\Justin\Projects\mobas-server\deploy\Policy\assets\socket-policy-silverlight.xml"
4004: 18:00:28.493 - TCP inactivity timeout: 1000ms
4004: 18:00:28.569 - Service is running...
4728: 18:08:22.667 - Restarting application: "Master" due to file changes
4728: 18:08:22.667 - Application: "Master" restart request (abort existing connections)
4728: 18:08:22.756 - Taking reference on default app domain
4728: 18:08:22.823 - Application: "Master" started in app domain: 6
4728: 18:08:23.113 - RequestApplicationStop: 2
4728: 18:08:23.127 - Application: "Master" stopped in app domain: 2 (abort existing connections)
4728: 18:08:23.127 - Application: "Master" restart complete.
2212: 18:08:23.127 - CManagedHost::OnDefaultAction() - OPR_AppDomainUnload - eUnloadAppDomain
6440: 18:08:23.146 - Unloading Domain: ApplicationName = 'Master', DomainId='2'
2212: 18:08:23.146 - CManagedHost::OnDomainUnload() - 2
4728: 18:23:41.325 - Restarting application: "Master" due to file changes
4728: 18:23:41.325 - Application: "Master" restart request (abort existing connections)
4728: 18:23:41.416 - Taking reference on default app domain
4728: 18:23:41.483 - Application: "Master" started in app domain: 7
4728: 18:23:41.765 - RequestApplicationStop: 6
4728: 18:23:41.773 - Application: "Master" stopped in app domain: 6 (abort existing connections)
4728: 18:23:41.773 - Application: "Master" restart complete.
2212: 18:23:41.777 - CManagedHost::OnDefaultAction() - OPR_AppDomainUnload - eUnloadAppDomain
6440: 18:23:41.792 - Unloading Domain: ApplicationName = 'Master', DomainId='6'
2212: 18:23:41.792 - CManagedHost::OnDomainUnload() - 6
4728: 18:47:46.878 - Restarting application: "Master" due to file changes
4728: 18:47:46.878 - Application: "Master" restart request (abort existing connections)
4728: 18:47:46.964 - Failed to restart application: CManagedHost::CreateApplicationInNewAppDomain() - Failed to create new application domain for : "Master" - Can't find Photon.LoadBalancing.dll in C:\Users\Justin\Projects\mobas-server\deploy\LoadBalancing\Master\bin or C:\Users\Justin\Projects\mobas-server\deploy\LoadBalancing\Master\bin
4728: 18:47:53.555 - Restarting application: "Master" due to file changes
4728: 18:47:53.555 - Application: "Master" restart request (abort existing connections)
4728: 18:47:53.637 - Taking reference on default app domain
4728: 18:47:53.749 - Application: "Master" started in app domain: 8
4728: 18:47:54.084 - RequestApplicationStop: 7
4728: 18:47:54.093 - Application: "Master" stopped in app domain: 7 (abort existing connections)
4728: 18:47:54.093 - Application: "Master" restart complete.
2212: 18:47:54.098 - CManagedHost::OnDefaultAction() - OPR_AppDomainUnload - eUnloadAppDomain
6440: 18:47:54.115 - Unloading Domain: ApplicationName = 'Master', DomainId='7'
2212: 18:47:54.115 - CManagedHost::OnDomainUnload() - 7
4728: 19:10:52.759 - Restarting application: "Master" due to file changes
4728: 19:10:52.759 - Application: "Master" restart request (abort existing connections)
4728: 19:10:52.760 - Failed to restart application: CManagedHost::CreateApplicationInNewAppDomain() - Failed to create new application domain for : "Master" - Can't find Photon.LoadBalancing.dll in C:\Users\Justin\Projects\mobas-server\deploy\LoadBalancing\Master\bin or C:\Users\Justin\Projects\mobas-server\deploy\LoadBalancing\Master\bin
4728: 19:10:56.300 - Restarting application: "Master" due to file changes
4728: 19:10:56.300 - Application: "Master" restart request (abort existing connections)
4728: 19:10:56.301 - Failed to restart application: CManagedHost::CreateApplicationInNewAppDomain() - Failed to create new application domain for : "Master" - Can't find Photon.LoadBalancing.dll in C:\Users\Justin\Projects\mobas-server\deploy\LoadBalancing\Master\bin or C:\Users\Justin\Projects\mobas-server\deploy\LoadBalancing\Master\bin
4728: 19:11:13.242 - Restarting application: "Master" due to file changes
4728: 19:11:13.242 - Application: "Master" restart request (abort existing connections)
4728: 19:11:13.323 - Taking reference on default app domain
4728: 19:11:13.438 - Application: "Master" started in app domain: 9
4728: 19:11:13.765 - RequestApplicationStop: 8
4728: 19:11:13.773 - Application: "Master" stopped in app domain: 8 (abort existing connections)
4728: 19:11:13.773 - Application: "Master" restart complete.
2212: 19:11:13.780 - CManagedHost::OnDefaultAction() - OPR_AppDomainUnload - eUnloadAppDomain
6440: 19:11:13.801 - Unloading Domain: ApplicationName = 'Master', DomainId='8'
2212: 19:11:13.801 - CManagedHost::OnDomainUnload() - 8
4728: 19:46:25.355 - Restarting application: "Master" due to file changes
4728: 19:46:25.355 - Application: "Master" restart request (abort existing connections)
4728: 19:46:25.356 - Failed to restart application: CManagedHost::CreateApplicationInNewAppDomain() - Failed to create new application domain for : "Master" - Can't find Photon.LoadBalancing.dll in C:\Users\Justin\Projects\mobas-server\deploy\LoadBalancing\Master\bin or C:\Users\Justin\Projects\mobas-server\deploy\LoadBalancing\Master\bin
4728: 19:46:28.350 - Restarting application: "Master" due to file changes
4728: 19:46:28.350 - Application: "Master" restart request (abort existing connections)
4728: 19:46:28.351 - Failed to restart application: CManagedHost::CreateApplicationInNewAppDomain() - Failed to create new application domain for : "Master" - Can't find Photon.LoadBalancing.dll in C:\Users\Justin\Projects\mobas-server\deploy\LoadBalancing\Master\bin or C:\Users\Justin\Projects\mobas-server\deploy\LoadBalancing\Master\bin
4728: 19:46:42.234 - Restarting application: "Master" due to file changes
4728: 19:46:42.234 - Application: "Master" restart request (abort existing connections)
4728: 19:46:42.235 - Failed to restart application: CManagedHost::CreateApplicationInNewAppDomain() - Failed to create new application domain for : "Master" - Can't find Photon.LoadBalancing.dll in C:\Users\Justin\Projects\mobas-server\deploy\LoadBalancing\Master\bin or C:\Users\Justin\Projects\mobas-server\deploy\LoadBalancing\Master\bin
4728: 19:46:50.129 - Restarting application: "Master" due to file changes
4728: 19:46:50.129 - Application: "Master" restart request (abort existing connections)
4728: 19:46:50.222 - Taking reference on default app domain
4728: 19:46:50.306 - Application: "Master" started in app domain: 10
4728: 19:46:50.612 - RequestApplicationStop: 9
4728: 19:46:50.620 - Application: "Master" stopped in app domain: 9 (abort existing connections)
4728: 19:46:50.620 - Application: "Master" restart complete.
2212: 19:46:50.626 - CManagedHost::OnDefaultAction() - OPR_AppDomainUnload - eUnloadAppDomain
6440: 19:46:50.641 - Unloading Domain: ApplicationName = 'Master', DomainId='9'
2212: 19:46:50.641 - CManagedHost::OnDomainUnload() - 9
4728: 21:07:30.355 - Restarting application: "Master" due to file changes
4728: 21:07:30.355 - Application: "Master" restart request (abort existing connections)
4728: 21:07:30.356 - Failed to restart application: CManagedHost::CreateApplicationInNewAppDomain() - Failed to create new application domain for : "Master" - Can't find Photon.LoadBalancing.dll in C:\Users\Justin\Projects\mobas-server\deploy\LoadBalancing\Master\bin or C:\Users\Justin\Projects\mobas-server\deploy\LoadBalancing\Master\bin
4728: 21:07:33.367 - Restarting application: "Master" due to file changes
4728: 21:07:33.367 - Application: "Master" restart request (abort existing connections)
4728: 21:07:33.368 - Failed to restart application: CManagedHost::CreateApplicationInNewAppDomain() - Failed to create new application domain for : "Master" - Can't find Photon.LoadBalancing.dll in C:\Users\Justin\Projects\mobas-server\deploy\LoadBalancing\Master\bin or C:\Users\Justin\Projects\mobas-server\deploy\LoadBalancing\Master\bin
4728: 21:09:58.369 - Restarting application: "Master" due to file changes
4728: 21:09:58.369 - Application: "Master" restart request (abort existing connections)
4728: 21:09:58.370 - Failed to restart application: CManagedHost::CreateApplicationInNewAppDomain() - Failed to create new application domain for : "Master" - Can't find Photon.LoadBalancing.dll in C:\Users\Justin\Projects\mobas-server\deploy\LoadBalancing\Master\bin or C:\Users\Justin\Projects\mobas-server\deploy\LoadBalancing\Master\bin
4728: 21:12:02.811 - Restarting application: "Master" due to file changes
4728: 21:12:02.811 - Application: "Master" restart request (abort existing connections)
4728: 21:12:02.812 - Failed to restart application: CManagedHost::CreateApplicationInNewAppDomain() - Failed to create new application domain for : "Master" - Can't find Photon.LoadBalancing.dll in C:\Users\Justin\Projects\mobas-server\deploy\LoadBalancing\Master\bin or C:\Users\Justin\Projects\mobas-server\deploy\LoadBalancing\Master\bin
4728: 21:12:25.198 - Restarting application: "Master" due to file changes
4728: 21:12:25.198 - Application: "Master" restart request (abort existing connections)
4728: 21:12:25.199 - Failed to restart application: CManagedHost::CreateApplicationInNewAppDomain() - Failed to create new application domain for : "Master" - Can't find Photon.LoadBalancing.dll in C:\Users\Justin\Projects\mobas-server\deploy\LoadBalancing\Master\bin or C:\Users\Justin\Projects\mobas-server\deploy\LoadBalancing\Master\bin
4728: 21:12:38.972 - Restarting application: "Master" due to file changes
4728: 21:12:38.972 - Application: "Master" restart request (abort existing connections)
4728: 21:12:38.974 - Failed to restart application: CManagedHost::CreateApplicationInNewAppDomain() - Failed to create new application domain for : "Master" - Can't find Photon.LoadBalancing.dll in C:\Users\Justin\Projects\mobas-server\deploy\LoadBalancing\Master\bin or C:\Users\Justin\Projects\mobas-server\deploy\LoadBalancing\Master\bin
4728: 21:15:18.656 - Restarting application: "Master" due to file changes
4728: 21:15:18.656 - Application: "Master" restart request (abort existing connections)
4728: 21:15:18.666 - Failed to restart application: CManagedHost::CreateApplicationInNewAppDomain() - Failed to create new application domain for : "Master" - Can't find Photon.LoadBalancing.dll in C:\Users\Justin\Projects\mobas-server\deploy\LoadBalancing\Master\bin or C:\Users\Justin\Projects\mobas-server\deploy\LoadBalancing\Master\bin
4728: 21:15:20.698 - Restarting application: "Master" due to file changes
4728: 21:15:20.698 - Application: "Master" restart request (abort existing connections)
4728: 21:15:20.699 - Failed to restart application: CManagedHost::CreateApplicationInNewAppDomain() - Failed to create new application domain for : "Master" - Can't find Photon.LoadBalancing.dll in C:\Users\Justin\Projects\mobas-server\deploy\LoadBalancing\Master\bin or C:\Users\Justin\Projects\mobas-server\deploy\LoadBalancing\Master\bin
4728: 21:16:02.212 - Restarting application: "Master" due to file changes
4728: 21:16:02.212 - Application: "Master" restart request (abort existing connections)
4728: 21:16:02.213 - Failed to restart application: CManagedHost::CreateApplicationInNewAppDomain() - Failed to create new application domain for : "Master" - Can't find Photon.LoadBalancing.dll in C:\Users\Justin\Projects\mobas-server\deploy\LoadBalancing\Master\bin or C:\Users\Justin\Projects\mobas-server\deploy\LoadBalancing\Master\bin
4728: 21:23:05.831 - Restarting application: "Master" due to file changes
4728: 21:23:05.831 - Application: "Master" restart request (abort existing connections)
4728: 21:23:05.832 - Failed to restart application: CManagedHost::CreateApplicationInNewAppDomain() - Failed to create new application domain for : "Master" - Can't find Photon.LoadBalancing.dll in C:\Users\Justin\Projects\mobas-server\deploy\LoadBalancing\Master\bin or C:\Users\Justin\Projects\mobas-server\deploy\LoadBalancing\Master\bin
4728: 21:25:04.595 - Restarting application: "Master" due to file changes
4728: 21:25:04.595 - Application: "Master" restart request (abort existing connections)
4728: 21:25:04.596 - Failed to restart application: CManagedHost::CreateApplicationInNewAppDomain() - Failed to create new application domain for : "Master" - Can't find Photon.LoadBalancing.dll in C:\Users\Justin\Projects\mobas-server\deploy\LoadBalancing\Master\bin or C:\Users\Justin\Projects\mobas-server\deploy\LoadBalancing\Master\bin
4728: 21:26:32.486 - Restarting application: "Master" due to file changes
4728: 21:26:32.486 - Application: "Master" restart request (abort existing connections)
4728: 21:26:32.588 - Taking reference on default app domain
4728: 21:26:32.691 - Application: "Master" started in app domain: 11
4728: 21:26:33.008 - RequestApplicationStop: 10
4728: 21:26:33.019 - Application: "Master" stopped in app domain: 10 (abort existing connections)
4728: 21:26:33.019 - Application: "Master" restart complete.
2212: 21:26:33.024 - CManagedHost::OnDefaultAction() - OPR_AppDomainUnload - eUnloadAppDomain
6440: 21:26:33.040 - Unloading Domain: ApplicationName = 'Master', DomainId='10'
2212: 21:26:33.040 - CManagedHost::OnDomainUnload() - 10
4728: 21:29:34.321 - Restarting application: "Master" due to file changes
4728: 21:29:34.321 - Application: "Master" restart request (abort existing connections)
4728: 21:29:34.405 - Taking reference on default app domain
4728: 21:29:34.473 - Application: "Master" started in app domain: 12
4728: 21:29:34.788 - RequestApplicationStop: 11
4728: 21:29:34.803 - Application: "Master" stopped in app domain: 11 (abort existing connections)
4728: 21:29:34.803 - Application: "Master" restart complete.
2212: 21:29:34.803 - CManagedHost::OnDefaultAction() - OPR_AppDomainUnload - eUnloadAppDomain
6440: 21:29:34.820 - Unloading Domain: ApplicationName = 'Master', DomainId='11'
2212: 21:29:34.820 - CManagedHost::OnDomainUnload() - 11
4728: 21:31:34.800 - Restarting application: "Master" due to file changes
4728: 21:31:34.800 - Application: "Master" restart request (abort existing connections)
4728: 21:31:34.900 - Taking reference on default app domain
4728: 21:31:34.980 - Application: "Master" started in app domain: 13
4728: 21:31:35.308 - RequestApplicationStop: 12
4728: 21:31:35.316 - Application: "Master" stopped in app domain: 12 (abort existing connections)
4728: 21:31:35.316 - Application: "Master" restart complete.
2212: 21:31:35.320 - CManagedHost::OnDefaultAction() - OPR_AppDomainUnload - eUnloadAppDomain
6440: 21:31:35.336 - Unloading Domain: ApplicationName = 'Master', DomainId='12'
2212: 21:31:35.337 - CManagedHost::OnDomainUnload() - 12
