7924: 19:59:59.824 - Service is stopped...
7924: 19:59:59.825 - Server shutting down...
7924: 19:59:59.825 - Shutdown monitoring enabled, 30000ms before process abort
7924: 19:59:59.825 - Notifying CLR applications of shutdown...
7924: 19:59:59.825 - RequestApplicationStop: 5
7924: 19:59:59.832 - RequestApplicationStop: 3
7924: 19:59:59.848 - RequestApplicationStop: 4
7924: 19:59:59.859 - RequestApplicationStop: 2
7924: 19:59:59.866 - RequestStop: defalt app domain
7924: 19:59:59.867 - Shutting down WebSocket Outbound Connection Manager...
7924: 19:59:59.867 - Shutting down TCP Outbound Connection Manager...
7924: 19:59:59.867 - Shutting down ENet Outbound Connection Manager...
7924: 19:59:59.867 - Disconnecting all outbound peers...
7924: 19:59:59.867 - Shutting down ENet host...
7924: 19:59:59.867 - Disconnecting all peers...
7924: 19:59:59.867 - Shutting down socket servers...
7924: 19:59:59.867 - Shutting down ENet thread pool...
7924: 19:59:59.867 - Shutting down TCP inactivity timers...
7924: 19:59:59.868 - WaitingForShutdownToComplete: NativePolicy:0.0.0.0:843
7924: 19:59:59.868 - OnShutdownCompleted: NativePolicy:0.0.0.0:843
7924: 19:59:59.868 - WaitingForShutdownToComplete: NativePolicy:0.0.0.0:943
7924: 19:59:59.868 - OnShutdownCompleted: NativePolicy:0.0.0.0:943
7924: 19:59:59.868 - WaitingForShutdownToComplete: TCP:0.0.0.0:4520
7924: 19:59:59.868 - OnShutdownCompleted: TCP:0.0.0.0:4520
7924: 19:59:59.868 - WaitingForShutdownToComplete: TCP:0.0.0.0:4530
7924: 19:59:59.868 - OnShutdownCompleted: TCP:0.0.0.0:4530
7924: 19:59:59.868 - WaitingForShutdownToComplete: TCP:0.0.0.0:4531
7924: 19:59:59.868 - OnShutdownCompleted: TCP:0.0.0.0:4531
7924: 19:59:59.868 - WaitingForShutdownToComplete: TCP:0.0.0.0:4532
7924: 19:59:59.868 - OnShutdownCompleted: TCP:0.0.0.0:4532
7924: 19:59:59.868 - WaitingForShutdownToComplete: UDP:127.0.0.1:5055
7924: 19:59:59.868 - OnShutdownCompleted: UDP:127.0.0.1:5055
7924: 19:59:59.868 - WaitingForShutdownToComplete: UDP:127.0.0.1:5056
7924: 19:59:59.868 - OnShutdownCompleted: UDP:127.0.0.1:5056
7924: 19:59:59.868 - WaitingForShutdownToComplete: UDP:127.0.0.1:5057
7924: 19:59:59.868 - OnShutdownCompleted: UDP:127.0.0.1:5057
7924: 19:59:59.868 - WaitingForShutdownToComplete: UDP:192.168.1.7:5055
7924: 19:59:59.868 - OnShutdownCompleted: UDP:192.168.1.7:5055
7924: 19:59:59.868 - WaitingForShutdownToComplete: UDP:192.168.1.7:5056
7924: 19:59:59.868 - OnShutdownCompleted: UDP:192.168.1.7:5056
7924: 19:59:59.868 - WaitingForShutdownToComplete: UDP:192.168.1.7:5057
7924: 19:59:59.868 - OnShutdownCompleted: UDP:192.168.1.7:5057
7924: 19:59:59.868 - WaitingForShutdownToComplete: WebSocket:0.0.0.0:9090
7924: 19:59:59.868 - OnShutdownCompleted: WebSocket:0.0.0.0:9090
7924: 19:59:59.868 - WaitingForShutdownToComplete: WebSocket:0.0.0.0:9091
7924: 19:59:59.868 - OnShutdownCompleted: WebSocket:0.0.0.0:9091
7924: 19:59:59.868 - WaitingForShutdownToComplete: WebSocket:0.0.0.0:9092
7924: 19:59:59.868 - OnShutdownCompleted: WebSocket:0.0.0.0:9092
7924: 19:59:59.868 - Shutting down CLR applications...
1788: 19:59:59.871 - CManagedHost::OnDefaultAction() - OPR_AppDomainUnload - eUnloadAppDomain
7924: 19:59:59.887 - Shutting down business logic thread pool...
7924: 19:59:59.887 - Shutting down I/O thread pool...
7924: 19:59:59.887 - Destroying servers
7924: 19:59:59.887 - Destroying WebSocket Outbound Connection Manager
7924: 19:59:59.887 - Destroying TCP Outbound Connection Manager
7924: 19:59:59.888 - Destroying TCP inactivity timer
7924: 19:59:59.888 - Destroying ENet timer wheel
7924: 19:59:59.888 - Destroying ENet host
7924: 19:59:59.888 - Destroying ENet outbound host
7924: 19:59:59.888 - Destroying HTTP inactivity timer
7924: 19:59:59.888 - Destroying HTTP host
7924: 19:59:59.888 - Flushing ENET buffer allocator...
7924: 19:59:59.892 - Flushing TCP buffer handle allocator...
7924: 19:59:59.892 - Flushing stream socket allocator...
7924: 19:59:59.892 - Flushing inbound datagram socket allocator...
7924: 19:59:59.893 - Flushing outbound datagram socket allocator...
7924: 19:59:59.893 - Destroying CLR dispatcher
7924: 19:59:59.893 - Destroying CLR applications
7924: 19:59:59.894 - ~CCLRApplicationCollection() - Waiting up to 10 seconds for the CLR to release all of our objects
3376: 19:59:59.896 - Unloading Domain: ApplicationName = 'CounterPublisher', DomainId='5'
1788: 19:59:59.896 - CManagedHost::OnDomainUnload() - 5
1788: 19:59:59.900 - CManagedHost::OnDefaultAction() - OPR_AppDomainUnload - eUnloadAppDomain
3376: 19:59:59.921 - Unloading Domain: ApplicationName = 'Master', DomainId='2'
1788: 19:59:59.921 - CManagedHost::OnDomainUnload() - 2
1788: 19:59:59.925 - CManagedHost::OnDefaultAction() - OPR_AppDomainUnload - eUnloadAppDomain
3376: 19:59:59.943 - Unloading Domain: ApplicationName = 'Game1', DomainId='3'
1788: 19:59:59.944 - CManagedHost::OnDomainUnload() - 3
1788: 19:59:59.947 - CManagedHost::OnDefaultAction() - OPR_AppDomainUnload - eUnloadAppDomain
3376: 19:59:59.966 - Unloading Domain: ApplicationName = 'Game2', DomainId='4'
1788: 19:59:59.966 - CManagedHost::OnDomainUnload() - 4
7924: 19:59:59.969 - ~CCLRApplicationCollection() - Done. All objects released
7924: 19:59:59.969 - ~CManagedHost() - Release default app domain
7924: 19:59:59.969 - CManagedHost::OnDomainUnload() - 1
7924: 19:59:59.969 - ~CManagedHost() - Waiting up to 10 seconds for CLR shutdown...
7924: 19:59:59.969 - ~CManagedHost
7924: 19:59:59.969 - Destroying ENet thread pool
7924: 19:59:59.970 - Destroying Business logic thread pool
7924: 19:59:59.970 - Destroying I/O thread pool
7924: 19:59:59.970 - Destroying ENet buffer allocator
7924: 19:59:59.970 - Destroying TCP buffer allocator
7924: 19:59:59.970 - Destroying TCP socket allocator
7924: 19:59:59.970 - Destroying ENet inbound socket allocator
7924: 19:59:59.970 - Destroying ENet outbound socket allocator
7924: 19:59:59.970 - Shutdown complete...
7924: 19:59:59.970 - Service shutting down
7924: 19:59:59.971 - Service shut down complete
5600: 20:00:37.512 - ---
5600: 20:00:37.512 - Service: "Photon Socket Server" starting
5600: 20:00:37.512 - Config File: C:\Program Files\Photon Server\deploy\bin_Win64\PhotonServer.config
5600: 20:00:37.514 - Will produce at most: 10 crash dumps
5600: 20:00:37.514 - Action: run as exe
5600: 20:00:37.514 - Server Starting...
5600: 20:00:37.514 -    Tick count: 876111271 (wraps in: 39.5701 days)
5600: 20:00:37.514 - Tick count 64: 876111271
5600: 20:00:37.514 - Photon Version: 3.4.4.2588
5600: 20:00:37.514 - PID: 5248
5600: 20:00:37.515 - Config File: C:\Program Files\Photon Server\deploy\bin_Win64\PhotonServer.config
5600: 20:00:37.515 - Will NOT log unimportant exceptions
5600: 20:00:37.517 - Not using performance counters as they are not currently installed. Run the service with /InstallCounters to install them.
5600: 20:00:37.517 - Shutdown timeout enabled: 30000ms
5600: 20:00:37.518 - Starting I/O thread pool with 2 threads
5600: 20:00:37.518 - Using Standard allocator
5600: 20:00:37.518 - Max message size: 512000
5600: 20:00:37.518 - Starting business logic thread pool with the following settings
5600: 20:00:37.518 - InitialThreads: 4 threads
5600: 20:00:37.518 - MinThreads: 4 threads
5600: 20:00:37.518 - Thread pool is fixed size
5600: 20:00:37.518 - Starting ENet thread pool with the following settings
5600: 20:00:37.518 - InitialThreads: 2 threads
5600: 20:00:37.518 - MinThreads: 2 threads
5600: 20:00:37.518 - Thread pool is fixed size
5600: 20:00:37.518 - OnlyDispatchTimers: False
5600: 20:00:37.518 - S2S: flow control: Max pending writes: 50
5600: 20:00:37.518 - S2S: flow control: Max queued buffers: 200
5600: 20:00:37.518 - S2S: flow control: Max pending writes MUX: 500
5600: 20:00:37.518 - S2S: flow control: Max queued buffers MUX: 2000
5600: 20:00:37.518 - S2S: MaxInboundMessageSize: 512000
5600: 20:00:37.518 - S2S: MaxOutboundMessageSize: 512000
5600: 20:00:37.518 - S2S: No inactivity timeout
5600: 20:00:37.524 - WebSocket S2S: MaxInboundMessageSize: 512000
5600: 20:00:37.524 - WebSocket S2S: MaxOutboundMessageSize: 512000
5600: 20:00:37.524 - WebSocket S2S: No inactivity timeout
5600: 20:00:37.524 - Max Reliable Data In Transit (awaiting ACKs) per peer : 51200 bytes
5600: 20:00:37.524 - Per peer bandwidth limit
5600: 20:00:37.524 - Transmit Rate Limit: 256 KB/Sec
5600: 20:00:37.524 - Limit period: 200ms
5600: 20:00:37.524 - Limit per period: 52428 bytes
5600: 20:00:37.524 - Max queued data for transmission per peer: 512000 bytes
5600: 20:00:37.524 - Minimum retransmit timeout: 200
5600: 20:00:37.524 - Minimum ENet timeout: 5000ms
5600: 20:00:37.524 - Maximum ENet timeout: 30000ms
5600: 20:00:37.524 - Max Inbound Reliable Data Queued (awaiting resends of earlier sequence numbers) per peer : 163840 bytes
5600: 20:00:37.524 - Outbound ENet: MaxInboundMessageSize: 512000
5600: 20:00:37.524 - Outbound ENet: MaxOutboundMessageSize: 512000
5600: 20:00:37.526 - GetRuntime - About to load CLR - versions available:
5600: 20:00:37.526 - v2.0.50727
5600: 20:00:37.526 - v4.0.30319
5600: 20:00:37.526 - Configuration requests: "v2.0.50727"
5600: 20:00:37.526 - About to load version: "v2.0.50727"
5600: 20:00:37.536 - About to load runtime: PhotonHostRuntime.PhotonDomainManager from PhotonHostRuntime, Culture=neutral, PublicKeyToken=02C301B61B060C4D
5600: 20:00:37.536 - CLRBaseDirectory set to "C:\Program Files\Photon Server\deploy"
5600: 20:00:37.536 - Optimising event broadcast for 20 or more peers
5600: 20:00:37.537 - Start: About to load CLR - versions available:
5600: 20:00:37.537 - v2.0.50727
5600: 20:00:37.537 - v4.0.30319
5600: 20:00:37.537 - No preference in configuration file, will load latest.
5600: 20:00:37.537 - About to load version: "v4.0.30319"
5600: 20:00:37.538 - Loaded version: "v4.0.30319"
5600: 20:00:37.965 - Photon host runtime loaded
5600: 20:00:44.417 - LICENSE: No license file was found. Starting with Bootstrap License.
5600: 20:00:44.417 - License is valid.
5600: 20:00:44.417 - Licensed for 20 concurrent connections.
5600: 20:00:44.417 - ENet: Max Reliable Data In Transit (awaiting ACKs) per peer : 51200 bytes
5600: 20:00:44.417 - ENet: Per peer bandwidth limit
5600: 20:00:44.417 - ENet: Transmit Rate Limit: 256 KB/Sec
5600: 20:00:44.417 - ENet: Limit period: 200ms
5600: 20:00:44.417 - ENet: Limit per period: 52428 bytes
5600: 20:00:44.417 - ENet: Max queued data for transmission per peer: 512000 bytes
5600: 20:00:44.417 - ENet: Minimum retransmit timeout: 200
5600: 20:00:44.417 - ENet: Minimum timeout: 5000ms
5600: 20:00:44.417 - ENet: Maximum timeout: 30000ms
5600: 20:00:44.417 - ENet: Max Inbound Reliable Data Queued (awaiting resends of earlier sequence numbers) per peer : 163840 bytes
5600: 20:00:44.417 - About to load application: Master from Photon.LoadBalancing
5600: 20:00:44.417 - Auto restart is enabled for application, existing connections will be terminated during restart
5600: 20:00:44.417 - Application will restart 1000ms after the last change detected
5600: 20:00:44.417 - Application will restart if files matching the following are changed: "dll;config"
5600: 20:00:44.417 - Application will NOT restart if files matching the following are changed: "log4net.config"
5600: 20:00:44.581 - Taking reference on default app domain
5600: 20:00:44.691 - Application: "Master" started in app domain: 2
5600: 20:00:44.691 - About to load application: Game1 from Photon.LoadBalancing
5600: 20:00:44.691 - Auto restart is enabled for application, existing connections will be terminated during restart
5600: 20:00:44.691 - Application will restart 1000ms after the last change detected
5600: 20:00:44.691 - Application will restart if files matching the following are changed: "dll;config"
5600: 20:00:44.691 - Application will NOT restart if files matching the following are changed: "log4net.config"
5600: 20:00:44.838 - Taking reference on default app domain
5600: 20:00:44.968 - Application: "Game1" started in app domain: 3
5600: 20:00:44.968 - About to load application: Game2 from Photon.LoadBalancing
5600: 20:00:44.968 - Auto restart is enabled for application, existing connections will be terminated during restart
5600: 20:00:44.968 - Application will restart 1000ms after the last change detected
5600: 20:00:44.968 - Application will restart if files matching the following are changed: "dll;config"
5600: 20:00:44.968 - Application will NOT restart if files matching the following are changed: "log4net.config"
5600: 20:00:45.114 - Taking reference on default app domain
5600: 20:00:45.238 - Application: "Game2" started in app domain: 4
5600: 20:00:45.238 - About to load application: CounterPublisher from CounterPublisher
5600: 20:00:45.238 - Auto restart is enabled for application, existing connections will be terminated during restart
5600: 20:00:45.238 - Application will restart 1000ms after the last change detected
5600: 20:00:45.238 - Application will restart if files matching the following are changed: "dll;config"
5600: 20:00:45.238 - Application will NOT restart if files matching the following are changed: "log4net.config"
5600: 20:00:45.504 - Taking reference on default app domain
5600: 20:00:45.608 - Application: "CounterPublisher" started in app domain: 5
5600: 20:00:45.608 - Adding TCP listener on :0.0.0.0: 4530 with a listen backlog of: 150
5600: 20:00:45.608 - TCP inactivity timeout: 10000ms
5600: 20:00:45.608 - TCP disconnect timeout: 120000ms
5600: 20:00:45.608 - MaxInboundMessageSize: 512000
5600: 20:00:45.608 - MaxOutboundMessageSize: 512000
5600: 20:00:45.608 - Forcing all applications ids to: "Master"
5600: 20:00:45.608 - Serving policy file requests from: "C:\Program Files\Photon Server\deploy\Policy\assets\socket-policy.xml"
5600: 20:00:45.609 - Adding TCP listener on :0.0.0.0: 4531 with a listen backlog of: 150
5600: 20:00:45.609 - TCP inactivity timeout: 10000ms
5600: 20:00:45.609 - TCP disconnect timeout: 120000ms
5600: 20:00:45.609 - MaxInboundMessageSize: 512000
5600: 20:00:45.609 - MaxOutboundMessageSize: 512000
5600: 20:00:45.609 - Forcing all applications ids to: "Game1"
5600: 20:00:45.609 - Serving policy file requests from: "C:\Program Files\Photon Server\deploy\Policy\assets\socket-policy.xml"
5600: 20:00:45.609 - Adding TCP listener on :0.0.0.0: 4532 with a listen backlog of: 150
5600: 20:00:45.609 - TCP inactivity timeout: 10000ms
5600: 20:00:45.609 - TCP disconnect timeout: 120000ms
5600: 20:00:45.609 - MaxInboundMessageSize: 512000
5600: 20:00:45.609 - MaxOutboundMessageSize: 512000
5600: 20:00:45.609 - Forcing all applications ids to: "Game2"
5600: 20:00:45.610 - Serving policy file requests from: "C:\Program Files\Photon Server\deploy\Policy\assets\socket-policy.xml"
5600: 20:00:45.610 - Adding TCP listener on :0.0.0.0: 4520 with a listen backlog of: 150
5600: 20:00:45.610 - TCP inactivity timeout: 5000ms
5600: 20:00:45.610 - TCP disconnect timeout: 120000ms
5600: 20:00:45.610 - MaxInboundMessageSize: 512000
5600: 20:00:45.610 - MaxOutboundMessageSize: 512000
5600: 20:00:45.610 - Forcing all applications ids to: "Master"
5600: 20:00:45.610 - MaxInboundMessageSize: 512000
5600: 20:00:45.610 - MaxOutboundMessageSize: 512000
5600: 20:00:45.610 - UDP address specified as:0.0.0.0 adding listener to each available IPv4 address
5600: 20:00:45.610 - Adding UDP listener on :192.168.1.7: 5055 with a listen backlog of: 500
5600: 20:00:45.610 - Adding UDP listener on :127.0.0.1: 5055 with a listen backlog of: 500
5600: 20:00:45.610 - Forcing all applications ids to: "Game1"
5600: 20:00:45.610 - MaxInboundMessageSize: 512000
5600: 20:00:45.610 - MaxOutboundMessageSize: 512000
5600: 20:00:45.610 - UDP address specified as:0.0.0.0 adding listener to each available IPv4 address
5600: 20:00:45.611 - Adding UDP listener on :192.168.1.7: 5056 with a listen backlog of: 500
5600: 20:00:45.611 - Adding UDP listener on :127.0.0.1: 5056 with a listen backlog of: 500
5600: 20:00:45.611 - Forcing all applications ids to: "Game2"
5600: 20:00:45.611 - MaxInboundMessageSize: 512000
5600: 20:00:45.611 - MaxOutboundMessageSize: 512000
5600: 20:00:45.611 - UDP address specified as:0.0.0.0 adding listener to each available IPv4 address
5600: 20:00:45.611 - Adding UDP listener on :192.168.1.7: 5057 with a listen backlog of: 500
5600: 20:00:45.611 - Adding UDP listener on :127.0.0.1: 5057 with a listen backlog of: 500
5600: 20:00:45.611 - Adding WebSocket TCP listener on :0.0.0.0: 9090 with a listen backlog of: 150
5600: 20:00:45.611 - Nagle disabled
5600: 20:00:45.611 - TCP inactivity timeout: 10000ms
5600: 20:00:45.611 - MaxInboundMessageSize: 512000
5600: 20:00:45.611 - MaxOutboundMessageSize: 512000
5600: 20:00:45.611 - Forcing all applications ids to: "Master"
5600: 20:00:45.611 - Will accept ANY sub-protocols from the client
5600: 20:00:45.611 - No automatic WebSocket ping
5600: 20:00:45.611 - Adding WebSocket TCP listener on :0.0.0.0: 9091 with a listen backlog of: 150
5600: 20:00:45.611 - Nagle disabled
5600: 20:00:45.611 - TCP inactivity timeout: 10000ms
5600: 20:00:45.611 - MaxInboundMessageSize: 512000
5600: 20:00:45.611 - MaxOutboundMessageSize: 512000
5600: 20:00:45.611 - Forcing all applications ids to: "Game1"
5600: 20:00:45.611 - Will accept ANY sub-protocols from the client
5600: 20:00:45.611 - No automatic WebSocket ping
5600: 20:00:45.612 - Adding WebSocket TCP listener on :0.0.0.0: 9092 with a listen backlog of: 150
5600: 20:00:45.612 - Nagle disabled
5600: 20:00:45.612 - TCP inactivity timeout: 10000ms
5600: 20:00:45.612 - MaxInboundMessageSize: 512000
5600: 20:00:45.612 - MaxOutboundMessageSize: 512000
5600: 20:00:45.612 - Forcing all applications ids to: "Game2"
5600: 20:00:45.612 - Will accept ANY sub-protocols from the client
5600: 20:00:45.612 - No automatic WebSocket ping
5600: 20:00:45.612 - Adding Policy File listener on :0.0.0.0: 843 with a listen backlog of: 150 and serving Policy File: "C:\Program Files\Photon Server\deploy\Policy\assets\socket-policy.xml"
5600: 20:00:45.612 - TCP inactivity timeout: 1000ms
5600: 20:00:45.613 - Adding Policy File listener on :0.0.0.0: 943 with a listen backlog of: 150 and serving Policy File: "C:\Program Files\Photon Server\deploy\Policy\assets\socket-policy-silverlight.xml"
5600: 20:00:45.613 - TCP inactivity timeout: 1000ms
5600: 20:00:45.683 - Service is running...
