1752: 11:10:30.654 - ---
1752: 11:10:30.654 - Service: "Photon Socket Server" starting
1752: 11:10:30.654 - Config File: C:\Program Files\Photon Server\deploy\bin_Win64\PhotonServer.config
1752: 11:10:30.654 - Will produce at most: 10 crash dumps
1752: 11:10:30.654 - Action: run as service
1812: 11:10:30.654 - Server Starting...
1812: 11:10:30.654 -    Tick count: 26130 (wraps in: 49.71 days)
1812: 11:10:30.654 - Tick count 64: 26130
1812: 11:10:30.654 - Photon Version: 3.4.4.2588
1812: 11:10:30.654 - PID: 1748
1812: 11:10:30.654 - Current directory is: C:\Windows\system32
1812: 11:10:30.654 - Changing current directory to: C:\Program Files\Photon Server\deploy\bin_Win64
1812: 11:10:30.654 - Config File: C:\Program Files\Photon Server\deploy\bin_Win64\PhotonServer.config
1812: 11:10:30.654 - Will NOT log unimportant exceptions
1812: 11:10:30.664 - Not using performance counters as they are not currently installed. Run the service with /InstallCounters to install them.
1812: 11:10:30.664 - Shutdown timeout enabled: 30000ms
1812: 11:10:30.664 - Starting I/O thread pool with 2 threads
1812: 11:10:30.664 - Using Standard allocator
1812: 11:10:30.664 - Max message size: 512000
1812: 11:10:30.664 - Starting business logic thread pool with the following settings
1812: 11:10:30.664 - InitialThreads: 4 threads
1812: 11:10:30.664 - MinThreads: 4 threads
1812: 11:10:30.664 - Thread pool is fixed size
1812: 11:10:30.664 - Starting ENet thread pool with the following settings
1812: 11:10:30.664 - InitialThreads: 2 threads
1812: 11:10:30.664 - MinThreads: 2 threads
1812: 11:10:30.664 - Thread pool is fixed size
1812: 11:10:30.664 - OnlyDispatchTimers: False
1812: 11:10:30.664 - S2S: flow control: Max pending writes: 50
1812: 11:10:30.664 - S2S: flow control: Max queued buffers: 200
1812: 11:10:30.664 - S2S: flow control: Max pending writes MUX: 500
1812: 11:10:30.664 - S2S: flow control: Max queued buffers MUX: 2000
1812: 11:10:30.664 - S2S: MaxInboundMessageSize: 512000
1812: 11:10:30.664 - S2S: MaxOutboundMessageSize: 512000
1812: 11:10:30.664 - S2S: No inactivity timeout
1812: 11:10:30.674 - WebSocket S2S: MaxInboundMessageSize: 512000
1812: 11:10:30.674 - WebSocket S2S: MaxOutboundMessageSize: 512000
1812: 11:10:30.674 - WebSocket S2S: No inactivity timeout
1812: 11:10:30.674 - Max Reliable Data In Transit (awaiting ACKs) per peer : 51200 bytes
1812: 11:10:30.674 - Per peer bandwidth limit
1812: 11:10:30.674 - Transmit Rate Limit: 256 KB/Sec
1812: 11:10:30.674 - Limit period: 200ms
1812: 11:10:30.674 - Limit per period: 52428 bytes
1812: 11:10:30.674 - Max queued data for transmission per peer: 512000 bytes
1812: 11:10:30.674 - Minimum retransmit timeout: 200
1812: 11:10:30.674 - Minimum ENet timeout: 5000ms
1812: 11:10:30.674 - Maximum ENet timeout: 30000ms
1812: 11:10:30.674 - Max Inbound Reliable Data Queued (awaiting resends of earlier sequence numbers) per peer : 163840 bytes
1812: 11:10:30.674 - Outbound ENet: MaxInboundMessageSize: 512000
1812: 11:10:30.674 - Outbound ENet: MaxOutboundMessageSize: 512000
1812: 11:10:30.684 - GetRuntime - About to load CLR - versions available:
1812: 11:10:30.684 - v2.0.50727
1812: 11:10:30.684 - v4.0.30319
1812: 11:10:30.684 - Configuration requests: "v2.0.50727"
1812: 11:10:30.684 - About to load version: "v2.0.50727"
1812: 11:10:30.704 - About to load runtime: PhotonHostRuntime.PhotonDomainManager from PhotonHostRuntime, Culture=neutral, PublicKeyToken=02C301B61B060C4D
1812: 11:10:30.704 - CLRBaseDirectory set to "C:\Program Files\Photon Server\deploy"
1812: 11:10:30.704 - Optimising event broadcast for 20 or more peers
1812: 11:10:30.714 - Start: About to load CLR - versions available:
1812: 11:10:30.714 - v2.0.50727
1812: 11:10:30.714 - v4.0.30319
1812: 11:10:30.714 - No preference in configuration file, will load latest.
1812: 11:10:30.714 - About to load version: "v4.0.30319"
1812: 11:10:30.714 - Loaded version: "v4.0.30319"
1812: 11:10:43.420 - Photon host runtime loaded
1812: 11:11:40.282 - LICENSE: No license file was found. Starting with Bootstrap License.
1812: 11:11:40.282 - License is valid.
1812: 11:11:40.282 - Licensed for 20 concurrent connections.
1812: 11:11:40.282 - ENet: Max Reliable Data In Transit (awaiting ACKs) per peer : 51200 bytes
1812: 11:11:40.282 - ENet: Per peer bandwidth limit
1812: 11:11:40.282 - ENet: Transmit Rate Limit: 256 KB/Sec
1812: 11:11:40.282 - ENet: Limit period: 200ms
1812: 11:11:40.282 - ENet: Limit per period: 52428 bytes
1812: 11:11:40.282 - ENet: Max queued data for transmission per peer: 512000 bytes
1812: 11:11:40.282 - ENet: Minimum retransmit timeout: 200
1812: 11:11:40.282 - ENet: Minimum timeout: 5000ms
1812: 11:11:40.282 - ENet: Maximum timeout: 30000ms
1812: 11:11:40.282 - ENet: Max Inbound Reliable Data Queued (awaiting resends of earlier sequence numbers) per peer : 163840 bytes
1812: 11:11:40.282 - About to load application: Lite from Lite
1812: 11:11:40.282 - Auto restart is enabled for application, existing connections will be terminated during restart
1812: 11:11:40.282 - Application will restart 1000ms after the last change detected
1812: 11:11:40.282 - Application will restart if files matching the following are changed: "dll;config"
1812: 11:11:40.282 - Application will NOT restart if files matching the following are changed: "log4net.config"
1812: 11:11:41.128 - Taking reference on default app domain
1812: 11:11:41.337 - Application: "Lite" started in app domain: 2
1812: 11:11:41.337 - About to load application: LiteLobby from LiteLobby
1812: 11:11:41.337 - Auto restart is enabled for application, existing connections will be terminated during restart
1812: 11:11:41.337 - Application will restart 1000ms after the last change detected
1812: 11:11:41.337 - Application will restart if files matching the following are changed: "dll;config"
1812: 11:11:41.337 - Application will NOT restart if files matching the following are changed: "log4net.config"
1812: 11:11:41.535 - Taking reference on default app domain
1812: 11:11:41.745 - Application: "LiteLobby" started in app domain: 3
1812: 11:11:41.745 - About to load application: MmoDemo from Photon.MmoDemo.Server
1812: 11:11:41.745 - Auto restart is enabled for application, existing connections will be terminated during restart
1812: 11:11:41.745 - Application will restart 1000ms after the last change detected
1812: 11:11:41.745 - Application will restart if files matching the following are changed: "dll;config"
1812: 11:11:41.745 - Application will NOT restart if files matching the following are changed: "log4net.config"
1812: 11:11:41.928 - Taking reference on default app domain
1812: 11:11:42.117 - Application: "MmoDemo" started in app domain: 4
1812: 11:11:42.117 - About to load application: CounterPublisher from CounterPublisher
1812: 11:11:42.117 - Auto restart is enabled for application, existing connections will be terminated during restart
1812: 11:11:42.117 - Application will restart 1000ms after the last change detected
1812: 11:11:42.117 - Application will restart if files matching the following are changed: "dll;config"
1812: 11:11:42.117 - Application will NOT restart if files matching the following are changed: "log4net.config"
1812: 11:11:42.278 - Taking reference on default app domain
1812: 11:11:42.423 - Application: "CounterPublisher" started in app domain: 5
1812: 11:11:42.423 - About to load application: ChatServer from ChatServer
1812: 11:11:42.499 - Taking reference on default app domain
1812: 11:11:42.593 - Application: "ChatServer" started in app domain: 6
1812: 11:11:42.594 - Adding TCP listener on :0.0.0.0: 4530 with a listen backlog of: 150
1812: 11:11:42.594 - TCP inactivity timeout: 10000ms
1812: 11:11:42.594 - TCP disconnect timeout: 120000ms
1812: 11:11:42.594 - MaxInboundMessageSize: 512000
1812: 11:11:42.594 - MaxOutboundMessageSize: 512000
1812: 11:11:42.603 - Serving policy file requests from: "C:\Program Files\Photon Server\deploy\Policy\assets\socket-policy.xml"
1812: 11:11:42.611 - MaxInboundMessageSize: 512000
1812: 11:11:42.611 - MaxOutboundMessageSize: 512000
1812: 11:11:42.611 - UDP address specified as:0.0.0.0 adding listener to each available IPv4 address
1812: 11:11:42.612 - Adding UDP listener on :192.168.1.15: 5055 with a listen backlog of: 500
1812: 11:11:42.612 - Adding UDP listener on :127.0.0.1: 5055 with a listen backlog of: 500
1812: 11:11:42.612 - Adding WebSocket TCP listener on :0.0.0.0: 9090 with a listen backlog of: 150
1812: 11:11:42.612 - Nagle disabled
1812: 11:11:42.612 - TCP inactivity timeout: 10000ms
1812: 11:11:42.612 - MaxInboundMessageSize: 512000
1812: 11:11:42.612 - MaxOutboundMessageSize: 512000
1812: 11:11:42.612 - Forcing all applications ids to: "Lite"
1812: 11:11:42.612 - Will accept ANY sub-protocols from the client
1812: 11:11:42.612 - No automatic WebSocket ping
1812: 11:11:42.624 - Adding Policy File listener on :0.0.0.0: 843 with a listen backlog of: 150 and serving Policy File: "C:\Program Files\Photon Server\deploy\Policy\assets\socket-policy.xml"
1812: 11:11:42.624 - TCP inactivity timeout: 10000ms
1812: 11:11:42.624 - Adding Policy File listener on :0.0.0.0: 943 with a listen backlog of: 150 and serving Policy File: "C:\Program Files\Photon Server\deploy\Policy\assets\socket-policy-silverlight.xml"
1812: 11:11:42.624 - TCP inactivity timeout: 10000ms
1812: 11:11:42.662 - Service is running...
1876: 11:35:50.780 - ---
1876: 11:35:50.780 - Service: "Photon Socket Server" starting
1876: 11:35:50.780 - Config File: C:\Program Files\Photon Server\deploy\bin_Win64\PhotonServer.config
1876: 11:35:50.780 - Will produce at most: 10 crash dumps
1876: 11:35:50.780 - Action: run as service
1428: 11:35:50.795 - Server Starting...
1428: 11:35:50.795 -    Tick count: 39873 (wraps in: 49.7098 days)
1428: 11:35:50.795 - Tick count 64: 39873
1428: 11:35:50.795 - Photon Version: 3.4.4.2588
1428: 11:35:50.795 - PID: 1872
1428: 11:35:50.795 - Current directory is: C:\Windows\system32
1428: 11:35:50.795 - Changing current directory to: C:\Program Files\Photon Server\deploy\bin_Win64
1428: 11:35:50.795 - Config File: C:\Program Files\Photon Server\deploy\bin_Win64\PhotonServer.config
1428: 11:35:50.795 - Will NOT log unimportant exceptions
1428: 11:35:50.795 - Not using performance counters as they are not currently installed. Run the service with /InstallCounters to install them.
1428: 11:35:50.795 - Shutdown timeout enabled: 30000ms
1428: 11:35:50.858 - Starting I/O thread pool with 2 threads
1428: 11:35:50.858 - Using Standard allocator
1428: 11:35:50.858 - Max message size: 512000
1428: 11:35:50.858 - Starting business logic thread pool with the following settings
1428: 11:35:50.858 - InitialThreads: 4 threads
1428: 11:35:50.858 - MinThreads: 4 threads
1428: 11:35:50.858 - Thread pool is fixed size
1428: 11:35:50.858 - Starting ENet thread pool with the following settings
1428: 11:35:50.858 - InitialThreads: 2 threads
1428: 11:35:50.858 - MinThreads: 2 threads
1428: 11:35:50.858 - Thread pool is fixed size
1428: 11:35:50.858 - OnlyDispatchTimers: False
1428: 11:35:50.858 - S2S: flow control: Max pending writes: 50
1428: 11:35:50.858 - S2S: flow control: Max queued buffers: 200
1428: 11:35:50.858 - S2S: flow control: Max pending writes MUX: 500
1428: 11:35:50.858 - S2S: flow control: Max queued buffers MUX: 2000
1428: 11:35:50.858 - S2S: MaxInboundMessageSize: 512000
1428: 11:35:50.858 - S2S: MaxOutboundMessageSize: 512000
1428: 11:35:50.858 - S2S: No inactivity timeout
1428: 11:35:50.858 - WebSocket S2S: MaxInboundMessageSize: 512000
1428: 11:35:50.858 - WebSocket S2S: MaxOutboundMessageSize: 512000
1428: 11:35:50.858 - WebSocket S2S: No inactivity timeout
1428: 11:35:50.858 - Max Reliable Data In Transit (awaiting ACKs) per peer : 51200 bytes
1428: 11:35:50.858 - Per peer bandwidth limit
1428: 11:35:50.858 - Transmit Rate Limit: 256 KB/Sec
1428: 11:35:50.858 - Limit period: 200ms
1428: 11:35:50.858 - Limit per period: 52428 bytes
1428: 11:35:50.858 - Max queued data for transmission per peer: 512000 bytes
1428: 11:35:50.858 - Minimum retransmit timeout: 200
1428: 11:35:50.858 - Minimum ENet timeout: 5000ms
1428: 11:35:50.858 - Maximum ENet timeout: 30000ms
1428: 11:35:50.858 - Max Inbound Reliable Data Queued (awaiting resends of earlier sequence numbers) per peer : 163840 bytes
1428: 11:35:50.858 - Outbound ENet: MaxInboundMessageSize: 512000
1428: 11:35:50.858 - Outbound ENet: MaxOutboundMessageSize: 512000
1428: 11:35:52.511 - GetRuntime - About to load CLR - versions available:
1428: 11:35:52.511 - v2.0.50727
1428: 11:35:52.511 - v4.0.30319
1428: 11:35:52.511 - Configuration requests: "v2.0.50727"
1428: 11:35:52.511 - About to load version: "v2.0.50727"
1428: 11:35:52.527 - About to load runtime: PhotonHostRuntime.PhotonDomainManager from PhotonHostRuntime, Culture=neutral, PublicKeyToken=02C301B61B060C4D
1428: 11:35:52.527 - CLRBaseDirectory set to "C:\Program Files\Photon Server\deploy"
1428: 11:35:52.527 - Optimising event broadcast for 20 or more peers
1428: 11:35:52.527 - Start: About to load CLR - versions available:
1428: 11:35:52.527 - v2.0.50727
1428: 11:35:52.527 - v4.0.30319
1428: 11:35:52.527 - No preference in configuration file, will load latest.
1428: 11:35:52.527 - About to load version: "v4.0.30319"
1428: 11:35:52.667 - Loaded version: "v4.0.30319"
1428: 11:36:09.266 - Photon host runtime loaded
1428: 11:36:15.365 - LICENSE: No license file was found. Starting with Bootstrap License.
1428: 11:36:15.365 - License is valid.
1428: 11:36:15.365 - Licensed for 20 concurrent connections.
1428: 11:36:15.365 - ENet: Max Reliable Data In Transit (awaiting ACKs) per peer : 51200 bytes
1428: 11:36:15.365 - ENet: Per peer bandwidth limit
1428: 11:36:15.365 - ENet: Transmit Rate Limit: 256 KB/Sec
1428: 11:36:15.365 - ENet: Limit period: 200ms
1428: 11:36:15.365 - ENet: Limit per period: 52428 bytes
1428: 11:36:15.365 - ENet: Max queued data for transmission per peer: 512000 bytes
1428: 11:36:15.365 - ENet: Minimum retransmit timeout: 200
1428: 11:36:15.365 - ENet: Minimum timeout: 5000ms
1428: 11:36:15.365 - ENet: Maximum timeout: 30000ms
1428: 11:36:15.365 - ENet: Max Inbound Reliable Data Queued (awaiting resends of earlier sequence numbers) per peer : 163840 bytes
1428: 11:36:15.365 - About to load application: Lite from Lite
1428: 11:36:15.365 - Auto restart is enabled for application, existing connections will be terminated during restart
1428: 11:36:15.365 - Application will restart 1000ms after the last change detected
1428: 11:36:15.365 - Application will restart if files matching the following are changed: "dll;config"
1428: 11:36:15.365 - Application will NOT restart if files matching the following are changed: "log4net.config"
1428: 11:36:15.521 - Taking reference on default app domain
1428: 11:36:15.630 - Application: "Lite" started in app domain: 2
1428: 11:36:15.630 - About to load application: LiteLobby from LiteLobby
1428: 11:36:15.630 - Auto restart is enabled for application, existing connections will be terminated during restart
1428: 11:36:15.630 - Application will restart 1000ms after the last change detected
1428: 11:36:15.630 - Application will restart if files matching the following are changed: "dll;config"
1428: 11:36:15.630 - Application will NOT restart if files matching the following are changed: "log4net.config"
1428: 11:36:15.755 - Taking reference on default app domain
1428: 11:36:15.864 - Application: "LiteLobby" started in app domain: 3
1428: 11:36:15.864 - About to load application: MmoDemo from Photon.MmoDemo.Server
1428: 11:36:15.864 - Auto restart is enabled for application, existing connections will be terminated during restart
1428: 11:36:15.864 - Application will restart 1000ms after the last change detected
1428: 11:36:15.864 - Application will restart if files matching the following are changed: "dll;config"
1428: 11:36:15.864 - Application will NOT restart if files matching the following are changed: "log4net.config"
1428: 11:36:15.989 - Taking reference on default app domain
1428: 11:36:16.083 - Application: "MmoDemo" started in app domain: 4
1428: 11:36:16.083 - About to load application: CounterPublisher from CounterPublisher
1428: 11:36:16.083 - Auto restart is enabled for application, existing connections will be terminated during restart
1428: 11:36:16.083 - Application will restart 1000ms after the last change detected
1428: 11:36:16.083 - Application will restart if files matching the following are changed: "dll;config"
1428: 11:36:16.083 - Application will NOT restart if files matching the following are changed: "log4net.config"
1428: 11:36:16.208 - Taking reference on default app domain
1428: 11:36:16.301 - Application: "CounterPublisher" started in app domain: 5
1428: 11:36:16.301 - About to load application: ChatServer from ChatServer
1428: 11:36:16.379 - Taking reference on default app domain
1428: 11:36:16.426 - Application: "ChatServer" started in app domain: 6
1428: 11:36:16.426 - Adding TCP listener on :0.0.0.0: 4530 with a listen backlog of: 150
1428: 11:36:16.426 - TCP inactivity timeout: 10000ms
1428: 11:36:16.426 - TCP disconnect timeout: 120000ms
1428: 11:36:16.426 - MaxInboundMessageSize: 512000
1428: 11:36:16.426 - MaxOutboundMessageSize: 512000
1428: 11:36:16.426 - Serving policy file requests from: "C:\Program Files\Photon Server\deploy\Policy\assets\socket-policy.xml"
1428: 11:36:16.426 - MaxInboundMessageSize: 512000
1428: 11:36:16.426 - MaxOutboundMessageSize: 512000
1428: 11:36:16.426 - UDP address specified as:0.0.0.0 adding listener to each available IPv4 address
1428: 11:36:16.426 - Adding UDP listener on :192.168.1.15: 5055 with a listen backlog of: 500
1428: 11:36:16.426 - Adding UDP listener on :127.0.0.1: 5055 with a listen backlog of: 500
1428: 11:36:16.426 - Adding WebSocket TCP listener on :0.0.0.0: 9090 with a listen backlog of: 150
1428: 11:36:16.426 - Nagle disabled
1428: 11:36:16.426 - TCP inactivity timeout: 10000ms
1428: 11:36:16.426 - MaxInboundMessageSize: 512000
1428: 11:36:16.426 - MaxOutboundMessageSize: 512000
1428: 11:36:16.426 - Forcing all applications ids to: "Lite"
1428: 11:36:16.426 - Will accept ANY sub-protocols from the client
1428: 11:36:16.426 - No automatic WebSocket ping
1428: 11:36:16.426 - Adding Policy File listener on :0.0.0.0: 843 with a listen backlog of: 150 and serving Policy File: "C:\Program Files\Photon Server\deploy\Policy\assets\socket-policy.xml"
1428: 11:36:16.426 - TCP inactivity timeout: 10000ms
1428: 11:36:16.426 - Adding Policy File listener on :0.0.0.0: 943 with a listen backlog of: 150 and serving Policy File: "C:\Program Files\Photon Server\deploy\Policy\assets\socket-policy-silverlight.xml"
1428: 11:36:16.426 - TCP inactivity timeout: 10000ms
1428: 11:36:16.457 - Service is running...
1428: 14:24:46.195 - Service is stopped...
1428: 14:24:46.195 - Server shutting down...
1428: 14:24:46.195 - Shutdown monitoring enabled, 30000ms before process abort
1428: 14:24:46.195 - Notifying CLR applications of shutdown...
1428: 14:24:46.195 - RequestApplicationStop: 6
1428: 14:24:46.554 - RequestApplicationStop: 5
1428: 14:24:46.757 - RequestApplicationStop: 2
1428: 14:24:46.788 - RequestApplicationStop: 3
1428: 14:24:47.006 - RequestApplicationStop: 4
1428: 14:24:47.022 - RequestStop: defalt app domain
1428: 14:24:47.022 - Shutting down WebSocket Outbound Connection Manager...
1428: 14:24:47.022 - Shutting down TCP Outbound Connection Manager...
1428: 14:24:47.038 - Shutting down ENet Outbound Connection Manager...
1428: 14:24:47.038 - Disconnecting all outbound peers...
1428: 14:24:47.038 - Shutting down ENet host...
1428: 14:24:47.038 - Disconnecting all peers...
1428: 14:24:47.038 - Shutting down socket servers...
1428: 14:24:47.038 - Shutting down ENet thread pool...
1428: 14:24:47.038 - Shutting down TCP inactivity timers...
1428: 14:24:47.038 - WaitingForShutdownToComplete: NativePolicy:0.0.0.0:843
1428: 14:24:47.038 - OnShutdownCompleted: NativePolicy:0.0.0.0:843
1428: 14:24:47.038 - WaitingForShutdownToComplete: NativePolicy:0.0.0.0:943
1428: 14:24:47.038 - OnShutdownCompleted: NativePolicy:0.0.0.0:943
1428: 14:24:47.038 - WaitingForShutdownToComplete: TCP:0.0.0.0:4530
1428: 14:24:47.038 - OnShutdownCompleted: TCP:0.0.0.0:4530
1428: 14:24:47.038 - WaitingForShutdownToComplete: UDP:127.0.0.1:5055
1428: 14:24:47.038 - OnShutdownCompleted: UDP:127.0.0.1:5055
1428: 14:24:47.038 - WaitingForShutdownToComplete: UDP:192.168.1.15:5055
1428: 14:24:47.038 - OnShutdownCompleted: UDP:192.168.1.15:5055
1428: 14:24:47.038 - WaitingForShutdownToComplete: WebSocket:0.0.0.0:9090
1428: 14:24:47.038 - OnShutdownCompleted: WebSocket:0.0.0.0:9090
1428: 14:24:47.038 - Shutting down CLR applications...
2244: 14:24:47.053 - CManagedHost::OnDefaultAction() - OPR_AppDomainUnload - eUnloadAppDomain
2064: 14:24:47.069 - Unloading Domain: ApplicationName = 'ChatServer', DomainId='6'
2244: 14:24:47.069 - CManagedHost::OnDomainUnload() - 6
1428: 14:24:47.178 - Shutting down business logic thread pool...
1428: 14:24:47.178 - Shutting down I/O thread pool...
1428: 14:24:47.178 - Destroying servers
1428: 14:24:47.178 - Destroying WebSocket Outbound Connection Manager
1428: 14:24:47.178 - Destroying TCP Outbound Connection Manager
1428: 14:24:47.178 - Destroying TCP inactivity timer
1428: 14:24:47.178 - Destroying ENet timer wheel
1428: 14:24:47.178 - Destroying ENet host
1428: 14:24:47.178 - Destroying ENet outbound host
1428: 14:24:47.178 - Destroying HTTP inactivity timer
1428: 14:24:47.178 - Destroying HTTP host
1428: 14:24:47.178 - Flushing ENET buffer allocator...
1428: 14:24:47.178 - Flushing TCP buffer handle allocator...
1428: 14:24:47.178 - Flushing stream socket allocator...
1428: 14:24:47.178 - Flushing inbound datagram socket allocator...
1428: 14:24:47.178 - Flushing outbound datagram socket allocator...
1428: 14:24:47.178 - Destroying CLR dispatcher
1428: 14:24:47.178 - Destroying CLR applications
2244: 14:24:47.194 - CManagedHost::OnDefaultAction() - OPR_AppDomainUnload - eUnloadAppDomain
2064: 14:24:47.209 - Unloading Domain: ApplicationName = 'Lite', DomainId='2'
2244: 14:24:47.209 - CManagedHost::OnDomainUnload() - 2
1428: 14:24:47.209 - ~CCLRApplicationCollection() - Waiting up to 10 seconds for the CLR to release all of our objects
2244: 14:24:47.209 - CManagedHost::OnDefaultAction() - OPR_AppDomainUnload - eUnloadAppDomain
2064: 14:24:47.225 - Unloading Domain: ApplicationName = 'LiteLobby', DomainId='3'
2244: 14:24:47.225 - CManagedHost::OnDomainUnload() - 3
2244: 14:24:47.225 - CManagedHost::OnDefaultAction() - OPR_AppDomainUnload - eUnloadAppDomain
2064: 14:24:47.240 - Unloading Domain: ApplicationName = 'MmoDemo', DomainId='4'
2244: 14:24:47.240 - CManagedHost::OnDomainUnload() - 4
2244: 14:24:47.240 - CManagedHost::OnDefaultAction() - OPR_AppDomainUnload - eUnloadAppDomain
2064: 14:24:47.272 - Unloading Domain: ApplicationName = 'CounterPublisher', DomainId='5'
2244: 14:24:47.272 - CManagedHost::OnDomainUnload() - 5
1428: 14:24:47.272 - ~CCLRApplicationCollection() - Done. All objects released
1428: 14:24:47.272 - ~CManagedHost() - Release default app domain
1428: 14:24:47.272 - CManagedHost::OnDomainUnload() - 1
1428: 14:24:47.272 - ~CManagedHost() - Waiting up to 10 seconds for CLR shutdown...
1428: 14:24:47.272 - ~CManagedHost
1428: 14:24:47.272 - Destroying ENet thread pool
1428: 14:24:47.272 - Destroying Business logic thread pool
1428: 14:24:47.272 - Destroying I/O thread pool
1428: 14:24:47.272 - Destroying ENet buffer allocator
1428: 14:24:47.272 - Destroying TCP buffer allocator
1428: 14:24:47.272 - Destroying TCP socket allocator
1428: 14:24:47.272 - Destroying ENet inbound socket allocator
1428: 14:24:47.272 - Destroying ENet outbound socket allocator
1428: 14:24:47.272 - Shutdown complete...
1876: 14:24:47.287 - Service shutting down
1876: 14:24:47.287 - Service shut down complete
