316: 19:31:42.273 - ---
316: 19:31:42.273 - Service: "Photon Socket Server" starting
316: 19:31:42.273 - Config File: C:\Users\Justin\Projects\mobas-server\deploy\bin_Win64\PhotonServer.config
316: 19:31:42.274 - Will produce at most: 10 crash dumps
316: 19:31:42.275 - Action: run as exe
316: 19:31:42.275 - Server Starting...
316: 19:31:42.275 -    Tick count: 7755386 (wraps in: 49.6205 days)
316: 19:31:42.275 - Tick count 64: 7755386
316: 19:31:42.275 - Photon Version: 3.4.4.2588
316: 19:31:42.275 - PID: 2908
316: 19:31:42.275 - Config File: C:\Users\Justin\Projects\mobas-server\deploy\bin_Win64\PhotonServer.config
316: 19:31:42.276 - Will NOT log unimportant exceptions
316: 19:31:42.278 - Not using performance counters as they are not currently installed. Run the service with /InstallCounters to install them.
316: 19:31:42.278 - Shutdown timeout enabled: 30000ms
316: 19:31:42.278 - Starting I/O thread pool with 2 threads
316: 19:31:42.278 - Using Standard allocator
316: 19:31:42.278 - Max message size: 512000
316: 19:31:42.278 - Starting business logic thread pool with the following settings
316: 19:31:42.278 - InitialThreads: 4 threads
316: 19:31:42.278 - MinThreads: 4 threads
316: 19:31:42.278 - Thread pool is fixed size
316: 19:31:42.278 - Starting ENet thread pool with the following settings
316: 19:31:42.279 - InitialThreads: 2 threads
316: 19:31:42.279 - MinThreads: 2 threads
316: 19:31:42.279 - Thread pool is fixed size
316: 19:31:42.279 - OnlyDispatchTimers: False
316: 19:31:42.279 - S2S: flow control: Max pending writes: 50
316: 19:31:42.279 - S2S: flow control: Max queued buffers: 200
316: 19:31:42.279 - S2S: flow control: Max pending writes MUX: 500
316: 19:31:42.279 - S2S: flow control: Max queued buffers MUX: 2000
316: 19:31:42.279 - S2S: MaxInboundMessageSize: 512000
316: 19:31:42.279 - S2S: MaxOutboundMessageSize: 512000
316: 19:31:42.279 - S2S: No inactivity timeout
316: 19:31:42.284 - WebSocket S2S: MaxInboundMessageSize: 512000
316: 19:31:42.284 - WebSocket S2S: MaxOutboundMessageSize: 512000
316: 19:31:42.284 - WebSocket S2S: No inactivity timeout
316: 19:31:42.284 - Max Reliable Data In Transit (awaiting ACKs) per peer : 51200 bytes
316: 19:31:42.284 - Per peer bandwidth limit
316: 19:31:42.284 - Transmit Rate Limit: 256 KB/Sec
316: 19:31:42.284 - Limit period: 200ms
316: 19:31:42.284 - Limit per period: 52428 bytes
316: 19:31:42.284 - Max queued data for transmission per peer: 512000 bytes
316: 19:31:42.284 - Minimum retransmit timeout: 200
316: 19:31:42.284 - Minimum ENet timeout: 5000ms
316: 19:31:42.284 - Maximum ENet timeout: 30000ms
316: 19:31:42.284 - Max Inbound Reliable Data Queued (awaiting resends of earlier sequence numbers) per peer : 163840 bytes
316: 19:31:42.284 - Outbound ENet: MaxInboundMessageSize: 512000
316: 19:31:42.284 - Outbound ENet: MaxOutboundMessageSize: 512000
316: 19:31:42.286 - GetRuntime - About to load CLR - versions available:
316: 19:31:42.286 - v2.0.50727
316: 19:31:42.286 - v4.0.30319
316: 19:31:42.286 - Configuration requests: "v2.0.50727"
316: 19:31:42.286 - About to load version: "v2.0.50727"
316: 19:31:42.297 - About to load runtime: PhotonHostRuntime.PhotonDomainManager from PhotonHostRuntime, Culture=neutral, PublicKeyToken=02C301B61B060C4D
316: 19:31:42.297 - CLRBaseDirectory set to "C:\Users\Justin\Projects\mobas-server\deploy"
316: 19:31:42.297 - Optimising event broadcast for 20 or more peers
316: 19:31:42.298 - Start: About to load CLR - versions available:
316: 19:31:42.298 - v2.0.50727
316: 19:31:42.298 - v4.0.30319
316: 19:31:42.298 - No preference in configuration file, will load latest.
316: 19:31:42.298 - About to load version: "v4.0.30319"
316: 19:31:42.299 - Loaded version: "v4.0.30319"
316: 19:31:42.665 - Photon host runtime loaded
316: 19:31:48.605 - License is valid.
316: 19:31:48.605 - Licensed for 100 concurrent connections.
316: 19:31:48.605 - ENet: Max Reliable Data In Transit (awaiting ACKs) per peer : 51200 bytes
316: 19:31:48.605 - ENet: Per peer bandwidth limit
316: 19:31:48.605 - ENet: Transmit Rate Limit: 256 KB/Sec
316: 19:31:48.605 - ENet: Limit period: 200ms
316: 19:31:48.605 - ENet: Limit per period: 52428 bytes
316: 19:31:48.605 - ENet: Max queued data for transmission per peer: 512000 bytes
316: 19:31:48.605 - ENet: Minimum retransmit timeout: 200
316: 19:31:48.605 - ENet: Minimum timeout: 5000ms
316: 19:31:48.605 - ENet: Maximum timeout: 30000ms
316: 19:31:48.605 - ENet: Max Inbound Reliable Data Queued (awaiting resends of earlier sequence numbers) per peer : 163840 bytes
316: 19:31:48.605 - About to load application: Master from Photon.LoadBalancing
316: 19:31:48.605 - Auto restart is enabled for application, existing connections will be terminated during restart
316: 19:31:48.605 - Application will restart 1000ms after the last change detected
316: 19:31:48.605 - Application will restart if files matching the following are changed: "dll;config"
316: 19:31:48.605 - Application will NOT restart if files matching the following are changed: "log4net.config"
316: 19:31:48.816 - Taking reference on default app domain
316: 19:31:48.969 - Application: "Master" started in app domain: 2
316: 19:31:48.969 - About to load application: Game1 from Photon.LoadBalancing
316: 19:31:48.969 - Auto restart is enabled for application, existing connections will be terminated during restart
316: 19:31:48.969 - Application will restart 1000ms after the last change detected
316: 19:31:48.969 - Application will restart if files matching the following are changed: "dll;config"
316: 19:31:48.969 - Application will NOT restart if files matching the following are changed: "log4net.config"
316: 19:31:49.123 - Taking reference on default app domain
316: 19:31:49.244 - Application: "Game1" started in app domain: 3
316: 19:31:49.244 - About to load application: Game2 from Photon.LoadBalancing
316: 19:31:49.244 - Auto restart is enabled for application, existing connections will be terminated during restart
316: 19:31:49.244 - Application will restart 1000ms after the last change detected
316: 19:31:49.244 - Application will restart if files matching the following are changed: "dll;config"
316: 19:31:49.244 - Application will NOT restart if files matching the following are changed: "log4net.config"
316: 19:31:49.373 - Taking reference on default app domain
316: 19:31:49.527 - Application: "Game2" started in app domain: 4
316: 19:31:49.527 - About to load application: CounterPublisher from CounterPublisher
316: 19:31:49.527 - Auto restart is enabled for application, existing connections will be terminated during restart
316: 19:31:49.527 - Application will restart 1000ms after the last change detected
316: 19:31:49.527 - Application will restart if files matching the following are changed: "dll;config"
316: 19:31:49.527 - Application will NOT restart if files matching the following are changed: "log4net.config"
316: 19:31:49.662 - Taking reference on default app domain
316: 19:31:49.852 - Application: "CounterPublisher" started in app domain: 5
316: 19:31:49.852 - Adding TCP listener on :0.0.0.0: 4530 with a listen backlog of: 150
316: 19:31:49.852 - TCP inactivity timeout: 10000ms
316: 19:31:49.852 - TCP disconnect timeout: 120000ms
316: 19:31:49.852 - MaxInboundMessageSize: 512000
316: 19:31:49.852 - MaxOutboundMessageSize: 512000
316: 19:31:49.852 - Forcing all applications ids to: "Master"
316: 19:31:49.853 - Serving policy file requests from: "C:\Users\Justin\Projects\mobas-server\deploy\Policy\assets\socket-policy.xml"
316: 19:31:49.853 - Adding TCP listener on :0.0.0.0: 4531 with a listen backlog of: 150
316: 19:31:49.853 - TCP inactivity timeout: 10000ms
316: 19:31:49.853 - TCP disconnect timeout: 120000ms
316: 19:31:49.853 - MaxInboundMessageSize: 512000
316: 19:31:49.853 - MaxOutboundMessageSize: 512000
316: 19:31:49.853 - Forcing all applications ids to: "Game1"
316: 19:31:49.853 - Serving policy file requests from: "C:\Users\Justin\Projects\mobas-server\deploy\Policy\assets\socket-policy.xml"
316: 19:31:49.853 - Adding TCP listener on :0.0.0.0: 4532 with a listen backlog of: 150
316: 19:31:49.853 - TCP inactivity timeout: 10000ms
316: 19:31:49.853 - TCP disconnect timeout: 120000ms
316: 19:31:49.853 - MaxInboundMessageSize: 512000
316: 19:31:49.853 - MaxOutboundMessageSize: 512000
316: 19:31:49.853 - Forcing all applications ids to: "Game2"
316: 19:31:49.854 - Serving policy file requests from: "C:\Users\Justin\Projects\mobas-server\deploy\Policy\assets\socket-policy.xml"
316: 19:31:49.854 - Adding TCP listener on :0.0.0.0: 4520 with a listen backlog of: 150
316: 19:31:49.854 - TCP inactivity timeout: 5000ms
316: 19:31:49.854 - TCP disconnect timeout: 120000ms
316: 19:31:49.854 - MaxInboundMessageSize: 512000
316: 19:31:49.854 - MaxOutboundMessageSize: 512000
316: 19:31:49.854 - Forcing all applications ids to: "Master"
316: 19:31:49.854 - MaxInboundMessageSize: 512000
316: 19:31:49.854 - MaxOutboundMessageSize: 512000
316: 19:31:49.854 - UDP address specified as:0.0.0.0 adding listener to each available IPv4 address
316: 19:31:49.854 - Adding UDP listener on :192.168.1.7: 5055 with a listen backlog of: 500
316: 19:31:49.854 - Adding UDP listener on :127.0.0.1: 5055 with a listen backlog of: 500
316: 19:31:49.854 - Forcing all applications ids to: "Game1"
316: 19:31:49.854 - MaxInboundMessageSize: 512000
316: 19:31:49.854 - MaxOutboundMessageSize: 512000
316: 19:31:49.854 - UDP address specified as:0.0.0.0 adding listener to each available IPv4 address
316: 19:31:49.855 - Adding UDP listener on :192.168.1.7: 5056 with a listen backlog of: 500
316: 19:31:49.855 - Adding UDP listener on :127.0.0.1: 5056 with a listen backlog of: 500
316: 19:31:49.855 - Forcing all applications ids to: "Game2"
316: 19:31:49.855 - MaxInboundMessageSize: 512000
316: 19:31:49.855 - MaxOutboundMessageSize: 512000
316: 19:31:49.855 - UDP address specified as:0.0.0.0 adding listener to each available IPv4 address
316: 19:31:49.855 - Adding UDP listener on :192.168.1.7: 5057 with a listen backlog of: 500
316: 19:31:49.855 - Adding UDP listener on :127.0.0.1: 5057 with a listen backlog of: 500
316: 19:31:49.855 - Adding WebSocket TCP listener on :0.0.0.0: 9090 with a listen backlog of: 150
316: 19:31:49.855 - Nagle disabled
316: 19:31:49.855 - TCP inactivity timeout: 10000ms
316: 19:31:49.855 - MaxInboundMessageSize: 512000
316: 19:31:49.855 - MaxOutboundMessageSize: 512000
316: 19:31:49.855 - Forcing all applications ids to: "Master"
316: 19:31:49.855 - Will accept ANY sub-protocols from the client
316: 19:31:49.855 - No automatic WebSocket ping
316: 19:31:49.855 - Adding WebSocket TCP listener on :0.0.0.0: 9091 with a listen backlog of: 150
316: 19:31:49.855 - Nagle disabled
316: 19:31:49.855 - TCP inactivity timeout: 10000ms
316: 19:31:49.855 - MaxInboundMessageSize: 512000
316: 19:31:49.855 - MaxOutboundMessageSize: 512000
316: 19:31:49.856 - Forcing all applications ids to: "Game1"
316: 19:31:49.856 - Will accept ANY sub-protocols from the client
316: 19:31:49.856 - No automatic WebSocket ping
316: 19:31:49.856 - Adding WebSocket TCP listener on :0.0.0.0: 9092 with a listen backlog of: 150
316: 19:31:49.856 - Nagle disabled
316: 19:31:49.856 - TCP inactivity timeout: 10000ms
316: 19:31:49.856 - MaxInboundMessageSize: 512000
316: 19:31:49.856 - MaxOutboundMessageSize: 512000
316: 19:31:49.856 - Forcing all applications ids to: "Game2"
316: 19:31:49.856 - Will accept ANY sub-protocols from the client
316: 19:31:49.856 - No automatic WebSocket ping
316: 19:31:49.856 - Adding Policy File listener on :0.0.0.0: 843 with a listen backlog of: 150 and serving Policy File: "C:\Users\Justin\Projects\mobas-server\deploy\Policy\assets\socket-policy.xml"
316: 19:31:49.856 - TCP inactivity timeout: 1000ms
316: 19:31:49.856 - Adding Policy File listener on :0.0.0.0: 943 with a listen backlog of: 150 and serving Policy File: "C:\Users\Justin\Projects\mobas-server\deploy\Policy\assets\socket-policy-silverlight.xml"
316: 19:31:49.856 - TCP inactivity timeout: 1000ms
316: 19:31:50.030 - Service is running...
