3068: 16:09:23.380 - Service is stopped...
3068: 16:09:23.395 - Server shutting down...
3068: 16:09:23.395 - Shutdown monitoring enabled, 30000ms before process abort
3068: 16:09:23.395 - Notifying CLR applications of shutdown...
3068: 16:09:23.395 - RequestApplicationStop: 6
3068: 16:09:23.473 - RequestApplicationStop: 5
3068: 16:09:23.583 - RequestApplicationStop: 2
3068: 16:09:24.191 - RequestApplicationStop: 3
3068: 16:09:24.222 - RequestApplicationStop: 4
3068: 16:09:24.253 - RequestStop: defalt app domain
3068: 16:09:24.347 - Shutting down WebSocket Outbound Connection Manager...
3068: 16:09:24.347 - Shutting down TCP Outbound Connection Manager...
3068: 16:09:24.347 - Shutting down ENet Outbound Connection Manager...
3068: 16:09:24.347 - Disconnecting all outbound peers...
3068: 16:09:24.347 - Shutting down ENet host...
3068: 16:09:24.347 - Disconnecting all peers...
3068: 16:09:24.347 - Shutting down socket servers...
3068: 16:09:24.347 - Shutting down ENet thread pool...
3068: 16:09:24.347 - Shutting down TCP inactivity timers...
3068: 16:09:24.347 - WaitingForShutdownToComplete: NativePolicy:0.0.0.0:843
3068: 16:09:24.347 - OnShutdownCompleted: NativePolicy:0.0.0.0:843
3068: 16:09:24.347 - WaitingForShutdownToComplete: NativePolicy:0.0.0.0:943
3068: 16:09:24.347 - OnShutdownCompleted: NativePolicy:0.0.0.0:943
3068: 16:09:24.347 - WaitingForShutdownToComplete: TCP:0.0.0.0:4530
3068: 16:09:24.347 - OnShutdownCompleted: TCP:0.0.0.0:4530
3068: 16:09:24.347 - WaitingForShutdownToComplete: UDP:127.0.0.1:5055
3068: 16:09:24.347 - OnShutdownCompleted: UDP:127.0.0.1:5055
3068: 16:09:24.347 - WaitingForShutdownToComplete: UDP:192.168.1.15:5055
3068: 16:09:24.347 - OnShutdownCompleted: UDP:192.168.1.15:5055
3068: 16:09:24.347 - WaitingForShutdownToComplete: WebSocket:0.0.0.0:9090
3068: 16:09:24.347 - OnShutdownCompleted: WebSocket:0.0.0.0:9090
3068: 16:09:24.347 - Shutting down CLR applications...
3068: 16:09:24.363 - Shutting down business logic thread pool...
3068: 16:09:24.363 - Shutting down I/O thread pool...
3068: 16:09:24.363 - Destroying servers
3068: 16:09:24.363 - Destroying WebSocket Outbound Connection Manager
3068: 16:09:24.363 - Destroying TCP Outbound Connection Manager
3068: 16:09:24.363 - Destroying TCP inactivity timer
3068: 16:09:24.363 - Destroying ENet timer wheel
3068: 16:09:24.363 - Destroying ENet host
3068: 16:09:24.363 - Destroying ENet outbound host
3068: 16:09:24.363 - Destroying HTTP inactivity timer
3068: 16:09:24.363 - Destroying HTTP host
3068: 16:09:24.363 - Flushing ENET buffer allocator...
3068: 16:09:24.363 - Flushing TCP buffer handle allocator...
3068: 16:09:24.363 - Flushing stream socket allocator...
3068: 16:09:24.363 - Flushing inbound datagram socket allocator...
3068: 16:09:24.363 - Flushing outbound datagram socket allocator...
3068: 16:09:24.363 - Destroying CLR dispatcher
3068: 16:09:24.363 - Destroying CLR applications
3068: 16:09:24.363 - ~CCLRApplicationCollection() - Waiting up to 10 seconds for the CLR to release all of our objects
5948: 16:09:24.363 - CManagedHost::OnDefaultAction() - OPR_AppDomainUnload - eUnloadAppDomain
5992: 16:09:24.378 - Unloading Domain: ApplicationName = 'ChatServer', DomainId='6'
5948: 16:09:24.378 - CManagedHost::OnDomainUnload() - 6
5948: 16:09:24.487 - CManagedHost::OnDefaultAction() - OPR_AppDomainUnload - eUnloadAppDomain
5992: 16:09:24.503 - Unloading Domain: ApplicationName = 'Lite', DomainId='2'
5948: 16:09:24.503 - CManagedHost::OnDomainUnload() - 2
5948: 16:09:24.721 - CManagedHost::OnDefaultAction() - OPR_AppDomainUnload - eUnloadAppDomain
5992: 16:09:24.737 - Unloading Domain: ApplicationName = 'LiteLobby', DomainId='3'
5948: 16:09:24.737 - CManagedHost::OnDomainUnload() - 3
5948: 16:09:24.893 - CManagedHost::OnDefaultAction() - OPR_AppDomainUnload - eUnloadAppDomain
5992: 16:09:24.909 - Unloading Domain: ApplicationName = 'MmoDemo', DomainId='4'
5948: 16:09:24.909 - CManagedHost::OnDomainUnload() - 4
5948: 16:09:25.018 - CManagedHost::OnDefaultAction() - OPR_AppDomainUnload - eUnloadAppDomain
5992: 16:09:25.049 - Unloading Domain: ApplicationName = 'CounterPublisher', DomainId='5'
5948: 16:09:25.283 - CManagedHost::OnDomainUnload() - 5
3068: 16:09:25.283 - ~CCLRApplicationCollection() - Done. All objects released
3068: 16:09:25.283 - ~CManagedHost() - Release default app domain
3068: 16:09:25.283 - CManagedHost::OnDomainUnload() - 1
3068: 16:09:25.283 - ~CManagedHost() - Waiting up to 10 seconds for CLR shutdown...
3068: 16:09:25.283 - ~CManagedHost
3068: 16:09:25.283 - Destroying ENet thread pool
3068: 16:09:25.283 - Destroying Business logic thread pool
3068: 16:09:25.283 - Destroying I/O thread pool
3068: 16:09:25.283 - Destroying ENet buffer allocator
3068: 16:09:25.283 - Destroying TCP buffer allocator
3068: 16:09:25.283 - Destroying TCP socket allocator
3068: 16:09:25.283 - Destroying ENet inbound socket allocator
3068: 16:09:25.283 - Destroying ENet outbound socket allocator
3068: 16:09:25.283 - Shutdown complete...
5988: 16:09:25.283 - Service shutting down
5988: 16:09:25.299 - Service shut down complete
1808: 17:17:27.439 - ---
1808: 17:17:27.439 - Service: "Photon Socket Server" starting
1808: 17:17:27.439 - Config File: C:\Program Files\Photon Server\deploy\bin_Win64\PhotonServer.config
1808: 17:17:27.459 - Will produce at most: 10 crash dumps
1808: 17:17:27.459 - Action: run as service
1868: 17:17:27.469 - Server Starting...
1868: 17:17:27.469 -    Tick count: 24944 (wraps in: 49.71 days)
1868: 17:17:27.469 - Tick count 64: 24944
1868: 17:17:27.469 - Photon Version: 3.4.4.2588
1868: 17:17:27.469 - PID: 1804
1868: 17:17:27.469 - Current directory is: C:\Windows\system32
1868: 17:17:27.469 - Changing current directory to: C:\Program Files\Photon Server\deploy\bin_Win64
1868: 17:17:27.469 - Config File: C:\Program Files\Photon Server\deploy\bin_Win64\PhotonServer.config
1868: 17:17:27.469 - Will NOT log unimportant exceptions
1868: 17:17:27.529 - Not using performance counters as they are not currently installed. Run the service with /InstallCounters to install them.
1868: 17:17:27.529 - Shutdown timeout enabled: 30000ms
1868: 17:17:27.539 - Starting I/O thread pool with 2 threads
1868: 17:17:27.539 - Using Standard allocator
1868: 17:17:27.539 - Max message size: 512000
1868: 17:17:27.539 - Starting business logic thread pool with the following settings
1868: 17:17:27.539 - InitialThreads: 4 threads
1868: 17:17:27.539 - MinThreads: 4 threads
1868: 17:17:27.539 - Thread pool is fixed size
1868: 17:17:27.539 - Starting ENet thread pool with the following settings
1868: 17:17:27.539 - InitialThreads: 2 threads
1868: 17:17:27.539 - MinThreads: 2 threads
1868: 17:17:27.539 - Thread pool is fixed size
1868: 17:17:27.539 - OnlyDispatchTimers: False
1868: 17:17:27.539 - S2S: flow control: Max pending writes: 50
1868: 17:17:27.539 - S2S: flow control: Max queued buffers: 200
1868: 17:17:27.539 - S2S: flow control: Max pending writes MUX: 500
1868: 17:17:27.539 - S2S: flow control: Max queued buffers MUX: 2000
1868: 17:17:27.539 - S2S: MaxInboundMessageSize: 512000
1868: 17:17:27.539 - S2S: MaxOutboundMessageSize: 512000
1868: 17:17:27.539 - S2S: No inactivity timeout
1868: 17:17:27.549 - WebSocket S2S: MaxInboundMessageSize: 512000
1868: 17:17:27.549 - WebSocket S2S: MaxOutboundMessageSize: 512000
1868: 17:17:27.549 - WebSocket S2S: No inactivity timeout
1868: 17:17:27.549 - Max Reliable Data In Transit (awaiting ACKs) per peer : 51200 bytes
1868: 17:17:27.549 - Per peer bandwidth limit
1868: 17:17:27.549 - Transmit Rate Limit: 256 KB/Sec
1868: 17:17:27.549 - Limit period: 200ms
1868: 17:17:27.549 - Limit per period: 52428 bytes
1868: 17:17:27.549 - Max queued data for transmission per peer: 512000 bytes
1868: 17:17:27.549 - Minimum retransmit timeout: 200
1868: 17:17:27.549 - Minimum ENet timeout: 5000ms
1868: 17:17:27.549 - Maximum ENet timeout: 30000ms
1868: 17:17:27.549 - Max Inbound Reliable Data Queued (awaiting resends of earlier sequence numbers) per peer : 163840 bytes
1868: 17:17:27.549 - Outbound ENet: MaxInboundMessageSize: 512000
1868: 17:17:27.549 - Outbound ENet: MaxOutboundMessageSize: 512000
1868: 17:17:27.629 - GetRuntime - About to load CLR - versions available:
1868: 17:17:27.629 - v2.0.50727
1868: 17:17:27.629 - v4.0.30319
1868: 17:17:27.629 - Configuration requests: "v2.0.50727"
1868: 17:17:27.629 - About to load version: "v2.0.50727"
1868: 17:17:27.829 - About to load runtime: PhotonHostRuntime.PhotonDomainManager from PhotonHostRuntime, Culture=neutral, PublicKeyToken=02C301B61B060C4D
1868: 17:17:27.829 - CLRBaseDirectory set to "C:\Program Files\Photon Server\deploy"
1868: 17:17:27.829 - Optimising event broadcast for 20 or more peers
1868: 17:17:27.859 - Start: About to load CLR - versions available:
1868: 17:17:27.859 - v2.0.50727
1868: 17:17:27.859 - v4.0.30319
1868: 17:17:27.859 - No preference in configuration file, will load latest.
1868: 17:17:27.859 - About to load version: "v4.0.30319"
1868: 17:17:27.999 - Loaded version: "v4.0.30319"
1868: 17:17:30.592 - Photon host runtime loaded
1868: 17:17:44.948 - LICENSE: No license file was found. Starting with Bootstrap License.
1868: 17:17:44.948 - License is valid.
1868: 17:17:44.948 - Licensed for 20 concurrent connections.
1868: 17:17:44.948 - ENet: Max Reliable Data In Transit (awaiting ACKs) per peer : 51200 bytes
1868: 17:17:44.948 - ENet: Per peer bandwidth limit
1868: 17:17:44.948 - ENet: Transmit Rate Limit: 256 KB/Sec
1868: 17:17:44.948 - ENet: Limit period: 200ms
1868: 17:17:44.948 - ENet: Limit per period: 52428 bytes
1868: 17:17:44.948 - ENet: Max queued data for transmission per peer: 512000 bytes
1868: 17:17:44.948 - ENet: Minimum retransmit timeout: 200
1868: 17:17:44.948 - ENet: Minimum timeout: 5000ms
1868: 17:17:44.948 - ENet: Maximum timeout: 30000ms
1868: 17:17:44.948 - ENet: Max Inbound Reliable Data Queued (awaiting resends of earlier sequence numbers) per peer : 163840 bytes
1868: 17:17:44.958 - About to load application: Lite from Lite
1868: 17:17:44.958 - Auto restart is enabled for application, existing connections will be terminated during restart
1868: 17:17:44.958 - Application will restart 1000ms after the last change detected
1868: 17:17:44.958 - Application will restart if files matching the following are changed: "dll;config"
1868: 17:17:44.958 - Application will NOT restart if files matching the following are changed: "log4net.config"
1868: 17:17:48.598 - Taking reference on default app domain
1868: 17:17:49.284 - Application: "Lite" started in app domain: 2
1868: 17:17:49.284 - About to load application: LiteLobby from LiteLobby
1868: 17:17:49.284 - Auto restart is enabled for application, existing connections will be terminated during restart
1868: 17:17:49.284 - Application will restart 1000ms after the last change detected
1868: 17:17:49.284 - Application will restart if files matching the following are changed: "dll;config"
1868: 17:17:49.284 - Application will NOT restart if files matching the following are changed: "log4net.config"
1868: 17:17:49.705 - Taking reference on default app domain
1868: 17:17:50.033 - Application: "LiteLobby" started in app domain: 3
1868: 17:17:50.033 - About to load application: MmoDemo from Photon.MmoDemo.Server
1868: 17:17:50.033 - Auto restart is enabled for application, existing connections will be terminated during restart
1868: 17:17:50.033 - Application will restart 1000ms after the last change detected
1868: 17:17:50.033 - Application will restart if files matching the following are changed: "dll;config"
1868: 17:17:50.033 - Application will NOT restart if files matching the following are changed: "log4net.config"
1868: 17:17:52.451 - Taking reference on default app domain
1868: 17:17:52.841 - Application: "MmoDemo" started in app domain: 4
1868: 17:17:52.841 - About to load application: CounterPublisher from CounterPublisher
1868: 17:17:52.841 - Auto restart is enabled for application, existing connections will be terminated during restart
1868: 17:17:52.841 - Application will restart 1000ms after the last change detected
1868: 17:17:52.841 - Application will restart if files matching the following are changed: "dll;config"
1868: 17:17:52.841 - Application will NOT restart if files matching the following are changed: "log4net.config"
1868: 17:17:53.137 - Taking reference on default app domain
1868: 17:17:54.448 - Application: "CounterPublisher" started in app domain: 5
1868: 17:17:54.448 - About to load application: ChatServer from ChatServer
1868: 17:17:54.557 - Taking reference on default app domain
1868: 17:17:55.009 - Application: "ChatServer" started in app domain: 6
1868: 17:17:55.009 - Adding TCP listener on :0.0.0.0: 4530 with a listen backlog of: 150
1868: 17:17:55.009 - TCP inactivity timeout: 10000ms
1868: 17:17:55.009 - TCP disconnect timeout: 120000ms
1868: 17:17:55.009 - MaxInboundMessageSize: 512000
1868: 17:17:55.009 - MaxOutboundMessageSize: 512000
1868: 17:17:55.025 - Serving policy file requests from: "C:\Program Files\Photon Server\deploy\Policy\assets\socket-policy.xml"
1868: 17:17:55.040 - MaxInboundMessageSize: 512000
1868: 17:17:55.040 - MaxOutboundMessageSize: 512000
1868: 17:17:55.040 - UDP address specified as:0.0.0.0 adding listener to each available IPv4 address
1868: 17:17:55.040 - Adding UDP listener on :192.168.1.15: 5055 with a listen backlog of: 500
1868: 17:17:55.040 - Adding UDP listener on :127.0.0.1: 5055 with a listen backlog of: 500
1868: 17:17:55.056 - Adding WebSocket TCP listener on :0.0.0.0: 9090 with a listen backlog of: 150
1868: 17:17:55.056 - Nagle disabled
1868: 17:17:55.056 - TCP inactivity timeout: 10000ms
1868: 17:17:55.056 - MaxInboundMessageSize: 512000
1868: 17:17:55.056 - MaxOutboundMessageSize: 512000
1868: 17:17:55.056 - Forcing all applications ids to: "Lite"
1868: 17:17:55.056 - Will accept ANY sub-protocols from the client
1868: 17:17:55.056 - No automatic WebSocket ping
1868: 17:17:55.118 - Adding Policy File listener on :0.0.0.0: 843 with a listen backlog of: 150 and serving Policy File: "C:\Program Files\Photon Server\deploy\Policy\assets\socket-policy.xml"
1868: 17:17:55.118 - TCP inactivity timeout: 10000ms
1868: 17:17:55.118 - Adding Policy File listener on :0.0.0.0: 943 with a listen backlog of: 150 and serving Policy File: "C:\Program Files\Photon Server\deploy\Policy\assets\socket-policy-silverlight.xml"
1868: 17:17:55.118 - TCP inactivity timeout: 10000ms
1868: 17:17:55.228 - Service is running...
1868: 23:26:45.311 - Service is stopped...
1868: 23:26:45.311 - Server shutting down...
1868: 23:26:45.311 - Shutdown monitoring enabled, 30000ms before process abort
1868: 23:26:45.420 - Notifying CLR applications of shutdown...
1868: 23:26:45.420 - RequestApplicationStop: 6
1868: 23:26:46.683 - RequestApplicationStop: 5
1868: 23:26:46.699 - RequestApplicationStop: 2
1868: 23:26:46.715 - RequestApplicationStop: 3
1868: 23:26:46.746 - RequestApplicationStop: 4
1868: 23:26:46.746 - RequestStop: defalt app domain
1868: 23:26:46.761 - Shutting down WebSocket Outbound Connection Manager...
1868: 23:26:46.793 - Shutting down TCP Outbound Connection Manager...
1868: 23:26:46.886 - Shutting down ENet Outbound Connection Manager...
1868: 23:26:46.917 - Disconnecting all outbound peers...
1868: 23:26:46.949 - Shutting down ENet host...
1868: 23:26:46.949 - Disconnecting all peers...
1868: 23:26:46.949 - Shutting down socket servers...
1868: 23:26:46.949 - Shutting down ENet thread pool...
1868: 23:26:46.980 - Shutting down TCP inactivity timers...
1868: 23:26:46.980 - WaitingForShutdownToComplete: NativePolicy:0.0.0.0:843
1868: 23:26:46.980 - OnShutdownCompleted: NativePolicy:0.0.0.0:843
1868: 23:26:46.980 - WaitingForShutdownToComplete: NativePolicy:0.0.0.0:943
1868: 23:26:46.980 - OnShutdownCompleted: NativePolicy:0.0.0.0:943
1868: 23:26:46.980 - WaitingForShutdownToComplete: TCP:0.0.0.0:4530
1868: 23:26:46.980 - OnShutdownCompleted: TCP:0.0.0.0:4530
1868: 23:26:46.980 - WaitingForShutdownToComplete: UDP:127.0.0.1:5055
1868: 23:26:46.980 - OnShutdownCompleted: UDP:127.0.0.1:5055
1868: 23:26:46.980 - WaitingForShutdownToComplete: UDP:192.168.1.15:5055
1868: 23:26:46.980 - OnShutdownCompleted: UDP:192.168.1.15:5055
1868: 23:26:46.980 - WaitingForShutdownToComplete: WebSocket:0.0.0.0:9090
1868: 23:26:46.980 - OnShutdownCompleted: WebSocket:0.0.0.0:9090
1868: 23:26:46.980 - Shutting down CLR applications...
1976: 23:26:47.042 - CManagedHost::OnDefaultAction() - OPR_AppDomainUnload - eUnloadAppDomain
1868: 23:26:47.042 - Shutting down business logic thread pool...
1868: 23:26:47.058 - Shutting down I/O thread pool...
1868: 23:26:47.058 - Destroying servers
1868: 23:26:47.058 - Destroying WebSocket Outbound Connection Manager
1868: 23:26:47.058 - Destroying TCP Outbound Connection Manager
1868: 23:26:47.058 - Destroying TCP inactivity timer
1868: 23:26:47.058 - Destroying ENet timer wheel
1868: 23:26:47.058 - Destroying ENet host
1868: 23:26:47.058 - Destroying ENet outbound host
1868: 23:26:47.058 - Destroying HTTP inactivity timer
1868: 23:26:47.058 - Destroying HTTP host
1868: 23:26:47.058 - Flushing ENET buffer allocator...
1868: 23:26:47.058 - Flushing TCP buffer handle allocator...
1868: 23:26:47.058 - Flushing stream socket allocator...
1868: 23:26:47.058 - Flushing inbound datagram socket allocator...
1868: 23:26:47.058 - Flushing outbound datagram socket allocator...
1868: 23:26:47.058 - Destroying CLR dispatcher
1868: 23:26:47.058 - Destroying CLR applications
1948: 23:26:47.073 - Unloading Domain: ApplicationName = 'ChatServer', DomainId='6'
1976: 23:26:47.073 - CManagedHost::OnDomainUnload() - 6
1868: 23:26:47.198 - ~CCLRApplicationCollection() - Waiting up to 10 seconds for the CLR to release all of our objects
1976: 23:26:47.245 - CManagedHost::OnDefaultAction() - OPR_AppDomainUnload - eUnloadAppDomain
1948: 23:26:47.261 - Unloading Domain: ApplicationName = 'Lite', DomainId='2'
1976: 23:26:47.261 - CManagedHost::OnDomainUnload() - 2
1976: 23:26:47.385 - CManagedHost::OnDefaultAction() - OPR_AppDomainUnload - eUnloadAppDomain
1948: 23:26:47.401 - Unloading Domain: ApplicationName = 'LiteLobby', DomainId='3'
1976: 23:26:47.401 - CManagedHost::OnDomainUnload() - 3
1976: 23:26:47.510 - CManagedHost::OnDefaultAction() - OPR_AppDomainUnload - eUnloadAppDomain
1948: 23:26:47.526 - Unloading Domain: ApplicationName = 'MmoDemo', DomainId='4'
1976: 23:26:47.526 - CManagedHost::OnDomainUnload() - 4
1976: 23:26:47.666 - CManagedHost::OnDefaultAction() - OPR_AppDomainUnload - eUnloadAppDomain
1948: 23:26:47.682 - Unloading Domain: ApplicationName = 'CounterPublisher', DomainId='5'
1976: 23:26:47.682 - CManagedHost::OnDomainUnload() - 5
1868: 23:26:47.682 - ~CCLRApplicationCollection() - Done. All objects released
1868: 23:26:47.682 - ~CManagedHost() - Release default app domain
1868: 23:26:47.682 - CManagedHost::OnDomainUnload() - 1
1868: 23:26:47.682 - ~CManagedHost() - Waiting up to 10 seconds for CLR shutdown...
1868: 23:26:47.682 - ~CManagedHost
1868: 23:26:47.682 - Destroying ENet thread pool
1868: 23:26:47.682 - Destroying Business logic thread pool
1868: 23:26:47.682 - Destroying I/O thread pool
1868: 23:26:47.682 - Destroying ENet buffer allocator
1868: 23:26:47.682 - Destroying TCP buffer allocator
1868: 23:26:47.682 - Destroying TCP socket allocator
1868: 23:26:47.682 - Destroying ENet inbound socket allocator
1868: 23:26:47.682 - Destroying ENet outbound socket allocator
1868: 23:26:47.791 - Shutdown complete...
1808: 23:26:47.791 - Service shutting down
1808: 23:26:47.822 - Service shut down complete
