4728: 21:04:38.847 - Restarting application: "Master" due to file changes
4728: 21:04:38.847 - Application: "Master" restart request (abort existing connections)
4728: 21:04:38.947 - Taking reference on default app domain
4728: 21:04:39.032 - Application: "Master" started in app domain: 14
4728: 21:04:39.339 - RequestApplicationStop: 13
4728: 21:04:39.347 - Application: "Master" stopped in app domain: 13 (abort existing connections)
4728: 21:04:39.347 - Application: "Master" restart complete.
2212: 21:04:39.352 - CManagedHost::OnDefaultAction() - OPR_AppDomainUnload - eUnloadAppDomain
6440: 21:04:39.368 - Unloading Domain: ApplicationName = 'Master', DomainId='13'
2212: 21:04:39.369 - CManagedHost::OnDomainUnload() - 13
4004: 21:04:55.450 - Service is stopped...
4004: 21:04:55.450 - Server shutting down...
4004: 21:04:55.450 - Shutdown monitoring enabled, 30000ms before process abort
4004: 21:04:55.450 - Notifying CLR applications of shutdown...
4004: 21:04:55.450 - RequestApplicationStop: 5
4004: 21:04:55.454 - RequestApplicationStop: 3
4004: 21:04:55.461 - RequestApplicationStop: 4
4004: 21:04:55.468 - RequestApplicationStop: 14
4004: 21:04:55.476 - RequestStop: defalt app domain
4004: 21:04:55.478 - Shutting down WebSocket Outbound Connection Manager...
4004: 21:04:55.478 - Shutting down TCP Outbound Connection Manager...
4004: 21:04:55.478 - Shutting down ENet Outbound Connection Manager...
4004: 21:04:55.478 - Disconnecting all outbound peers...
4004: 21:04:55.478 - Shutting down ENet host...
4004: 21:04:55.478 - Disconnecting all peers...
4004: 21:04:55.478 - Shutting down socket servers...
4004: 21:04:55.478 - Shutting down ENet thread pool...
4004: 21:04:55.482 - Shutting down TCP inactivity timers...
4004: 21:04:55.483 - WaitingForShutdownToComplete: NativePolicy:0.0.0.0:843
4004: 21:04:55.483 - OnShutdownCompleted: NativePolicy:0.0.0.0:843
4004: 21:04:55.483 - WaitingForShutdownToComplete: NativePolicy:0.0.0.0:943
4004: 21:04:55.483 - OnShutdownCompleted: NativePolicy:0.0.0.0:943
4004: 21:04:55.483 - WaitingForShutdownToComplete: TCP:0.0.0.0:4520
4004: 21:04:55.483 - OnShutdownCompleted: TCP:0.0.0.0:4520
4004: 21:04:55.483 - WaitingForShutdownToComplete: TCP:0.0.0.0:4530
4004: 21:04:55.483 - OnShutdownCompleted: TCP:0.0.0.0:4530
4004: 21:04:55.483 - WaitingForShutdownToComplete: TCP:0.0.0.0:4531
4004: 21:04:55.483 - OnShutdownCompleted: TCP:0.0.0.0:4531
4004: 21:04:55.483 - WaitingForShutdownToComplete: TCP:0.0.0.0:4532
4004: 21:04:55.483 - OnShutdownCompleted: TCP:0.0.0.0:4532
4004: 21:04:55.483 - WaitingForShutdownToComplete: UDP:127.0.0.1:5055
4004: 21:04:55.483 - OnShutdownCompleted: UDP:127.0.0.1:5055
4004: 21:04:55.483 - WaitingForShutdownToComplete: UDP:127.0.0.1:5056
4004: 21:04:55.483 - OnShutdownCompleted: UDP:127.0.0.1:5056
4004: 21:04:55.483 - WaitingForShutdownToComplete: UDP:127.0.0.1:5057
4004: 21:04:55.483 - OnShutdownCompleted: UDP:127.0.0.1:5057
4004: 21:04:55.483 - WaitingForShutdownToComplete: UDP:192.168.1.7:5055
4004: 21:04:55.483 - OnShutdownCompleted: UDP:192.168.1.7:5055
4004: 21:04:55.483 - WaitingForShutdownToComplete: UDP:192.168.1.7:5056
4004: 21:04:55.483 - OnShutdownCompleted: UDP:192.168.1.7:5056
4004: 21:04:55.483 - WaitingForShutdownToComplete: UDP:192.168.1.7:5057
4004: 21:04:55.483 - OnShutdownCompleted: UDP:192.168.1.7:5057
4004: 21:04:55.483 - WaitingForShutdownToComplete: WebSocket:0.0.0.0:9090
4004: 21:04:55.483 - OnShutdownCompleted: WebSocket:0.0.0.0:9090
4004: 21:04:55.483 - WaitingForShutdownToComplete: WebSocket:0.0.0.0:9091
4004: 21:04:55.483 - OnShutdownCompleted: WebSocket:0.0.0.0:9091
4004: 21:04:55.483 - WaitingForShutdownToComplete: WebSocket:0.0.0.0:9092
4004: 21:04:55.483 - OnShutdownCompleted: WebSocket:0.0.0.0:9092
4004: 21:04:55.483 - Shutting down CLR applications...
2212: 21:04:55.488 - CManagedHost::OnDefaultAction() - OPR_AppDomainUnload - eUnloadAppDomain
4004: 21:04:55.498 - Shutting down business logic thread pool...
4004: 21:04:55.498 - Shutting down I/O thread pool...
4004: 21:04:55.498 - Destroying servers
4004: 21:04:55.499 - Destroying WebSocket Outbound Connection Manager
4004: 21:04:55.499 - Destroying TCP Outbound Connection Manager
4004: 21:04:55.499 - Destroying TCP inactivity timer
4004: 21:04:55.499 - Destroying ENet timer wheel
4004: 21:04:55.499 - Destroying ENet host
4004: 21:04:55.499 - Destroying ENet outbound host
4004: 21:04:55.499 - Destroying HTTP inactivity timer
4004: 21:04:55.499 - Destroying HTTP host
4004: 21:04:55.499 - Flushing ENET buffer allocator...
4004: 21:04:55.503 - Flushing TCP buffer handle allocator...
4004: 21:04:55.503 - Flushing stream socket allocator...
4004: 21:04:55.503 - Flushing inbound datagram socket allocator...
4004: 21:04:55.504 - Flushing outbound datagram socket allocator...
4004: 21:04:55.504 - Destroying CLR dispatcher
4004: 21:04:55.504 - Destroying CLR applications
4004: 21:04:55.505 - ~CCLRApplicationCollection() - Waiting up to 10 seconds for the CLR to release all of our objects
6440: 21:04:55.513 - Unloading Domain: ApplicationName = 'CounterPublisher', DomainId='5'
2212: 21:04:55.513 - CManagedHost::OnDomainUnload() - 5
2212: 21:04:55.597 - CManagedHost::OnDefaultAction() - OPR_AppDomainUnload - eUnloadAppDomain
6440: 21:04:55.616 - Unloading Domain: ApplicationName = 'Master', DomainId='14'
2212: 21:04:55.616 - CManagedHost::OnDomainUnload() - 14
2212: 21:04:55.664 - CManagedHost::OnDefaultAction() - OPR_AppDomainUnload - eUnloadAppDomain
6440: 21:04:55.683 - Unloading Domain: ApplicationName = 'Game1', DomainId='3'
2212: 21:04:55.684 - CManagedHost::OnDomainUnload() - 3
2212: 21:04:55.756 - CManagedHost::OnDefaultAction() - OPR_AppDomainUnload - eUnloadAppDomain
6440: 21:04:55.776 - Unloading Domain: ApplicationName = 'Game2', DomainId='4'
2212: 21:04:55.776 - CManagedHost::OnDomainUnload() - 4
4004: 21:04:55.795 - ~CCLRApplicationCollection() - Done. All objects released
4004: 21:04:55.795 - ~CManagedHost() - Release default app domain
4004: 21:04:55.795 - CManagedHost::OnDomainUnload() - 1
4004: 21:04:55.795 - ~CManagedHost() - Waiting up to 10 seconds for CLR shutdown...
4004: 21:04:55.795 - ~CManagedHost
4004: 21:04:55.795 - Destroying ENet thread pool
4004: 21:04:55.795 - Destroying Business logic thread pool
4004: 21:04:55.795 - Destroying I/O thread pool
4004: 21:04:55.795 - Destroying ENet buffer allocator
4004: 21:04:55.795 - Destroying TCP buffer allocator
4004: 21:04:55.795 - Destroying TCP socket allocator
4004: 21:04:55.795 - Destroying ENet inbound socket allocator
4004: 21:04:55.795 - Destroying ENet outbound socket allocator
4004: 21:04:55.795 - Shutdown complete...
4004: 21:04:55.799 - Service shutting down
4004: 21:04:55.804 - Service shut down complete
1724: 21:05:06.266 - ---
1724: 21:05:06.266 - Service: "Photon Socket Server" starting
1724: 21:05:06.266 - Config File: C:\Users\Justin\Projects\mobas-server\deploy\bin_Win64\PhotonServer.config
1724: 21:05:06.267 - Will produce at most: 10 crash dumps
1724: 21:05:06.267 - Action: run as exe
1724: 21:05:06.267 - Server Starting...
1724: 21:05:06.267 -    Tick count: 120325396 (wraps in: 48.3176 days)
1724: 21:05:06.267 - Tick count 64: 120325396
1724: 21:05:06.268 - Photon Version: 3.4.4.2588
1724: 21:05:06.268 - PID: 7076
1724: 21:05:06.268 - Config File: C:\Users\Justin\Projects\mobas-server\deploy\bin_Win64\PhotonServer.config
1724: 21:05:06.268 - Will NOT log unimportant exceptions
1724: 21:05:06.270 - Not using performance counters as they are not currently installed. Run the service with /InstallCounters to install them.
1724: 21:05:06.270 - Shutdown timeout enabled: 30000ms
1724: 21:05:06.270 - Starting I/O thread pool with 2 threads
1724: 21:05:06.270 - Using Standard allocator
1724: 21:05:06.270 - Max message size: 512000
1724: 21:05:06.270 - Starting business logic thread pool with the following settings
1724: 21:05:06.270 - InitialThreads: 4 threads
1724: 21:05:06.270 - MinThreads: 4 threads
1724: 21:05:06.270 - Thread pool is fixed size
1724: 21:05:06.271 - Starting ENet thread pool with the following settings
1724: 21:05:06.271 - InitialThreads: 2 threads
1724: 21:05:06.271 - MinThreads: 2 threads
1724: 21:05:06.271 - Thread pool is fixed size
1724: 21:05:06.271 - OnlyDispatchTimers: False
1724: 21:05:06.271 - S2S: flow control: Max pending writes: 50
1724: 21:05:06.271 - S2S: flow control: Max queued buffers: 200
1724: 21:05:06.271 - S2S: flow control: Max pending writes MUX: 500
1724: 21:05:06.271 - S2S: flow control: Max queued buffers MUX: 2000
1724: 21:05:06.271 - S2S: MaxInboundMessageSize: 512000
1724: 21:05:06.271 - S2S: MaxOutboundMessageSize: 512000
1724: 21:05:06.271 - S2S: No inactivity timeout
1724: 21:05:06.276 - WebSocket S2S: MaxInboundMessageSize: 512000
1724: 21:05:06.276 - WebSocket S2S: MaxOutboundMessageSize: 512000
1724: 21:05:06.276 - WebSocket S2S: No inactivity timeout
1724: 21:05:06.276 - Max Reliable Data In Transit (awaiting ACKs) per peer : 51200 bytes
1724: 21:05:06.276 - Per peer bandwidth limit
1724: 21:05:06.276 - Transmit Rate Limit: 256 KB/Sec
1724: 21:05:06.276 - Limit period: 200ms
1724: 21:05:06.276 - Limit per period: 52428 bytes
1724: 21:05:06.276 - Max queued data for transmission per peer: 512000 bytes
1724: 21:05:06.276 - Minimum retransmit timeout: 200
1724: 21:05:06.276 - Minimum ENet timeout: 5000ms
1724: 21:05:06.276 - Maximum ENet timeout: 30000ms
1724: 21:05:06.276 - Max Inbound Reliable Data Queued (awaiting resends of earlier sequence numbers) per peer : 163840 bytes
1724: 21:05:06.276 - Outbound ENet: MaxInboundMessageSize: 512000
1724: 21:05:06.276 - Outbound ENet: MaxOutboundMessageSize: 512000
1724: 21:05:06.278 - GetRuntime - About to load CLR - versions available:
1724: 21:05:06.278 - v2.0.50727
1724: 21:05:06.278 - v4.0.30319
1724: 21:05:06.278 - Configuration requests: "v2.0.50727"
1724: 21:05:06.278 - About to load version: "v2.0.50727"
1724: 21:05:06.286 - About to load runtime: PhotonHostRuntime.PhotonDomainManager from PhotonHostRuntime, Culture=neutral, PublicKeyToken=02C301B61B060C4D
1724: 21:05:06.286 - CLRBaseDirectory set to "C:\Users\Justin\Projects\mobas-server\deploy"
1724: 21:05:06.286 - Optimising event broadcast for 20 or more peers
1724: 21:05:06.287 - Start: About to load CLR - versions available:
1724: 21:05:06.287 - v2.0.50727
1724: 21:05:06.287 - v4.0.30319
1724: 21:05:06.287 - No preference in configuration file, will load latest.
1724: 21:05:06.287 - About to load version: "v4.0.30319"
1724: 21:05:06.288 - Loaded version: "v4.0.30319"
1724: 21:05:07.111 - Photon host runtime loaded
1724: 21:05:13.803 - License is valid.
1724: 21:05:13.803 - Licensed for 100 concurrent connections.
1724: 21:05:13.803 - ENet: Max Reliable Data In Transit (awaiting ACKs) per peer : 51200 bytes
1724: 21:05:13.803 - ENet: Per peer bandwidth limit
1724: 21:05:13.803 - ENet: Transmit Rate Limit: 256 KB/Sec
1724: 21:05:13.803 - ENet: Limit period: 200ms
1724: 21:05:13.803 - ENet: Limit per period: 52428 bytes
1724: 21:05:13.803 - ENet: Max queued data for transmission per peer: 512000 bytes
1724: 21:05:13.803 - ENet: Minimum retransmit timeout: 200
1724: 21:05:13.803 - ENet: Minimum timeout: 5000ms
1724: 21:05:13.803 - ENet: Maximum timeout: 30000ms
1724: 21:05:13.803 - ENet: Max Inbound Reliable Data Queued (awaiting resends of earlier sequence numbers) per peer : 163840 bytes
1724: 21:05:13.803 - About to load application: Master from Photon.LoadBalancing
1724: 21:05:13.803 - Auto restart is enabled for application, existing connections will be terminated during restart
1724: 21:05:13.803 - Application will restart 1000ms after the last change detected
1724: 21:05:13.803 - Application will restart if files matching the following are changed: "dll;config"
1724: 21:05:13.803 - Application will NOT restart if files matching the following are changed: "log4net.config"
1724: 21:05:13.916 - Taking reference on default app domain
1724: 21:05:13.966 - Application: "Master" started in app domain: 2
1724: 21:05:13.967 - About to load application: Game1 from Photon.LoadBalancing
1724: 21:05:13.967 - Auto restart is enabled for application, existing connections will be terminated during restart
1724: 21:05:13.967 - Application will restart 1000ms after the last change detected
1724: 21:05:13.967 - Application will restart if files matching the following are changed: "dll;config"
1724: 21:05:13.967 - Application will NOT restart if files matching the following are changed: "log4net.config"
1724: 21:05:14.095 - Taking reference on default app domain
1724: 21:05:14.205 - Application: "Game1" started in app domain: 3
1724: 21:05:14.205 - About to load application: Game2 from Photon.LoadBalancing
1724: 21:05:14.205 - Auto restart is enabled for application, existing connections will be terminated during restart
1724: 21:05:14.205 - Application will restart 1000ms after the last change detected
1724: 21:05:14.205 - Application will restart if files matching the following are changed: "dll;config"
1724: 21:05:14.205 - Application will NOT restart if files matching the following are changed: "log4net.config"
1724: 21:05:14.338 - Taking reference on default app domain
1724: 21:05:14.433 - Application: "Game2" started in app domain: 4
1724: 21:05:14.433 - About to load application: CounterPublisher from CounterPublisher
1724: 21:05:14.433 - Auto restart is enabled for application, existing connections will be terminated during restart
1724: 21:05:14.433 - Application will restart 1000ms after the last change detected
1724: 21:05:14.433 - Application will restart if files matching the following are changed: "dll;config"
1724: 21:05:14.433 - Application will NOT restart if files matching the following are changed: "log4net.config"
1724: 21:05:14.541 - Taking reference on default app domain
1724: 21:05:14.621 - Application: "CounterPublisher" started in app domain: 5
1724: 21:05:14.621 - Adding TCP listener on :0.0.0.0: 4530 with a listen backlog of: 150
1724: 21:05:14.621 - TCP inactivity timeout: 10000ms
1724: 21:05:14.621 - TCP disconnect timeout: 120000ms
1724: 21:05:14.621 - MaxInboundMessageSize: 512000
1724: 21:05:14.621 - MaxOutboundMessageSize: 512000
1724: 21:05:14.621 - Forcing all applications ids to: "Master"
1724: 21:05:14.621 - Serving policy file requests from: "C:\Users\Justin\Projects\mobas-server\deploy\Policy\assets\socket-policy.xml"
1724: 21:05:14.621 - Adding TCP listener on :0.0.0.0: 4531 with a listen backlog of: 150
1724: 21:05:14.621 - TCP inactivity timeout: 10000ms
1724: 21:05:14.621 - TCP disconnect timeout: 120000ms
1724: 21:05:14.621 - MaxInboundMessageSize: 512000
1724: 21:05:14.621 - MaxOutboundMessageSize: 512000
1724: 21:05:14.621 - Forcing all applications ids to: "Game1"
1724: 21:05:14.622 - Serving policy file requests from: "C:\Users\Justin\Projects\mobas-server\deploy\Policy\assets\socket-policy.xml"
1724: 21:05:14.622 - Adding TCP listener on :0.0.0.0: 4532 with a listen backlog of: 150
1724: 21:05:14.622 - TCP inactivity timeout: 10000ms
1724: 21:05:14.622 - TCP disconnect timeout: 120000ms
1724: 21:05:14.622 - MaxInboundMessageSize: 512000
1724: 21:05:14.622 - MaxOutboundMessageSize: 512000
1724: 21:05:14.622 - Forcing all applications ids to: "Game2"
1724: 21:05:14.622 - Serving policy file requests from: "C:\Users\Justin\Projects\mobas-server\deploy\Policy\assets\socket-policy.xml"
1724: 21:05:14.622 - Adding TCP listener on :0.0.0.0: 4520 with a listen backlog of: 150
1724: 21:05:14.622 - TCP inactivity timeout: 5000ms
1724: 21:05:14.622 - TCP disconnect timeout: 120000ms
1724: 21:05:14.622 - MaxInboundMessageSize: 512000
1724: 21:05:14.622 - MaxOutboundMessageSize: 512000
1724: 21:05:14.622 - Forcing all applications ids to: "Master"
1724: 21:05:14.622 - MaxInboundMessageSize: 512000
1724: 21:05:14.622 - MaxOutboundMessageSize: 512000
1724: 21:05:14.622 - UDP address specified as:0.0.0.0 adding listener to each available IPv4 address
1724: 21:05:14.623 - Adding UDP listener on :192.168.1.7: 5055 with a listen backlog of: 500
1724: 21:05:14.623 - Adding UDP listener on :127.0.0.1: 5055 with a listen backlog of: 500
1724: 21:05:14.623 - Forcing all applications ids to: "Game1"
1724: 21:05:14.623 - MaxInboundMessageSize: 512000
1724: 21:05:14.623 - MaxOutboundMessageSize: 512000
1724: 21:05:14.623 - UDP address specified as:0.0.0.0 adding listener to each available IPv4 address
1724: 21:05:14.623 - Adding UDP listener on :192.168.1.7: 5056 with a listen backlog of: 500
1724: 21:05:14.623 - Adding UDP listener on :127.0.0.1: 5056 with a listen backlog of: 500
1724: 21:05:14.623 - Forcing all applications ids to: "Game2"
1724: 21:05:14.623 - MaxInboundMessageSize: 512000
1724: 21:05:14.623 - MaxOutboundMessageSize: 512000
1724: 21:05:14.623 - UDP address specified as:0.0.0.0 adding listener to each available IPv4 address
1724: 21:05:14.624 - Adding UDP listener on :192.168.1.7: 5057 with a listen backlog of: 500
1724: 21:05:14.624 - Adding UDP listener on :127.0.0.1: 5057 with a listen backlog of: 500
1724: 21:05:14.624 - Adding WebSocket TCP listener on :0.0.0.0: 9090 with a listen backlog of: 150
1724: 21:05:14.624 - Nagle disabled
1724: 21:05:14.624 - TCP inactivity timeout: 10000ms
1724: 21:05:14.624 - MaxInboundMessageSize: 512000
1724: 21:05:14.624 - MaxOutboundMessageSize: 512000
1724: 21:05:14.624 - Forcing all applications ids to: "Master"
1724: 21:05:14.624 - Will accept ANY sub-protocols from the client
1724: 21:05:14.624 - No automatic WebSocket ping
1724: 21:05:14.624 - Adding WebSocket TCP listener on :0.0.0.0: 9091 with a listen backlog of: 150
1724: 21:05:14.624 - Nagle disabled
1724: 21:05:14.624 - TCP inactivity timeout: 10000ms
1724: 21:05:14.624 - MaxInboundMessageSize: 512000
1724: 21:05:14.624 - MaxOutboundMessageSize: 512000
1724: 21:05:14.624 - Forcing all applications ids to: "Game1"
1724: 21:05:14.624 - Will accept ANY sub-protocols from the client
1724: 21:05:14.624 - No automatic WebSocket ping
1724: 21:05:14.624 - Adding WebSocket TCP listener on :0.0.0.0: 9092 with a listen backlog of: 150
1724: 21:05:14.624 - Nagle disabled
1724: 21:05:14.624 - TCP inactivity timeout: 10000ms
1724: 21:05:14.624 - MaxInboundMessageSize: 512000
1724: 21:05:14.624 - MaxOutboundMessageSize: 512000
1724: 21:05:14.624 - Forcing all applications ids to: "Game2"
1724: 21:05:14.624 - Will accept ANY sub-protocols from the client
1724: 21:05:14.624 - No automatic WebSocket ping
1724: 21:05:14.624 - Adding Policy File listener on :0.0.0.0: 843 with a listen backlog of: 150 and serving Policy File: "C:\Users\Justin\Projects\mobas-server\deploy\Policy\assets\socket-policy.xml"
1724: 21:05:14.624 - TCP inactivity timeout: 1000ms
1724: 21:05:14.625 - Adding Policy File listener on :0.0.0.0: 943 with a listen backlog of: 150 and serving Policy File: "C:\Users\Justin\Projects\mobas-server\deploy\Policy\assets\socket-policy-silverlight.xml"
1724: 21:05:14.625 - TCP inactivity timeout: 1000ms
1724: 21:05:14.694 - Service is running...
