1816: 15:22:48.034 - Service is stopped...
1816: 15:22:48.035 - Server shutting down...
1816: 15:22:48.035 - Shutdown monitoring enabled, 30000ms before process abort
1816: 15:22:48.049 - Notifying CLR applications of shutdown...
1816: 15:22:48.049 - RequestApplicationStop: 6
1816: 15:22:48.131 - RequestApplicationStop: 5
1816: 15:22:48.134 - RequestApplicationStop: 2
1816: 15:22:48.138 - RequestApplicationStop: 3
1816: 15:22:48.142 - RequestApplicationStop: 4
1816: 15:22:48.159 - RequestStop: defalt app domain
1816: 15:22:48.164 - Shutting down WebSocket Outbound Connection Manager...
1816: 15:22:48.164 - Shutting down TCP Outbound Connection Manager...
1816: 15:22:48.188 - Shutting down ENet Outbound Connection Manager...
1816: 15:22:48.194 - Disconnecting all outbound peers...
1816: 15:22:48.201 - Shutting down ENet host...
1816: 15:22:48.201 - Disconnecting all peers...
1816: 15:22:48.201 - CUDPSocketServer::OnSendToCompletionError() - An operation was attempted on something that is not a socket.

1816: 15:22:48.201 - 1 disconnected
1816: 15:22:48.202 - Shutting down socket servers...
1816: 15:22:48.202 - Shutting down ENet thread pool...
1816: 15:22:48.202 - Shutting down TCP inactivity timers...
1816: 15:22:48.202 - ENet Host - Resetting all peers...
1816: 15:22:48.202 - WaitingForShutdownToComplete: NativePolicy:0.0.0.0:843
1816: 15:22:48.202 - OnShutdownCompleted: NativePolicy:0.0.0.0:843
1816: 15:22:48.202 - WaitingForShutdownToComplete: NativePolicy:0.0.0.0:943
1816: 15:22:48.202 - OnShutdownCompleted: NativePolicy:0.0.0.0:943
1816: 15:22:48.202 - WaitingForShutdownToComplete: TCP:0.0.0.0:4530
1816: 15:22:48.202 - OnShutdownCompleted: TCP:0.0.0.0:4530
1816: 15:22:48.202 - WaitingForShutdownToComplete: UDP:127.0.0.1:5055
1816: 15:22:48.202 - OnShutdownCompleted: UDP:127.0.0.1:5055
1816: 15:22:48.202 - WaitingForShutdownToComplete: UDP:192.168.1.15:5055
1816: 15:22:48.202 - OnShutdownCompleted: UDP:192.168.1.15:5055
1816: 15:22:48.202 - WaitingForShutdownToComplete: WebSocket:0.0.0.0:9090
1816: 15:22:48.202 - OnShutdownCompleted: WebSocket:0.0.0.0:9090
1816: 15:22:48.202 - Shutting down CLR applications...
1816: 15:22:48.214 - Shutting down business logic thread pool...
1816: 15:22:48.214 - Shutting down I/O thread pool...
1816: 15:22:48.214 - Destroying servers
1816: 15:22:48.214 - Destroying WebSocket Outbound Connection Manager
1816: 15:22:48.214 - Destroying TCP Outbound Connection Manager
1816: 15:22:48.214 - Destroying TCP inactivity timer
1816: 15:22:48.214 - Destroying ENet timer wheel
1816: 15:22:48.214 - Destroying ENet host
1816: 15:22:48.214 - Destroying ENet outbound host
1816: 15:22:48.214 - Destroying HTTP inactivity timer
1816: 15:22:48.214 - Destroying HTTP host
1816: 15:22:48.214 - Flushing ENET buffer allocator...
1912: 15:22:48.215 - CManagedHost::OnDefaultAction() - OPR_AppDomainUnload - eUnloadAppDomain
1816: 15:22:48.215 - Flushing TCP buffer handle allocator...
1816: 15:22:48.215 - Flushing stream socket allocator...
1816: 15:22:48.216 - Flushing inbound datagram socket allocator...
1816: 15:22:48.216 - Flushing outbound datagram socket allocator...
1816: 15:22:48.216 - Destroying CLR dispatcher
1816: 15:22:48.216 - Destroying CLR applications
1892: 15:22:48.228 - Unloading Domain: ApplicationName = 'ChatServer', DomainId='6'
1912: 15:22:48.228 - CManagedHost::OnDomainUnload() - 6
1816: 15:22:48.247 - ~CCLRApplicationCollection() - Waiting up to 10 seconds for the CLR to release all of our objects
1912: 15:22:48.276 - CManagedHost::OnDefaultAction() - OPR_AppDomainUnload - eUnloadAppDomain
1892: 15:22:48.295 - Unloading Domain: ApplicationName = 'Lite', DomainId='2'
1912: 15:22:48.295 - CManagedHost::OnDomainUnload() - 2
1912: 15:22:48.330 - CManagedHost::OnDefaultAction() - OPR_AppDomainUnload - eUnloadAppDomain
1892: 15:22:48.348 - Unloading Domain: ApplicationName = 'LiteLobby', DomainId='3'
1912: 15:22:48.349 - CManagedHost::OnDomainUnload() - 3
1912: 15:22:48.393 - CManagedHost::OnDefaultAction() - OPR_AppDomainUnload - eUnloadAppDomain
1892: 15:22:48.401 - Unloading Domain: ApplicationName = 'MmoDemo', DomainId='4'
1912: 15:22:48.401 - CManagedHost::OnDomainUnload() - 4
1912: 15:22:48.453 - CManagedHost::OnDefaultAction() - OPR_AppDomainUnload - eUnloadAppDomain
1892: 15:22:48.474 - Unloading Domain: ApplicationName = 'CounterPublisher', DomainId='5'
1912: 15:22:48.474 - CManagedHost::OnDomainUnload() - 5
1816: 15:22:48.476 - ~CCLRApplicationCollection() - Done. All objects released
1816: 15:22:48.476 - ~CManagedHost() - Release default app domain
1816: 15:22:48.476 - CManagedHost::OnDomainUnload() - 1
1816: 15:22:48.476 - ~CManagedHost() - Waiting up to 10 seconds for CLR shutdown...
1816: 15:22:48.476 - ~CManagedHost
1816: 15:22:48.476 - Destroying ENet thread pool
1816: 15:22:48.476 - Destroying Business logic thread pool
1816: 15:22:48.476 - Destroying I/O thread pool
1816: 15:22:48.476 - Destroying ENet buffer allocator
1816: 15:22:48.476 - Destroying TCP buffer allocator
1816: 15:22:48.476 - Destroying TCP socket allocator
1816: 15:22:48.477 - Destroying ENet inbound socket allocator
1816: 15:22:48.477 - Destroying ENet outbound socket allocator
1816: 15:22:48.489 - Shutdown complete...
1780: 15:22:48.490 - Service shutting down
1780: 15:22:48.498 - Service shut down complete
