5788: 20:27:54.335 - ---
5788: 20:27:54.335 - Service: "Photon Socket Server" starting
5788: 20:27:54.335 - Config File: C:\Users\Justin\Projects\mobas-server\deploy\bin_Win64\PhotonServer.config
5788: 20:27:54.336 - Will produce at most: 10 crash dumps
5788: 20:27:54.336 - Action: run as exe
5788: 20:27:54.336 - Server Starting...
5788: 20:27:54.336 -    Tick count: 2419450 (wraps in: 49.6823 days)
5788: 20:27:54.336 - Tick count 64: 2419450
5788: 20:27:54.341 - Photon Version: 3.4.4.2588
5788: 20:27:54.341 - PID: 2768
5788: 20:27:54.341 - Config File: C:\Users\Justin\Projects\mobas-server\deploy\bin_Win64\PhotonServer.config
5788: 20:27:54.341 - Will NOT log unimportant exceptions
5788: 20:27:54.343 - Not using performance counters as they are not currently installed. Run the service with /InstallCounters to install them.
5788: 20:27:54.343 - Shutdown timeout enabled: 30000ms
5788: 20:27:54.343 - Starting I/O thread pool with 2 threads
5788: 20:27:54.343 - Using Standard allocator
5788: 20:27:54.343 - Max message size: 512000
5788: 20:27:54.343 - Starting business logic thread pool with the following settings
5788: 20:27:54.343 - InitialThreads: 4 threads
5788: 20:27:54.343 - MinThreads: 4 threads
5788: 20:27:54.343 - Thread pool is fixed size
5788: 20:27:54.344 - Starting ENet thread pool with the following settings
5788: 20:27:54.344 - InitialThreads: 2 threads
5788: 20:27:54.344 - MinThreads: 2 threads
5788: 20:27:54.344 - Thread pool is fixed size
5788: 20:27:54.344 - OnlyDispatchTimers: False
5788: 20:27:54.344 - S2S: flow control: Max pending writes: 50
5788: 20:27:54.344 - S2S: flow control: Max queued buffers: 200
5788: 20:27:54.344 - S2S: flow control: Max pending writes MUX: 500
5788: 20:27:54.344 - S2S: flow control: Max queued buffers MUX: 2000
5788: 20:27:54.344 - S2S: MaxInboundMessageSize: 512000
5788: 20:27:54.344 - S2S: MaxOutboundMessageSize: 512000
5788: 20:27:54.344 - S2S: No inactivity timeout
5788: 20:27:54.349 - WebSocket S2S: MaxInboundMessageSize: 512000
5788: 20:27:54.349 - WebSocket S2S: MaxOutboundMessageSize: 512000
5788: 20:27:54.349 - WebSocket S2S: No inactivity timeout
5788: 20:27:54.349 - Max Reliable Data In Transit (awaiting ACKs) per peer : 51200 bytes
5788: 20:27:54.349 - Per peer bandwidth limit
5788: 20:27:54.349 - Transmit Rate Limit: 256 KB/Sec
5788: 20:27:54.349 - Limit period: 200ms
5788: 20:27:54.349 - Limit per period: 52428 bytes
5788: 20:27:54.349 - Max queued data for transmission per peer: 512000 bytes
5788: 20:27:54.349 - Minimum retransmit timeout: 200
5788: 20:27:54.349 - Minimum ENet timeout: 5000ms
5788: 20:27:54.349 - Maximum ENet timeout: 30000ms
5788: 20:27:54.349 - Max Inbound Reliable Data Queued (awaiting resends of earlier sequence numbers) per peer : 163840 bytes
5788: 20:27:54.349 - Outbound ENet: MaxInboundMessageSize: 512000
5788: 20:27:54.349 - Outbound ENet: MaxOutboundMessageSize: 512000
5788: 20:27:54.351 - GetRuntime - About to load CLR - versions available:
5788: 20:27:54.351 - v2.0.50727
5788: 20:27:54.351 - v4.0.30319
5788: 20:27:54.351 - Configuration requests: "v2.0.50727"
5788: 20:27:54.351 - About to load version: "v2.0.50727"
5788: 20:27:54.361 - About to load runtime: PhotonHostRuntime.PhotonDomainManager from PhotonHostRuntime, Culture=neutral, PublicKeyToken=02C301B61B060C4D
5788: 20:27:54.361 - CLRBaseDirectory set to "C:\Users\Justin\Projects\mobas-server\deploy"
5788: 20:27:54.361 - Optimising event broadcast for 20 or more peers
5788: 20:27:54.362 - Start: About to load CLR - versions available:
5788: 20:27:54.362 - v2.0.50727
5788: 20:27:54.362 - v4.0.30319
5788: 20:27:54.362 - No preference in configuration file, will load latest.
5788: 20:27:54.362 - About to load version: "v4.0.30319"
5788: 20:27:54.363 - Loaded version: "v4.0.30319"
5788: 20:27:54.822 - Photon host runtime loaded
5788: 20:28:01.022 - License is valid.
5788: 20:28:01.022 - Licensed for 100 concurrent connections.
5788: 20:28:01.022 - ENet: Max Reliable Data In Transit (awaiting ACKs) per peer : 51200 bytes
5788: 20:28:01.022 - ENet: Per peer bandwidth limit
5788: 20:28:01.022 - ENet: Transmit Rate Limit: 256 KB/Sec
5788: 20:28:01.022 - ENet: Limit period: 200ms
5788: 20:28:01.022 - ENet: Limit per period: 52428 bytes
5788: 20:28:01.022 - ENet: Max queued data for transmission per peer: 512000 bytes
5788: 20:28:01.022 - ENet: Minimum retransmit timeout: 200
5788: 20:28:01.022 - ENet: Minimum timeout: 5000ms
5788: 20:28:01.022 - ENet: Maximum timeout: 30000ms
5788: 20:28:01.022 - ENet: Max Inbound Reliable Data Queued (awaiting resends of earlier sequence numbers) per peer : 163840 bytes
5788: 20:28:01.022 - About to load application: Master from Photon.LoadBalancing
5788: 20:28:01.022 - Auto restart is enabled for application, existing connections will be terminated during restart
5788: 20:28:01.022 - Application will restart 1000ms after the last change detected
5788: 20:28:01.022 - Application will restart if files matching the following are changed: "dll;config"
5788: 20:28:01.022 - Application will NOT restart if files matching the following are changed: "log4net.config"
5788: 20:28:01.178 - Taking reference on default app domain
5788: 20:28:01.401 - Application: "Master" started in app domain: 2
5788: 20:28:01.401 - About to load application: Game1 from Photon.LoadBalancing
5788: 20:28:01.401 - Auto restart is enabled for application, existing connections will be terminated during restart
5788: 20:28:01.401 - Application will restart 1000ms after the last change detected
5788: 20:28:01.401 - Application will restart if files matching the following are changed: "dll;config"
5788: 20:28:01.401 - Application will NOT restart if files matching the following are changed: "log4net.config"
5788: 20:28:01.559 - Taking reference on default app domain
5788: 20:28:01.701 - Application: "Game1" started in app domain: 3
5788: 20:28:01.701 - About to load application: Game2 from Photon.LoadBalancing
5788: 20:28:01.701 - Auto restart is enabled for application, existing connections will be terminated during restart
5788: 20:28:01.701 - Application will restart 1000ms after the last change detected
5788: 20:28:01.701 - Application will restart if files matching the following are changed: "dll;config"
5788: 20:28:01.701 - Application will NOT restart if files matching the following are changed: "log4net.config"
5788: 20:28:01.830 - Taking reference on default app domain
5788: 20:28:01.938 - Application: "Game2" started in app domain: 4
5788: 20:28:01.938 - About to load application: CounterPublisher from CounterPublisher
5788: 20:28:01.938 - Auto restart is enabled for application, existing connections will be terminated during restart
5788: 20:28:01.938 - Application will restart 1000ms after the last change detected
5788: 20:28:01.938 - Application will restart if files matching the following are changed: "dll;config"
5788: 20:28:01.938 - Application will NOT restart if files matching the following are changed: "log4net.config"
5788: 20:28:02.059 - Taking reference on default app domain
5788: 20:28:02.164 - Application: "CounterPublisher" started in app domain: 5
5788: 20:28:02.164 - Adding TCP listener on :0.0.0.0: 4530 with a listen backlog of: 150
5788: 20:28:02.164 - TCP inactivity timeout: 10000ms
5788: 20:28:02.164 - TCP disconnect timeout: 120000ms
5788: 20:28:02.164 - MaxInboundMessageSize: 512000
5788: 20:28:02.164 - MaxOutboundMessageSize: 512000
5788: 20:28:02.164 - Forcing all applications ids to: "Master"
5788: 20:28:02.164 - Serving policy file requests from: "C:\Users\Justin\Projects\mobas-server\deploy\Policy\assets\socket-policy.xml"
5788: 20:28:02.164 - Adding TCP listener on :0.0.0.0: 4531 with a listen backlog of: 150
5788: 20:28:02.164 - TCP inactivity timeout: 10000ms
5788: 20:28:02.164 - TCP disconnect timeout: 120000ms
5788: 20:28:02.164 - MaxInboundMessageSize: 512000
5788: 20:28:02.164 - MaxOutboundMessageSize: 512000
5788: 20:28:02.164 - Forcing all applications ids to: "Game1"
5788: 20:28:02.165 - Serving policy file requests from: "C:\Users\Justin\Projects\mobas-server\deploy\Policy\assets\socket-policy.xml"
5788: 20:28:02.165 - Adding TCP listener on :0.0.0.0: 4532 with a listen backlog of: 150
5788: 20:28:02.165 - TCP inactivity timeout: 10000ms
5788: 20:28:02.165 - TCP disconnect timeout: 120000ms
5788: 20:28:02.165 - MaxInboundMessageSize: 512000
5788: 20:28:02.165 - MaxOutboundMessageSize: 512000
5788: 20:28:02.165 - Forcing all applications ids to: "Game2"
5788: 20:28:02.165 - Serving policy file requests from: "C:\Users\Justin\Projects\mobas-server\deploy\Policy\assets\socket-policy.xml"
5788: 20:28:02.165 - Adding TCP listener on :0.0.0.0: 4520 with a listen backlog of: 150
5788: 20:28:02.165 - TCP inactivity timeout: 5000ms
5788: 20:28:02.165 - TCP disconnect timeout: 120000ms
5788: 20:28:02.165 - MaxInboundMessageSize: 512000
5788: 20:28:02.165 - MaxOutboundMessageSize: 512000
5788: 20:28:02.165 - Forcing all applications ids to: "Master"
5788: 20:28:02.165 - MaxInboundMessageSize: 512000
5788: 20:28:02.165 - MaxOutboundMessageSize: 512000
5788: 20:28:02.165 - UDP address specified as:0.0.0.0 adding listener to each available IPv4 address
5788: 20:28:02.166 - Adding UDP listener on :192.168.1.7: 5055 with a listen backlog of: 500
5788: 20:28:02.166 - Adding UDP listener on :127.0.0.1: 5055 with a listen backlog of: 500
5788: 20:28:02.166 - Forcing all applications ids to: "Game1"
5788: 20:28:02.166 - MaxInboundMessageSize: 512000
5788: 20:28:02.166 - MaxOutboundMessageSize: 512000
5788: 20:28:02.166 - UDP address specified as:0.0.0.0 adding listener to each available IPv4 address
5788: 20:28:02.166 - Adding UDP listener on :192.168.1.7: 5056 with a listen backlog of: 500
5788: 20:28:02.166 - Adding UDP listener on :127.0.0.1: 5056 with a listen backlog of: 500
5788: 20:28:02.166 - Forcing all applications ids to: "Game2"
5788: 20:28:02.166 - MaxInboundMessageSize: 512000
5788: 20:28:02.166 - MaxOutboundMessageSize: 512000
5788: 20:28:02.166 - UDP address specified as:0.0.0.0 adding listener to each available IPv4 address
5788: 20:28:02.166 - Adding UDP listener on :192.168.1.7: 5057 with a listen backlog of: 500
5788: 20:28:02.166 - Adding UDP listener on :127.0.0.1: 5057 with a listen backlog of: 500
5788: 20:28:02.167 - Adding WebSocket TCP listener on :0.0.0.0: 9090 with a listen backlog of: 150
5788: 20:28:02.167 - Nagle disabled
5788: 20:28:02.167 - TCP inactivity timeout: 10000ms
5788: 20:28:02.167 - MaxInboundMessageSize: 512000
5788: 20:28:02.167 - MaxOutboundMessageSize: 512000
5788: 20:28:02.167 - Forcing all applications ids to: "Master"
5788: 20:28:02.167 - Will accept ANY sub-protocols from the client
5788: 20:28:02.167 - No automatic WebSocket ping
5788: 20:28:02.167 - Adding WebSocket TCP listener on :0.0.0.0: 9091 with a listen backlog of: 150
5788: 20:28:02.167 - Nagle disabled
5788: 20:28:02.167 - TCP inactivity timeout: 10000ms
5788: 20:28:02.167 - MaxInboundMessageSize: 512000
5788: 20:28:02.167 - MaxOutboundMessageSize: 512000
5788: 20:28:02.167 - Forcing all applications ids to: "Game1"
5788: 20:28:02.167 - Will accept ANY sub-protocols from the client
5788: 20:28:02.167 - No automatic WebSocket ping
5788: 20:28:02.167 - Adding WebSocket TCP listener on :0.0.0.0: 9092 with a listen backlog of: 150
5788: 20:28:02.167 - Nagle disabled
5788: 20:28:02.167 - TCP inactivity timeout: 10000ms
5788: 20:28:02.167 - MaxInboundMessageSize: 512000
5788: 20:28:02.167 - MaxOutboundMessageSize: 512000
5788: 20:28:02.167 - Forcing all applications ids to: "Game2"
5788: 20:28:02.167 - Will accept ANY sub-protocols from the client
5788: 20:28:02.167 - No automatic WebSocket ping
5788: 20:28:02.167 - Adding Policy File listener on :0.0.0.0: 843 with a listen backlog of: 150 and serving Policy File: "C:\Users\Justin\Projects\mobas-server\deploy\Policy\assets\socket-policy.xml"
5788: 20:28:02.167 - TCP inactivity timeout: 1000ms
5788: 20:28:02.168 - Adding Policy File listener on :0.0.0.0: 943 with a listen backlog of: 150 and serving Policy File: "C:\Users\Justin\Projects\mobas-server\deploy\Policy\assets\socket-policy-silverlight.xml"
5788: 20:28:02.168 - TCP inactivity timeout: 1000ms
5788: 20:28:02.236 - Service is running...
