4712: 21:18:42.822 - ---
4712: 21:18:42.822 - Service: "Photon Socket Server" starting
4712: 21:18:42.822 - Config File: C:\Users\Justin\Projects\mobas-server\deploy\bin_Win64\PhotonServer.config
4712: 21:18:42.823 - Will produce at most: 10 crash dumps
4712: 21:18:42.823 - Action: run as exe
4712: 21:18:42.823 - Server Starting...
4712: 21:18:42.823 -    Tick count: 5555944 (wraps in: 49.646 days)
4712: 21:18:42.823 - Tick count 64: 5555944
4712: 21:18:42.824 - Photon Version: 3.4.4.2588
4712: 21:18:42.824 - PID: 116
4712: 21:18:42.824 - Config File: C:\Users\Justin\Projects\mobas-server\deploy\bin_Win64\PhotonServer.config
4712: 21:18:42.824 - Will NOT log unimportant exceptions
4712: 21:18:42.826 - Not using performance counters as they are not currently installed. Run the service with /InstallCounters to install them.
4712: 21:18:42.826 - Shutdown timeout enabled: 30000ms
4712: 21:18:42.826 - Starting I/O thread pool with 2 threads
4712: 21:18:42.826 - Using Standard allocator
4712: 21:18:42.826 - Max message size: 512000
4712: 21:18:42.826 - Starting business logic thread pool with the following settings
4712: 21:18:42.826 - InitialThreads: 4 threads
4712: 21:18:42.826 - MinThreads: 4 threads
4712: 21:18:42.826 - Thread pool is fixed size
4712: 21:18:42.827 - Starting ENet thread pool with the following settings
4712: 21:18:42.827 - InitialThreads: 2 threads
4712: 21:18:42.827 - MinThreads: 2 threads
4712: 21:18:42.827 - Thread pool is fixed size
4712: 21:18:42.827 - OnlyDispatchTimers: False
4712: 21:18:42.827 - S2S: flow control: Max pending writes: 50
4712: 21:18:42.827 - S2S: flow control: Max queued buffers: 200
4712: 21:18:42.827 - S2S: flow control: Max pending writes MUX: 500
4712: 21:18:42.827 - S2S: flow control: Max queued buffers MUX: 2000
4712: 21:18:42.827 - S2S: MaxInboundMessageSize: 512000
4712: 21:18:42.827 - S2S: MaxOutboundMessageSize: 512000
4712: 21:18:42.827 - S2S: No inactivity timeout
4712: 21:18:42.831 - WebSocket S2S: MaxInboundMessageSize: 512000
4712: 21:18:42.831 - WebSocket S2S: MaxOutboundMessageSize: 512000
4712: 21:18:42.831 - WebSocket S2S: No inactivity timeout
4712: 21:18:42.832 - Max Reliable Data In Transit (awaiting ACKs) per peer : 51200 bytes
4712: 21:18:42.832 - Per peer bandwidth limit
4712: 21:18:42.832 - Transmit Rate Limit: 256 KB/Sec
4712: 21:18:42.832 - Limit period: 200ms
4712: 21:18:42.832 - Limit per period: 52428 bytes
4712: 21:18:42.832 - Max queued data for transmission per peer: 512000 bytes
4712: 21:18:42.832 - Minimum retransmit timeout: 200
4712: 21:18:42.832 - Minimum ENet timeout: 5000ms
4712: 21:18:42.832 - Maximum ENet timeout: 30000ms
4712: 21:18:42.832 - Max Inbound Reliable Data Queued (awaiting resends of earlier sequence numbers) per peer : 163840 bytes
4712: 21:18:42.832 - Outbound ENet: MaxInboundMessageSize: 512000
4712: 21:18:42.832 - Outbound ENet: MaxOutboundMessageSize: 512000
4712: 21:18:42.833 - GetRuntime - About to load CLR - versions available:
4712: 21:18:42.833 - v2.0.50727
4712: 21:18:42.833 - v4.0.30319
4712: 21:18:42.833 - Configuration requests: "v2.0.50727"
4712: 21:18:42.833 - About to load version: "v2.0.50727"
4712: 21:18:42.843 - About to load runtime: PhotonHostRuntime.PhotonDomainManager from PhotonHostRuntime, Culture=neutral, PublicKeyToken=02C301B61B060C4D
4712: 21:18:42.843 - CLRBaseDirectory set to "C:\Users\Justin\Projects\mobas-server\deploy"
4712: 21:18:42.844 - Optimising event broadcast for 20 or more peers
4712: 21:18:42.844 - Start: About to load CLR - versions available:
4712: 21:18:42.844 - v2.0.50727
4712: 21:18:42.844 - v4.0.30319
4712: 21:18:42.844 - No preference in configuration file, will load latest.
4712: 21:18:42.844 - About to load version: "v4.0.30319"
4712: 21:18:42.845 - Loaded version: "v4.0.30319"
4712: 21:18:43.225 - Photon host runtime loaded
4712: 21:18:49.233 - License is valid.
4712: 21:18:49.233 - Licensed for 100 concurrent connections.
4712: 21:18:49.234 - ENet: Max Reliable Data In Transit (awaiting ACKs) per peer : 51200 bytes
4712: 21:18:49.234 - ENet: Per peer bandwidth limit
4712: 21:18:49.234 - ENet: Transmit Rate Limit: 256 KB/Sec
4712: 21:18:49.234 - ENet: Limit period: 200ms
4712: 21:18:49.234 - ENet: Limit per period: 52428 bytes
4712: 21:18:49.234 - ENet: Max queued data for transmission per peer: 512000 bytes
4712: 21:18:49.234 - ENet: Minimum retransmit timeout: 200
4712: 21:18:49.234 - ENet: Minimum timeout: 5000ms
4712: 21:18:49.234 - ENet: Maximum timeout: 30000ms
4712: 21:18:49.234 - ENet: Max Inbound Reliable Data Queued (awaiting resends of earlier sequence numbers) per peer : 163840 bytes
4712: 21:18:49.234 - About to load application: Master from Photon.LoadBalancing
4712: 21:18:49.234 - Auto restart is enabled for application, existing connections will be terminated during restart
4712: 21:18:49.234 - Application will restart 1000ms after the last change detected
4712: 21:18:49.234 - Application will restart if files matching the following are changed: "dll;config"
4712: 21:18:49.234 - Application will NOT restart if files matching the following are changed: "log4net.config"
4712: 21:18:49.430 - Taking reference on default app domain
4712: 21:18:49.702 - Application: "Master" started in app domain: 2
4712: 21:18:49.702 - About to load application: Game1 from Photon.LoadBalancing
4712: 21:18:49.702 - Auto restart is enabled for application, existing connections will be terminated during restart
4712: 21:18:49.703 - Application will restart 1000ms after the last change detected
4712: 21:18:49.703 - Application will restart if files matching the following are changed: "dll;config"
4712: 21:18:49.703 - Application will NOT restart if files matching the following are changed: "log4net.config"
4712: 21:18:49.841 - Taking reference on default app domain
4712: 21:18:50.018 - Application: "Game1" started in app domain: 3
4712: 21:18:50.018 - About to load application: Game2 from Photon.LoadBalancing
4712: 21:18:50.018 - Auto restart is enabled for application, existing connections will be terminated during restart
4712: 21:18:50.018 - Application will restart 1000ms after the last change detected
4712: 21:18:50.018 - Application will restart if files matching the following are changed: "dll;config"
4712: 21:18:50.018 - Application will NOT restart if files matching the following are changed: "log4net.config"
4712: 21:18:50.150 - Taking reference on default app domain
4712: 21:18:50.277 - Application: "Game2" started in app domain: 4
4712: 21:18:50.277 - About to load application: CounterPublisher from CounterPublisher
4712: 21:18:50.277 - Auto restart is enabled for application, existing connections will be terminated during restart
4712: 21:18:50.277 - Application will restart 1000ms after the last change detected
4712: 21:18:50.277 - Application will restart if files matching the following are changed: "dll;config"
4712: 21:18:50.277 - Application will NOT restart if files matching the following are changed: "log4net.config"
4712: 21:18:50.488 - Taking reference on default app domain
4712: 21:18:50.720 - Application: "CounterPublisher" started in app domain: 5
4712: 21:18:50.720 - Adding TCP listener on :0.0.0.0: 4530 with a listen backlog of: 150
4712: 21:18:50.720 - TCP inactivity timeout: 10000ms
4712: 21:18:50.720 - TCP disconnect timeout: 120000ms
4712: 21:18:50.720 - MaxInboundMessageSize: 512000
4712: 21:18:50.720 - MaxOutboundMessageSize: 512000
4712: 21:18:50.720 - Forcing all applications ids to: "Master"
4712: 21:18:50.731 - Serving policy file requests from: "C:\Users\Justin\Projects\mobas-server\deploy\Policy\assets\socket-policy.xml"
4712: 21:18:50.742 - Adding TCP listener on :0.0.0.0: 4531 with a listen backlog of: 150
4712: 21:18:50.742 - TCP inactivity timeout: 10000ms
4712: 21:18:50.742 - TCP disconnect timeout: 120000ms
4712: 21:18:50.742 - MaxInboundMessageSize: 512000
4712: 21:18:50.742 - MaxOutboundMessageSize: 512000
4712: 21:18:50.742 - Forcing all applications ids to: "Game1"
4712: 21:18:50.742 - Serving policy file requests from: "C:\Users\Justin\Projects\mobas-server\deploy\Policy\assets\socket-policy.xml"
4712: 21:18:50.742 - Adding TCP listener on :0.0.0.0: 4532 with a listen backlog of: 150
4712: 21:18:50.742 - TCP inactivity timeout: 10000ms
4712: 21:18:50.742 - TCP disconnect timeout: 120000ms
4712: 21:18:50.742 - MaxInboundMessageSize: 512000
4712: 21:18:50.742 - MaxOutboundMessageSize: 512000
4712: 21:18:50.742 - Forcing all applications ids to: "Game2"
4712: 21:18:50.742 - Serving policy file requests from: "C:\Users\Justin\Projects\mobas-server\deploy\Policy\assets\socket-policy.xml"
4712: 21:18:50.742 - Adding TCP listener on :0.0.0.0: 4520 with a listen backlog of: 150
4712: 21:18:50.742 - TCP inactivity timeout: 5000ms
4712: 21:18:50.742 - TCP disconnect timeout: 120000ms
4712: 21:18:50.742 - MaxInboundMessageSize: 512000
4712: 21:18:50.742 - MaxOutboundMessageSize: 512000
4712: 21:18:50.742 - Forcing all applications ids to: "Master"
4712: 21:18:50.743 - MaxInboundMessageSize: 512000
4712: 21:18:50.743 - MaxOutboundMessageSize: 512000
4712: 21:18:50.743 - UDP address specified as:0.0.0.0 adding listener to each available IPv4 address
4712: 21:18:50.743 - Adding UDP listener on :192.168.1.7: 5055 with a listen backlog of: 500
4712: 21:18:50.743 - Adding UDP listener on :127.0.0.1: 5055 with a listen backlog of: 500
4712: 21:18:50.743 - Forcing all applications ids to: "Game1"
4712: 21:18:50.743 - MaxInboundMessageSize: 512000
4712: 21:18:50.743 - MaxOutboundMessageSize: 512000
4712: 21:18:50.743 - UDP address specified as:0.0.0.0 adding listener to each available IPv4 address
4712: 21:18:50.744 - Adding UDP listener on :192.168.1.7: 5056 with a listen backlog of: 500
4712: 21:18:50.744 - Adding UDP listener on :127.0.0.1: 5056 with a listen backlog of: 500
4712: 21:18:50.744 - Forcing all applications ids to: "Game2"
4712: 21:18:50.744 - MaxInboundMessageSize: 512000
4712: 21:18:50.744 - MaxOutboundMessageSize: 512000
4712: 21:18:50.744 - UDP address specified as:0.0.0.0 adding listener to each available IPv4 address
4712: 21:18:50.744 - Adding UDP listener on :192.168.1.7: 5057 with a listen backlog of: 500
4712: 21:18:50.744 - Adding UDP listener on :127.0.0.1: 5057 with a listen backlog of: 500
4712: 21:18:50.744 - Adding WebSocket TCP listener on :0.0.0.0: 9090 with a listen backlog of: 150
4712: 21:18:50.744 - Nagle disabled
4712: 21:18:50.744 - TCP inactivity timeout: 10000ms
4712: 21:18:50.744 - MaxInboundMessageSize: 512000
4712: 21:18:50.744 - MaxOutboundMessageSize: 512000
4712: 21:18:50.744 - Forcing all applications ids to: "Master"
4712: 21:18:50.744 - Will accept ANY sub-protocols from the client
4712: 21:18:50.744 - No automatic WebSocket ping
4712: 21:18:50.759 - Adding WebSocket TCP listener on :0.0.0.0: 9091 with a listen backlog of: 150
4712: 21:18:50.759 - Nagle disabled
4712: 21:18:50.759 - TCP inactivity timeout: 10000ms
4712: 21:18:50.759 - MaxInboundMessageSize: 512000
4712: 21:18:50.759 - MaxOutboundMessageSize: 512000
4712: 21:18:50.759 - Forcing all applications ids to: "Game1"
4712: 21:18:50.759 - Will accept ANY sub-protocols from the client
4712: 21:18:50.759 - No automatic WebSocket ping
4712: 21:18:50.759 - Adding WebSocket TCP listener on :0.0.0.0: 9092 with a listen backlog of: 150
4712: 21:18:50.759 - Nagle disabled
4712: 21:18:50.759 - TCP inactivity timeout: 10000ms
4712: 21:18:50.759 - MaxInboundMessageSize: 512000
4712: 21:18:50.759 - MaxOutboundMessageSize: 512000
4712: 21:18:50.759 - Forcing all applications ids to: "Game2"
4712: 21:18:50.759 - Will accept ANY sub-protocols from the client
4712: 21:18:50.759 - No automatic WebSocket ping
4712: 21:18:50.760 - Adding Policy File listener on :0.0.0.0: 843 with a listen backlog of: 150 and serving Policy File: "C:\Users\Justin\Projects\mobas-server\deploy\Policy\assets\socket-policy.xml"
4712: 21:18:50.760 - TCP inactivity timeout: 1000ms
4712: 21:18:50.760 - Adding Policy File listener on :0.0.0.0: 943 with a listen backlog of: 150 and serving Policy File: "C:\Users\Justin\Projects\mobas-server\deploy\Policy\assets\socket-policy-silverlight.xml"
4712: 21:18:50.760 - TCP inactivity timeout: 1000ms
4712: 21:18:50.830 - Service is running...
4712: 22:39:04.573 - Service is stopped...
4712: 22:39:04.573 - Server shutting down...
4712: 22:39:04.573 - Shutdown monitoring enabled, 30000ms before process abort
4712: 22:39:04.573 - Notifying CLR applications of shutdown...
4712: 22:39:04.573 - RequestApplicationStop: 5
4712: 22:39:04.582 - RequestApplicationStop: 3
4712: 22:39:04.591 - RequestApplicationStop: 4
4712: 22:39:04.600 - RequestApplicationStop: 2
4712: 22:39:04.609 - RequestStop: defalt app domain
4712: 22:39:04.610 - Shutting down WebSocket Outbound Connection Manager...
4712: 22:39:04.610 - Shutting down TCP Outbound Connection Manager...
4712: 22:39:04.610 - Shutting down ENet Outbound Connection Manager...
4712: 22:39:04.610 - Disconnecting all outbound peers...
4712: 22:39:04.610 - Shutting down ENet host...
4712: 22:39:04.610 - Disconnecting all peers...
4712: 22:39:04.610 - Shutting down socket servers...
4712: 22:39:04.610 - Shutting down ENet thread pool...
4712: 22:39:04.611 - Shutting down TCP inactivity timers...
4712: 22:39:04.611 - WaitingForShutdownToComplete: NativePolicy:0.0.0.0:843
4712: 22:39:04.611 - OnShutdownCompleted: NativePolicy:0.0.0.0:843
4712: 22:39:04.611 - WaitingForShutdownToComplete: NativePolicy:0.0.0.0:943
4712: 22:39:04.611 - OnShutdownCompleted: NativePolicy:0.0.0.0:943
4712: 22:39:04.611 - WaitingForShutdownToComplete: TCP:0.0.0.0:4520
4712: 22:39:04.611 - OnShutdownCompleted: TCP:0.0.0.0:4520
4712: 22:39:04.611 - WaitingForShutdownToComplete: TCP:0.0.0.0:4530
4712: 22:39:04.611 - OnShutdownCompleted: TCP:0.0.0.0:4530
4712: 22:39:04.611 - WaitingForShutdownToComplete: TCP:0.0.0.0:4531
4712: 22:39:04.611 - OnShutdownCompleted: TCP:0.0.0.0:4531
4712: 22:39:04.611 - WaitingForShutdownToComplete: TCP:0.0.0.0:4532
4712: 22:39:04.611 - OnShutdownCompleted: TCP:0.0.0.0:4532
4712: 22:39:04.611 - WaitingForShutdownToComplete: UDP:127.0.0.1:5055
4712: 22:39:04.611 - OnShutdownCompleted: UDP:127.0.0.1:5055
4712: 22:39:04.611 - WaitingForShutdownToComplete: UDP:127.0.0.1:5056
4712: 22:39:04.611 - OnShutdownCompleted: UDP:127.0.0.1:5056
4712: 22:39:04.611 - WaitingForShutdownToComplete: UDP:127.0.0.1:5057
4712: 22:39:04.611 - OnShutdownCompleted: UDP:127.0.0.1:5057
4712: 22:39:04.611 - WaitingForShutdownToComplete: UDP:192.168.1.7:5055
4712: 22:39:04.611 - OnShutdownCompleted: UDP:192.168.1.7:5055
4712: 22:39:04.611 - WaitingForShutdownToComplete: UDP:192.168.1.7:5056
4712: 22:39:04.611 - OnShutdownCompleted: UDP:192.168.1.7:5056
4712: 22:39:04.611 - WaitingForShutdownToComplete: UDP:192.168.1.7:5057
4712: 22:39:04.611 - OnShutdownCompleted: UDP:192.168.1.7:5057
4712: 22:39:04.611 - WaitingForShutdownToComplete: WebSocket:0.0.0.0:9090
4712: 22:39:04.611 - OnShutdownCompleted: WebSocket:0.0.0.0:9090
4712: 22:39:04.611 - WaitingForShutdownToComplete: WebSocket:0.0.0.0:9091
4712: 22:39:04.611 - OnShutdownCompleted: WebSocket:0.0.0.0:9091
4712: 22:39:04.611 - WaitingForShutdownToComplete: WebSocket:0.0.0.0:9092
4712: 22:39:04.611 - OnShutdownCompleted: WebSocket:0.0.0.0:9092
4712: 22:39:04.611 - Shutting down CLR applications...
2740: 22:39:04.626 - CManagedHost::OnDefaultAction() - OPR_AppDomainUnload - eUnloadAppDomain
4712: 22:39:04.642 - Shutting down business logic thread pool...
4712: 22:39:04.642 - Shutting down I/O thread pool...
4712: 22:39:04.643 - Destroying servers
4712: 22:39:04.643 - Destroying WebSocket Outbound Connection Manager
4712: 22:39:04.643 - Destroying TCP Outbound Connection Manager
4712: 22:39:04.643 - Destroying TCP inactivity timer
4712: 22:39:04.643 - Destroying ENet timer wheel
4712: 22:39:04.643 - Destroying ENet host
4712: 22:39:04.643 - Destroying ENet outbound host
4712: 22:39:04.643 - Destroying HTTP inactivity timer
4712: 22:39:04.643 - Destroying HTTP host
4712: 22:39:04.643 - Flushing ENET buffer allocator...
4712: 22:39:04.647 - Flushing TCP buffer handle allocator...
4712: 22:39:04.647 - Flushing stream socket allocator...
4712: 22:39:04.648 - Flushing inbound datagram socket allocator...
4712: 22:39:04.649 - Flushing outbound datagram socket allocator...
4712: 22:39:04.649 - Destroying CLR dispatcher
4712: 22:39:04.649 - Destroying CLR applications
4712: 22:39:04.649 - ~CCLRApplicationCollection() - Waiting up to 10 seconds for the CLR to release all of our objects
3732: 22:39:04.652 - Unloading Domain: ApplicationName = 'CounterPublisher', DomainId='5'
2740: 22:39:04.652 - CManagedHost::OnDomainUnload() - 5
2740: 22:39:04.715 - CManagedHost::OnDefaultAction() - OPR_AppDomainUnload - eUnloadAppDomain
3732: 22:39:04.734 - Unloading Domain: ApplicationName = 'Master', DomainId='2'
2740: 22:39:04.734 - CManagedHost::OnDomainUnload() - 2
2740: 22:39:04.789 - CManagedHost::OnDefaultAction() - OPR_AppDomainUnload - eUnloadAppDomain
3732: 22:39:04.808 - Unloading Domain: ApplicationName = 'Game1', DomainId='3'
2740: 22:39:04.808 - CManagedHost::OnDomainUnload() - 3
2740: 22:39:04.851 - CManagedHost::OnDefaultAction() - OPR_AppDomainUnload - eUnloadAppDomain
3732: 22:39:04.869 - Unloading Domain: ApplicationName = 'Game2', DomainId='4'
2740: 22:39:04.869 - CManagedHost::OnDomainUnload() - 4
4712: 22:39:04.873 - ~CCLRApplicationCollection() - Done. All objects released
4712: 22:39:04.874 - ~CManagedHost() - Release default app domain
4712: 22:39:04.874 - CManagedHost::OnDomainUnload() - 1
4712: 22:39:04.874 - ~CManagedHost() - Waiting up to 10 seconds for CLR shutdown...
4712: 22:39:04.874 - ~CManagedHost
4712: 22:39:04.874 - Destroying ENet thread pool
4712: 22:39:04.874 - Destroying Business logic thread pool
4712: 22:39:04.874 - Destroying I/O thread pool
4712: 22:39:04.874 - Destroying ENet buffer allocator
4712: 22:39:04.874 - Destroying TCP buffer allocator
4712: 22:39:04.874 - Destroying TCP socket allocator
4712: 22:39:04.874 - Destroying ENet inbound socket allocator
4712: 22:39:04.874 - Destroying ENet outbound socket allocator
4712: 22:39:04.874 - Shutdown complete...
4712: 22:39:04.874 - Service shutting down
4712: 22:39:04.879 - Service shut down complete
6888: 22:39:15.745 - ---
6888: 22:39:15.745 - Service: "Photon Socket Server" starting
6888: 22:39:15.745 - Config File: C:\Users\Justin\Projects\mobas-server\deploy\bin_Win64\PhotonServer.config
6888: 22:39:15.746 - Will produce at most: 10 crash dumps
6888: 22:39:15.746 - Action: run as exe
6888: 22:39:15.746 - Server Starting...
6888: 22:39:15.746 -    Tick count: 10388855 (wraps in: 49.59 days)
6888: 22:39:15.746 - Tick count 64: 10388855
6888: 22:39:15.746 - Photon Version: 3.4.4.2588
6888: 22:39:15.746 - PID: 4720
6888: 22:39:15.746 - Config File: C:\Users\Justin\Projects\mobas-server\deploy\bin_Win64\PhotonServer.config
6888: 22:39:15.747 - Will NOT log unimportant exceptions
6888: 22:39:15.749 - Not using performance counters as they are not currently installed. Run the service with /InstallCounters to install them.
6888: 22:39:15.749 - Shutdown timeout enabled: 30000ms
6888: 22:39:15.749 - Starting I/O thread pool with 2 threads
6888: 22:39:15.749 - Using Standard allocator
6888: 22:39:15.749 - Max message size: 512000
6888: 22:39:15.749 - Starting business logic thread pool with the following settings
6888: 22:39:15.749 - InitialThreads: 4 threads
6888: 22:39:15.749 - MinThreads: 4 threads
6888: 22:39:15.749 - Thread pool is fixed size
6888: 22:39:15.749 - Starting ENet thread pool with the following settings
6888: 22:39:15.749 - InitialThreads: 2 threads
6888: 22:39:15.749 - MinThreads: 2 threads
6888: 22:39:15.749 - Thread pool is fixed size
6888: 22:39:15.749 - OnlyDispatchTimers: False
6888: 22:39:15.749 - S2S: flow control: Max pending writes: 50
6888: 22:39:15.749 - S2S: flow control: Max queued buffers: 200
6888: 22:39:15.749 - S2S: flow control: Max pending writes MUX: 500
6888: 22:39:15.749 - S2S: flow control: Max queued buffers MUX: 2000
6888: 22:39:15.749 - S2S: MaxInboundMessageSize: 512000
6888: 22:39:15.749 - S2S: MaxOutboundMessageSize: 512000
6888: 22:39:15.749 - S2S: No inactivity timeout
6888: 22:39:15.754 - WebSocket S2S: MaxInboundMessageSize: 512000
6888: 22:39:15.754 - WebSocket S2S: MaxOutboundMessageSize: 512000
6888: 22:39:15.754 - WebSocket S2S: No inactivity timeout
6888: 22:39:15.754 - Max Reliable Data In Transit (awaiting ACKs) per peer : 51200 bytes
6888: 22:39:15.754 - Per peer bandwidth limit
6888: 22:39:15.754 - Transmit Rate Limit: 256 KB/Sec
6888: 22:39:15.754 - Limit period: 200ms
6888: 22:39:15.754 - Limit per period: 52428 bytes
6888: 22:39:15.754 - Max queued data for transmission per peer: 512000 bytes
6888: 22:39:15.754 - Minimum retransmit timeout: 200
6888: 22:39:15.754 - Minimum ENet timeout: 5000ms
6888: 22:39:15.754 - Maximum ENet timeout: 30000ms
6888: 22:39:15.754 - Max Inbound Reliable Data Queued (awaiting resends of earlier sequence numbers) per peer : 163840 bytes
6888: 22:39:15.754 - Outbound ENet: MaxInboundMessageSize: 512000
6888: 22:39:15.754 - Outbound ENet: MaxOutboundMessageSize: 512000
6888: 22:39:15.756 - GetRuntime - About to load CLR - versions available:
6888: 22:39:15.756 - v2.0.50727
6888: 22:39:15.756 - v4.0.30319
6888: 22:39:15.756 - Configuration requests: "v2.0.50727"
6888: 22:39:15.756 - About to load version: "v2.0.50727"
6888: 22:39:15.764 - About to load runtime: PhotonHostRuntime.PhotonDomainManager from PhotonHostRuntime, Culture=neutral, PublicKeyToken=02C301B61B060C4D
6888: 22:39:15.764 - CLRBaseDirectory set to "C:\Users\Justin\Projects\mobas-server\deploy"
6888: 22:39:15.764 - Optimising event broadcast for 20 or more peers
6888: 22:39:15.765 - Start: About to load CLR - versions available:
6888: 22:39:15.765 - v2.0.50727
6888: 22:39:15.765 - v4.0.30319
6888: 22:39:15.765 - No preference in configuration file, will load latest.
6888: 22:39:15.765 - About to load version: "v4.0.30319"
6888: 22:39:15.766 - Loaded version: "v4.0.30319"
6888: 22:39:16.147 - Photon host runtime loaded
6888: 22:39:22.121 - License is valid.
6888: 22:39:22.121 - Licensed for 100 concurrent connections.
6888: 22:39:22.121 - ENet: Max Reliable Data In Transit (awaiting ACKs) per peer : 51200 bytes
6888: 22:39:22.121 - ENet: Per peer bandwidth limit
6888: 22:39:22.121 - ENet: Transmit Rate Limit: 256 KB/Sec
6888: 22:39:22.121 - ENet: Limit period: 200ms
6888: 22:39:22.121 - ENet: Limit per period: 52428 bytes
6888: 22:39:22.121 - ENet: Max queued data for transmission per peer: 512000 bytes
6888: 22:39:22.121 - ENet: Minimum retransmit timeout: 200
6888: 22:39:22.121 - ENet: Minimum timeout: 5000ms
6888: 22:39:22.121 - ENet: Maximum timeout: 30000ms
6888: 22:39:22.121 - ENet: Max Inbound Reliable Data Queued (awaiting resends of earlier sequence numbers) per peer : 163840 bytes
6888: 22:39:22.121 - About to load application: Master from Photon.LoadBalancing
6888: 22:39:22.121 - Auto restart is enabled for application, existing connections will be terminated during restart
6888: 22:39:22.121 - Application will restart 1000ms after the last change detected
6888: 22:39:22.121 - Application will restart if files matching the following are changed: "dll;config"
6888: 22:39:22.121 - Application will NOT restart if files matching the following are changed: "log4net.config"
6888: 22:39:22.219 - Taking reference on default app domain
6888: 22:39:22.271 - Application: "Master" started in app domain: 2
6888: 22:39:22.271 - About to load application: Game1 from Photon.LoadBalancing
6888: 22:39:22.271 - Auto restart is enabled for application, existing connections will be terminated during restart
6888: 22:39:22.271 - Application will restart 1000ms after the last change detected
6888: 22:39:22.271 - Application will restart if files matching the following are changed: "dll;config"
6888: 22:39:22.271 - Application will NOT restart if files matching the following are changed: "log4net.config"
6888: 22:39:22.356 - Taking reference on default app domain
6888: 22:39:22.428 - Application: "Game1" started in app domain: 3
6888: 22:39:22.428 - About to load application: Game2 from Photon.LoadBalancing
6888: 22:39:22.428 - Auto restart is enabled for application, existing connections will be terminated during restart
6888: 22:39:22.428 - Application will restart 1000ms after the last change detected
6888: 22:39:22.428 - Application will restart if files matching the following are changed: "dll;config"
6888: 22:39:22.428 - Application will NOT restart if files matching the following are changed: "log4net.config"
6888: 22:39:22.512 - Taking reference on default app domain
6888: 22:39:22.579 - Application: "Game2" started in app domain: 4
6888: 22:39:22.579 - About to load application: CounterPublisher from CounterPublisher
6888: 22:39:22.579 - Auto restart is enabled for application, existing connections will be terminated during restart
6888: 22:39:22.579 - Application will restart 1000ms after the last change detected
6888: 22:39:22.579 - Application will restart if files matching the following are changed: "dll;config"
6888: 22:39:22.579 - Application will NOT restart if files matching the following are changed: "log4net.config"
6888: 22:39:22.663 - Taking reference on default app domain
6888: 22:39:22.708 - Application: "CounterPublisher" started in app domain: 5
6888: 22:39:22.708 - Adding TCP listener on :0.0.0.0: 4530 with a listen backlog of: 150
6888: 22:39:22.708 - TCP inactivity timeout: 10000ms
6888: 22:39:22.708 - TCP disconnect timeout: 120000ms
6888: 22:39:22.708 - MaxInboundMessageSize: 512000
6888: 22:39:22.708 - MaxOutboundMessageSize: 512000
6888: 22:39:22.708 - Forcing all applications ids to: "Master"
6888: 22:39:22.708 - Serving policy file requests from: "C:\Users\Justin\Projects\mobas-server\deploy\Policy\assets\socket-policy.xml"
6888: 22:39:22.708 - Adding TCP listener on :0.0.0.0: 4531 with a listen backlog of: 150
6888: 22:39:22.708 - TCP inactivity timeout: 10000ms
6888: 22:39:22.708 - TCP disconnect timeout: 120000ms
6888: 22:39:22.708 - MaxInboundMessageSize: 512000
6888: 22:39:22.708 - MaxOutboundMessageSize: 512000
6888: 22:39:22.708 - Forcing all applications ids to: "Game1"
6888: 22:39:22.709 - Serving policy file requests from: "C:\Users\Justin\Projects\mobas-server\deploy\Policy\assets\socket-policy.xml"
6888: 22:39:22.709 - Adding TCP listener on :0.0.0.0: 4532 with a listen backlog of: 150
6888: 22:39:22.709 - TCP inactivity timeout: 10000ms
6888: 22:39:22.709 - TCP disconnect timeout: 120000ms
6888: 22:39:22.709 - MaxInboundMessageSize: 512000
6888: 22:39:22.709 - MaxOutboundMessageSize: 512000
6888: 22:39:22.709 - Forcing all applications ids to: "Game2"
6888: 22:39:22.709 - Serving policy file requests from: "C:\Users\Justin\Projects\mobas-server\deploy\Policy\assets\socket-policy.xml"
6888: 22:39:22.709 - Adding TCP listener on :0.0.0.0: 4520 with a listen backlog of: 150
6888: 22:39:22.709 - TCP inactivity timeout: 5000ms
6888: 22:39:22.709 - TCP disconnect timeout: 120000ms
6888: 22:39:22.709 - MaxInboundMessageSize: 512000
6888: 22:39:22.709 - MaxOutboundMessageSize: 512000
6888: 22:39:22.709 - Forcing all applications ids to: "Master"
6888: 22:39:22.709 - MaxInboundMessageSize: 512000
6888: 22:39:22.709 - MaxOutboundMessageSize: 512000
6888: 22:39:22.709 - UDP address specified as:0.0.0.0 adding listener to each available IPv4 address
6888: 22:39:22.710 - Adding UDP listener on :192.168.1.7: 5055 with a listen backlog of: 500
6888: 22:39:22.710 - Adding UDP listener on :127.0.0.1: 5055 with a listen backlog of: 500
6888: 22:39:22.710 - Forcing all applications ids to: "Game1"
6888: 22:39:22.710 - MaxInboundMessageSize: 512000
6888: 22:39:22.710 - MaxOutboundMessageSize: 512000
6888: 22:39:22.710 - UDP address specified as:0.0.0.0 adding listener to each available IPv4 address
6888: 22:39:22.710 - Adding UDP listener on :192.168.1.7: 5056 with a listen backlog of: 500
6888: 22:39:22.710 - Adding UDP listener on :127.0.0.1: 5056 with a listen backlog of: 500
6888: 22:39:22.710 - Forcing all applications ids to: "Game2"
6888: 22:39:22.710 - MaxInboundMessageSize: 512000
6888: 22:39:22.710 - MaxOutboundMessageSize: 512000
6888: 22:39:22.710 - UDP address specified as:0.0.0.0 adding listener to each available IPv4 address
6888: 22:39:22.710 - Adding UDP listener on :192.168.1.7: 5057 with a listen backlog of: 500
6888: 22:39:22.710 - Adding UDP listener on :127.0.0.1: 5057 with a listen backlog of: 500
6888: 22:39:22.711 - Adding WebSocket TCP listener on :0.0.0.0: 9090 with a listen backlog of: 150
6888: 22:39:22.711 - Nagle disabled
6888: 22:39:22.711 - TCP inactivity timeout: 10000ms
6888: 22:39:22.711 - MaxInboundMessageSize: 512000
6888: 22:39:22.711 - MaxOutboundMessageSize: 512000
6888: 22:39:22.711 - Forcing all applications ids to: "Master"
6888: 22:39:22.711 - Will accept ANY sub-protocols from the client
6888: 22:39:22.711 - No automatic WebSocket ping
6888: 22:39:22.711 - Adding WebSocket TCP listener on :0.0.0.0: 9091 with a listen backlog of: 150
6888: 22:39:22.711 - Nagle disabled
6888: 22:39:22.711 - TCP inactivity timeout: 10000ms
6888: 22:39:22.711 - MaxInboundMessageSize: 512000
6888: 22:39:22.711 - MaxOutboundMessageSize: 512000
6888: 22:39:22.711 - Forcing all applications ids to: "Game1"
6888: 22:39:22.711 - Will accept ANY sub-protocols from the client
6888: 22:39:22.711 - No automatic WebSocket ping
6888: 22:39:22.711 - Adding WebSocket TCP listener on :0.0.0.0: 9092 with a listen backlog of: 150
6888: 22:39:22.711 - Nagle disabled
6888: 22:39:22.711 - TCP inactivity timeout: 10000ms
6888: 22:39:22.711 - MaxInboundMessageSize: 512000
6888: 22:39:22.711 - MaxOutboundMessageSize: 512000
6888: 22:39:22.711 - Forcing all applications ids to: "Game2"
6888: 22:39:22.711 - Will accept ANY sub-protocols from the client
6888: 22:39:22.711 - No automatic WebSocket ping
6888: 22:39:22.711 - Adding Policy File listener on :0.0.0.0: 843 with a listen backlog of: 150 and serving Policy File: "C:\Users\Justin\Projects\mobas-server\deploy\Policy\assets\socket-policy.xml"
6888: 22:39:22.711 - TCP inactivity timeout: 1000ms
6888: 22:39:22.711 - Adding Policy File listener on :0.0.0.0: 943 with a listen backlog of: 150 and serving Policy File: "C:\Users\Justin\Projects\mobas-server\deploy\Policy\assets\socket-policy-silverlight.xml"
6888: 22:39:22.711 - TCP inactivity timeout: 1000ms
6888: 22:39:22.778 - Service is running...
