5672: 10:10:29.563 - ---
5672: 10:10:29.563 - Service: "Photon Socket Server" starting
5672: 10:10:29.563 - Config File: C:\Users\Dell\Programming\Unity\mobas\server\deploy\bin_Win64\PhotonServer.config
5672: 10:10:29.564 - Will produce at most: 10 crash dumps
5672: 10:10:29.564 - Action: run as exe
5672: 10:10:29.565 - Server Starting...
5672: 10:10:29.565 -    Tick count: 1000236062 (wraps in: 38.1335 days)
5672: 10:10:29.565 - Tick count 64: 1000236062
5672: 10:10:29.565 - Photon Version: 3.4.4.2588
5672: 10:10:29.565 - PID: 51792
5672: 10:10:29.565 - Config File: C:\Users\Dell\Programming\Unity\mobas\server\deploy\bin_Win64\PhotonServer.config
5672: 10:10:29.566 - Will NOT log unimportant exceptions
5672: 10:10:29.600 - Not using performance counters as they are not currently installed. Run the service with /InstallCounters to install them.
5672: 10:10:29.601 - Shutdown timeout enabled: 30000ms
5672: 10:10:29.614 - Starting I/O thread pool with 2 threads
5672: 10:10:29.615 - Using Standard allocator
5672: 10:10:29.615 - Max message size: 512000
5672: 10:10:29.616 - Starting business logic thread pool with the following settings
5672: 10:10:29.616 - InitialThreads: 4 threads
5672: 10:10:29.616 - MinThreads: 4 threads
5672: 10:10:29.616 - Thread pool is fixed size
5672: 10:10:29.616 - Starting ENet thread pool with the following settings
5672: 10:10:29.616 - InitialThreads: 2 threads
5672: 10:10:29.616 - MinThreads: 2 threads
5672: 10:10:29.616 - Thread pool is fixed size
5672: 10:10:29.616 - OnlyDispatchTimers: False
5672: 10:10:29.616 - S2S: flow control: Max pending writes: 50
5672: 10:10:29.616 - S2S: flow control: Max queued buffers: 200
5672: 10:10:29.616 - S2S: flow control: Max pending writes MUX: 500
5672: 10:10:29.616 - S2S: flow control: Max queued buffers MUX: 2000
5672: 10:10:29.616 - S2S: MaxInboundMessageSize: 512000
5672: 10:10:29.616 - S2S: MaxOutboundMessageSize: 512000
5672: 10:10:29.616 - S2S: No inactivity timeout
5672: 10:10:29.648 - WebSocket S2S: MaxInboundMessageSize: 512000
5672: 10:10:29.648 - WebSocket S2S: MaxOutboundMessageSize: 512000
5672: 10:10:29.648 - WebSocket S2S: No inactivity timeout
5672: 10:10:29.649 - Max Reliable Data In Transit (awaiting ACKs) per peer : 51200 bytes
5672: 10:10:29.649 - Per peer bandwidth limit
5672: 10:10:29.649 - Transmit Rate Limit: 256 KB/Sec
5672: 10:10:29.649 - Limit period: 200ms
5672: 10:10:29.649 - Limit per period: 52428 bytes
5672: 10:10:29.649 - Max queued data for transmission per peer: 512000 bytes
5672: 10:10:29.649 - Minimum retransmit timeout: 200
5672: 10:10:29.649 - Minimum ENet timeout: 5000ms
5672: 10:10:29.649 - Maximum ENet timeout: 30000ms
5672: 10:10:29.649 - Max Inbound Reliable Data Queued (awaiting resends of earlier sequence numbers) per peer : 163840 bytes
5672: 10:10:29.649 - Outbound ENet: MaxInboundMessageSize: 512000
5672: 10:10:29.649 - Outbound ENet: MaxOutboundMessageSize: 512000
5672: 10:10:29.653 - GetRuntime - About to load CLR - versions available:
5672: 10:10:29.653 - v2.0.50727
5672: 10:10:29.653 - v4.0.30319
5672: 10:10:29.653 - Configuration requests: "v2.0.50727"
5672: 10:10:29.653 - About to load version: "v2.0.50727"
5672: 10:10:29.655 - About to load runtime: PhotonHostRuntime.PhotonDomainManager from PhotonHostRuntime, Culture=neutral, PublicKeyToken=02C301B61B060C4D
5672: 10:10:29.655 - CLRBaseDirectory set to "C:\Users\Dell\Programming\Unity\mobas\server\deploy"
5672: 10:10:29.655 - Optimising event broadcast for 20 or more peers
5672: 10:10:29.657 - Start: About to load CLR - versions available:
5672: 10:10:29.657 - v2.0.50727
5672: 10:10:29.657 - v4.0.30319
5672: 10:10:29.657 - No preference in configuration file, will load latest.
5672: 10:10:29.657 - About to load version: "v4.0.30319"
5672: 10:10:29.657 - Loaded version: "v4.0.30319"
5672: 10:10:29.930 - Photon host runtime loaded
5672: 10:10:35.468 - License is valid.
5672: 10:10:35.468 - Licensed for 100 concurrent connections.
5672: 10:10:35.468 - ENet: Max Reliable Data In Transit (awaiting ACKs) per peer : 51200 bytes
5672: 10:10:35.468 - ENet: Per peer bandwidth limit
5672: 10:10:35.468 - ENet: Transmit Rate Limit: 256 KB/Sec
5672: 10:10:35.468 - ENet: Limit period: 200ms
5672: 10:10:35.468 - ENet: Limit per period: 52428 bytes
5672: 10:10:35.468 - ENet: Max queued data for transmission per peer: 512000 bytes
5672: 10:10:35.468 - ENet: Minimum retransmit timeout: 200
5672: 10:10:35.468 - ENet: Minimum timeout: 5000ms
5672: 10:10:35.468 - ENet: Maximum timeout: 30000ms
5672: 10:10:35.468 - ENet: Max Inbound Reliable Data Queued (awaiting resends of earlier sequence numbers) per peer : 163840 bytes
5672: 10:10:35.468 - About to load application: Master from Photon.LoadBalancing
5672: 10:10:35.468 - Auto restart is enabled for application, existing connections will be terminated during restart
5672: 10:10:35.468 - Application will restart 1000ms after the last change detected
5672: 10:10:35.468 - Application will restart if files matching the following are changed: "dll;config"
5672: 10:10:35.468 - Application will NOT restart if files matching the following are changed: "log4net.config"
5672: 10:10:36.062 - Taking reference on default app domain
5672: 10:10:36.750 - Application: "Master" started in app domain: 2
5672: 10:10:36.750 - About to load application: Game1 from Photon.LoadBalancing
5672: 10:10:36.750 - Auto restart is enabled for application, existing connections will be terminated during restart
5672: 10:10:36.750 - Application will restart 1000ms after the last change detected
5672: 10:10:36.750 - Application will restart if files matching the following are changed: "dll;config"
5672: 10:10:36.750 - Application will NOT restart if files matching the following are changed: "log4net.config"
5672: 10:10:36.970 - Taking reference on default app domain
5672: 10:10:37.564 - Application: "Game1" started in app domain: 3
5672: 10:10:37.564 - About to load application: Game2 from Photon.LoadBalancing
5672: 10:10:37.564 - Auto restart is enabled for application, existing connections will be terminated during restart
5672: 10:10:37.564 - Application will restart 1000ms after the last change detected
5672: 10:10:37.564 - Application will restart if files matching the following are changed: "dll;config"
5672: 10:10:37.564 - Application will NOT restart if files matching the following are changed: "log4net.config"
5672: 10:10:37.809 - Taking reference on default app domain
5672: 10:10:38.364 - Application: "Game2" started in app domain: 4
5672: 10:10:38.364 - About to load application: CounterPublisher from CounterPublisher
5672: 10:10:38.364 - Auto restart is enabled for application, existing connections will be terminated during restart
5672: 10:10:38.364 - Application will restart 1000ms after the last change detected
5672: 10:10:38.364 - Application will restart if files matching the following are changed: "dll;config"
5672: 10:10:38.364 - Application will NOT restart if files matching the following are changed: "log4net.config"
5672: 10:10:38.566 - Taking reference on default app domain
5672: 10:10:38.833 - Application: "CounterPublisher" started in app domain: 5
5672: 10:10:38.833 - Adding TCP listener on :0.0.0.0: 4530 with a listen backlog of: 150
5672: 10:10:38.833 - TCP inactivity timeout: 10000ms
5672: 10:10:38.833 - TCP disconnect timeout: 120000ms
5672: 10:10:38.833 - MaxInboundMessageSize: 512000
5672: 10:10:38.833 - MaxOutboundMessageSize: 512000
5672: 10:10:38.833 - Forcing all applications ids to: "Master"
5672: 10:10:38.834 - Serving policy file requests from: "C:\Users\Dell\Programming\Unity\mobas\server\deploy\Policy\assets\socket-policy.xml"
5672: 10:10:38.855 - Adding TCP listener on :0.0.0.0: 4531 with a listen backlog of: 150
5672: 10:10:38.855 - TCP inactivity timeout: 10000ms
5672: 10:10:38.855 - TCP disconnect timeout: 120000ms
5672: 10:10:38.855 - MaxInboundMessageSize: 512000
5672: 10:10:38.855 - MaxOutboundMessageSize: 512000
5672: 10:10:38.856 - Forcing all applications ids to: "Game1"
5672: 10:10:38.856 - Serving policy file requests from: "C:\Users\Dell\Programming\Unity\mobas\server\deploy\Policy\assets\socket-policy.xml"
5672: 10:10:38.856 - Adding TCP listener on :0.0.0.0: 4532 with a listen backlog of: 150
5672: 10:10:38.856 - TCP inactivity timeout: 10000ms
5672: 10:10:38.856 - TCP disconnect timeout: 120000ms
5672: 10:10:38.856 - MaxInboundMessageSize: 512000
5672: 10:10:38.856 - MaxOutboundMessageSize: 512000
5672: 10:10:38.856 - Forcing all applications ids to: "Game2"
5672: 10:10:38.856 - Serving policy file requests from: "C:\Users\Dell\Programming\Unity\mobas\server\deploy\Policy\assets\socket-policy.xml"
5672: 10:10:38.856 - Adding TCP listener on :0.0.0.0: 4520 with a listen backlog of: 150
5672: 10:10:38.856 - TCP inactivity timeout: 5000ms
5672: 10:10:38.856 - TCP disconnect timeout: 120000ms
5672: 10:10:38.856 - MaxInboundMessageSize: 512000
5672: 10:10:38.856 - MaxOutboundMessageSize: 512000
5672: 10:10:38.856 - Forcing all applications ids to: "Master"
5672: 10:10:38.856 - MaxInboundMessageSize: 512000
5672: 10:10:38.856 - MaxOutboundMessageSize: 512000
5672: 10:10:38.856 - UDP address specified as:0.0.0.0 adding listener to each available IPv4 address
5672: 10:10:38.856 - Adding UDP listener on :192.168.19.1: 5055 with a listen backlog of: 500
5672: 10:10:38.856 - Adding UDP listener on :192.168.20.1: 5055 with a listen backlog of: 500
5672: 10:10:38.856 - Adding UDP listener on :192.168.1.4: 5055 with a listen backlog of: 500
5672: 10:10:38.856 - Adding UDP listener on :127.0.0.1: 5055 with a listen backlog of: 500
5672: 10:10:38.857 - Forcing all applications ids to: "Game1"
5672: 10:10:38.857 - MaxInboundMessageSize: 512000
5672: 10:10:38.857 - MaxOutboundMessageSize: 512000
5672: 10:10:38.857 - UDP address specified as:0.0.0.0 adding listener to each available IPv4 address
5672: 10:10:38.857 - Adding UDP listener on :192.168.19.1: 5056 with a listen backlog of: 500
5672: 10:10:38.857 - Adding UDP listener on :192.168.20.1: 5056 with a listen backlog of: 500
5672: 10:10:38.857 - Adding UDP listener on :192.168.1.4: 5056 with a listen backlog of: 500
5672: 10:10:38.857 - Adding UDP listener on :127.0.0.1: 5056 with a listen backlog of: 500
5672: 10:10:38.857 - Forcing all applications ids to: "Game2"
5672: 10:10:38.857 - MaxInboundMessageSize: 512000
5672: 10:10:38.857 - MaxOutboundMessageSize: 512000
5672: 10:10:38.857 - UDP address specified as:0.0.0.0 adding listener to each available IPv4 address
5672: 10:10:38.857 - Adding UDP listener on :192.168.19.1: 5057 with a listen backlog of: 500
5672: 10:10:38.857 - Adding UDP listener on :192.168.20.1: 5057 with a listen backlog of: 500
5672: 10:10:38.857 - Adding UDP listener on :192.168.1.4: 5057 with a listen backlog of: 500
5672: 10:10:38.857 - Adding UDP listener on :127.0.0.1: 5057 with a listen backlog of: 500
5672: 10:10:38.857 - Adding WebSocket TCP listener on :0.0.0.0: 9090 with a listen backlog of: 150
5672: 10:10:38.857 - Nagle disabled
5672: 10:10:38.857 - TCP inactivity timeout: 10000ms
5672: 10:10:38.857 - MaxInboundMessageSize: 512000
5672: 10:10:38.857 - MaxOutboundMessageSize: 512000
5672: 10:10:38.857 - Forcing all applications ids to: "Master"
5672: 10:10:38.857 - Will accept ANY sub-protocols from the client
5672: 10:10:38.857 - No automatic WebSocket ping
5672: 10:10:38.870 - Adding WebSocket TCP listener on :0.0.0.0: 9091 with a listen backlog of: 150
5672: 10:10:38.870 - Nagle disabled
5672: 10:10:38.870 - TCP inactivity timeout: 10000ms
5672: 10:10:38.870 - MaxInboundMessageSize: 512000
5672: 10:10:38.870 - MaxOutboundMessageSize: 512000
5672: 10:10:38.870 - Forcing all applications ids to: "Game1"
5672: 10:10:38.870 - Will accept ANY sub-protocols from the client
5672: 10:10:38.870 - No automatic WebSocket ping
5672: 10:10:38.870 - Adding WebSocket TCP listener on :0.0.0.0: 9092 with a listen backlog of: 150
5672: 10:10:38.870 - Nagle disabled
5672: 10:10:38.870 - TCP inactivity timeout: 10000ms
5672: 10:10:38.870 - MaxInboundMessageSize: 512000
5672: 10:10:38.870 - MaxOutboundMessageSize: 512000
5672: 10:10:38.870 - Forcing all applications ids to: "Game2"
5672: 10:10:38.870 - Will accept ANY sub-protocols from the client
5672: 10:10:38.870 - No automatic WebSocket ping
5672: 10:10:38.870 - Adding Policy File listener on :0.0.0.0: 843 with a listen backlog of: 150 and serving Policy File: "C:\Users\Dell\Programming\Unity\mobas\server\deploy\Policy\assets\socket-policy.xml"
5672: 10:10:38.870 - TCP inactivity timeout: 1000ms
5672: 10:10:38.873 - Adding Policy File listener on :0.0.0.0: 943 with a listen backlog of: 150 and serving Policy File: "C:\Users\Dell\Programming\Unity\mobas\server\deploy\Policy\assets\socket-policy-silverlight.xml"
5672: 10:10:38.873 - TCP inactivity timeout: 1000ms
5672: 10:10:38.937 - Service is running...
55016: 10:57:21.265 - Restarting application: "Game1" due to file changes
55016: 10:57:21.293 - Application: "Game1" restart request (abort existing connections)
55016: 10:57:21.432 - Taking reference on default app domain
55016: 10:57:21.550 - Application: "Game1" started in app domain: 6
55016: 10:57:23.855 - RequestApplicationStop: 3
55016: 10:57:23.881 - Application: "Game1" stopped in app domain: 3 (abort existing connections)
55008: 10:57:23.881 - CManagedHost::OnDefaultAction() - OPR_AppDomainUnload - eUnloadAppDomain
55016: 10:57:23.881 - Application: "Game1" restart complete.
55016: 10:57:23.881 - Restarting application: "Game2" due to file changes
55016: 10:57:23.881 - Application: "Game2" restart request (abort existing connections)
54372: 10:57:23.904 - Unloading Domain: ApplicationName = 'Game1', DomainId='3'
55008: 10:57:23.904 - CManagedHost::OnDomainUnload() - 3
55016: 10:57:24.008 - Taking reference on default app domain
55016: 10:57:24.102 - Application: "Game2" started in app domain: 7
55016: 10:57:25.127 - RequestApplicationStop: 4
55016: 10:57:25.139 - Application: "Game2" stopped in app domain: 4 (abort existing connections)
55016: 10:57:25.139 - Application: "Game2" restart complete.
55008: 10:57:25.157 - CManagedHost::OnDefaultAction() - OPR_AppDomainUnload - eUnloadAppDomain
54372: 10:57:25.175 - Unloading Domain: ApplicationName = 'Game2', DomainId='4'
55008: 10:57:25.175 - CManagedHost::OnDomainUnload() - 4
55016: 11:42:50.051 - Restarting application: "Game1" due to file changes
55016: 11:42:50.051 - Application: "Game1" restart request (abort existing connections)
55016: 11:42:50.173 - Taking reference on default app domain
55016: 11:42:50.274 - Application: "Game1" started in app domain: 8
55016: 11:42:50.866 - RequestApplicationStop: 6
55016: 11:42:50.888 - Application: "Game1" stopped in app domain: 6 (abort existing connections)
55008: 11:42:50.888 - CManagedHost::OnDefaultAction() - OPR_AppDomainUnload - eUnloadAppDomain
55016: 11:42:50.888 - Application: "Game1" restart complete.
55016: 11:42:50.888 - Restarting application: "Game2" due to file changes
55016: 11:42:50.888 - Application: "Game2" restart request (abort existing connections)
54372: 11:42:50.906 - Unloading Domain: ApplicationName = 'Game1', DomainId='6'
55008: 11:42:50.907 - CManagedHost::OnDomainUnload() - 6
55016: 11:42:50.999 - Taking reference on default app domain
55016: 11:42:51.091 - Application: "Game2" started in app domain: 9
55016: 11:42:51.643 - RequestApplicationStop: 7
55016: 11:42:51.664 - Application: "Game2" stopped in app domain: 7 (abort existing connections)
55016: 11:42:51.664 - Application: "Game2" restart complete.
55008: 11:42:51.673 - CManagedHost::OnDefaultAction() - OPR_AppDomainUnload - eUnloadAppDomain
54372: 11:42:51.693 - Unloading Domain: ApplicationName = 'Game2', DomainId='7'
55008: 11:42:51.694 - CManagedHost::OnDomainUnload() - 7
55016: 11:45:47.216 - Restarting application: "Game1" due to file changes
55016: 11:45:47.216 - Application: "Game1" restart request (abort existing connections)
55016: 11:45:47.337 - Taking reference on default app domain
55016: 11:45:47.438 - Application: "Game1" started in app domain: 10
55016: 11:45:48.862 - RequestApplicationStop: 8
55016: 11:45:48.876 - Application: "Game1" stopped in app domain: 8 (abort existing connections)
55016: 11:45:48.876 - Application: "Game1" restart complete.
55016: 11:45:48.876 - Restarting application: "Game2" due to file changes
55016: 11:45:48.876 - Application: "Game2" restart request (abort existing connections)
55008: 11:45:48.888 - CManagedHost::OnDefaultAction() - OPR_AppDomainUnload - eUnloadAppDomain
54372: 11:45:48.907 - Unloading Domain: ApplicationName = 'Game1', DomainId='8'
55008: 11:45:48.907 - CManagedHost::OnDomainUnload() - 8
55016: 11:45:48.990 - Taking reference on default app domain
55016: 11:45:49.086 - Application: "Game2" started in app domain: 11
55016: 11:45:50.183 - RequestApplicationStop: 9
55016: 11:45:50.197 - Application: "Game2" stopped in app domain: 9 (abort existing connections)
55016: 11:45:50.197 - Application: "Game2" restart complete.
55008: 11:45:50.217 - CManagedHost::OnDefaultAction() - OPR_AppDomainUnload - eUnloadAppDomain
54372: 11:45:50.240 - Unloading Domain: ApplicationName = 'Game2', DomainId='9'
55008: 11:45:50.240 - CManagedHost::OnDomainUnload() - 9
