2152: 18:26:10.689 - ---
2152: 18:26:10.689 - Service: "Photon Socket Server" starting
2152: 18:26:10.689 - Config File: C:\Program Files\Photon Server\deploy\bin_Win64\PhotonServer.config
2152: 18:26:10.690 - Will produce at most: 10 crash dumps
2152: 18:26:10.690 - Action: run as exe
2152: 18:26:10.690 - Server Starting...
2152: 18:26:10.690 -    Tick count: 3646164 (wraps in: 49.6681 days)
2152: 18:26:10.690 - Tick count 64: 3646164
2152: 18:26:10.691 - Photon Version: 3.4.4.2588
2152: 18:26:10.691 - PID: 4232
2152: 18:26:10.691 - Config File: C:\Program Files\Photon Server\deploy\bin_Win64\PhotonServer.config
2152: 18:26:10.691 - Will NOT log unimportant exceptions
2152: 18:26:10.693 - Not using performance counters as they are not currently installed. Run the service with /InstallCounters to install them.
2152: 18:26:10.693 - Shutdown timeout enabled: 30000ms
2152: 18:26:10.693 - Starting I/O thread pool with 2 threads
2152: 18:26:10.693 - Using Standard allocator
2152: 18:26:10.693 - Max message size: 512000
2152: 18:26:10.693 - Starting business logic thread pool with the following settings
2152: 18:26:10.693 - InitialThreads: 4 threads
2152: 18:26:10.693 - MinThreads: 4 threads
2152: 18:26:10.693 - Thread pool is fixed size
2152: 18:26:10.694 - Starting ENet thread pool with the following settings
2152: 18:26:10.694 - InitialThreads: 2 threads
2152: 18:26:10.694 - MinThreads: 2 threads
2152: 18:26:10.694 - Thread pool is fixed size
2152: 18:26:10.694 - OnlyDispatchTimers: False
2152: 18:26:10.694 - S2S: flow control: Max pending writes: 50
2152: 18:26:10.694 - S2S: flow control: Max queued buffers: 200
2152: 18:26:10.694 - S2S: flow control: Max pending writes MUX: 500
2152: 18:26:10.694 - S2S: flow control: Max queued buffers MUX: 2000
2152: 18:26:10.694 - S2S: MaxInboundMessageSize: 512000
2152: 18:26:10.694 - S2S: MaxOutboundMessageSize: 512000
2152: 18:26:10.694 - S2S: No inactivity timeout
2152: 18:26:10.699 - WebSocket S2S: MaxInboundMessageSize: 512000
2152: 18:26:10.699 - WebSocket S2S: MaxOutboundMessageSize: 512000
2152: 18:26:10.699 - WebSocket S2S: No inactivity timeout
2152: 18:26:10.699 - Max Reliable Data In Transit (awaiting ACKs) per peer : 51200 bytes
2152: 18:26:10.699 - Per peer bandwidth limit
2152: 18:26:10.699 - Transmit Rate Limit: 256 KB/Sec
2152: 18:26:10.699 - Limit period: 200ms
2152: 18:26:10.699 - Limit per period: 52428 bytes
2152: 18:26:10.699 - Max queued data for transmission per peer: 512000 bytes
2152: 18:26:10.699 - Minimum retransmit timeout: 200
2152: 18:26:10.699 - Minimum ENet timeout: 5000ms
2152: 18:26:10.699 - Maximum ENet timeout: 30000ms
2152: 18:26:10.699 - Max Inbound Reliable Data Queued (awaiting resends of earlier sequence numbers) per peer : 163840 bytes
2152: 18:26:10.699 - Outbound ENet: MaxInboundMessageSize: 512000
2152: 18:26:10.699 - Outbound ENet: MaxOutboundMessageSize: 512000
2152: 18:26:10.701 - GetRuntime - About to load CLR - versions available:
2152: 18:26:10.701 - v2.0.50727
2152: 18:26:10.701 - v4.0.30319
2152: 18:26:10.701 - Configuration requests: "v2.0.50727"
2152: 18:26:10.701 - About to load version: "v2.0.50727"
2152: 18:26:10.711 - About to load runtime: PhotonHostRuntime.PhotonDomainManager from PhotonHostRuntime, Culture=neutral, PublicKeyToken=02C301B61B060C4D
2152: 18:26:10.711 - CLRBaseDirectory set to "C:\Program Files\Photon Server\deploy"
2152: 18:26:10.711 - Optimising event broadcast for 20 or more peers
2152: 18:26:10.712 - Start: About to load CLR - versions available:
2152: 18:26:10.712 - v2.0.50727
2152: 18:26:10.712 - v4.0.30319
2152: 18:26:10.712 - No preference in configuration file, will load latest.
2152: 18:26:10.712 - About to load version: "v4.0.30319"
2152: 18:26:10.713 - Loaded version: "v4.0.30319"
2152: 18:26:11.101 - Photon host runtime loaded
2152: 18:26:16.972 - LICENSE: No license file was found. Starting with Bootstrap License.
2152: 18:26:16.972 - License is valid.
2152: 18:26:16.972 - Licensed for 20 concurrent connections.
2152: 18:26:16.972 - ENet: Max Reliable Data In Transit (awaiting ACKs) per peer : 51200 bytes
2152: 18:26:16.972 - ENet: Per peer bandwidth limit
2152: 18:26:16.972 - ENet: Transmit Rate Limit: 256 KB/Sec
2152: 18:26:16.972 - ENet: Limit period: 200ms
2152: 18:26:16.972 - ENet: Limit per period: 52428 bytes
2152: 18:26:16.972 - ENet: Max queued data for transmission per peer: 512000 bytes
2152: 18:26:16.972 - ENet: Minimum retransmit timeout: 200
2152: 18:26:16.972 - ENet: Minimum timeout: 5000ms
2152: 18:26:16.972 - ENet: Maximum timeout: 30000ms
2152: 18:26:16.972 - ENet: Max Inbound Reliable Data Queued (awaiting resends of earlier sequence numbers) per peer : 163840 bytes
2152: 18:26:16.972 - About to load application: Master from Photon.LoadBalancing
2152: 18:26:16.972 - Auto restart is enabled for application, existing connections will be terminated during restart
2152: 18:26:16.972 - Application will restart 1000ms after the last change detected
2152: 18:26:16.972 - Application will restart if files matching the following are changed: "dll;config"
2152: 18:26:16.972 - Application will NOT restart if files matching the following are changed: "log4net.config"
2152: 18:26:17.210 - Taking reference on default app domain
2152: 18:26:17.395 - Application: "Master" started in app domain: 2
2152: 18:26:17.395 - About to load application: Game1 from Photon.LoadBalancing
2152: 18:26:17.395 - Auto restart is enabled for application, existing connections will be terminated during restart
2152: 18:26:17.395 - Application will restart 1000ms after the last change detected
2152: 18:26:17.395 - Application will restart if files matching the following are changed: "dll;config"
2152: 18:26:17.395 - Application will NOT restart if files matching the following are changed: "log4net.config"
2152: 18:26:17.583 - Taking reference on default app domain
2152: 18:26:17.819 - Application: "Game1" started in app domain: 3
2152: 18:26:17.819 - About to load application: Game2 from Photon.LoadBalancing
2152: 18:26:17.819 - Auto restart is enabled for application, existing connections will be terminated during restart
2152: 18:26:17.819 - Application will restart 1000ms after the last change detected
2152: 18:26:17.819 - Application will restart if files matching the following are changed: "dll;config"
2152: 18:26:17.819 - Application will NOT restart if files matching the following are changed: "log4net.config"
2152: 18:26:18.048 - Taking reference on default app domain
2152: 18:26:18.253 - Application: "Game2" started in app domain: 4
2152: 18:26:18.253 - About to load application: CounterPublisher from CounterPublisher
2152: 18:26:18.253 - Auto restart is enabled for application, existing connections will be terminated during restart
2152: 18:26:18.253 - Application will restart 1000ms after the last change detected
2152: 18:26:18.253 - Application will restart if files matching the following are changed: "dll;config"
2152: 18:26:18.253 - Application will NOT restart if files matching the following are changed: "log4net.config"
2152: 18:26:18.381 - Taking reference on default app domain
2152: 18:26:18.475 - Application: "CounterPublisher" started in app domain: 5
2152: 18:26:18.475 - Adding TCP listener on :0.0.0.0: 4530 with a listen backlog of: 150
2152: 18:26:18.475 - TCP inactivity timeout: 10000ms
2152: 18:26:18.475 - TCP disconnect timeout: 120000ms
2152: 18:26:18.475 - MaxInboundMessageSize: 512000
2152: 18:26:18.475 - MaxOutboundMessageSize: 512000
2152: 18:26:18.475 - Forcing all applications ids to: "Master"
2152: 18:26:18.475 - Serving policy file requests from: "C:\Program Files\Photon Server\deploy\Policy\assets\socket-policy.xml"
2152: 18:26:18.475 - Adding TCP listener on :0.0.0.0: 4531 with a listen backlog of: 150
2152: 18:26:18.475 - TCP inactivity timeout: 10000ms
2152: 18:26:18.475 - TCP disconnect timeout: 120000ms
2152: 18:26:18.475 - MaxInboundMessageSize: 512000
2152: 18:26:18.475 - MaxOutboundMessageSize: 512000
2152: 18:26:18.475 - Forcing all applications ids to: "Game1"
2152: 18:26:18.476 - Serving policy file requests from: "C:\Program Files\Photon Server\deploy\Policy\assets\socket-policy.xml"
2152: 18:26:18.476 - Adding TCP listener on :0.0.0.0: 4532 with a listen backlog of: 150
2152: 18:26:18.476 - TCP inactivity timeout: 10000ms
2152: 18:26:18.476 - TCP disconnect timeout: 120000ms
2152: 18:26:18.476 - MaxInboundMessageSize: 512000
2152: 18:26:18.476 - MaxOutboundMessageSize: 512000
2152: 18:26:18.476 - Forcing all applications ids to: "Game2"
2152: 18:26:18.476 - Serving policy file requests from: "C:\Program Files\Photon Server\deploy\Policy\assets\socket-policy.xml"
2152: 18:26:18.476 - Adding TCP listener on :0.0.0.0: 4520 with a listen backlog of: 150
2152: 18:26:18.476 - TCP inactivity timeout: 5000ms
2152: 18:26:18.476 - TCP disconnect timeout: 120000ms
2152: 18:26:18.476 - MaxInboundMessageSize: 512000
2152: 18:26:18.476 - MaxOutboundMessageSize: 512000
2152: 18:26:18.476 - Forcing all applications ids to: "Master"
2152: 18:26:18.476 - MaxInboundMessageSize: 512000
2152: 18:26:18.476 - MaxOutboundMessageSize: 512000
2152: 18:26:18.476 - UDP address specified as:0.0.0.0 adding listener to each available IPv4 address
2152: 18:26:18.477 - Adding UDP listener on :192.168.1.15: 5055 with a listen backlog of: 500
2152: 18:26:18.477 - Adding UDP listener on :127.0.0.1: 5055 with a listen backlog of: 500
2152: 18:26:18.477 - Forcing all applications ids to: "Game1"
2152: 18:26:18.477 - MaxInboundMessageSize: 512000
2152: 18:26:18.477 - MaxOutboundMessageSize: 512000
2152: 18:26:18.477 - UDP address specified as:0.0.0.0 adding listener to each available IPv4 address
2152: 18:26:18.477 - Adding UDP listener on :192.168.1.15: 5056 with a listen backlog of: 500
2152: 18:26:18.477 - Adding UDP listener on :127.0.0.1: 5056 with a listen backlog of: 500
2152: 18:26:18.477 - Forcing all applications ids to: "Game2"
2152: 18:26:18.477 - MaxInboundMessageSize: 512000
2152: 18:26:18.477 - MaxOutboundMessageSize: 512000
2152: 18:26:18.477 - UDP address specified as:0.0.0.0 adding listener to each available IPv4 address
2152: 18:26:18.477 - Adding UDP listener on :192.168.1.15: 5057 with a listen backlog of: 500
2152: 18:26:18.478 - Adding UDP listener on :127.0.0.1: 5057 with a listen backlog of: 500
2152: 18:26:18.478 - Adding WebSocket TCP listener on :0.0.0.0: 9090 with a listen backlog of: 150
2152: 18:26:18.478 - Nagle disabled
2152: 18:26:18.478 - TCP inactivity timeout: 10000ms
2152: 18:26:18.478 - MaxInboundMessageSize: 512000
2152: 18:26:18.478 - MaxOutboundMessageSize: 512000
2152: 18:26:18.478 - Forcing all applications ids to: "Master"
2152: 18:26:18.478 - Will accept ANY sub-protocols from the client
2152: 18:26:18.478 - No automatic WebSocket ping
2152: 18:26:18.478 - Adding WebSocket TCP listener on :0.0.0.0: 9091 with a listen backlog of: 150
2152: 18:26:18.478 - Nagle disabled
2152: 18:26:18.478 - TCP inactivity timeout: 10000ms
2152: 18:26:18.478 - MaxInboundMessageSize: 512000
2152: 18:26:18.478 - MaxOutboundMessageSize: 512000
2152: 18:26:18.478 - Forcing all applications ids to: "Game1"
2152: 18:26:18.478 - Will accept ANY sub-protocols from the client
2152: 18:26:18.478 - No automatic WebSocket ping
2152: 18:26:18.478 - Adding WebSocket TCP listener on :0.0.0.0: 9092 with a listen backlog of: 150
2152: 18:26:18.478 - Nagle disabled
2152: 18:26:18.478 - TCP inactivity timeout: 10000ms
2152: 18:26:18.478 - MaxInboundMessageSize: 512000
2152: 18:26:18.478 - MaxOutboundMessageSize: 512000
2152: 18:26:18.478 - Forcing all applications ids to: "Game2"
2152: 18:26:18.478 - Will accept ANY sub-protocols from the client
2152: 18:26:18.478 - No automatic WebSocket ping
2152: 18:26:18.478 - Adding Policy File listener on :0.0.0.0: 843 with a listen backlog of: 150 and serving Policy File: "C:\Program Files\Photon Server\deploy\Policy\assets\socket-policy.xml"
2152: 18:26:18.478 - TCP inactivity timeout: 1000ms
2152: 18:26:18.479 - Adding Policy File listener on :0.0.0.0: 943 with a listen backlog of: 150 and serving Policy File: "C:\Program Files\Photon Server\deploy\Policy\assets\socket-policy-silverlight.xml"
2152: 18:26:18.479 - TCP inactivity timeout: 1000ms
2152: 18:26:18.546 - Service is running...
