6960: 15:22:53.870 - ---
6960: 15:22:53.870 - Service: "Photon Socket Server" starting
6960: 15:22:53.870 - Config File: C:\Program Files\Photon Server\deploy\bin_Win64\PhotonServer.config
6960: 15:22:53.871 - Will produce at most: 10 crash dumps
6960: 15:22:53.872 - Action: run as exe
6960: 15:22:53.872 - Server Starting...
6960: 15:22:53.872 -    Tick count: 168242694 (wraps in: 47.763 days)
6960: 15:22:53.872 - Tick count 64: 168242694
6960: 15:22:53.872 - Photon Version: 3.4.4.2588
6960: 15:22:53.872 - PID: 5912
6960: 15:22:53.872 - Config File: C:\Program Files\Photon Server\deploy\bin_Win64\PhotonServer.config
6960: 15:22:53.873 - Will NOT log unimportant exceptions
6960: 15:22:53.875 - Not using performance counters as they are not currently installed. Run the service with /InstallCounters to install them.
6960: 15:22:53.875 - Shutdown timeout enabled: 30000ms
6960: 15:22:53.875 - Starting I/O thread pool with 2 threads
6960: 15:22:53.875 - Using Standard allocator
6960: 15:22:53.875 - Max message size: 512000
6960: 15:22:53.875 - Starting business logic thread pool with the following settings
6960: 15:22:53.875 - InitialThreads: 4 threads
6960: 15:22:53.875 - MinThreads: 4 threads
6960: 15:22:53.875 - Thread pool is fixed size
6960: 15:22:53.875 - Starting ENet thread pool with the following settings
6960: 15:22:53.875 - InitialThreads: 2 threads
6960: 15:22:53.875 - MinThreads: 2 threads
6960: 15:22:53.875 - Thread pool is fixed size
6960: 15:22:53.875 - OnlyDispatchTimers: False
6960: 15:22:53.875 - S2S: flow control: Max pending writes: 50
6960: 15:22:53.875 - S2S: flow control: Max queued buffers: 200
6960: 15:22:53.875 - S2S: flow control: Max pending writes MUX: 500
6960: 15:22:53.875 - S2S: flow control: Max queued buffers MUX: 2000
6960: 15:22:53.875 - S2S: MaxInboundMessageSize: 512000
6960: 15:22:53.875 - S2S: MaxOutboundMessageSize: 512000
6960: 15:22:53.875 - S2S: No inactivity timeout
6960: 15:22:53.880 - WebSocket S2S: MaxInboundMessageSize: 512000
6960: 15:22:53.880 - WebSocket S2S: MaxOutboundMessageSize: 512000
6960: 15:22:53.880 - WebSocket S2S: No inactivity timeout
6960: 15:22:53.880 - Max Reliable Data In Transit (awaiting ACKs) per peer : 51200 bytes
6960: 15:22:53.880 - Per peer bandwidth limit
6960: 15:22:53.880 - Transmit Rate Limit: 256 KB/Sec
6960: 15:22:53.880 - Limit period: 200ms
6960: 15:22:53.880 - Limit per period: 52428 bytes
6960: 15:22:53.880 - Max queued data for transmission per peer: 512000 bytes
6960: 15:22:53.880 - Minimum retransmit timeout: 200
6960: 15:22:53.880 - Minimum ENet timeout: 5000ms
6960: 15:22:53.880 - Maximum ENet timeout: 30000ms
6960: 15:22:53.880 - Max Inbound Reliable Data Queued (awaiting resends of earlier sequence numbers) per peer : 163840 bytes
6960: 15:22:53.880 - Outbound ENet: MaxInboundMessageSize: 512000
6960: 15:22:53.880 - Outbound ENet: MaxOutboundMessageSize: 512000
6960: 15:22:53.883 - GetRuntime - About to load CLR - versions available:
6960: 15:22:53.883 - v2.0.50727
6960: 15:22:53.883 - v4.0.30319
6960: 15:22:53.883 - Configuration requests: "v2.0.50727"
6960: 15:22:53.883 - About to load version: "v2.0.50727"
6960: 15:22:53.915 - About to load runtime: PhotonHostRuntime.PhotonDomainManager from PhotonHostRuntime, Culture=neutral, PublicKeyToken=02C301B61B060C4D
6960: 15:22:53.915 - CLRBaseDirectory set to "C:\Program Files\Photon Server\deploy"
6960: 15:22:53.915 - Optimising event broadcast for 20 or more peers
6960: 15:22:53.916 - Start: About to load CLR - versions available:
6960: 15:22:53.916 - v2.0.50727
6960: 15:22:53.916 - v4.0.30319
6960: 15:22:53.916 - No preference in configuration file, will load latest.
6960: 15:22:53.916 - About to load version: "v4.0.30319"
6960: 15:22:53.917 - Loaded version: "v4.0.30319"
6960: 15:22:55.063 - Photon host runtime loaded
6960: 15:23:01.616 - LICENSE: No license file was found. Starting with Bootstrap License.
6960: 15:23:01.616 - License is valid.
6960: 15:23:01.616 - Licensed for 20 concurrent connections.
6960: 15:23:01.616 - ENet: Max Reliable Data In Transit (awaiting ACKs) per peer : 51200 bytes
6960: 15:23:01.616 - ENet: Per peer bandwidth limit
6960: 15:23:01.616 - ENet: Transmit Rate Limit: 256 KB/Sec
6960: 15:23:01.616 - ENet: Limit period: 200ms
6960: 15:23:01.616 - ENet: Limit per period: 52428 bytes
6960: 15:23:01.616 - ENet: Max queued data for transmission per peer: 512000 bytes
6960: 15:23:01.616 - ENet: Minimum retransmit timeout: 200
6960: 15:23:01.616 - ENet: Minimum timeout: 5000ms
6960: 15:23:01.616 - ENet: Maximum timeout: 30000ms
6960: 15:23:01.616 - ENet: Max Inbound Reliable Data Queued (awaiting resends of earlier sequence numbers) per peer : 163840 bytes
6960: 15:23:01.616 - About to load application: Master from Photon.LoadBalancing
6960: 15:23:01.616 - Auto restart is enabled for application, existing connections will be terminated during restart
6960: 15:23:01.616 - Application will restart 1000ms after the last change detected
6960: 15:23:01.616 - Application will restart if files matching the following are changed: "dll;config"
6960: 15:23:01.616 - Application will NOT restart if files matching the following are changed: "log4net.config"
6960: 15:23:01.851 - Taking reference on default app domain
6960: 15:23:02.036 - Application: "Master" started in app domain: 2
6960: 15:23:02.036 - About to load application: Game1 from Photon.LoadBalancing
6960: 15:23:02.036 - Auto restart is enabled for application, existing connections will be terminated during restart
6960: 15:23:02.036 - Application will restart 1000ms after the last change detected
6960: 15:23:02.036 - Application will restart if files matching the following are changed: "dll;config"
6960: 15:23:02.036 - Application will NOT restart if files matching the following are changed: "log4net.config"
6960: 15:23:02.209 - Taking reference on default app domain
6960: 15:23:02.413 - Application: "Game1" started in app domain: 3
6960: 15:23:02.413 - About to load application: Game2 from Photon.LoadBalancing
6960: 15:23:02.413 - Auto restart is enabled for application, existing connections will be terminated during restart
6960: 15:23:02.413 - Application will restart 1000ms after the last change detected
6960: 15:23:02.413 - Application will restart if files matching the following are changed: "dll;config"
6960: 15:23:02.413 - Application will NOT restart if files matching the following are changed: "log4net.config"
6960: 15:23:02.582 - Taking reference on default app domain
6960: 15:23:02.778 - Application: "Game2" started in app domain: 4
6960: 15:23:02.778 - About to load application: CounterPublisher from CounterPublisher
6960: 15:23:02.778 - Auto restart is enabled for application, existing connections will be terminated during restart
6960: 15:23:02.778 - Application will restart 1000ms after the last change detected
6960: 15:23:02.778 - Application will restart if files matching the following are changed: "dll;config"
6960: 15:23:02.778 - Application will NOT restart if files matching the following are changed: "log4net.config"
6960: 15:23:02.947 - Taking reference on default app domain
6960: 15:23:03.091 - Application: "CounterPublisher" started in app domain: 5
6960: 15:23:03.091 - Adding TCP listener on :0.0.0.0: 4530 with a listen backlog of: 150
6960: 15:23:03.091 - TCP inactivity timeout: 10000ms
6960: 15:23:03.091 - TCP disconnect timeout: 120000ms
6960: 15:23:03.091 - MaxInboundMessageSize: 512000
6960: 15:23:03.091 - MaxOutboundMessageSize: 512000
6960: 15:23:03.091 - Forcing all applications ids to: "Master"
6960: 15:23:03.092 - Serving policy file requests from: "C:\Program Files\Photon Server\deploy\Policy\assets\socket-policy.xml"
6960: 15:23:03.092 - Adding TCP listener on :0.0.0.0: 4531 with a listen backlog of: 150
6960: 15:23:03.092 - TCP inactivity timeout: 10000ms
6960: 15:23:03.092 - TCP disconnect timeout: 120000ms
6960: 15:23:03.092 - MaxInboundMessageSize: 512000
6960: 15:23:03.092 - MaxOutboundMessageSize: 512000
6960: 15:23:03.092 - Forcing all applications ids to: "Game1"
6960: 15:23:03.092 - Serving policy file requests from: "C:\Program Files\Photon Server\deploy\Policy\assets\socket-policy.xml"
6960: 15:23:03.092 - Adding TCP listener on :0.0.0.0: 4532 with a listen backlog of: 150
6960: 15:23:03.092 - TCP inactivity timeout: 10000ms
6960: 15:23:03.092 - TCP disconnect timeout: 120000ms
6960: 15:23:03.093 - MaxInboundMessageSize: 512000
6960: 15:23:03.093 - MaxOutboundMessageSize: 512000
6960: 15:23:03.093 - Forcing all applications ids to: "Game2"
6960: 15:23:03.093 - Serving policy file requests from: "C:\Program Files\Photon Server\deploy\Policy\assets\socket-policy.xml"
6960: 15:23:03.093 - Adding TCP listener on :0.0.0.0: 4520 with a listen backlog of: 150
6960: 15:23:03.093 - TCP inactivity timeout: 5000ms
6960: 15:23:03.093 - TCP disconnect timeout: 120000ms
6960: 15:23:03.093 - MaxInboundMessageSize: 512000
6960: 15:23:03.093 - MaxOutboundMessageSize: 512000
6960: 15:23:03.093 - Forcing all applications ids to: "Master"
6960: 15:23:03.093 - MaxInboundMessageSize: 512000
6960: 15:23:03.093 - MaxOutboundMessageSize: 512000
6960: 15:23:03.093 - UDP address specified as:0.0.0.0 adding listener to each available IPv4 address
6960: 15:23:03.094 - Adding UDP listener on :192.168.1.7: 5055 with a listen backlog of: 500
6960: 15:23:03.094 - Adding UDP listener on :127.0.0.1: 5055 with a listen backlog of: 500
6960: 15:23:03.094 - Forcing all applications ids to: "Game1"
6960: 15:23:03.094 - MaxInboundMessageSize: 512000
6960: 15:23:03.094 - MaxOutboundMessageSize: 512000
6960: 15:23:03.094 - UDP address specified as:0.0.0.0 adding listener to each available IPv4 address
6960: 15:23:03.094 - Adding UDP listener on :192.168.1.7: 5056 with a listen backlog of: 500
6960: 15:23:03.094 - Adding UDP listener on :127.0.0.1: 5056 with a listen backlog of: 500
6960: 15:23:03.094 - Forcing all applications ids to: "Game2"
6960: 15:23:03.094 - MaxInboundMessageSize: 512000
6960: 15:23:03.094 - MaxOutboundMessageSize: 512000
6960: 15:23:03.094 - UDP address specified as:0.0.0.0 adding listener to each available IPv4 address
6960: 15:23:03.094 - Adding UDP listener on :192.168.1.7: 5057 with a listen backlog of: 500
6960: 15:23:03.094 - Adding UDP listener on :127.0.0.1: 5057 with a listen backlog of: 500
6960: 15:23:03.095 - Adding WebSocket TCP listener on :0.0.0.0: 9090 with a listen backlog of: 150
6960: 15:23:03.095 - Nagle disabled
6960: 15:23:03.095 - TCP inactivity timeout: 10000ms
6960: 15:23:03.095 - MaxInboundMessageSize: 512000
6960: 15:23:03.095 - MaxOutboundMessageSize: 512000
6960: 15:23:03.095 - Forcing all applications ids to: "Master"
6960: 15:23:03.095 - Will accept ANY sub-protocols from the client
6960: 15:23:03.095 - No automatic WebSocket ping
6960: 15:23:03.095 - Adding WebSocket TCP listener on :0.0.0.0: 9091 with a listen backlog of: 150
6960: 15:23:03.095 - Nagle disabled
6960: 15:23:03.095 - TCP inactivity timeout: 10000ms
6960: 15:23:03.095 - MaxInboundMessageSize: 512000
6960: 15:23:03.095 - MaxOutboundMessageSize: 512000
6960: 15:23:03.095 - Forcing all applications ids to: "Game1"
6960: 15:23:03.095 - Will accept ANY sub-protocols from the client
6960: 15:23:03.095 - No automatic WebSocket ping
6960: 15:23:03.095 - Adding WebSocket TCP listener on :0.0.0.0: 9092 with a listen backlog of: 150
6960: 15:23:03.095 - Nagle disabled
6960: 15:23:03.095 - TCP inactivity timeout: 10000ms
6960: 15:23:03.095 - MaxInboundMessageSize: 512000
6960: 15:23:03.095 - MaxOutboundMessageSize: 512000
6960: 15:23:03.095 - Forcing all applications ids to: "Game2"
6960: 15:23:03.095 - Will accept ANY sub-protocols from the client
6960: 15:23:03.095 - No automatic WebSocket ping
6960: 15:23:03.095 - Adding Policy File listener on :0.0.0.0: 843 with a listen backlog of: 150 and serving Policy File: "C:\Program Files\Photon Server\deploy\Policy\assets\socket-policy.xml"
6960: 15:23:03.095 - TCP inactivity timeout: 1000ms
6960: 15:23:03.096 - Adding Policy File listener on :0.0.0.0: 943 with a listen backlog of: 150 and serving Policy File: "C:\Program Files\Photon Server\deploy\Policy\assets\socket-policy-silverlight.xml"
6960: 15:23:03.096 - TCP inactivity timeout: 1000ms
6960: 15:23:03.166 - Service is running...
