1800: 22:48:59.826 - Service is stopped...
1800: 22:48:59.826 - Server shutting down...
1800: 22:48:59.826 - Shutdown monitoring enabled, 30000ms before process abort
1800: 22:48:59.935 - Notifying CLR applications of shutdown...
1800: 22:48:59.935 - RequestApplicationStop: 6
1800: 22:49:01.074 - RequestApplicationStop: 5
1800: 22:49:01.137 - RequestApplicationStop: 2
1800: 22:49:01.246 - RequestApplicationStop: 3
1800: 22:49:01.293 - RequestApplicationStop: 4
1800: 22:49:01.308 - RequestStop: defalt app domain
1800: 22:49:01.324 - Shutting down WebSocket Outbound Connection Manager...
1800: 22:49:01.339 - Shutting down TCP Outbound Connection Manager...
1800: 22:49:01.433 - Shutting down ENet Outbound Connection Manager...
1800: 22:49:01.449 - Disconnecting all outbound peers...
1800: 22:49:01.511 - Shutting down ENet host...
1800: 22:49:01.511 - Disconnecting all peers...
1800: 22:49:01.511 - Shutting down socket servers...
1800: 22:49:01.511 - Shutting down ENet thread pool...
1800: 22:49:01.511 - Shutting down TCP inactivity timers...
1800: 22:49:01.511 - WaitingForShutdownToComplete: NativePolicy:0.0.0.0:843
1800: 22:49:01.511 - OnShutdownCompleted: NativePolicy:0.0.0.0:843
1800: 22:49:01.511 - WaitingForShutdownToComplete: NativePolicy:0.0.0.0:943
1800: 22:49:01.511 - OnShutdownCompleted: NativePolicy:0.0.0.0:943
1800: 22:49:01.511 - WaitingForShutdownToComplete: TCP:0.0.0.0:4530
1800: 22:49:01.511 - OnShutdownCompleted: TCP:0.0.0.0:4530
1800: 22:49:01.511 - WaitingForShutdownToComplete: UDP:127.0.0.1:5055
1800: 22:49:01.511 - OnShutdownCompleted: UDP:127.0.0.1:5055
1800: 22:49:01.511 - WaitingForShutdownToComplete: UDP:192.168.1.15:5055
1800: 22:49:01.511 - OnShutdownCompleted: UDP:192.168.1.15:5055
1800: 22:49:01.511 - WaitingForShutdownToComplete: WebSocket:0.0.0.0:9090
1800: 22:49:01.511 - OnShutdownCompleted: WebSocket:0.0.0.0:9090
1800: 22:49:01.511 - Shutting down CLR applications...
1800: 22:49:01.573 - Shutting down business logic thread pool...
1800: 22:49:01.573 - Shutting down I/O thread pool...
1800: 22:49:01.573 - Destroying servers
1800: 22:49:01.573 - Destroying WebSocket Outbound Connection Manager
1800: 22:49:01.573 - Destroying TCP Outbound Connection Manager
1800: 22:49:01.573 - Destroying TCP inactivity timer
1800: 22:49:01.573 - Destroying ENet timer wheel
1932: 22:49:01.605 - CManagedHost::OnDefaultAction() - OPR_AppDomainUnload - eUnloadAppDomain
1800: 22:49:01.651 - Destroying ENet host
1800: 22:49:01.651 - Destroying ENet outbound host
1800: 22:49:01.651 - Destroying HTTP inactivity timer
1800: 22:49:01.651 - Destroying HTTP host
1800: 22:49:01.651 - Flushing ENET buffer allocator...
1800: 22:49:01.651 - Flushing TCP buffer handle allocator...
1800: 22:49:01.651 - Flushing stream socket allocator...
1800: 22:49:01.651 - Flushing inbound datagram socket allocator...
1800: 22:49:01.651 - Flushing outbound datagram socket allocator...
1800: 22:49:01.651 - Destroying CLR dispatcher
1800: 22:49:01.651 - Destroying CLR applications
1920: 22:49:01.667 - Unloading Domain: ApplicationName = 'ChatServer', DomainId='6'
1932: 22:49:01.667 - CManagedHost::OnDomainUnload() - 6
1800: 22:49:01.917 - ~CCLRApplicationCollection() - Waiting up to 10 seconds for the CLR to release all of our objects
1932: 22:49:02.353 - CManagedHost::OnDefaultAction() - OPR_AppDomainUnload - eUnloadAppDomain
1920: 22:49:02.385 - Unloading Domain: ApplicationName = 'Lite', DomainId='2'
1932: 22:49:02.385 - CManagedHost::OnDomainUnload() - 2
1932: 22:49:02.665 - CManagedHost::OnDefaultAction() - OPR_AppDomainUnload - eUnloadAppDomain
1920: 22:49:02.681 - Unloading Domain: ApplicationName = 'LiteLobby', DomainId='3'
1932: 22:49:02.681 - CManagedHost::OnDomainUnload() - 3
1932: 22:49:02.962 - CManagedHost::OnDefaultAction() - OPR_AppDomainUnload - eUnloadAppDomain
1920: 22:49:02.977 - Unloading Domain: ApplicationName = 'MmoDemo', DomainId='4'
1932: 22:49:02.977 - CManagedHost::OnDomainUnload() - 4
1932: 22:49:03.461 - CManagedHost::OnDefaultAction() - OPR_AppDomainUnload - eUnloadAppDomain
1920: 22:49:03.477 - Unloading Domain: ApplicationName = 'CounterPublisher', DomainId='5'
1932: 22:49:03.477 - CManagedHost::OnDomainUnload() - 5
1800: 22:49:03.477 - ~CCLRApplicationCollection() - Done. All objects released
1800: 22:49:03.477 - ~CManagedHost() - Release default app domain
1800: 22:49:03.477 - CManagedHost::OnDomainUnload() - 1
1800: 22:49:03.477 - ~CManagedHost() - Waiting up to 10 seconds for CLR shutdown...
1800: 22:49:03.570 - ~CManagedHost
1800: 22:49:03.570 - Destroying ENet thread pool
1800: 22:49:03.570 - Destroying Business logic thread pool
1800: 22:49:03.570 - Destroying I/O thread pool
1800: 22:49:03.570 - Destroying ENet buffer allocator
1800: 22:49:03.570 - Destroying TCP buffer allocator
1800: 22:49:03.570 - Destroying TCP socket allocator
1800: 22:49:03.570 - Destroying ENet inbound socket allocator
1800: 22:49:03.570 - Destroying ENet outbound socket allocator
1800: 22:49:03.711 - Shutdown complete...
1764: 22:49:03.711 - Service shutting down
1764: 22:49:03.742 - Service shut down complete
